=====
Starting experiment mnistStage2
ID: 17, PID 1/10
08_02_2018_13:23:40
=====
SampleGAN: Using options {'forward': True, 'samples': 8000}
LoadGAN: Using options:
{'nc': 1, 'proportions': array([0.1, 0.1, 0.1, 0.1, 0.1, 0.1, 0.1, 0.1, 0.1, 0.1]), 'dataset': 'mnist_distribution', 'ngpu': 1, 'ngf': 64, 'workers': 2, 'netG': 'netG', 'netDexpNum': -1, 'netD': 'netD', 'nz': 20, 'netDinstance': -1, 'lr': 0.0002, 'beta1': 0.5, 'loadFromExperiment': -1, 'netP': '', 'netGinstance': -1, 'imageSize': 28, 'netPinstance': -1, 'manualSeed': None, 'ndf': 64, 'netGexpNum': -1, 'cuda': True, 'netPexpNum': -1, 'batchSize': 64}
LoadGAN: Generating random seed
LoadGAN: Using random seed 1604
LoadGAN: Load netG from file key netG
LoadGAN: netG structure:
LoadGAN: _netG(
  (main): Sequential(
    (0): ConvTranspose2d(20, 256, kernel_size=(4, 4), stride=(1, 1), bias=False)
    (1): BatchNorm2d(256, eps=1e-05, momentum=0.1, affine=True)
    (2): ReLU(inplace)
    (3): ConvTranspose2d(256, 128, kernel_size=(4, 4), stride=(2, 2), padding=(1, 1), bias=False)
    (4): BatchNorm2d(128, eps=1e-05, momentum=0.1, affine=True)
    (5): ReLU(inplace)
    (6): ConvTranspose2d(128, 64, kernel_size=(4, 4), stride=(2, 2), padding=(2, 2), bias=False)
    (7): BatchNorm2d(64, eps=1e-05, momentum=0.1, affine=True)
    (8): ReLU(inplace)
    (9): ConvTranspose2d(64, 1, kernel_size=(4, 4), stride=(2, 2), padding=(1, 1), bias=False)
    (10): Tanh()
  )
)
SampleGAN: Sample 0
SampleGAN: Sample 10
SampleGAN: Sample 20
SampleGAN: Sample 30
SampleGAN: Sample 40
SampleGAN: Sample 50
SampleGAN: Sample 60
SampleGAN: Sample 70
SampleGAN: Sample 80
SampleGAN: Sample 90
SampleGAN: Sample 100
SampleGAN: Sample 110
SampleGAN: Sample 120
SampleGAN: Sample 130
SampleGAN: Sample 140
SampleGAN: Sample 150
SampleGAN: Sample 160
SampleGAN: Sample 170
SampleGAN: Sample 180
SampleGAN: Sample 190
SampleGAN: Sample 200
SampleGAN: Sample 210
SampleGAN: Sample 220
SampleGAN: Sample 230
SampleGAN: Sample 240
SampleGAN: Sample 250
SampleGAN: Sample 260
SampleGAN: Sample 270
SampleGAN: Sample 280
SampleGAN: Sample 290
SampleGAN: Sample 300
SampleGAN: Sample 310
SampleGAN: Sample 320
SampleGAN: Sample 330
SampleGAN: Sample 340
SampleGAN: Sample 350
SampleGAN: Sample 360
SampleGAN: Sample 370
SampleGAN: Sample 380
SampleGAN: Sample 390
SampleGAN: Sample 400
SampleGAN: Sample 410
SampleGAN: Sample 420
SampleGAN: Sample 430
SampleGAN: Sample 440
SampleGAN: Sample 450
SampleGAN: Sample 460
SampleGAN: Sample 470
SampleGAN: Sample 480
SampleGAN: Sample 490
SampleGAN: Sample 500
SampleGAN: Sample 510
SampleGAN: Sample 520
SampleGAN: Sample 530
SampleGAN: Sample 540
SampleGAN: Sample 550
SampleGAN: Sample 560
SampleGAN: Sample 570
SampleGAN: Sample 580
SampleGAN: Sample 590
SampleGAN: Sample 600
SampleGAN: Sample 610
SampleGAN: Sample 620
SampleGAN: Sample 630
SampleGAN: Sample 640
SampleGAN: Sample 650
SampleGAN: Sample 660
SampleGAN: Sample 670
SampleGAN: Sample 680
SampleGAN: Sample 690
SampleGAN: Sample 700
SampleGAN: Sample 710
SampleGAN: Sample 720
SampleGAN: Sample 730
SampleGAN: Sample 740
SampleGAN: Sample 750
SampleGAN: Sample 760
SampleGAN: Sample 770
SampleGAN: Sample 780
SampleGAN: Sample 790
SampleGAN: Sample 800
SampleGAN: Sample 810
SampleGAN: Sample 820
SampleGAN: Sample 830
SampleGAN: Sample 840
SampleGAN: Sample 850
SampleGAN: Sample 860
SampleGAN: Sample 870
SampleGAN: Sample 880
SampleGAN: Sample 890
SampleGAN: Sample 900
SampleGAN: Sample 910
SampleGAN: Sample 920
SampleGAN: Sample 930
SampleGAN: Sample 940
SampleGAN: Sample 950
SampleGAN: Sample 960
SampleGAN: Sample 970
SampleGAN: Sample 980
SampleGAN: Sample 990
SampleGAN: Sample 1000
SampleGAN: Sample 1010
SampleGAN: Sample 1020
SampleGAN: Sample 1030
SampleGAN: Sample 1040
SampleGAN: Sample 1050
SampleGAN: Sample 1060
SampleGAN: Sample 1070
SampleGAN: Sample 1080
SampleGAN: Sample 1090
SampleGAN: Sample 1100
SampleGAN: Sample 1110
SampleGAN: Sample 1120
SampleGAN: Sample 1130
SampleGAN: Sample 1140
SampleGAN: Sample 1150
SampleGAN: Sample 1160
SampleGAN: Sample 1170
SampleGAN: Sample 1180
SampleGAN: Sample 1190
SampleGAN: Sample 1200
SampleGAN: Sample 1210
SampleGAN: Sample 1220
SampleGAN: Sample 1230
SampleGAN: Sample 1240
SampleGAN: Sample 1250
SampleGAN: Sample 1260
SampleGAN: Sample 1270
SampleGAN: Sample 1280
SampleGAN: Sample 1290
SampleGAN: Sample 1300
SampleGAN: Sample 1310
SampleGAN: Sample 1320
SampleGAN: Sample 1330
SampleGAN: Sample 1340
SampleGAN: Sample 1350
SampleGAN: Sample 1360
SampleGAN: Sample 1370
SampleGAN: Sample 1380
SampleGAN: Sample 1390
SampleGAN: Sample 1400
SampleGAN: Sample 1410
SampleGAN: Sample 1420
SampleGAN: Sample 1430
SampleGAN: Sample 1440
SampleGAN: Sample 1450
SampleGAN: Sample 1460
SampleGAN: Sample 1470
SampleGAN: Sample 1480
SampleGAN: Sample 1490
SampleGAN: Sample 1500
SampleGAN: Sample 1510
SampleGAN: Sample 1520
SampleGAN: Sample 1530
SampleGAN: Sample 1540
SampleGAN: Sample 1550
SampleGAN: Sample 1560
SampleGAN: Sample 1570
SampleGAN: Sample 1580
SampleGAN: Sample 1590
SampleGAN: Sample 1600
SampleGAN: Sample 1610
SampleGAN: Sample 1620
SampleGAN: Sample 1630
SampleGAN: Sample 1640
SampleGAN: Sample 1650
SampleGAN: Sample 1660
SampleGAN: Sample 1670
SampleGAN: Sample 1680
SampleGAN: Sample 1690
SampleGAN: Sample 1700
SampleGAN: Sample 1710
SampleGAN: Sample 1720
SampleGAN: Sample 1730
SampleGAN: Sample 1740
SampleGAN: Sample 1750
SampleGAN: Sample 1760
SampleGAN: Sample 1770
SampleGAN: Sample 1780
SampleGAN: Sample 1790
SampleGAN: Sample 1800
SampleGAN: Sample 1810
SampleGAN: Sample 1820
SampleGAN: Sample 1830
SampleGAN: Sample 1840
SampleGAN: Sample 1850
SampleGAN: Sample 1860
SampleGAN: Sample 1870
SampleGAN: Sample 1880
SampleGAN: Sample 1890
SampleGAN: Sample 1900
SampleGAN: Sample 1910
SampleGAN: Sample 1920
SampleGAN: Sample 1930
SampleGAN: Sample 1940
SampleGAN: Sample 1950
SampleGAN: Sample 1960
SampleGAN: Sample 1970
SampleGAN: Sample 1980
SampleGAN: Sample 1990
SampleGAN: Sample 2000
SampleGAN: Sample 2010
SampleGAN: Sample 2020
SampleGAN: Sample 2030
SampleGAN: Sample 2040
SampleGAN: Sample 2050
SampleGAN: Sample 2060
SampleGAN: Sample 2070
SampleGAN: Sample 2080
SampleGAN: Sample 2090
SampleGAN: Sample 2100
SampleGAN: Sample 2110
SampleGAN: Sample 2120
SampleGAN: Sample 2130
SampleGAN: Sample 2140
SampleGAN: Sample 2150
SampleGAN: Sample 2160
SampleGAN: Sample 2170
SampleGAN: Sample 2180
SampleGAN: Sample 2190
SampleGAN: Sample 2200
SampleGAN: Sample 2210
SampleGAN: Sample 2220
SampleGAN: Sample 2230
SampleGAN: Sample 2240
SampleGAN: Sample 2250
SampleGAN: Sample 2260
SampleGAN: Sample 2270
SampleGAN: Sample 2280
SampleGAN: Sample 2290
SampleGAN: Sample 2300
SampleGAN: Sample 2310
SampleGAN: Sample 2320
SampleGAN: Sample 2330
SampleGAN: Sample 2340
SampleGAN: Sample 2350
SampleGAN: Sample 2360
SampleGAN: Sample 2370
SampleGAN: Sample 2380
SampleGAN: Sample 2390
SampleGAN: Sample 2400
SampleGAN: Sample 2410
SampleGAN: Sample 2420
SampleGAN: Sample 2430
SampleGAN: Sample 2440
SampleGAN: Sample 2450
SampleGAN: Sample 2460
SampleGAN: Sample 2470
SampleGAN: Sample 2480
SampleGAN: Sample 2490
SampleGAN: Sample 2500
SampleGAN: Sample 2510
SampleGAN: Sample 2520
SampleGAN: Sample 2530
SampleGAN: Sample 2540
SampleGAN: Sample 2550
SampleGAN: Sample 2560
SampleGAN: Sample 2570
SampleGAN: Sample 2580
SampleGAN: Sample 2590
SampleGAN: Sample 2600
SampleGAN: Sample 2610
SampleGAN: Sample 2620
SampleGAN: Sample 2630
SampleGAN: Sample 2640
SampleGAN: Sample 2650
SampleGAN: Sample 2660
SampleGAN: Sample 2670
SampleGAN: Sample 2680
SampleGAN: Sample 2690
SampleGAN: Sample 2700
SampleGAN: Sample 2710
SampleGAN: Sample 2720
SampleGAN: Sample 2730
SampleGAN: Sample 2740
SampleGAN: Sample 2750
SampleGAN: Sample 2760
SampleGAN: Sample 2770
SampleGAN: Sample 2780
SampleGAN: Sample 2790
SampleGAN: Sample 2800
SampleGAN: Sample 2810
SampleGAN: Sample 2820
SampleGAN: Sample 2830
SampleGAN: Sample 2840
SampleGAN: Sample 2850
SampleGAN: Sample 2860
SampleGAN: Sample 2870
SampleGAN: Sample 2880
SampleGAN: Sample 2890
SampleGAN: Sample 2900
SampleGAN: Sample 2910
SampleGAN: Sample 2920
SampleGAN: Sample 2930
SampleGAN: Sample 2940
SampleGAN: Sample 2950
SampleGAN: Sample 2960
SampleGAN: Sample 2970
SampleGAN: Sample 2980
SampleGAN: Sample 2990
SampleGAN: Sample 3000
SampleGAN: Sample 3010
SampleGAN: Sample 3020
SampleGAN: Sample 3030
SampleGAN: Sample 3040
SampleGAN: Sample 3050
SampleGAN: Sample 3060
SampleGAN: Sample 3070
SampleGAN: Sample 3080
SampleGAN: Sample 3090
SampleGAN: Sample 3100
SampleGAN: Sample 3110
SampleGAN: Sample 3120
SampleGAN: Sample 3130
SampleGAN: Sample 3140
SampleGAN: Sample 3150
SampleGAN: Sample 3160
SampleGAN: Sample 3170
SampleGAN: Sample 3180
SampleGAN: Sample 3190
SampleGAN: Sample 3200
SampleGAN: Sample 3210
SampleGAN: Sample 3220
SampleGAN: Sample 3230
SampleGAN: Sample 3240
SampleGAN: Sample 3250
SampleGAN: Sample 3260
SampleGAN: Sample 3270
SampleGAN: Sample 3280
SampleGAN: Sample 3290
SampleGAN: Sample 3300
SampleGAN: Sample 3310
SampleGAN: Sample 3320
SampleGAN: Sample 3330
SampleGAN: Sample 3340
SampleGAN: Sample 3350
SampleGAN: Sample 3360
SampleGAN: Sample 3370
SampleGAN: Sample 3380
SampleGAN: Sample 3390
SampleGAN: Sample 3400
SampleGAN: Sample 3410
SampleGAN: Sample 3420
SampleGAN: Sample 3430
SampleGAN: Sample 3440
SampleGAN: Sample 3450
SampleGAN: Sample 3460
SampleGAN: Sample 3470
SampleGAN: Sample 3480
SampleGAN: Sample 3490
SampleGAN: Sample 3500
SampleGAN: Sample 3510
SampleGAN: Sample 3520
SampleGAN: Sample 3530
SampleGAN: Sample 3540
SampleGAN: Sample 3550
SampleGAN: Sample 3560
SampleGAN: Sample 3570
SampleGAN: Sample 3580
SampleGAN: Sample 3590
SampleGAN: Sample 3600
SampleGAN: Sample 3610
SampleGAN: Sample 3620
SampleGAN: Sample 3630
SampleGAN: Sample 3640
SampleGAN: Sample 3650
SampleGAN: Sample 3660
SampleGAN: Sample 3670
SampleGAN: Sample 3680
SampleGAN: Sample 3690
SampleGAN: Sample 3700
SampleGAN: Sample 3710
SampleGAN: Sample 3720
SampleGAN: Sample 3730
SampleGAN: Sample 3740
SampleGAN: Sample 3750
SampleGAN: Sample 3760
SampleGAN: Sample 3770
SampleGAN: Sample 3780
SampleGAN: Sample 3790
SampleGAN: Sample 3800
SampleGAN: Sample 3810
SampleGAN: Sample 3820
SampleGAN: Sample 3830
SampleGAN: Sample 3840
SampleGAN: Sample 3850
SampleGAN: Sample 3860
SampleGAN: Sample 3870
SampleGAN: Sample 3880
SampleGAN: Sample 3890
SampleGAN: Sample 3900
SampleGAN: Sample 3910
SampleGAN: Sample 3920
SampleGAN: Sample 3930
SampleGAN: Sample 3940
SampleGAN: Sample 3950
SampleGAN: Sample 3960
SampleGAN: Sample 3970
SampleGAN: Sample 3980
SampleGAN: Sample 3990
SampleGAN: Sample 4000
SampleGAN: Sample 4010
SampleGAN: Sample 4020
SampleGAN: Sample 4030
SampleGAN: Sample 4040
SampleGAN: Sample 4050
SampleGAN: Sample 4060
SampleGAN: Sample 4070
SampleGAN: Sample 4080
SampleGAN: Sample 4090
SampleGAN: Sample 4100
SampleGAN: Sample 4110
SampleGAN: Sample 4120
SampleGAN: Sample 4130
SampleGAN: Sample 4140
SampleGAN: Sample 4150
SampleGAN: Sample 4160
SampleGAN: Sample 4170
SampleGAN: Sample 4180
SampleGAN: Sample 4190
SampleGAN: Sample 4200
SampleGAN: Sample 4210
SampleGAN: Sample 4220
SampleGAN: Sample 4230
SampleGAN: Sample 4240
SampleGAN: Sample 4250
SampleGAN: Sample 4260
SampleGAN: Sample 4270
SampleGAN: Sample 4280
SampleGAN: Sample 4290
SampleGAN: Sample 4300
SampleGAN: Sample 4310
SampleGAN: Sample 4320
SampleGAN: Sample 4330
SampleGAN: Sample 4340
SampleGAN: Sample 4350
SampleGAN: Sample 4360
SampleGAN: Sample 4370
SampleGAN: Sample 4380
SampleGAN: Sample 4390
SampleGAN: Sample 4400
SampleGAN: Sample 4410
SampleGAN: Sample 4420
SampleGAN: Sample 4430
SampleGAN: Sample 4440
SampleGAN: Sample 4450
SampleGAN: Sample 4460
SampleGAN: Sample 4470
SampleGAN: Sample 4480
SampleGAN: Sample 4490
SampleGAN: Sample 4500
SampleGAN: Sample 4510
SampleGAN: Sample 4520
SampleGAN: Sample 4530
SampleGAN: Sample 4540
SampleGAN: Sample 4550
SampleGAN: Sample 4560
SampleGAN: Sample 4570
SampleGAN: Sample 4580
SampleGAN: Sample 4590
SampleGAN: Sample 4600
SampleGAN: Sample 4610
SampleGAN: Sample 4620
SampleGAN: Sample 4630
SampleGAN: Sample 4640
SampleGAN: Sample 4650
SampleGAN: Sample 4660
SampleGAN: Sample 4670
SampleGAN: Sample 4680
SampleGAN: Sample 4690
SampleGAN: Sample 4700
SampleGAN: Sample 4710
SampleGAN: Sample 4720
SampleGAN: Sample 4730
SampleGAN: Sample 4740
SampleGAN: Sample 4750
SampleGAN: Sample 4760
SampleGAN: Sample 4770
SampleGAN: Sample 4780
SampleGAN: Sample 4790
SampleGAN: Sample 4800
SampleGAN: Sample 4810
SampleGAN: Sample 4820
SampleGAN: Sample 4830
SampleGAN: Sample 4840
SampleGAN: Sample 4850
SampleGAN: Sample 4860
SampleGAN: Sample 4870
SampleGAN: Sample 4880
SampleGAN: Sample 4890
SampleGAN: Sample 4900
SampleGAN: Sample 4910
SampleGAN: Sample 4920
SampleGAN: Sample 4930
SampleGAN: Sample 4940
SampleGAN: Sample 4950
SampleGAN: Sample 4960
SampleGAN: Sample 4970
SampleGAN: Sample 4980
SampleGAN: Sample 4990
SampleGAN: Sample 5000
SampleGAN: Sample 5010
SampleGAN: Sample 5020
SampleGAN: Sample 5030
SampleGAN: Sample 5040
SampleGAN: Sample 5050
SampleGAN: Sample 5060
SampleGAN: Sample 5070
SampleGAN: Sample 5080
SampleGAN: Sample 5090
SampleGAN: Sample 5100
SampleGAN: Sample 5110
SampleGAN: Sample 5120
SampleGAN: Sample 5130
SampleGAN: Sample 5140
SampleGAN: Sample 5150
SampleGAN: Sample 5160
SampleGAN: Sample 5170
SampleGAN: Sample 5180
SampleGAN: Sample 5190
SampleGAN: Sample 5200
SampleGAN: Sample 5210
SampleGAN: Sample 5220
SampleGAN: Sample 5230
SampleGAN: Sample 5240
SampleGAN: Sample 5250
SampleGAN: Sample 5260
SampleGAN: Sample 5270
SampleGAN: Sample 5280
SampleGAN: Sample 5290
SampleGAN: Sample 5300
SampleGAN: Sample 5310
SampleGAN: Sample 5320
SampleGAN: Sample 5330
SampleGAN: Sample 5340
SampleGAN: Sample 5350
SampleGAN: Sample 5360
SampleGAN: Sample 5370
SampleGAN: Sample 5380
SampleGAN: Sample 5390
SampleGAN: Sample 5400
SampleGAN: Sample 5410
SampleGAN: Sample 5420
SampleGAN: Sample 5430
SampleGAN: Sample 5440
SampleGAN: Sample 5450
SampleGAN: Sample 5460
SampleGAN: Sample 5470
SampleGAN: Sample 5480
SampleGAN: Sample 5490
SampleGAN: Sample 5500
SampleGAN: Sample 5510
SampleGAN: Sample 5520
SampleGAN: Sample 5530
SampleGAN: Sample 5540
SampleGAN: Sample 5550
SampleGAN: Sample 5560
SampleGAN: Sample 5570
SampleGAN: Sample 5580
SampleGAN: Sample 5590
SampleGAN: Sample 5600
SampleGAN: Sample 5610
SampleGAN: Sample 5620
SampleGAN: Sample 5630
SampleGAN: Sample 5640
SampleGAN: Sample 5650
SampleGAN: Sample 5660
SampleGAN: Sample 5670
SampleGAN: Sample 5680
SampleGAN: Sample 5690
SampleGAN: Sample 5700
SampleGAN: Sample 5710
SampleGAN: Sample 5720
SampleGAN: Sample 5730
SampleGAN: Sample 5740
SampleGAN: Sample 5750
SampleGAN: Sample 5760
SampleGAN: Sample 5770
SampleGAN: Sample 5780
SampleGAN: Sample 5790
SampleGAN: Sample 5800
SampleGAN: Sample 5810
SampleGAN: Sample 5820
SampleGAN: Sample 5830
SampleGAN: Sample 5840
SampleGAN: Sample 5850
SampleGAN: Sample 5860
SampleGAN: Sample 5870
SampleGAN: Sample 5880
SampleGAN: Sample 5890
SampleGAN: Sample 5900
SampleGAN: Sample 5910
SampleGAN: Sample 5920
SampleGAN: Sample 5930
SampleGAN: Sample 5940
SampleGAN: Sample 5950
SampleGAN: Sample 5960
SampleGAN: Sample 5970
SampleGAN: Sample 5980
SampleGAN: Sample 5990
SampleGAN: Sample 6000
SampleGAN: Sample 6010
SampleGAN: Sample 6020
SampleGAN: Sample 6030
SampleGAN: Sample 6040
SampleGAN: Sample 6050
SampleGAN: Sample 6060
SampleGAN: Sample 6070
SampleGAN: Sample 6080
SampleGAN: Sample 6090
SampleGAN: Sample 6100
SampleGAN: Sample 6110
SampleGAN: Sample 6120
SampleGAN: Sample 6130
SampleGAN: Sample 6140
SampleGAN: Sample 6150
SampleGAN: Sample 6160
SampleGAN: Sample 6170
SampleGAN: Sample 6180
SampleGAN: Sample 6190
SampleGAN: Sample 6200
SampleGAN: Sample 6210
SampleGAN: Sample 6220
SampleGAN: Sample 6230
SampleGAN: Sample 6240
SampleGAN: Sample 6250
SampleGAN: Sample 6260
SampleGAN: Sample 6270
SampleGAN: Sample 6280
SampleGAN: Sample 6290
SampleGAN: Sample 6300
SampleGAN: Sample 6310
SampleGAN: Sample 6320
SampleGAN: Sample 6330
SampleGAN: Sample 6340
SampleGAN: Sample 6350
SampleGAN: Sample 6360
SampleGAN: Sample 6370
SampleGAN: Sample 6380
SampleGAN: Sample 6390
SampleGAN: Sample 6400
SampleGAN: Sample 6410
SampleGAN: Sample 6420
SampleGAN: Sample 6430
SampleGAN: Sample 6440
SampleGAN: Sample 6450
SampleGAN: Sample 6460
SampleGAN: Sample 6470
SampleGAN: Sample 6480
SampleGAN: Sample 6490
SampleGAN: Sample 6500
SampleGAN: Sample 6510
SampleGAN: Sample 6520
SampleGAN: Sample 6530
SampleGAN: Sample 6540
SampleGAN: Sample 6550
SampleGAN: Sample 6560
SampleGAN: Sample 6570
SampleGAN: Sample 6580
SampleGAN: Sample 6590
SampleGAN: Sample 6600
SampleGAN: Sample 6610
SampleGAN: Sample 6620
SampleGAN: Sample 6630
SampleGAN: Sample 6640
SampleGAN: Sample 6650
SampleGAN: Sample 6660
SampleGAN: Sample 6670
SampleGAN: Sample 6680
SampleGAN: Sample 6690
SampleGAN: Sample 6700
SampleGAN: Sample 6710
SampleGAN: Sample 6720
SampleGAN: Sample 6730
SampleGAN: Sample 6740
SampleGAN: Sample 6750
SampleGAN: Sample 6760
SampleGAN: Sample 6770
SampleGAN: Sample 6780
SampleGAN: Sample 6790
SampleGAN: Sample 6800
SampleGAN: Sample 6810
SampleGAN: Sample 6820
SampleGAN: Sample 6830
SampleGAN: Sample 6840
SampleGAN: Sample 6850
SampleGAN: Sample 6860
SampleGAN: Sample 6870
SampleGAN: Sample 6880
SampleGAN: Sample 6890
SampleGAN: Sample 6900
SampleGAN: Sample 6910
SampleGAN: Sample 6920
SampleGAN: Sample 6930
SampleGAN: Sample 6940
SampleGAN: Sample 6950
SampleGAN: Sample 6960
SampleGAN: Sample 6970
SampleGAN: Sample 6980
SampleGAN: Sample 6990
SampleGAN: Sample 7000
SampleGAN: Sample 7010
SampleGAN: Sample 7020
SampleGAN: Sample 7030
SampleGAN: Sample 7040
SampleGAN: Sample 7050
SampleGAN: Sample 7060
SampleGAN: Sample 7070
SampleGAN: Sample 7080
SampleGAN: Sample 7090
SampleGAN: Sample 7100
SampleGAN: Sample 7110
SampleGAN: Sample 7120
SampleGAN: Sample 7130
SampleGAN: Sample 7140
SampleGAN: Sample 7150
SampleGAN: Sample 7160
SampleGAN: Sample 7170
SampleGAN: Sample 7180
SampleGAN: Sample 7190
SampleGAN: Sample 7200
SampleGAN: Sample 7210
SampleGAN: Sample 7220
SampleGAN: Sample 7230
SampleGAN: Sample 7240
SampleGAN: Sample 7250
SampleGAN: Sample 7260
SampleGAN: Sample 7270
SampleGAN: Sample 7280
SampleGAN: Sample 7290
SampleGAN: Sample 7300
SampleGAN: Sample 7310
SampleGAN: Sample 7320
SampleGAN: Sample 7330
SampleGAN: Sample 7340
SampleGAN: Sample 7350
SampleGAN: Sample 7360
SampleGAN: Sample 7370
SampleGAN: Sample 7380
SampleGAN: Sample 7390
SampleGAN: Sample 7400
SampleGAN: Sample 7410
SampleGAN: Sample 7420
SampleGAN: Sample 7430
SampleGAN: Sample 7440
SampleGAN: Sample 7450
SampleGAN: Sample 7460
SampleGAN: Sample 7470
SampleGAN: Sample 7480
SampleGAN: Sample 7490
SampleGAN: Sample 7500
SampleGAN: Sample 7510
SampleGAN: Sample 7520
SampleGAN: Sample 7530
SampleGAN: Sample 7540
SampleGAN: Sample 7550
SampleGAN: Sample 7560
SampleGAN: Sample 7570
SampleGAN: Sample 7580
SampleGAN: Sample 7590
SampleGAN: Sample 7600
SampleGAN: Sample 7610
SampleGAN: Sample 7620
SampleGAN: Sample 7630
SampleGAN: Sample 7640
SampleGAN: Sample 7650
SampleGAN: Sample 7660
SampleGAN: Sample 7670
SampleGAN: Sample 7680
SampleGAN: Sample 7690
SampleGAN: Sample 7700
SampleGAN: Sample 7710
SampleGAN: Sample 7720
SampleGAN: Sample 7730
SampleGAN: Sample 7740
SampleGAN: Sample 7750
SampleGAN: Sample 7760
SampleGAN: Sample 7770
SampleGAN: Sample 7780
SampleGAN: Sample 7790
SampleGAN: Sample 7800
SampleGAN: Sample 7810
SampleGAN: Sample 7820
SampleGAN: Sample 7830
SampleGAN: Sample 7840
SampleGAN: Sample 7850
SampleGAN: Sample 7860
SampleGAN: Sample 7870
SampleGAN: Sample 7880
SampleGAN: Sample 7890
SampleGAN: Sample 7900
SampleGAN: Sample 7910
SampleGAN: Sample 7920
SampleGAN: Sample 7930
SampleGAN: Sample 7940
SampleGAN: Sample 7950
SampleGAN: Sample 7960
SampleGAN: Sample 7970
SampleGAN: Sample 7980
SampleGAN: Sample 7990
SampleGAN: The minimum value of prob is -29.637036034 and the maximum is -7.39372016843
SampleGAN: Saving sampled data
ZipSamples: Collapsing to process 0
