=====
Starting experiment mnistStage1
ID: 10, PID 0/1
08_01_2018_22:48:17
=====
TrainGAN: Getting dataloader
LoadGAN: Getting dataset mnist
LoadGAN: Creating dataloader
TrainGAN: Getting model
LoadGAN: Using options:
{'nc': 1, 'proportions': array([0.1, 0.1, 0.1, 0.1, 0.1, 0.1, 0.1, 0.1, 0.1, 0.1]), 'dataset': 'mnist', 'ngpu': 1, 'ngf': 64, 'workers': 2, 'netG': '', 'netDexpNum': -1, 'netD': '', 'nz': 20, 'netDinstance': -1, 'lr': 0.0002, 'beta1': 0.5, 'loadFromExperiment': -1, 'netP': '', 'netGinstance': -1, 'imageSize': 28, 'netPinstance': -1, 'manualSeed': None, 'ndf': 64, 'netGexpNum': -1, 'cuda': True, 'netPexpNum': -1, 'batchSize': 64}
LoadGAN: Generating random seed
LoadGAN: Using random seed 3978
LoadGAN: Loading netG
LoadGAN: netG structure:
LoadGAN: _netG(
  (main): Sequential(
    (0): ConvTranspose2d(20, 256, kernel_size=(4, 4), stride=(1, 1), bias=False)
    (1): BatchNorm2d(256, eps=1e-05, momentum=0.1, affine=True)
    (2): ReLU(inplace)
    (3): ConvTranspose2d(256, 128, kernel_size=(4, 4), stride=(2, 2), padding=(1, 1), bias=False)
    (4): BatchNorm2d(128, eps=1e-05, momentum=0.1, affine=True)
    (5): ReLU(inplace)
    (6): ConvTranspose2d(128, 64, kernel_size=(4, 4), stride=(2, 2), padding=(2, 2), bias=False)
    (7): BatchNorm2d(64, eps=1e-05, momentum=0.1, affine=True)
    (8): ReLU(inplace)
    (9): ConvTranspose2d(64, 1, kernel_size=(4, 4), stride=(2, 2), padding=(1, 1), bias=False)
    (10): Tanh()
  )
)
LoadGAN: Loading netD
LoadGAN: netD structure:
LoadGAN: _netD(
  (main): Sequential(
    (0): Conv2d(1, 64, kernel_size=(4, 4), stride=(2, 2), padding=(1, 1), bias=False)
    (1): BatchNorm2d(64, eps=1e-05, momentum=0.1, affine=True)
    (2): LeakyReLU(0.2, inplace)
    (3): Conv2d(64, 128, kernel_size=(4, 4), stride=(2, 2), padding=(1, 1), bias=False)
    (4): BatchNorm2d(128, eps=1e-05, momentum=0.1, affine=True)
    (5): LeakyReLU(0.2, inplace)
    (6): Conv2d(128, 256, kernel_size=(4, 4), stride=(2, 2), padding=(2, 2), bias=False)
    (7): BatchNorm2d(256, eps=1e-05, momentum=0.1, affine=True)
    (8): LeakyReLU(0.2, inplace)
    (9): Conv2d(256, 1, kernel_size=(4, 4), stride=(1, 1), bias=False)
    (10): Sigmoid()
  )
)
LoadGAN: Using cuda
TrainGAN: Beginning training
TrainGAN: ===Begin epoch 0
TrainGAN: [0/1][0/938] Loss_D: 1.3960 Loss_G: 1.6663 D(x): 0.5558 D(G(z)): 0.5407 / 0.2047
TrainGAN: [0/1][1/938] Loss_D: 1.3732 Loss_G: 1.8885 D(x): 0.8860 D(G(z)): 0.7053 / 0.1738
TrainGAN: [0/1][2/938] Loss_D: 0.8782 Loss_G: 2.7226 D(x): 0.8749 D(G(z)): 0.5145 / 0.0770
TrainGAN: [0/1][3/938] Loss_D: 0.6767 Loss_G: 3.0473 D(x): 0.8557 D(G(z)): 0.3948 / 0.0586
TrainGAN: [0/1][4/938] Loss_D: 0.6568 Loss_G: 3.2206 D(x): 0.7954 D(G(z)): 0.3292 / 0.0522
TrainGAN: [0/1][5/938] Loss_D: 0.7302 Loss_G: 3.6225 D(x): 0.8350 D(G(z)): 0.4072 / 0.0346
TrainGAN: [0/1][6/938] Loss_D: 0.5021 Loss_G: 3.7887 D(x): 0.7769 D(G(z)): 0.2009 / 0.0277
TrainGAN: [0/1][7/938] Loss_D: 0.3931 Loss_G: 3.6211 D(x): 0.8594 D(G(z)): 0.1990 / 0.0322
TrainGAN: [0/1][8/938] Loss_D: 0.4065 Loss_G: 4.0156 D(x): 0.9073 D(G(z)): 0.2537 / 0.0224
TrainGAN: [0/1][9/938] Loss_D: 0.3959 Loss_G: 3.8970 D(x): 0.8513 D(G(z)): 0.1797 / 0.0246
TrainGAN: [0/1][10/938] Loss_D: 0.2774 Loss_G: 4.1033 D(x): 0.9353 D(G(z)): 0.1844 / 0.0206
TrainGAN: [0/1][11/938] Loss_D: 0.2604 Loss_G: 3.9683 D(x): 0.8769 D(G(z)): 0.1116 / 0.0221
TrainGAN: [0/1][12/938] Loss_D: 0.2799 Loss_G: 3.8760 D(x): 0.8824 D(G(z)): 0.1144 / 0.0229
TrainGAN: [0/1][13/938] Loss_D: 0.2819 Loss_G: 4.4369 D(x): 0.8993 D(G(z)): 0.1432 / 0.0133
TrainGAN: [0/1][14/938] Loss_D: 0.2451 Loss_G: 4.3870 D(x): 0.8931 D(G(z)): 0.1130 / 0.0142
TrainGAN: [0/1][15/938] Loss_D: 0.2772 Loss_G: 4.9897 D(x): 0.9203 D(G(z)): 0.1716 / 0.0078
TrainGAN: [0/1][16/938] Loss_D: 0.2669 Loss_G: 3.4310 D(x): 0.8411 D(G(z)): 0.0803 / 0.0373
TrainGAN: [0/1][17/938] Loss_D: 0.5006 Loss_G: 6.2806 D(x): 0.9296 D(G(z)): 0.3323 / 0.0023
TrainGAN: [0/1][18/938] Loss_D: 0.4694 Loss_G: 3.1220 D(x): 0.6778 D(G(z)): 0.0327 / 0.0564
TrainGAN: [0/1][19/938] Loss_D: 1.0808 Loss_G: 6.5163 D(x): 0.9581 D(G(z)): 0.6160 / 0.0024
TrainGAN: [0/1][20/938] Loss_D: 0.2978 Loss_G: 5.5003 D(x): 0.7863 D(G(z)): 0.0384 / 0.0070
TrainGAN: [0/1][21/938] Loss_D: 0.4559 Loss_G: 3.1946 D(x): 0.7662 D(G(z)): 0.0767 / 0.0574
TrainGAN: [0/1][22/938] Loss_D: 0.4808 Loss_G: 6.1670 D(x): 0.9653 D(G(z)): 0.3410 / 0.0028
TrainGAN: [0/1][23/938] Loss_D: 0.2174 Loss_G: 5.6016 D(x): 0.8582 D(G(z)): 0.0274 / 0.0046
TrainGAN: [0/1][24/938] Loss_D: 0.2152 Loss_G: 3.8868 D(x): 0.8768 D(G(z)): 0.0578 / 0.0241
TrainGAN: [0/1][25/938] Loss_D: 0.4431 Loss_G: 7.3081 D(x): 0.9386 D(G(z)): 0.3002 / 0.0008
TrainGAN: [0/1][26/938] Loss_D: 0.5317 Loss_G: 4.4098 D(x): 0.6518 D(G(z)): 0.0053 / 0.0143
TrainGAN: [0/1][27/938] Loss_D: 0.3561 Loss_G: 6.4122 D(x): 0.9568 D(G(z)): 0.2571 / 0.0021
TrainGAN: [0/1][28/938] Loss_D: 0.1300 Loss_G: 5.9965 D(x): 0.9302 D(G(z)): 0.0325 / 0.0036
TrainGAN: [0/1][29/938] Loss_D: 0.1817 Loss_G: 4.9676 D(x): 0.9163 D(G(z)): 0.0776 / 0.0098
TrainGAN: [0/1][30/938] Loss_D: 0.2721 Loss_G: 5.8850 D(x): 0.9018 D(G(z)): 0.1459 / 0.0036
TrainGAN: [0/1][31/938] Loss_D: 0.2029 Loss_G: 4.6162 D(x): 0.8560 D(G(z)): 0.0248 / 0.0115
TrainGAN: [0/1][32/938] Loss_D: 0.1353 Loss_G: 5.3282 D(x): 0.9589 D(G(z)): 0.0862 / 0.0055
TrainGAN: [0/1][33/938] Loss_D: 0.0964 Loss_G: 5.3659 D(x): 0.9475 D(G(z)): 0.0282 / 0.0055
TrainGAN: [0/1][34/938] Loss_D: 0.0631 Loss_G: 5.0972 D(x): 0.9685 D(G(z)): 0.0282 / 0.0073
TrainGAN: [0/1][35/938] Loss_D: 0.1471 Loss_G: 5.6748 D(x): 0.9509 D(G(z)): 0.0866 / 0.0041
TrainGAN: [0/1][36/938] Loss_D: 0.1201 Loss_G: 5.4112 D(x): 0.9347 D(G(z)): 0.0361 / 0.0053
TrainGAN: [0/1][37/938] Loss_D: 0.1316 Loss_G: 4.8535 D(x): 0.9336 D(G(z)): 0.0497 / 0.0090
TrainGAN: [0/1][38/938] Loss_D: 0.1096 Loss_G: 5.5778 D(x): 0.9675 D(G(z)): 0.0721 / 0.0044
TrainGAN: [0/1][39/938] Loss_D: 0.1086 Loss_G: 4.8835 D(x): 0.9325 D(G(z)): 0.0237 / 0.0092
TrainGAN: [0/1][40/938] Loss_D: 0.0992 Loss_G: 4.7515 D(x): 0.9579 D(G(z)): 0.0474 / 0.0102
TrainGAN: [0/1][41/938] Loss_D: 0.0923 Loss_G: 5.6509 D(x): 0.9717 D(G(z)): 0.0604 / 0.0042
TrainGAN: [0/1][42/938] Loss_D: 0.0571 Loss_G: 5.3164 D(x): 0.9607 D(G(z)): 0.0163 / 0.0062
TrainGAN: [0/1][43/938] Loss_D: 0.0755 Loss_G: 4.3693 D(x): 0.9575 D(G(z)): 0.0295 / 0.0150
TrainGAN: [0/1][44/938] Loss_D: 0.0968 Loss_G: 6.0725 D(x): 0.9803 D(G(z)): 0.0727 / 0.0034
TrainGAN: [0/1][45/938] Loss_D: 0.1545 Loss_G: 3.3101 D(x): 0.8909 D(G(z)): 0.0096 / 0.0411
TrainGAN: [0/1][46/938] Loss_D: 0.2343 Loss_G: 9.3043 D(x): 0.9848 D(G(z)): 0.1897 / 0.0002
TrainGAN: [0/1][47/938] Loss_D: 0.8312 Loss_G: 0.0378 D(x): 0.4717 D(G(z)): 0.0005 / 0.9634
TrainGAN: [0/1][48/938] Loss_D: 4.1174 Loss_G: 9.0199 D(x): 0.9995 D(G(z)): 0.9750 / 0.0004
TrainGAN: [0/1][49/938] Loss_D: 0.1974 Loss_G: 9.5675 D(x): 0.8385 D(G(z)): 0.0025 / 0.0003
TrainGAN: [0/1][50/938] Loss_D: 1.1871 Loss_G: 2.8287 D(x): 0.3710 D(G(z)): 0.0024 / 0.1085
TrainGAN: [0/1][51/938] Loss_D: 0.6359 Loss_G: 3.6260 D(x): 0.9864 D(G(z)): 0.4227 / 0.0450
TrainGAN: [0/1][52/938] Loss_D: 0.3650 Loss_G: 5.8598 D(x): 0.9705 D(G(z)): 0.2554 / 0.0063
TrainGAN: [0/1][53/938] Loss_D: 0.2928 Loss_G: 4.3043 D(x): 0.7978 D(G(z)): 0.0424 / 0.0226
TrainGAN: [0/1][54/938] Loss_D: 0.3186 Loss_G: 3.1936 D(x): 0.8510 D(G(z)): 0.1328 / 0.0560
TrainGAN: [0/1][55/938] Loss_D: 0.3818 Loss_G: 5.6428 D(x): 0.9323 D(G(z)): 0.2534 / 0.0052
TrainGAN: [0/1][56/938] Loss_D: 0.4237 Loss_G: 2.5124 D(x): 0.7001 D(G(z)): 0.0171 / 0.0992
TrainGAN: [0/1][57/938] Loss_D: 0.5590 Loss_G: 7.7023 D(x): 0.9777 D(G(z)): 0.3963 / 0.0006
TrainGAN: [0/1][58/938] Loss_D: 1.0447 Loss_G: 1.6092 D(x): 0.4396 D(G(z)): 0.0019 / 0.2362
TrainGAN: [0/1][59/938] Loss_D: 1.1037 Loss_G: 7.5762 D(x): 0.9974 D(G(z)): 0.6198 / 0.0008
TrainGAN: [0/1][60/938] Loss_D: 0.4703 Loss_G: 6.0843 D(x): 0.6737 D(G(z)): 0.0026 / 0.0034
TrainGAN: [0/1][61/938] Loss_D: 0.0795 Loss_G: 3.9565 D(x): 0.9386 D(G(z)): 0.0133 / 0.0270
TrainGAN: [0/1][62/938] Loss_D: 0.1889 Loss_G: 3.8808 D(x): 0.9709 D(G(z)): 0.1384 / 0.0265
TrainGAN: [0/1][63/938] Loss_D: 0.1783 Loss_G: 4.4810 D(x): 0.9344 D(G(z)): 0.0992 / 0.0140
TrainGAN: [0/1][64/938] Loss_D: 0.2575 Loss_G: 3.2829 D(x): 0.8468 D(G(z)): 0.0633 / 0.0440
TrainGAN: [0/1][65/938] Loss_D: 0.1724 Loss_G: 4.0184 D(x): 0.9407 D(G(z)): 0.1028 / 0.0212
TrainGAN: [0/1][66/938] Loss_D: 0.2109 Loss_G: 3.4765 D(x): 0.8809 D(G(z)): 0.0712 / 0.0374
TrainGAN: [0/1][67/938] Loss_D: 0.1750 Loss_G: 3.7702 D(x): 0.9191 D(G(z)): 0.0822 / 0.0259
TrainGAN: [0/1][68/938] Loss_D: 0.1456 Loss_G: 3.7517 D(x): 0.9202 D(G(z)): 0.0551 / 0.0251
TrainGAN: [0/1][69/938] Loss_D: 0.1410 Loss_G: 3.4509 D(x): 0.9185 D(G(z)): 0.0468 / 0.0352
TrainGAN: [0/1][70/938] Loss_D: 0.1174 Loss_G: 4.8299 D(x): 0.9723 D(G(z)): 0.0842 / 0.0090
TrainGAN: [0/1][71/938] Loss_D: 0.1223 Loss_G: 3.5610 D(x): 0.9037 D(G(z)): 0.0159 / 0.0327
TrainGAN: [0/1][72/938] Loss_D: 0.1042 Loss_G: 3.9008 D(x): 0.9615 D(G(z)): 0.0610 / 0.0241
TrainGAN: [0/1][73/938] Loss_D: 0.0936 Loss_G: 4.4694 D(x): 0.9598 D(G(z)): 0.0499 / 0.0129
TrainGAN: [0/1][74/938] Loss_D: 0.1062 Loss_G: 3.2623 D(x): 0.9193 D(G(z)): 0.0173 / 0.0449
TrainGAN: [0/1][75/938] Loss_D: 0.1388 Loss_G: 5.5193 D(x): 0.9763 D(G(z)): 0.1060 / 0.0047
TrainGAN: [0/1][76/938] Loss_D: 0.1964 Loss_G: 1.7047 D(x): 0.8402 D(G(z)): 0.0109 / 0.2057
TrainGAN: [0/1][77/938] Loss_D: 0.5271 Loss_G: 10.8940 D(x): 0.9885 D(G(z)): 0.3875 / 0.0000
TrainGAN: [0/1][78/938] Loss_D: 5.9833 Loss_G: 0.3356 D(x): 0.0039 D(G(z)): 0.0000 / 0.7326
TrainGAN: [0/1][79/938] Loss_D: 1.8455 Loss_G: 6.8153 D(x): 0.9976 D(G(z)): 0.8101 / 0.0014
TrainGAN: [0/1][80/938] Loss_D: 1.0567 Loss_G: 4.2037 D(x): 0.4121 D(G(z)): 0.0030 / 0.0223
TrainGAN: [0/1][81/938] Loss_D: 0.1955 Loss_G: 1.9317 D(x): 0.8940 D(G(z)): 0.0694 / 0.1847
TrainGAN: [0/1][82/938] Loss_D: 0.6369 Loss_G: 4.1753 D(x): 0.9797 D(G(z)): 0.4227 / 0.0229
TrainGAN: [0/1][83/938] Loss_D: 0.4230 Loss_G: 3.6301 D(x): 0.7564 D(G(z)): 0.0995 / 0.0378
TrainGAN: [0/1][84/938] Loss_D: 0.4258 Loss_G: 2.4534 D(x): 0.7503 D(G(z)): 0.0978 / 0.1179
TrainGAN: [0/1][85/938] Loss_D: 0.3578 Loss_G: 4.0918 D(x): 0.9414 D(G(z)): 0.2367 / 0.0216
TrainGAN: [0/1][86/938] Loss_D: 0.2811 Loss_G: 3.4502 D(x): 0.8074 D(G(z)): 0.0488 / 0.0399
TrainGAN: [0/1][87/938] Loss_D: 0.1640 Loss_G: 3.4836 D(x): 0.9374 D(G(z)): 0.0909 / 0.0380
TrainGAN: [0/1][88/938] Loss_D: 0.1867 Loss_G: 3.7151 D(x): 0.9293 D(G(z)): 0.1011 / 0.0294
TrainGAN: [0/1][89/938] Loss_D: 0.1633 Loss_G: 3.5527 D(x): 0.9053 D(G(z)): 0.0585 / 0.0348
TrainGAN: [0/1][90/938] Loss_D: 0.1402 Loss_G: 3.5119 D(x): 0.9386 D(G(z)): 0.0723 / 0.0339
TrainGAN: [0/1][91/938] Loss_D: 0.1680 Loss_G: 3.7455 D(x): 0.9295 D(G(z)): 0.0860 / 0.0280
TrainGAN: [0/1][92/938] Loss_D: 0.1514 Loss_G: 3.6683 D(x): 0.9200 D(G(z)): 0.0606 / 0.0307
TrainGAN: [0/1][93/938] Loss_D: 0.1741 Loss_G: 3.6668 D(x): 0.9261 D(G(z)): 0.0897 / 0.0295
TrainGAN: [0/1][94/938] Loss_D: 0.1727 Loss_G: 3.3427 D(x): 0.9045 D(G(z)): 0.0657 / 0.0405
TrainGAN: [0/1][95/938] Loss_D: 0.2080 Loss_G: 4.2685 D(x): 0.9291 D(G(z)): 0.1209 / 0.0166
TrainGAN: [0/1][96/938] Loss_D: 0.2284 Loss_G: 2.6559 D(x): 0.8447 D(G(z)): 0.0492 / 0.0837
TrainGAN: [0/1][97/938] Loss_D: 0.2254 Loss_G: 5.1541 D(x): 0.9578 D(G(z)): 0.1604 / 0.0067
TrainGAN: [0/1][98/938] Loss_D: 0.2099 Loss_G: 3.0203 D(x): 0.8349 D(G(z)): 0.0174 / 0.0560
TrainGAN: [0/1][99/938] Loss_D: 0.1420 Loss_G: 4.0257 D(x): 0.9651 D(G(z)): 0.0988 / 0.0209
TrainGAN: [0/1][100/938] Loss_D: 0.1172 Loss_G: 4.1435 D(x): 0.9394 D(G(z)): 0.0514 / 0.0179
TrainGAN: [0/1][101/938] Loss_D: 0.0865 Loss_G: 4.0423 D(x): 0.9553 D(G(z)): 0.0390 / 0.0197
TrainGAN: [0/1][102/938] Loss_D: 0.1209 Loss_G: 3.3940 D(x): 0.9311 D(G(z)): 0.0447 / 0.0397
TrainGAN: [0/1][103/938] Loss_D: 0.1477 Loss_G: 3.9094 D(x): 0.9450 D(G(z)): 0.0835 / 0.0228
TrainGAN: [0/1][104/938] Loss_D: 0.1086 Loss_G: 3.9567 D(x): 0.9453 D(G(z)): 0.0489 / 0.0246
TrainGAN: [0/1][105/938] Loss_D: 0.1550 Loss_G: 2.9670 D(x): 0.9134 D(G(z)): 0.0501 / 0.0628
TrainGAN: [0/1][106/938] Loss_D: 0.1760 Loss_G: 5.0914 D(x): 0.9655 D(G(z)): 0.1285 / 0.0074
TrainGAN: [0/1][107/938] Loss_D: 0.2478 Loss_G: 1.1976 D(x): 0.8099 D(G(z)): 0.0168 / 0.3305
TrainGAN: [0/1][108/938] Loss_D: 0.6338 Loss_G: 9.8199 D(x): 0.9928 D(G(z)): 0.4474 / 0.0001
TrainGAN: [0/1][109/938] Loss_D: 4.6509 Loss_G: 0.0867 D(x): 0.0119 D(G(z)): 0.0001 / 0.9201
TrainGAN: [0/1][110/938] Loss_D: 3.3426 Loss_G: 5.8207 D(x): 0.9995 D(G(z)): 0.9441 / 0.0065
TrainGAN: [0/1][111/938] Loss_D: 0.4619 Loss_G: 5.3079 D(x): 0.7131 D(G(z)): 0.0213 / 0.0097
TrainGAN: [0/1][112/938] Loss_D: 0.5043 Loss_G: 2.3628 D(x): 0.6857 D(G(z)): 0.0459 / 0.1714
TrainGAN: [0/1][113/938] Loss_D: 0.8182 Loss_G: 4.7651 D(x): 0.9331 D(G(z)): 0.4498 / 0.0146
TrainGAN: [0/1][114/938] Loss_D: 0.6717 Loss_G: 2.5378 D(x): 0.6033 D(G(z)): 0.0621 / 0.1077
TrainGAN: [0/1][115/938] Loss_D: 0.5868 Loss_G: 4.5238 D(x): 0.8855 D(G(z)): 0.3273 / 0.0153
TrainGAN: [0/1][116/938] Loss_D: 0.4289 Loss_G: 3.1812 D(x): 0.7171 D(G(z)): 0.0352 / 0.0529
TrainGAN: [0/1][117/938] Loss_D: 0.2671 Loss_G: 3.0345 D(x): 0.8966 D(G(z)): 0.1322 / 0.0666
TrainGAN: [0/1][118/938] Loss_D: 0.2875 Loss_G: 4.1436 D(x): 0.9160 D(G(z)): 0.1712 / 0.0195
TrainGAN: [0/1][119/938] Loss_D: 0.2672 Loss_G: 3.1582 D(x): 0.8204 D(G(z)): 0.0477 / 0.0536
TrainGAN: [0/1][120/938] Loss_D: 0.1961 Loss_G: 3.2947 D(x): 0.9336 D(G(z)): 0.1154 / 0.0435
TrainGAN: [0/1][121/938] Loss_D: 0.1858 Loss_G: 4.1125 D(x): 0.9425 D(G(z)): 0.1136 / 0.0212
TrainGAN: [0/1][122/938] Loss_D: 0.2463 Loss_G: 2.7111 D(x): 0.8367 D(G(z)): 0.0548 / 0.0774
TrainGAN: [0/1][123/938] Loss_D: 0.2761 Loss_G: 4.0537 D(x): 0.9308 D(G(z)): 0.1768 / 0.0210
TrainGAN: [0/1][124/938] Loss_D: 0.2110 Loss_G: 3.0495 D(x): 0.8523 D(G(z)): 0.0404 / 0.0547
TrainGAN: [0/1][125/938] Loss_D: 0.1780 Loss_G: 3.7794 D(x): 0.9481 D(G(z)): 0.1135 / 0.0268
TrainGAN: [0/1][126/938] Loss_D: 0.1555 Loss_G: 3.3878 D(x): 0.9055 D(G(z)): 0.0521 / 0.0390
TrainGAN: [0/1][127/938] Loss_D: 0.1545 Loss_G: 3.3589 D(x): 0.9290 D(G(z)): 0.0753 / 0.0408
TrainGAN: [0/1][128/938] Loss_D: 0.1554 Loss_G: 3.6311 D(x): 0.9289 D(G(z)): 0.0758 / 0.0307
TrainGAN: [0/1][129/938] Loss_D: 0.1397 Loss_G: 3.8443 D(x): 0.9357 D(G(z)): 0.0674 / 0.0248
TrainGAN: [0/1][130/938] Loss_D: 0.1149 Loss_G: 3.6951 D(x): 0.9387 D(G(z)): 0.0482 / 0.0297
TrainGAN: [0/1][131/938] Loss_D: 0.1434 Loss_G: 3.1091 D(x): 0.9200 D(G(z)): 0.0551 / 0.0542
TrainGAN: [0/1][132/938] Loss_D: 0.2205 Loss_G: 5.0296 D(x): 0.9364 D(G(z)): 0.1368 / 0.0076
TrainGAN: [0/1][133/938] Loss_D: 0.3183 Loss_G: 0.5205 D(x): 0.7552 D(G(z)): 0.0162 / 0.6122
TrainGAN: [0/1][134/938] Loss_D: 1.2212 Loss_G: 11.2162 D(x): 0.9920 D(G(z)): 0.6732 / 0.0000
TrainGAN: [0/1][135/938] Loss_D: 7.0957 Loss_G: 5.8565 D(x): 0.0013 D(G(z)): 0.0000 / 0.0038
TrainGAN: [0/1][136/938] Loss_D: 0.9332 Loss_G: 0.1283 D(x): 0.4408 D(G(z)): 0.0048 / 0.8865
TrainGAN: [0/1][137/938] Loss_D: 2.5922 Loss_G: 3.4643 D(x): 0.9977 D(G(z)): 0.8723 / 0.0558
TrainGAN: [0/1][138/938] Loss_D: 0.3086 Loss_G: 4.7875 D(x): 0.8776 D(G(z)): 0.1440 / 0.0143
TrainGAN: [0/1][139/938] Loss_D: 0.7469 Loss_G: 2.6471 D(x): 0.5256 D(G(z)): 0.0205 / 0.1092
TrainGAN: [0/1][140/938] Loss_D: 0.4351 Loss_G: 2.2896 D(x): 0.9124 D(G(z)): 0.2674 / 0.1358
TrainGAN: [0/1][141/938] Loss_D: 0.3986 Loss_G: 3.3091 D(x): 0.9054 D(G(z)): 0.2418 / 0.0459
TrainGAN: [0/1][142/938] Loss_D: 0.3662 Loss_G: 3.0860 D(x): 0.7967 D(G(z)): 0.1087 / 0.0621
TrainGAN: [0/1][143/938] Loss_D: 0.3817 Loss_G: 2.2980 D(x): 0.7966 D(G(z)): 0.1121 / 0.1278
TrainGAN: [0/1][144/938] Loss_D: 0.4002 Loss_G: 3.3862 D(x): 0.9054 D(G(z)): 0.2423 / 0.0423
TrainGAN: [0/1][145/938] Loss_D: 0.3907 Loss_G: 2.5927 D(x): 0.7484 D(G(z)): 0.0721 / 0.0945
TrainGAN: [0/1][146/938] Loss_D: 0.2881 Loss_G: 3.2979 D(x): 0.9285 D(G(z)): 0.1814 / 0.0446
TrainGAN: [0/1][147/938] Loss_D: 0.2260 Loss_G: 3.3789 D(x): 0.8892 D(G(z)): 0.0960 / 0.0406
TrainGAN: [0/1][148/938] Loss_D: 0.2351 Loss_G: 3.0294 D(x): 0.8804 D(G(z)): 0.0950 / 0.0593
TrainGAN: [0/1][149/938] Loss_D: 0.2395 Loss_G: 3.2073 D(x): 0.9091 D(G(z)): 0.1282 / 0.0494
TrainGAN: [0/1][150/938] Loss_D: 0.2210 Loss_G: 3.3487 D(x): 0.9070 D(G(z)): 0.1073 / 0.0438
TrainGAN: [0/1][151/938] Loss_D: 0.2739 Loss_G: 2.6757 D(x): 0.8553 D(G(z)): 0.1034 / 0.0829
TrainGAN: [0/1][152/938] Loss_D: 0.3018 Loss_G: 3.6896 D(x): 0.9098 D(G(z)): 0.1774 / 0.0280
TrainGAN: [0/1][153/938] Loss_D: 0.2829 Loss_G: 2.2376 D(x): 0.8053 D(G(z)): 0.0521 / 0.1206
TrainGAN: [0/1][154/938] Loss_D: 0.2678 Loss_G: 4.1326 D(x): 0.9512 D(G(z)): 0.1879 / 0.0180
TrainGAN: [0/1][155/938] Loss_D: 0.1806 Loss_G: 3.3530 D(x): 0.8638 D(G(z)): 0.0297 / 0.0384
TrainGAN: [0/1][156/938] Loss_D: 0.1391 Loss_G: 2.9812 D(x): 0.9338 D(G(z)): 0.0667 / 0.0561
TrainGAN: [0/1][157/938] Loss_D: 0.1662 Loss_G: 4.0473 D(x): 0.9614 D(G(z)): 0.1159 / 0.0200
TrainGAN: [0/1][158/938] Loss_D: 0.1368 Loss_G: 3.6379 D(x): 0.9125 D(G(z)): 0.0386 / 0.0321
TrainGAN: [0/1][159/938] Loss_D: 0.1685 Loss_G: 2.8907 D(x): 0.9123 D(G(z)): 0.0707 / 0.0646
TrainGAN: [0/1][160/938] Loss_D: 0.1696 Loss_G: 4.3152 D(x): 0.9572 D(G(z)): 0.1146 / 0.0154
TrainGAN: [0/1][161/938] Loss_D: 0.1654 Loss_G: 3.1795 D(x): 0.8872 D(G(z)): 0.0396 / 0.0515
TrainGAN: [0/1][162/938] Loss_D: 0.1794 Loss_G: 4.1575 D(x): 0.9482 D(G(z)): 0.1152 / 0.0179
TrainGAN: [0/1][163/938] Loss_D: 0.2612 Loss_G: 1.5649 D(x): 0.8160 D(G(z)): 0.0367 / 0.2300
TrainGAN: [0/1][164/938] Loss_D: 0.6120 Loss_G: 9.0242 D(x): 0.9765 D(G(z)): 0.4155 / 0.0001
TrainGAN: [0/1][165/938] Loss_D: 3.5120 Loss_G: 0.2025 D(x): 0.0374 D(G(z)): 0.0002 / 0.8238
TrainGAN: [0/1][166/938] Loss_D: 2.2528 Loss_G: 6.8162 D(x): 0.9982 D(G(z)): 0.8687 / 0.0016
TrainGAN: [0/1][167/938] Loss_D: 1.2311 Loss_G: 3.6126 D(x): 0.3755 D(G(z)): 0.0029 / 0.0361
TrainGAN: [0/1][168/938] Loss_D: 0.2614 Loss_G: 1.6777 D(x): 0.8975 D(G(z)): 0.1314 / 0.2181
TrainGAN: [0/1][169/938] Loss_D: 0.8761 Loss_G: 4.7050 D(x): 0.9584 D(G(z)): 0.5056 / 0.0112
TrainGAN: [0/1][170/938] Loss_D: 0.8048 Loss_G: 2.5534 D(x): 0.5248 D(G(z)): 0.0294 / 0.0879
TrainGAN: [0/1][171/938] Loss_D: 0.4266 Loss_G: 2.1316 D(x): 0.8523 D(G(z)): 0.2192 / 0.1401
TrainGAN: [0/1][172/938] Loss_D: 0.4542 Loss_G: 4.0318 D(x): 0.9206 D(G(z)): 0.2963 / 0.0216
TrainGAN: [0/1][173/938] Loss_D: 0.4414 Loss_G: 2.7035 D(x): 0.7000 D(G(z)): 0.0452 / 0.0804
TrainGAN: [0/1][174/938] Loss_D: 0.2898 Loss_G: 2.9192 D(x): 0.9094 D(G(z)): 0.1667 / 0.0681
TrainGAN: [0/1][175/938] Loss_D: 0.2756 Loss_G: 3.7958 D(x): 0.9076 D(G(z)): 0.1535 / 0.0295
TrainGAN: [0/1][176/938] Loss_D: 0.2307 Loss_G: 3.2660 D(x): 0.8591 D(G(z)): 0.0668 / 0.0470
TrainGAN: [0/1][177/938] Loss_D: 0.2576 Loss_G: 2.7387 D(x): 0.8737 D(G(z)): 0.1011 / 0.0752
TrainGAN: [0/1][178/938] Loss_D: 0.3256 Loss_G: 3.8607 D(x): 0.9029 D(G(z)): 0.1880 / 0.0263
TrainGAN: [0/1][179/938] Loss_D: 0.2365 Loss_G: 3.0808 D(x): 0.8478 D(G(z)): 0.0595 / 0.0531
TrainGAN: [0/1][180/938] Loss_D: 0.2371 Loss_G: 3.0292 D(x): 0.8978 D(G(z)): 0.1143 / 0.0557
TrainGAN: [0/1][181/938] Loss_D: 0.2359 Loss_G: 3.6219 D(x): 0.9074 D(G(z)): 0.1226 / 0.0310
TrainGAN: [0/1][182/938] Loss_D: 0.2695 Loss_G: 2.3057 D(x): 0.8319 D(G(z)): 0.0610 / 0.1099
TrainGAN: [0/1][183/938] Loss_D: 0.3402 Loss_G: 5.2370 D(x): 0.9533 D(G(z)): 0.2457 / 0.0057
TrainGAN: [0/1][184/938] Loss_D: 0.5978 Loss_G: 0.5558 D(x): 0.5841 D(G(z)): 0.0092 / 0.5871
TrainGAN: [0/1][185/938] Loss_D: 1.3370 Loss_G: 8.6403 D(x): 0.9940 D(G(z)): 0.7128 / 0.0002
TrainGAN: [0/1][186/938] Loss_D: 3.6052 Loss_G: 3.5362 D(x): 0.0376 D(G(z)): 0.0003 / 0.0332
TrainGAN: [0/1][187/938] Loss_D: 0.1428 Loss_G: 0.9204 D(x): 0.9192 D(G(z)): 0.0546 / 0.4226
TrainGAN: [0/1][188/938] Loss_D: 0.9285 Loss_G: 4.5162 D(x): 0.9888 D(G(z)): 0.5762 / 0.0122
TrainGAN: [0/1][189/938] Loss_D: 0.3630 Loss_G: 4.0460 D(x): 0.7368 D(G(z)): 0.0235 / 0.0211
TrainGAN: [0/1][190/938] Loss_D: 0.2924 Loss_G: 2.1262 D(x): 0.7923 D(G(z)): 0.0392 / 0.1332
TrainGAN: [0/1][191/938] Loss_D: 0.3313 Loss_G: 2.9239 D(x): 0.9575 D(G(z)): 0.2419 / 0.0613
TrainGAN: [0/1][192/938] Loss_D: 0.2202 Loss_G: 3.6093 D(x): 0.9189 D(G(z)): 0.1216 / 0.0312
TrainGAN: [0/1][193/938] Loss_D: 0.3441 Loss_G: 2.4229 D(x): 0.7737 D(G(z)): 0.0587 / 0.1022
TrainGAN: [0/1][194/938] Loss_D: 0.2538 Loss_G: 3.1538 D(x): 0.9379 D(G(z)): 0.1680 / 0.0487
TrainGAN: [0/1][195/938] Loss_D: 0.1757 Loss_G: 3.5638 D(x): 0.9209 D(G(z)): 0.0841 / 0.0337
TrainGAN: [0/1][196/938] Loss_D: 0.1794 Loss_G: 3.1298 D(x): 0.8940 D(G(z)): 0.0596 / 0.0511
TrainGAN: [0/1][197/938] Loss_D: 0.1809 Loss_G: 3.1300 D(x): 0.9230 D(G(z)): 0.0903 / 0.0529
TrainGAN: [0/1][198/938] Loss_D: 0.1775 Loss_G: 3.3040 D(x): 0.9231 D(G(z)): 0.0879 / 0.0431
TrainGAN: [0/1][199/938] Loss_D: 0.1619 Loss_G: 3.4381 D(x): 0.9260 D(G(z)): 0.0785 / 0.0384
TrainGAN: [0/1][200/938] Loss_D: 0.1301 Loss_G: 3.3435 D(x): 0.9289 D(G(z)): 0.0519 / 0.0408
TrainGAN: [0/1][201/938] Loss_D: 0.1658 Loss_G: 3.3748 D(x): 0.9361 D(G(z)): 0.0914 / 0.0396
TrainGAN: [0/1][202/938] Loss_D: 0.1527 Loss_G: 3.2016 D(x): 0.9096 D(G(z)): 0.0537 / 0.0472
TrainGAN: [0/1][203/938] Loss_D: 0.1404 Loss_G: 3.8580 D(x): 0.9672 D(G(z)): 0.0988 / 0.0248
TrainGAN: [0/1][204/938] Loss_D: 0.1430 Loss_G: 3.4283 D(x): 0.9083 D(G(z)): 0.0422 / 0.0389
TrainGAN: [0/1][205/938] Loss_D: 0.1454 Loss_G: 2.8720 D(x): 0.9200 D(G(z)): 0.0571 / 0.0632
TrainGAN: [0/1][206/938] Loss_D: 0.1976 Loss_G: 3.7540 D(x): 0.9444 D(G(z)): 0.1262 / 0.0266
TrainGAN: [0/1][207/938] Loss_D: 0.1683 Loss_G: 3.1150 D(x): 0.8950 D(G(z)): 0.0489 / 0.0519
TrainGAN: [0/1][208/938] Loss_D: 0.1762 Loss_G: 3.3040 D(x): 0.9331 D(G(z)): 0.0944 / 0.0430
TrainGAN: [0/1][209/938] Loss_D: 0.1572 Loss_G: 3.4409 D(x): 0.9267 D(G(z)): 0.0748 / 0.0369
TrainGAN: [0/1][210/938] Loss_D: 0.1475 Loss_G: 3.4234 D(x): 0.9274 D(G(z)): 0.0673 / 0.0390
TrainGAN: [0/1][211/938] Loss_D: 0.1515 Loss_G: 3.1552 D(x): 0.9184 D(G(z)): 0.0616 / 0.0484
TrainGAN: [0/1][212/938] Loss_D: 0.1269 Loss_G: 3.7819 D(x): 0.9545 D(G(z)): 0.0761 / 0.0255
TrainGAN: [0/1][213/938] Loss_D: 0.1731 Loss_G: 2.6771 D(x): 0.8931 D(G(z)): 0.0546 / 0.0780
TrainGAN: [0/1][214/938] Loss_D: 0.1254 Loss_G: 4.2405 D(x): 0.9736 D(G(z)): 0.0927 / 0.0158
TrainGAN: [0/1][215/938] Loss_D: 0.1067 Loss_G: 3.6731 D(x): 0.9235 D(G(z)): 0.0245 / 0.0283
TrainGAN: [0/1][216/938] Loss_D: 0.0999 Loss_G: 3.1690 D(x): 0.9468 D(G(z)): 0.0434 / 0.0472
TrainGAN: [0/1][217/938] Loss_D: 0.1121 Loss_G: 4.1518 D(x): 0.9715 D(G(z)): 0.0785 / 0.0185
TrainGAN: [0/1][218/938] Loss_D: 0.1015 Loss_G: 3.8575 D(x): 0.9389 D(G(z)): 0.0344 / 0.0260
TrainGAN: [0/1][219/938] Loss_D: 0.1014 Loss_G: 3.2292 D(x): 0.9401 D(G(z)): 0.0371 / 0.0484
TrainGAN: [0/1][220/938] Loss_D: 0.1318 Loss_G: 3.6841 D(x): 0.9517 D(G(z)): 0.0768 / 0.0282
TrainGAN: [0/1][221/938] Loss_D: 0.1223 Loss_G: 3.4504 D(x): 0.9318 D(G(z)): 0.0486 / 0.0382
TrainGAN: [0/1][222/938] Loss_D: 0.1053 Loss_G: 3.5115 D(x): 0.9487 D(G(z)): 0.0499 / 0.0358
TrainGAN: [0/1][223/938] Loss_D: 0.1287 Loss_G: 3.6616 D(x): 0.9431 D(G(z)): 0.0654 / 0.0300
TrainGAN: [0/1][224/938] Loss_D: 0.1116 Loss_G: 3.6891 D(x): 0.9440 D(G(z)): 0.0507 / 0.0297
TrainGAN: [0/1][225/938] Loss_D: 0.1143 Loss_G: 3.0696 D(x): 0.9352 D(G(z)): 0.0443 / 0.0531
TrainGAN: [0/1][226/938] Loss_D: 0.1363 Loss_G: 4.1219 D(x): 0.9559 D(G(z)): 0.0847 / 0.0182
TrainGAN: [0/1][227/938] Loss_D: 0.1133 Loss_G: 3.1368 D(x): 0.9217 D(G(z)): 0.0288 / 0.0532
TrainGAN: [0/1][228/938] Loss_D: 0.1605 Loss_G: 4.9006 D(x): 0.9632 D(G(z)): 0.1116 / 0.0088
TrainGAN: [0/1][229/938] Loss_D: 0.2484 Loss_G: 0.5589 D(x): 0.8075 D(G(z)): 0.0147 / 0.5905
TrainGAN: [0/1][230/938] Loss_D: 1.1815 Loss_G: 12.0180 D(x): 0.9953 D(G(z)): 0.6614 / 0.0000
TrainGAN: [0/1][231/938] Loss_D: 8.2177 Loss_G: 7.3374 D(x): 0.0012 D(G(z)): 0.0000 / 0.0010
TrainGAN: [0/1][232/938] Loss_D: 2.7318 Loss_G: 0.0662 D(x): 0.1105 D(G(z)): 0.0020 / 0.9374
TrainGAN: [0/1][233/938] Loss_D: 3.1826 Loss_G: 1.4266 D(x): 0.9980 D(G(z)): 0.9433 / 0.2903
TrainGAN: [0/1][234/938] Loss_D: 0.7093 Loss_G: 4.0965 D(x): 0.9320 D(G(z)): 0.4215 / 0.0262
TrainGAN: [0/1][235/938] Loss_D: 1.0515 Loss_G: 2.8567 D(x): 0.4187 D(G(z)): 0.0365 / 0.0774
TrainGAN: [0/1][236/938] Loss_D: 0.7195 Loss_G: 1.0550 D(x): 0.6088 D(G(z)): 0.1292 / 0.3912
TrainGAN: [0/1][237/938] Loss_D: 0.9723 Loss_G: 2.1709 D(x): 0.9284 D(G(z)): 0.5454 / 0.1381
TrainGAN: [0/1][238/938] Loss_D: 0.7297 Loss_G: 2.7728 D(x): 0.7298 D(G(z)): 0.2895 / 0.0750
TrainGAN: [0/1][239/938] Loss_D: 0.6948 Loss_G: 1.8763 D(x): 0.6178 D(G(z)): 0.1401 / 0.1822
TrainGAN: [0/1][240/938] Loss_D: 0.5987 Loss_G: 2.0270 D(x): 0.8097 D(G(z)): 0.2903 / 0.1628
TrainGAN: [0/1][241/938] Loss_D: 0.3912 Loss_G: 2.8739 D(x): 0.8788 D(G(z)): 0.2172 / 0.0684
TrainGAN: [0/1][242/938] Loss_D: 0.5015 Loss_G: 2.4105 D(x): 0.7624 D(G(z)): 0.1744 / 0.1160
TrainGAN: [0/1][243/938] Loss_D: 0.5290 Loss_G: 2.3055 D(x): 0.8029 D(G(z)): 0.2373 / 0.1177
TrainGAN: [0/1][244/938] Loss_D: 0.5018 Loss_G: 2.6517 D(x): 0.8129 D(G(z)): 0.2226 / 0.0860
TrainGAN: [0/1][245/938] Loss_D: 0.4274 Loss_G: 2.2062 D(x): 0.7903 D(G(z)): 0.1445 / 0.1286
TrainGAN: [0/1][246/938] Loss_D: 0.3980 Loss_G: 3.5279 D(x): 0.9168 D(G(z)): 0.2490 / 0.0361
TrainGAN: [0/1][247/938] Loss_D: 0.3516 Loss_G: 2.3811 D(x): 0.7683 D(G(z)): 0.0599 / 0.1130
TrainGAN: [0/1][248/938] Loss_D: 0.3464 Loss_G: 3.2719 D(x): 0.9260 D(G(z)): 0.2245 / 0.0443
TrainGAN: [0/1][249/938] Loss_D: 0.2901 Loss_G: 2.4982 D(x): 0.8160 D(G(z)): 0.0694 / 0.0977
TrainGAN: [0/1][250/938] Loss_D: 0.2745 Loss_G: 3.3742 D(x): 0.9325 D(G(z)): 0.1751 / 0.0405
TrainGAN: [0/1][251/938] Loss_D: 0.2188 Loss_G: 2.9475 D(x): 0.8715 D(G(z)): 0.0729 / 0.0630
TrainGAN: [0/1][252/938] Loss_D: 0.2305 Loss_G: 2.5614 D(x): 0.8873 D(G(z)): 0.1002 / 0.0878
TrainGAN: [0/1][253/938] Loss_D: 0.2216 Loss_G: 3.5070 D(x): 0.9310 D(G(z)): 0.1340 / 0.0358
TrainGAN: [0/1][254/938] Loss_D: 0.1922 Loss_G: 2.8792 D(x): 0.8803 D(G(z)): 0.0566 / 0.0646
TrainGAN: [0/1][255/938] Loss_D: 0.2113 Loss_G: 3.4818 D(x): 0.9402 D(G(z)): 0.1327 / 0.0355
TrainGAN: [0/1][256/938] Loss_D: 0.1775 Loss_G: 2.8083 D(x): 0.8882 D(G(z)): 0.0536 / 0.0687
TrainGAN: [0/1][257/938] Loss_D: 0.2272 Loss_G: 3.4140 D(x): 0.9266 D(G(z)): 0.1335 / 0.0406
TrainGAN: [0/1][258/938] Loss_D: 0.2035 Loss_G: 2.7703 D(x): 0.8858 D(G(z)): 0.0733 / 0.0749
TrainGAN: [0/1][259/938] Loss_D: 0.2500 Loss_G: 3.5999 D(x): 0.9152 D(G(z)): 0.1423 / 0.0313
TrainGAN: [0/1][260/938] Loss_D: 0.2704 Loss_G: 1.6495 D(x): 0.8246 D(G(z)): 0.0641 / 0.2221
TrainGAN: [0/1][261/938] Loss_D: 0.5057 Loss_G: 7.1396 D(x): 0.9628 D(G(z)): 0.3552 / 0.0009
TrainGAN: [0/1][262/938] Loss_D: 2.4225 Loss_G: 0.0588 D(x): 0.1137 D(G(z)): 0.0014 / 0.9438
TrainGAN: [0/1][263/938] Loss_D: 3.3339 Loss_G: 6.7037 D(x): 0.9991 D(G(z)): 0.9554 / 0.0018
TrainGAN: [0/1][264/938] Loss_D: 2.6071 Loss_G: 3.0613 D(x): 0.1069 D(G(z)): 0.0033 / 0.0654
TrainGAN: [0/1][265/938] Loss_D: 0.2683 Loss_G: 1.4317 D(x): 0.8743 D(G(z)): 0.1104 / 0.3004
TrainGAN: [0/1][266/938] Loss_D: 0.7889 Loss_G: 3.1388 D(x): 0.9630 D(G(z)): 0.4718 / 0.0558
TrainGAN: [0/1][267/938] Loss_D: 0.3807 Loss_G: 3.5360 D(x): 0.8395 D(G(z)): 0.1662 / 0.0358
TrainGAN: [0/1][268/938] Loss_D: 0.5018 Loss_G: 2.0428 D(x): 0.7136 D(G(z)): 0.0980 / 0.1582
TrainGAN: [0/1][269/938] Loss_D: 0.7851 Loss_G: 4.0582 D(x): 0.8751 D(G(z)): 0.4415 / 0.0209
TrainGAN: [0/1][270/938] Loss_D: 1.1928 Loss_G: 1.0161 D(x): 0.3673 D(G(z)): 0.0539 / 0.3878
TrainGAN: [0/1][271/938] Loss_D: 0.9485 Loss_G: 4.3722 D(x): 0.9314 D(G(z)): 0.5610 / 0.0157
TrainGAN: [0/1][272/938] Loss_D: 0.5865 Loss_G: 3.0708 D(x): 0.5974 D(G(z)): 0.0323 / 0.0566
TrainGAN: [0/1][273/938] Loss_D: 0.3013 Loss_G: 2.0335 D(x): 0.8466 D(G(z)): 0.1107 / 0.1523
TrainGAN: [0/1][274/938] Loss_D: 0.3760 Loss_G: 3.3230 D(x): 0.9495 D(G(z)): 0.2667 / 0.0420
TrainGAN: [0/1][275/938] Loss_D: 0.2700 Loss_G: 3.2431 D(x): 0.8529 D(G(z)): 0.0965 / 0.0488
TrainGAN: [0/1][276/938] Loss_D: 0.3550 Loss_G: 2.3296 D(x): 0.8157 D(G(z)): 0.1249 / 0.1153
TrainGAN: [0/1][277/938] Loss_D: 0.3964 Loss_G: 3.4251 D(x): 0.9036 D(G(z)): 0.2415 / 0.0386
TrainGAN: [0/1][278/938] Loss_D: 0.3977 Loss_G: 2.1446 D(x): 0.7516 D(G(z)): 0.0866 / 0.1302
TrainGAN: [0/1][279/938] Loss_D: 0.3786 Loss_G: 2.6388 D(x): 0.8607 D(G(z)): 0.1915 / 0.0841
TrainGAN: [0/1][280/938] Loss_D: 0.2770 Loss_G: 3.3865 D(x): 0.8922 D(G(z)): 0.1447 / 0.0396
TrainGAN: [0/1][281/938] Loss_D: 0.2091 Loss_G: 3.0399 D(x): 0.8718 D(G(z)): 0.0619 / 0.0551
TrainGAN: [0/1][282/938] Loss_D: 0.1922 Loss_G: 3.1940 D(x): 0.9252 D(G(z)): 0.1025 / 0.0497
TrainGAN: [0/1][283/938] Loss_D: 0.1824 Loss_G: 3.4048 D(x): 0.9273 D(G(z)): 0.0975 / 0.0410
TrainGAN: [0/1][284/938] Loss_D: 0.2165 Loss_G: 2.6442 D(x): 0.8789 D(G(z)): 0.0769 / 0.0814
TrainGAN: [0/1][285/938] Loss_D: 0.2083 Loss_G: 3.5825 D(x): 0.9442 D(G(z)): 0.1345 / 0.0336
TrainGAN: [0/1][286/938] Loss_D: 0.2469 Loss_G: 2.3192 D(x): 0.8348 D(G(z)): 0.0539 / 0.1196
TrainGAN: [0/1][287/938] Loss_D: 0.3362 Loss_G: 4.2387 D(x): 0.9490 D(G(z)): 0.2226 / 0.0182
TrainGAN: [0/1][288/938] Loss_D: 0.5132 Loss_G: 0.5760 D(x): 0.6411 D(G(z)): 0.0340 / 0.5843
TrainGAN: [0/1][289/938] Loss_D: 1.1243 Loss_G: 7.2272 D(x): 0.9885 D(G(z)): 0.6361 / 0.0009
TrainGAN: [0/1][290/938] Loss_D: 2.9038 Loss_G: 1.3520 D(x): 0.0881 D(G(z)): 0.0015 / 0.3041
TrainGAN: [0/1][291/938] Loss_D: 0.5111 Loss_G: 2.3519 D(x): 0.9755 D(G(z)): 0.3526 / 0.1186
TrainGAN: [0/1][292/938] Loss_D: 0.3759 Loss_G: 3.9712 D(x): 0.9322 D(G(z)): 0.2378 / 0.0256
TrainGAN: [0/1][293/938] Loss_D: 0.4211 Loss_G: 2.1922 D(x): 0.7035 D(G(z)): 0.0439 / 0.1400
TrainGAN: [0/1][294/938] Loss_D: 0.4619 Loss_G: 2.7120 D(x): 0.9016 D(G(z)): 0.2670 / 0.0876
TrainGAN: [0/1][295/938] Loss_D: 0.3671 Loss_G: 2.4104 D(x): 0.8162 D(G(z)): 0.1321 / 0.1094
TrainGAN: [0/1][296/938] Loss_D: 0.3008 Loss_G: 3.2624 D(x): 0.9166 D(G(z)): 0.1819 / 0.0478
TrainGAN: [0/1][297/938] Loss_D: 0.2680 Loss_G: 2.7007 D(x): 0.8372 D(G(z)): 0.0734 / 0.0807
TrainGAN: [0/1][298/938] Loss_D: 0.2220 Loss_G: 2.7886 D(x): 0.9153 D(G(z)): 0.1206 / 0.0705
TrainGAN: [0/1][299/938] Loss_D: 0.2347 Loss_G: 3.7400 D(x): 0.9379 D(G(z)): 0.1521 / 0.0273
TrainGAN: [0/1][300/938] Loss_D: 0.2684 Loss_G: 2.2668 D(x): 0.8109 D(G(z)): 0.0485 / 0.1238
TrainGAN: [0/1][301/938] Loss_D: 0.3012 Loss_G: 3.9668 D(x): 0.9544 D(G(z)): 0.2116 / 0.0223
TrainGAN: [0/1][302/938] Loss_D: 0.3174 Loss_G: 1.9291 D(x): 0.7752 D(G(z)): 0.0441 / 0.1573
TrainGAN: [0/1][303/938] Loss_D: 0.4552 Loss_G: 5.2101 D(x): 0.9525 D(G(z)): 0.3221 / 0.0063
TrainGAN: [0/1][304/938] Loss_D: 0.8631 Loss_G: 0.6667 D(x): 0.4669 D(G(z)): 0.0088 / 0.5392
TrainGAN: [0/1][305/938] Loss_D: 0.9898 Loss_G: 6.5955 D(x): 0.9949 D(G(z)): 0.6007 / 0.0021
TrainGAN: [0/1][306/938] Loss_D: 1.2159 Loss_G: 2.2584 D(x): 0.3678 D(G(z)): 0.0057 / 0.1533
TrainGAN: [0/1][307/938] Loss_D: 0.4824 Loss_G: 2.8659 D(x): 0.9800 D(G(z)): 0.3150 / 0.0729
TrainGAN: [0/1][308/938] Loss_D: 0.2558 Loss_G: 4.1021 D(x): 0.9440 D(G(z)): 0.1724 / 0.0212
TrainGAN: [0/1][309/938] Loss_D: 0.4609 Loss_G: 1.7190 D(x): 0.7069 D(G(z)): 0.0706 / 0.2135
TrainGAN: [0/1][310/938] Loss_D: 0.5427 Loss_G: 4.4021 D(x): 0.9240 D(G(z)): 0.3507 / 0.0141
TrainGAN: [0/1][311/938] Loss_D: 0.7928 Loss_G: 0.7780 D(x): 0.5076 D(G(z)): 0.0419 / 0.5004
TrainGAN: [0/1][312/938] Loss_D: 1.1763 Loss_G: 6.5170 D(x): 0.9801 D(G(z)): 0.6463 / 0.0018
TrainGAN: [0/1][313/938] Loss_D: 1.4402 Loss_G: 2.6379 D(x): 0.2956 D(G(z)): 0.0034 / 0.0943
TrainGAN: [0/1][314/938] Loss_D: 0.2149 Loss_G: 1.7761 D(x): 0.9593 D(G(z)): 0.1527 / 0.1977
TrainGAN: [0/1][315/938] Loss_D: 0.5030 Loss_G: 4.5991 D(x): 0.9854 D(G(z)): 0.3570 / 0.0122
TrainGAN: [0/1][316/938] Loss_D: 0.3129 Loss_G: 3.4924 D(x): 0.7782 D(G(z)): 0.0374 / 0.0374
TrainGAN: [0/1][317/938] Loss_D: 0.3892 Loss_G: 1.9977 D(x): 0.8151 D(G(z)): 0.1369 / 0.1627
TrainGAN: [0/1][318/938] Loss_D: 0.6878 Loss_G: 5.4438 D(x): 0.9396 D(G(z)): 0.4371 / 0.0056
TrainGAN: [0/1][319/938] Loss_D: 1.5694 Loss_G: 0.8393 D(x): 0.2603 D(G(z)): 0.0098 / 0.5008
TrainGAN: [0/1][320/938] Loss_D: 1.1097 Loss_G: 4.7525 D(x): 0.9829 D(G(z)): 0.6070 / 0.0126
TrainGAN: [0/1][321/938] Loss_D: 0.6929 Loss_G: 3.0210 D(x): 0.5661 D(G(z)): 0.0225 / 0.0625
TrainGAN: [0/1][322/938] Loss_D: 0.3787 Loss_G: 1.7639 D(x): 0.8321 D(G(z)): 0.1565 / 0.1998
TrainGAN: [0/1][323/938] Loss_D: 0.5535 Loss_G: 3.5409 D(x): 0.9219 D(G(z)): 0.3588 / 0.0346
TrainGAN: [0/1][324/938] Loss_D: 0.5760 Loss_G: 1.9135 D(x): 0.6413 D(G(z)): 0.0873 / 0.1687
TrainGAN: [0/1][325/938] Loss_D: 0.4898 Loss_G: 2.6964 D(x): 0.8578 D(G(z)): 0.2652 / 0.0773
TrainGAN: [0/1][326/938] Loss_D: 0.4341 Loss_G: 2.6122 D(x): 0.7848 D(G(z)): 0.1597 / 0.0882
TrainGAN: [0/1][327/938] Loss_D: 0.3724 Loss_G: 2.5645 D(x): 0.8393 D(G(z)): 0.1690 / 0.0898
TrainGAN: [0/1][328/938] Loss_D: 0.3001 Loss_G: 2.6360 D(x): 0.8515 D(G(z)): 0.1198 / 0.0844
TrainGAN: [0/1][329/938] Loss_D: 0.2887 Loss_G: 2.9835 D(x): 0.8881 D(G(z)): 0.1497 / 0.0595
TrainGAN: [0/1][330/938] Loss_D: 0.2080 Loss_G: 2.9651 D(x): 0.8915 D(G(z)): 0.0849 / 0.0611
TrainGAN: [0/1][331/938] Loss_D: 0.2512 Loss_G: 2.8333 D(x): 0.8966 D(G(z)): 0.1236 / 0.0694
TrainGAN: [0/1][332/938] Loss_D: 0.2280 Loss_G: 2.6498 D(x): 0.8887 D(G(z)): 0.0967 / 0.0831
TrainGAN: [0/1][333/938] Loss_D: 0.2240 Loss_G: 3.3533 D(x): 0.9293 D(G(z)): 0.1356 / 0.0410
TrainGAN: [0/1][334/938] Loss_D: 0.3766 Loss_G: 1.2447 D(x): 0.7691 D(G(z)): 0.0866 / 0.3199
TrainGAN: [0/1][335/938] Loss_D: 0.5152 Loss_G: 5.3562 D(x): 0.9606 D(G(z)): 0.3652 / 0.0053
TrainGAN: [0/1][336/938] Loss_D: 1.1386 Loss_G: 0.1518 D(x): 0.3673 D(G(z)): 0.0122 / 0.8636
TrainGAN: [0/1][337/938] Loss_D: 2.0373 Loss_G: 6.2149 D(x): 0.9949 D(G(z)): 0.8442 / 0.0026
TrainGAN: [0/1][338/938] Loss_D: 2.1158 Loss_G: 1.8594 D(x): 0.1504 D(G(z)): 0.0047 / 0.1977
TrainGAN: [0/1][339/938] Loss_D: 0.3588 Loss_G: 1.5787 D(x): 0.9220 D(G(z)): 0.2239 / 0.2394
TrainGAN: [0/1][340/938] Loss_D: 0.4555 Loss_G: 3.4900 D(x): 0.9529 D(G(z)): 0.3130 / 0.0356
TrainGAN: [0/1][341/938] Loss_D: 0.3406 Loss_G: 2.7035 D(x): 0.7667 D(G(z)): 0.0618 / 0.0785
TrainGAN: [0/1][342/938] Loss_D: 0.3384 Loss_G: 2.0844 D(x): 0.8521 D(G(z)): 0.1488 / 0.1529
TrainGAN: [0/1][343/938] Loss_D: 0.4076 Loss_G: 3.2486 D(x): 0.8865 D(G(z)): 0.2277 / 0.0495
TrainGAN: [0/1][344/938] Loss_D: 0.4903 Loss_G: 1.7970 D(x): 0.7197 D(G(z)): 0.1195 / 0.1909
TrainGAN: [0/1][345/938] Loss_D: 0.4909 Loss_G: 3.7596 D(x): 0.9018 D(G(z)): 0.2981 / 0.0292
TrainGAN: [0/1][346/938] Loss_D: 0.5582 Loss_G: 1.1593 D(x): 0.6258 D(G(z)): 0.0435 / 0.3458
TrainGAN: [0/1][347/938] Loss_D: 0.5970 Loss_G: 4.5325 D(x): 0.9779 D(G(z)): 0.3981 / 0.0132
TrainGAN: [0/1][348/938] Loss_D: 0.5438 Loss_G: 1.9958 D(x): 0.6230 D(G(z)): 0.0252 / 0.1610
TrainGAN: [0/1][349/938] Loss_D: 0.2858 Loss_G: 2.6264 D(x): 0.9514 D(G(z)): 0.2021 / 0.0863
TrainGAN: [0/1][350/938] Loss_D: 0.2612 Loss_G: 3.7453 D(x): 0.9414 D(G(z)): 0.1749 / 0.0290
TrainGAN: [0/1][351/938] Loss_D: 0.3460 Loss_G: 2.0941 D(x): 0.7550 D(G(z)): 0.0452 / 0.1394
TrainGAN: [0/1][352/938] Loss_D: 0.3225 Loss_G: 3.1593 D(x): 0.9412 D(G(z)): 0.2205 / 0.0485
TrainGAN: [0/1][353/938] Loss_D: 0.2349 Loss_G: 3.1704 D(x): 0.8771 D(G(z)): 0.0928 / 0.0528
TrainGAN: [0/1][354/938] Loss_D: 0.2769 Loss_G: 2.0832 D(x): 0.8401 D(G(z)): 0.0849 / 0.1434
TrainGAN: [0/1][355/938] Loss_D: 0.3017 Loss_G: 3.1032 D(x): 0.9158 D(G(z)): 0.1810 / 0.0537
TrainGAN: [0/1][356/938] Loss_D: 0.2240 Loss_G: 2.7404 D(x): 0.8702 D(G(z)): 0.0772 / 0.0744
TrainGAN: [0/1][357/938] Loss_D: 0.3047 Loss_G: 2.1630 D(x): 0.8500 D(G(z)): 0.1229 / 0.1319
TrainGAN: [0/1][358/938] Loss_D: 0.2629 Loss_G: 3.4110 D(x): 0.9311 D(G(z)): 0.1661 / 0.0405
TrainGAN: [0/1][359/938] Loss_D: 0.2936 Loss_G: 1.9408 D(x): 0.8125 D(G(z)): 0.0705 / 0.1608
TrainGAN: [0/1][360/938] Loss_D: 0.3152 Loss_G: 3.8693 D(x): 0.9532 D(G(z)): 0.2232 / 0.0257
TrainGAN: [0/1][361/938] Loss_D: 0.2949 Loss_G: 1.9845 D(x): 0.7874 D(G(z)): 0.0391 / 0.1598
TrainGAN: [0/1][362/938] Loss_D: 0.3091 Loss_G: 3.9008 D(x): 0.9588 D(G(z)): 0.2227 / 0.0237
TrainGAN: [0/1][363/938] Loss_D: 0.3182 Loss_G: 1.8246 D(x): 0.7766 D(G(z)): 0.0462 / 0.1966
TrainGAN: [0/1][364/938] Loss_D: 0.3088 Loss_G: 3.7710 D(x): 0.9512 D(G(z)): 0.2160 / 0.0276
TrainGAN: [0/1][365/938] Loss_D: 0.2339 Loss_G: 2.7636 D(x): 0.8522 D(G(z)): 0.0656 / 0.0770
TrainGAN: [0/1][366/938] Loss_D: 0.2175 Loss_G: 2.0696 D(x): 0.8777 D(G(z)): 0.0780 / 0.1414
TrainGAN: [0/1][367/938] Loss_D: 0.3430 Loss_G: 4.9594 D(x): 0.9508 D(G(z)): 0.2460 / 0.0082
TrainGAN: [0/1][368/938] Loss_D: 0.8184 Loss_G: 0.1454 D(x): 0.4890 D(G(z)): 0.0132 / 0.8682
TrainGAN: [0/1][369/938] Loss_D: 2.6474 Loss_G: 7.6217 D(x): 0.9969 D(G(z)): 0.9135 / 0.0006
TrainGAN: [0/1][370/938] Loss_D: 3.8448 Loss_G: 2.3741 D(x): 0.0425 D(G(z)): 0.0012 / 0.1438
TrainGAN: [0/1][371/938] Loss_D: 0.4219 Loss_G: 0.8097 D(x): 0.8500 D(G(z)): 0.1928 / 0.4880
TrainGAN: [0/1][372/938] Loss_D: 1.1033 Loss_G: 4.2481 D(x): 0.9821 D(G(z)): 0.6099 / 0.0203
TrainGAN: [0/1][373/938] Loss_D: 1.0385 Loss_G: 1.5656 D(x): 0.4232 D(G(z)): 0.0524 / 0.2870
TrainGAN: [0/1][374/938] Loss_D: 0.6047 Loss_G: 2.1936 D(x): 0.9032 D(G(z)): 0.3519 / 0.1392
TrainGAN: [0/1][375/938] Loss_D: 0.5036 Loss_G: 3.0208 D(x): 0.8338 D(G(z)): 0.2501 / 0.0592
TrainGAN: [0/1][376/938] Loss_D: 0.5677 Loss_G: 1.6232 D(x): 0.6529 D(G(z)): 0.0834 / 0.2296
TrainGAN: [0/1][377/938] Loss_D: 0.4794 Loss_G: 2.5090 D(x): 0.8956 D(G(z)): 0.2925 / 0.0949
TrainGAN: [0/1][378/938] Loss_D: 0.4316 Loss_G: 2.1558 D(x): 0.7614 D(G(z)): 0.1284 / 0.1294
TrainGAN: [0/1][379/938] Loss_D: 0.3503 Loss_G: 2.5775 D(x): 0.8780 D(G(z)): 0.1855 / 0.0878
TrainGAN: [0/1][380/938] Loss_D: 0.4206 Loss_G: 1.8505 D(x): 0.7654 D(G(z)): 0.1150 / 0.1809
TrainGAN: [0/1][381/938] Loss_D: 0.4206 Loss_G: 3.3911 D(x): 0.9253 D(G(z)): 0.2778 / 0.0391
TrainGAN: [0/1][382/938] Loss_D: 0.4327 Loss_G: 1.7833 D(x): 0.7161 D(G(z)): 0.0711 / 0.1985
TrainGAN: [0/1][383/938] Loss_D: 0.5173 Loss_G: 3.4260 D(x): 0.8982 D(G(z)): 0.3108 / 0.0387
TrainGAN: [0/1][384/938] Loss_D: 0.5737 Loss_G: 0.9796 D(x): 0.6103 D(G(z)): 0.0449 / 0.4029
TrainGAN: [0/1][385/938] Loss_D: 0.8222 Loss_G: 4.7982 D(x): 0.9699 D(G(z)): 0.5186 / 0.0105
TrainGAN: [0/1][386/938] Loss_D: 0.9069 Loss_G: 1.3597 D(x): 0.4483 D(G(z)): 0.0180 / 0.3005
TrainGAN: [0/1][387/938] Loss_D: 0.4942 Loss_G: 2.6644 D(x): 0.9579 D(G(z)): 0.3419 / 0.0847
TrainGAN: [0/1][388/938] Loss_D: 0.3335 Loss_G: 3.1797 D(x): 0.8674 D(G(z)): 0.1584 / 0.0506
TrainGAN: [0/1][389/938] Loss_D: 0.4222 Loss_G: 1.8516 D(x): 0.7526 D(G(z)): 0.0962 / 0.1842
TrainGAN: [0/1][390/938] Loss_D: 0.4879 Loss_G: 3.3765 D(x): 0.8972 D(G(z)): 0.2939 / 0.0393
TrainGAN: [0/1][391/938] Loss_D: 0.5024 Loss_G: 1.2624 D(x): 0.6692 D(G(z)): 0.0618 / 0.3140
TrainGAN: [0/1][392/938] Loss_D: 0.5588 Loss_G: 4.2774 D(x): 0.9435 D(G(z)): 0.3759 / 0.0168
TrainGAN: [0/1][393/938] Loss_D: 0.6934 Loss_G: 0.8971 D(x): 0.5522 D(G(z)): 0.0303 / 0.4448
TrainGAN: [0/1][394/938] Loss_D: 0.7633 Loss_G: 4.9499 D(x): 0.9773 D(G(z)): 0.4923 / 0.0086
TrainGAN: [0/1][395/938] Loss_D: 0.6884 Loss_G: 1.8686 D(x): 0.5365 D(G(z)): 0.0145 / 0.1825
TrainGAN: [0/1][396/938] Loss_D: 0.3648 Loss_G: 2.5042 D(x): 0.9517 D(G(z)): 0.2495 / 0.1043
TrainGAN: [0/1][397/938] Loss_D: 0.3451 Loss_G: 3.3241 D(x): 0.8812 D(G(z)): 0.1790 / 0.0448
TrainGAN: [0/1][398/938] Loss_D: 0.3058 Loss_G: 2.1937 D(x): 0.8085 D(G(z)): 0.0781 / 0.1291
TrainGAN: [0/1][399/938] Loss_D: 0.3522 Loss_G: 2.8823 D(x): 0.9016 D(G(z)): 0.2083 / 0.0665
TrainGAN: [0/1][400/938] Loss_D: 0.3739 Loss_G: 1.8717 D(x): 0.7850 D(G(z)): 0.1083 / 0.1769
TrainGAN: [0/1][401/938] Loss_D: 0.3421 Loss_G: 3.4157 D(x): 0.9236 D(G(z)): 0.2214 / 0.0387
TrainGAN: [0/1][402/938] Loss_D: 0.3809 Loss_G: 1.7833 D(x): 0.7543 D(G(z)): 0.0744 / 0.2044
TrainGAN: [0/1][403/938] Loss_D: 0.4104 Loss_G: 4.1493 D(x): 0.9536 D(G(z)): 0.2904 / 0.0181
TrainGAN: [0/1][404/938] Loss_D: 0.6564 Loss_G: 0.5311 D(x): 0.5635 D(G(z)): 0.0270 / 0.6146
TrainGAN: [0/1][405/938] Loss_D: 1.2053 Loss_G: 6.5655 D(x): 0.9863 D(G(z)): 0.6580 / 0.0020
TrainGAN: [0/1][406/938] Loss_D: 1.7974 Loss_G: 1.2480 D(x): 0.2206 D(G(z)): 0.0042 / 0.3454
TrainGAN: [0/1][407/938] Loss_D: 0.6790 Loss_G: 2.7355 D(x): 0.9595 D(G(z)): 0.3914 / 0.0940
TrainGAN: [0/1][408/938] Loss_D: 0.3492 Loss_G: 3.9398 D(x): 0.9153 D(G(z)): 0.2089 / 0.0260
TrainGAN: [0/1][409/938] Loss_D: 0.7994 Loss_G: 0.6935 D(x): 0.5289 D(G(z)): 0.0476 / 0.5361
TrainGAN: [0/1][410/938] Loss_D: 1.0966 Loss_G: 4.7526 D(x): 0.9817 D(G(z)): 0.6212 / 0.0102
TrainGAN: [0/1][411/938] Loss_D: 0.9445 Loss_G: 1.6794 D(x): 0.4617 D(G(z)): 0.0231 / 0.2191
TrainGAN: [0/1][412/938] Loss_D: 0.4301 Loss_G: 2.1184 D(x): 0.9175 D(G(z)): 0.2775 / 0.1394
TrainGAN: [0/1][413/938] Loss_D: 0.3670 Loss_G: 2.9156 D(x): 0.8762 D(G(z)): 0.1943 / 0.0665
TrainGAN: [0/1][414/938] Loss_D: 0.5829 Loss_G: 1.1067 D(x): 0.6528 D(G(z)): 0.1078 / 0.3593
TrainGAN: [0/1][415/938] Loss_D: 0.6925 Loss_G: 4.3046 D(x): 0.9505 D(G(z)): 0.4438 / 0.0166
TrainGAN: [0/1][416/938] Loss_D: 0.8300 Loss_G: 1.0578 D(x): 0.4874 D(G(z)): 0.0354 / 0.3871
TrainGAN: [0/1][417/938] Loss_D: 0.6205 Loss_G: 3.2799 D(x): 0.9513 D(G(z)): 0.4103 / 0.0447
TrainGAN: [0/1][418/938] Loss_D: 0.4127 Loss_G: 2.4643 D(x): 0.7513 D(G(z)): 0.0911 / 0.1026
TrainGAN: [0/1][419/938] Loss_D: 0.3180 Loss_G: 2.0963 D(x): 0.8567 D(G(z)): 0.1405 / 0.1409
TrainGAN: [0/1][420/938] Loss_D: 0.3600 Loss_G: 2.5750 D(x): 0.8734 D(G(z)): 0.1897 / 0.0856
TrainGAN: [0/1][421/938] Loss_D: 0.3891 Loss_G: 2.5095 D(x): 0.8242 D(G(z)): 0.1596 / 0.0961
TrainGAN: [0/1][422/938] Loss_D: 0.3688 Loss_G: 2.5242 D(x): 0.8454 D(G(z)): 0.1708 / 0.0942
TrainGAN: [0/1][423/938] Loss_D: 0.3608 Loss_G: 2.2788 D(x): 0.8264 D(G(z)): 0.1420 / 0.1152
TrainGAN: [0/1][424/938] Loss_D: 0.3553 Loss_G: 2.0870 D(x): 0.8297 D(G(z)): 0.1447 / 0.1431
TrainGAN: [0/1][425/938] Loss_D: 0.3001 Loss_G: 3.5348 D(x): 0.9208 D(G(z)): 0.1842 / 0.0366
TrainGAN: [0/1][426/938] Loss_D: 0.3389 Loss_G: 1.5482 D(x): 0.7623 D(G(z)): 0.0520 / 0.2387
TrainGAN: [0/1][427/938] Loss_D: 0.4198 Loss_G: 4.4430 D(x): 0.9615 D(G(z)): 0.3069 / 0.0131
TrainGAN: [0/1][428/938] Loss_D: 0.5221 Loss_G: 1.0911 D(x): 0.6217 D(G(z)): 0.0181 / 0.3721
TrainGAN: [0/1][429/938] Loss_D: 0.7822 Loss_G: 6.0454 D(x): 0.9824 D(G(z)): 0.4895 / 0.0028
TrainGAN: [0/1][430/938] Loss_D: 1.2444 Loss_G: 0.3480 D(x): 0.3308 D(G(z)): 0.0069 / 0.7203
TrainGAN: [0/1][431/938] Loss_D: 1.7539 Loss_G: 5.3107 D(x): 0.9939 D(G(z)): 0.7977 / 0.0068
TrainGAN: [0/1][432/938] Loss_D: 1.8901 Loss_G: 1.2215 D(x): 0.2167 D(G(z)): 0.0135 / 0.3370
TrainGAN: [0/1][433/938] Loss_D: 0.9549 Loss_G: 2.3122 D(x): 0.8937 D(G(z)): 0.5280 / 0.1152
TrainGAN: [0/1][434/938] Loss_D: 0.7626 Loss_G: 1.4432 D(x): 0.5912 D(G(z)): 0.1453 / 0.2622
TrainGAN: [0/1][435/938] Loss_D: 0.6290 Loss_G: 2.3079 D(x): 0.8582 D(G(z)): 0.3364 / 0.1242
TrainGAN: [0/1][436/938] Loss_D: 0.4819 Loss_G: 2.8027 D(x): 0.8228 D(G(z)): 0.2271 / 0.0713
TrainGAN: [0/1][437/938] Loss_D: 0.6692 Loss_G: 1.0355 D(x): 0.5992 D(G(z)): 0.0967 / 0.3916
TrainGAN: [0/1][438/938] Loss_D: 0.7470 Loss_G: 3.7361 D(x): 0.9371 D(G(z)): 0.4725 / 0.0277
TrainGAN: [0/1][439/938] Loss_D: 0.6061 Loss_G: 2.0826 D(x): 0.6068 D(G(z)): 0.0451 / 0.1459
TrainGAN: [0/1][440/938] Loss_D: 0.4228 Loss_G: 2.3021 D(x): 0.8849 D(G(z)): 0.2486 / 0.1135
TrainGAN: [0/1][441/938] Loss_D: 0.3158 Loss_G: 2.8654 D(x): 0.8762 D(G(z)): 0.1579 / 0.0647
TrainGAN: [0/1][442/938] Loss_D: 0.3908 Loss_G: 1.8685 D(x): 0.7871 D(G(z)): 0.1267 / 0.1731
TrainGAN: [0/1][443/938] Loss_D: 0.4828 Loss_G: 2.9545 D(x): 0.8696 D(G(z)): 0.2621 / 0.0606
TrainGAN: [0/1][444/938] Loss_D: 0.4174 Loss_G: 1.8488 D(x): 0.7534 D(G(z)): 0.1117 / 0.1823
TrainGAN: [0/1][445/938] Loss_D: 0.4347 Loss_G: 2.9642 D(x): 0.8720 D(G(z)): 0.2392 / 0.0632
TrainGAN: [0/1][446/938] Loss_D: 0.4566 Loss_G: 1.8484 D(x): 0.7488 D(G(z)): 0.1261 / 0.1817
TrainGAN: [0/1][447/938] Loss_D: 0.3481 Loss_G: 3.3937 D(x): 0.9150 D(G(z)): 0.2180 / 0.0397
TrainGAN: [0/1][448/938] Loss_D: 0.3051 Loss_G: 2.1869 D(x): 0.8085 D(G(z)): 0.0803 / 0.1298
TrainGAN: [0/1][449/938] Loss_D: 0.3502 Loss_G: 3.0233 D(x): 0.8807 D(G(z)): 0.1912 / 0.0566
TrainGAN: [0/1][450/938] Loss_D: 0.4065 Loss_G: 1.3439 D(x): 0.7616 D(G(z)): 0.1119 / 0.2870
TrainGAN: [0/1][451/938] Loss_D: 0.6262 Loss_G: 5.9957 D(x): 0.9326 D(G(z)): 0.4100 / 0.0028
TrainGAN: [0/1][452/938] Loss_D: 2.2832 Loss_G: 0.0461 D(x): 0.1196 D(G(z)): 0.0037 / 0.9559
TrainGAN: [0/1][453/938] Loss_D: 3.6621 Loss_G: 4.1697 D(x): 0.9981 D(G(z)): 0.9656 / 0.0187
TrainGAN: [0/1][454/938] Loss_D: 1.0853 Loss_G: 2.1053 D(x): 0.3860 D(G(z)): 0.0323 / 0.1502
TrainGAN: [0/1][455/938] Loss_D: 0.7004 Loss_G: 0.9043 D(x): 0.7009 D(G(z)): 0.2511 / 0.4343
TrainGAN: [0/1][456/938] Loss_D: 1.0300 Loss_G: 3.4149 D(x): 0.9202 D(G(z)): 0.5756 / 0.0400
TrainGAN: [0/1][457/938] Loss_D: 1.2125 Loss_G: 0.9824 D(x): 0.3694 D(G(z)): 0.0892 / 0.4172
TrainGAN: [0/1][458/938] Loss_D: 0.9625 Loss_G: 2.6818 D(x): 0.9018 D(G(z)): 0.5350 / 0.0873
TrainGAN: [0/1][459/938] Loss_D: 0.8414 Loss_G: 1.6787 D(x): 0.5716 D(G(z)): 0.1761 / 0.2177
TrainGAN: [0/1][460/938] Loss_D: 0.7273 Loss_G: 1.9417 D(x): 0.7426 D(G(z)): 0.3131 / 0.1675
TrainGAN: [0/1][461/938] Loss_D: 0.5770 Loss_G: 2.7610 D(x): 0.8066 D(G(z)): 0.2851 / 0.0731
TrainGAN: [0/1][462/938] Loss_D: 0.8347 Loss_G: 0.8508 D(x): 0.5300 D(G(z)): 0.1136 / 0.4496
TrainGAN: [0/1][463/938] Loss_D: 1.0392 Loss_G: 4.1541 D(x): 0.9153 D(G(z)): 0.5756 / 0.0197
TrainGAN: [0/1][464/938] Loss_D: 1.1689 Loss_G: 1.0570 D(x): 0.3579 D(G(z)): 0.0309 / 0.3891
TrainGAN: [0/1][465/938] Loss_D: 0.8740 Loss_G: 2.5879 D(x): 0.9160 D(G(z)): 0.5139 / 0.0881
TrainGAN: [0/1][466/938] Loss_D: 0.5232 Loss_G: 2.5907 D(x): 0.7400 D(G(z)): 0.1662 / 0.0889
TrainGAN: [0/1][467/938] Loss_D: 0.4396 Loss_G: 2.1298 D(x): 0.7916 D(G(z)): 0.1682 / 0.1357
TrainGAN: [0/1][468/938] Loss_D: 0.5182 Loss_G: 2.5714 D(x): 0.8463 D(G(z)): 0.2782 / 0.0871
TrainGAN: [0/1][469/938] Loss_D: 0.5962 Loss_G: 1.8439 D(x): 0.6915 D(G(z)): 0.1731 / 0.1854
TrainGAN: [0/1][470/938] Loss_D: 0.4725 Loss_G: 2.4632 D(x): 0.8316 D(G(z)): 0.2333 / 0.1000
TrainGAN: [0/1][471/938] Loss_D: 0.4573 Loss_G: 2.1629 D(x): 0.7721 D(G(z)): 0.1658 / 0.1324
TrainGAN: [0/1][472/938] Loss_D: 0.4188 Loss_G: 2.2083 D(x): 0.8201 D(G(z)): 0.1811 / 0.1284
TrainGAN: [0/1][473/938] Loss_D: 0.4735 Loss_G: 3.1650 D(x): 0.8671 D(G(z)): 0.2545 / 0.0542
TrainGAN: [0/1][474/938] Loss_D: 0.4684 Loss_G: 1.5011 D(x): 0.6998 D(G(z)): 0.0853 / 0.2606
TrainGAN: [0/1][475/938] Loss_D: 0.4944 Loss_G: 3.2554 D(x): 0.9345 D(G(z)): 0.3293 / 0.0472
TrainGAN: [0/1][476/938] Loss_D: 0.5493 Loss_G: 1.3410 D(x): 0.6521 D(G(z)): 0.0836 / 0.2884
TrainGAN: [0/1][477/938] Loss_D: 0.7554 Loss_G: 4.3258 D(x): 0.9260 D(G(z)): 0.4601 / 0.0162
TrainGAN: [0/1][478/938] Loss_D: 1.4045 Loss_G: 0.3234 D(x): 0.2901 D(G(z)): 0.0203 / 0.7393
TrainGAN: [0/1][479/938] Loss_D: 1.9461 Loss_G: 4.3511 D(x): 0.9853 D(G(z)): 0.8033 / 0.0187
TrainGAN: [0/1][480/938] Loss_D: 1.4761 Loss_G: 1.3084 D(x): 0.2740 D(G(z)): 0.0254 / 0.3036
TrainGAN: [0/1][481/938] Loss_D: 0.7206 Loss_G: 1.9214 D(x): 0.8922 D(G(z)): 0.4236 / 0.1721
TrainGAN: [0/1][482/938] Loss_D: 0.6385 Loss_G: 2.4782 D(x): 0.7714 D(G(z)): 0.2853 / 0.1000
TrainGAN: [0/1][483/938] Loss_D: 0.6713 Loss_G: 1.2374 D(x): 0.6296 D(G(z)): 0.1438 / 0.3210
TrainGAN: [0/1][484/938] Loss_D: 0.7849 Loss_G: 3.1685 D(x): 0.8969 D(G(z)): 0.4594 / 0.0501
TrainGAN: [0/1][485/938] Loss_D: 0.6083 Loss_G: 1.9579 D(x): 0.6394 D(G(z)): 0.0923 / 0.1626
TrainGAN: [0/1][486/938] Loss_D: 0.5640 Loss_G: 1.7637 D(x): 0.7802 D(G(z)): 0.2490 / 0.1975
TrainGAN: [0/1][487/938] Loss_D: 0.5757 Loss_G: 2.7479 D(x): 0.8323 D(G(z)): 0.3020 / 0.0738
TrainGAN: [0/1][488/938] Loss_D: 0.5075 Loss_G: 1.6304 D(x): 0.6802 D(G(z)): 0.0889 / 0.2291
TrainGAN: [0/1][489/938] Loss_D: 0.5620 Loss_G: 2.7865 D(x): 0.8940 D(G(z)): 0.3385 / 0.0741
TrainGAN: [0/1][490/938] Loss_D: 0.4531 Loss_G: 1.9526 D(x): 0.7290 D(G(z)): 0.1081 / 0.1572
TrainGAN: [0/1][491/938] Loss_D: 0.3540 Loss_G: 2.1835 D(x): 0.8641 D(G(z)): 0.1775 / 0.1255
TrainGAN: [0/1][492/938] Loss_D: 0.4090 Loss_G: 2.5546 D(x): 0.8526 D(G(z)): 0.2093 / 0.0892
TrainGAN: [0/1][493/938] Loss_D: 0.4033 Loss_G: 1.8345 D(x): 0.7792 D(G(z)): 0.1295 / 0.1822
TrainGAN: [0/1][494/938] Loss_D: 0.4271 Loss_G: 3.2218 D(x): 0.9008 D(G(z)): 0.2598 / 0.0475
TrainGAN: [0/1][495/938] Loss_D: 0.6361 Loss_G: 0.5429 D(x): 0.5985 D(G(z)): 0.0732 / 0.6049
TrainGAN: [0/1][496/938] Loss_D: 1.1814 Loss_G: 5.1171 D(x): 0.9660 D(G(z)): 0.6562 / 0.0071
TrainGAN: [0/1][497/938] Loss_D: 1.6371 Loss_G: 0.9821 D(x): 0.2493 D(G(z)): 0.0179 / 0.4051
TrainGAN: [0/1][498/938] Loss_D: 0.5383 Loss_G: 1.7542 D(x): 0.9346 D(G(z)): 0.3600 / 0.1916
TrainGAN: [0/1][499/938] Loss_D: 0.5823 Loss_G: 2.9578 D(x): 0.8692 D(G(z)): 0.3330 / 0.0663
TrainGAN: [0/1][500/938] Loss_D: 0.7076 Loss_G: 1.2489 D(x): 0.5802 D(G(z)): 0.1054 / 0.3325
TrainGAN: [0/1][501/938] Loss_D: 0.5834 Loss_G: 2.4855 D(x): 0.9029 D(G(z)): 0.3630 / 0.0949
TrainGAN: [0/1][502/938] Loss_D: 0.4812 Loss_G: 2.1971 D(x): 0.7489 D(G(z)): 0.1518 / 0.1310
TrainGAN: [0/1][503/938] Loss_D: 0.5625 Loss_G: 1.1384 D(x): 0.7073 D(G(z)): 0.1699 / 0.3384
TrainGAN: [0/1][504/938] Loss_D: 0.5749 Loss_G: 2.9881 D(x): 0.8916 D(G(z)): 0.3454 / 0.0586
TrainGAN: [0/1][505/938] Loss_D: 0.4394 Loss_G: 1.9169 D(x): 0.7225 D(G(z)): 0.0882 / 0.1696
TrainGAN: [0/1][506/938] Loss_D: 0.5112 Loss_G: 2.1757 D(x): 0.8305 D(G(z)): 0.2584 / 0.1297
TrainGAN: [0/1][507/938] Loss_D: 0.4393 Loss_G: 1.8872 D(x): 0.7760 D(G(z)): 0.1546 / 0.1802
TrainGAN: [0/1][508/938] Loss_D: 0.4921 Loss_G: 2.0180 D(x): 0.8022 D(G(z)): 0.2167 / 0.1514
TrainGAN: [0/1][509/938] Loss_D: 0.3681 Loss_G: 2.5215 D(x): 0.8554 D(G(z)): 0.1788 / 0.0949
TrainGAN: [0/1][510/938] Loss_D: 0.3740 Loss_G: 2.3335 D(x): 0.8363 D(G(z)): 0.1655 / 0.1110
TrainGAN: [0/1][511/938] Loss_D: 0.3619 Loss_G: 2.0565 D(x): 0.8263 D(G(z)): 0.1435 / 0.1461
TrainGAN: [0/1][512/938] Loss_D: 0.4462 Loss_G: 2.1983 D(x): 0.8216 D(G(z)): 0.2041 / 0.1254
TrainGAN: [0/1][513/938] Loss_D: 0.3810 Loss_G: 2.3413 D(x): 0.8295 D(G(z)): 0.1653 / 0.1117
TrainGAN: [0/1][514/938] Loss_D: 0.4306 Loss_G: 1.8531 D(x): 0.8019 D(G(z)): 0.1750 / 0.1764
TrainGAN: [0/1][515/938] Loss_D: 0.3500 Loss_G: 2.5681 D(x): 0.8640 D(G(z)): 0.1722 / 0.0928
TrainGAN: [0/1][516/938] Loss_D: 0.3683 Loss_G: 3.0549 D(x): 0.8584 D(G(z)): 0.1795 / 0.0606
TrainGAN: [0/1][517/938] Loss_D: 0.5048 Loss_G: 0.4677 D(x): 0.6966 D(G(z)): 0.1018 / 0.6492
TrainGAN: [0/1][518/938] Loss_D: 1.1589 Loss_G: 6.6885 D(x): 0.9726 D(G(z)): 0.6477 / 0.0016
TrainGAN: [0/1][519/938] Loss_D: 3.3915 Loss_G: 0.2596 D(x): 0.0433 D(G(z)): 0.0029 / 0.7910
TrainGAN: [0/1][520/938] Loss_D: 2.0290 Loss_G: 3.6854 D(x): 0.9850 D(G(z)): 0.8165 / 0.0349
TrainGAN: [0/1][521/938] Loss_D: 1.1197 Loss_G: 1.1887 D(x): 0.3961 D(G(z)): 0.0681 / 0.3378
TrainGAN: [0/1][522/938] Loss_D: 0.7653 Loss_G: 2.0334 D(x): 0.8531 D(G(z)): 0.4203 / 0.1579
TrainGAN: [0/1][523/938] Loss_D: 0.7020 Loss_G: 1.3540 D(x): 0.6427 D(G(z)): 0.1811 / 0.2864
TrainGAN: [0/1][524/938] Loss_D: 0.6211 Loss_G: 2.4965 D(x): 0.8690 D(G(z)): 0.3606 / 0.0953
TrainGAN: [0/1][525/938] Loss_D: 0.6706 Loss_G: 1.2932 D(x): 0.6230 D(G(z)): 0.1321 / 0.3030
TrainGAN: [0/1][526/938] Loss_D: 0.7938 Loss_G: 2.5331 D(x): 0.8492 D(G(z)): 0.4317 / 0.0995
TrainGAN: [0/1][527/938] Loss_D: 0.6408 Loss_G: 1.5621 D(x): 0.6411 D(G(z)): 0.1183 / 0.2420
TrainGAN: [0/1][528/938] Loss_D: 0.4908 Loss_G: 2.1981 D(x): 0.8627 D(G(z)): 0.2668 / 0.1270
TrainGAN: [0/1][529/938] Loss_D: 0.4867 Loss_G: 1.9571 D(x): 0.7573 D(G(z)): 0.1726 / 0.1638
TrainGAN: [0/1][530/938] Loss_D: 0.4773 Loss_G: 2.6938 D(x): 0.8399 D(G(z)): 0.2479 / 0.0751
TrainGAN: [0/1][531/938] Loss_D: 0.6235 Loss_G: 0.6692 D(x): 0.6402 D(G(z)): 0.1257 / 0.5333
TrainGAN: [0/1][532/938] Loss_D: 0.9683 Loss_G: 4.7745 D(x): 0.9421 D(G(z)): 0.5674 / 0.0104
TrainGAN: [0/1][533/938] Loss_D: 1.4644 Loss_G: 0.5735 D(x): 0.2811 D(G(z)): 0.0189 / 0.5932
TrainGAN: [0/1][534/938] Loss_D: 1.2142 Loss_G: 3.3944 D(x): 0.9605 D(G(z)): 0.6493 / 0.0418
TrainGAN: [0/1][535/938] Loss_D: 1.0092 Loss_G: 1.1305 D(x): 0.4443 D(G(z)): 0.0759 / 0.3575
TrainGAN: [0/1][536/938] Loss_D: 0.7639 Loss_G: 1.9967 D(x): 0.8395 D(G(z)): 0.4143 / 0.1561
TrainGAN: [0/1][537/938] Loss_D: 0.6289 Loss_G: 1.7259 D(x): 0.6964 D(G(z)): 0.1978 / 0.2000
TrainGAN: [0/1][538/938] Loss_D: 0.5871 Loss_G: 2.0896 D(x): 0.7982 D(G(z)): 0.2744 / 0.1445
TrainGAN: [0/1][539/938] Loss_D: 0.5985 Loss_G: 1.4869 D(x): 0.6920 D(G(z)): 0.1744 / 0.2532
TrainGAN: [0/1][540/938] Loss_D: 0.6349 Loss_G: 3.1285 D(x): 0.8671 D(G(z)): 0.3656 / 0.0487
TrainGAN: [0/1][541/938] Loss_D: 0.9451 Loss_G: 0.5333 D(x): 0.4657 D(G(z)): 0.0899 / 0.6108
TrainGAN: [0/1][542/938] Loss_D: 1.2121 Loss_G: 3.5163 D(x): 0.9561 D(G(z)): 0.6541 / 0.0372
TrainGAN: [0/1][543/938] Loss_D: 1.0944 Loss_G: 1.1576 D(x): 0.3884 D(G(z)): 0.0506 / 0.3411
TrainGAN: [0/1][544/938] Loss_D: 0.6862 Loss_G: 1.8889 D(x): 0.8803 D(G(z)): 0.4050 / 0.1693
TrainGAN: [0/1][545/938] Loss_D: 0.5478 Loss_G: 2.0990 D(x): 0.7701 D(G(z)): 0.2286 / 0.1383
TrainGAN: [0/1][546/938] Loss_D: 0.6457 Loss_G: 1.5302 D(x): 0.7003 D(G(z)): 0.2229 / 0.2360
TrainGAN: [0/1][547/938] Loss_D: 0.5578 Loss_G: 1.8347 D(x): 0.7912 D(G(z)): 0.2576 / 0.1799
TrainGAN: [0/1][548/938] Loss_D: 0.5371 Loss_G: 2.4093 D(x): 0.8270 D(G(z)): 0.2749 / 0.1008
TrainGAN: [0/1][549/938] Loss_D: 0.6890 Loss_G: 1.0182 D(x): 0.5988 D(G(z)): 0.1155 / 0.3946
TrainGAN: [0/1][550/938] Loss_D: 0.8420 Loss_G: 3.2735 D(x): 0.9008 D(G(z)): 0.5026 / 0.0445
TrainGAN: [0/1][551/938] Loss_D: 0.8016 Loss_G: 0.9709 D(x): 0.5279 D(G(z)): 0.0842 / 0.4017
TrainGAN: [0/1][552/938] Loss_D: 0.7006 Loss_G: 2.8144 D(x): 0.9142 D(G(z)): 0.4187 / 0.0731
TrainGAN: [0/1][553/938] Loss_D: 0.5229 Loss_G: 1.8743 D(x): 0.6874 D(G(z)): 0.1074 / 0.1799
TrainGAN: [0/1][554/938] Loss_D: 0.5372 Loss_G: 1.9856 D(x): 0.8095 D(G(z)): 0.2562 / 0.1580
TrainGAN: [0/1][555/938] Loss_D: 0.4730 Loss_G: 2.1341 D(x): 0.7990 D(G(z)): 0.1984 / 0.1369
TrainGAN: [0/1][556/938] Loss_D: 0.4670 Loss_G: 1.5827 D(x): 0.7611 D(G(z)): 0.1544 / 0.2336
TrainGAN: [0/1][557/938] Loss_D: 0.5517 Loss_G: 2.8664 D(x): 0.8549 D(G(z)): 0.3092 / 0.0643
TrainGAN: [0/1][558/938] Loss_D: 0.6817 Loss_G: 0.5719 D(x): 0.5836 D(G(z)): 0.1033 / 0.5878
TrainGAN: [0/1][559/938] Loss_D: 1.0527 Loss_G: 5.4130 D(x): 0.9692 D(G(z)): 0.6056 / 0.0055
TrainGAN: [0/1][560/938] Loss_D: 1.9716 Loss_G: 0.4006 D(x): 0.1732 D(G(z)): 0.0131 / 0.6852
TrainGAN: [0/1][561/938] Loss_D: 1.4939 Loss_G: 3.5199 D(x): 0.9638 D(G(z)): 0.7393 / 0.0364
TrainGAN: [0/1][562/938] Loss_D: 1.0294 Loss_G: 1.3571 D(x): 0.4183 D(G(z)): 0.0605 / 0.2833
TrainGAN: [0/1][563/938] Loss_D: 0.6982 Loss_G: 1.4567 D(x): 0.7966 D(G(z)): 0.3465 / 0.2578
TrainGAN: [0/1][564/938] Loss_D: 0.6494 Loss_G: 2.4026 D(x): 0.7974 D(G(z)): 0.3191 / 0.1097
TrainGAN: [0/1][565/938] Loss_D: 0.6542 Loss_G: 1.6679 D(x): 0.6550 D(G(z)): 0.1697 / 0.2208
TrainGAN: [0/1][566/938] Loss_D: 0.6224 Loss_G: 2.3653 D(x): 0.8065 D(G(z)): 0.3079 / 0.1135
TrainGAN: [0/1][567/938] Loss_D: 0.5545 Loss_G: 1.6798 D(x): 0.7031 D(G(z)): 0.1630 / 0.2098
TrainGAN: [0/1][568/938] Loss_D: 0.6490 Loss_G: 2.0776 D(x): 0.7821 D(G(z)): 0.3035 / 0.1391
TrainGAN: [0/1][569/938] Loss_D: 0.5295 Loss_G: 1.9278 D(x): 0.7594 D(G(z)): 0.2063 / 0.1676
TrainGAN: [0/1][570/938] Loss_D: 0.5084 Loss_G: 2.0562 D(x): 0.7992 D(G(z)): 0.2230 / 0.1496
TrainGAN: [0/1][571/938] Loss_D: 0.4919 Loss_G: 1.9923 D(x): 0.7948 D(G(z)): 0.2088 / 0.1581
TrainGAN: [0/1][572/938] Loss_D: 0.4881 Loss_G: 2.3312 D(x): 0.8207 D(G(z)): 0.2370 / 0.1078
TrainGAN: [0/1][573/938] Loss_D: 0.6148 Loss_G: 0.8111 D(x): 0.6549 D(G(z)): 0.1365 / 0.4781
TrainGAN: [0/1][574/938] Loss_D: 0.9931 Loss_G: 4.5916 D(x): 0.9418 D(G(z)): 0.5807 / 0.0118
TrainGAN: [0/1][575/938] Loss_D: 1.7040 Loss_G: 0.4888 D(x): 0.2365 D(G(z)): 0.0304 / 0.6393
TrainGAN: [0/1][576/938] Loss_D: 1.4890 Loss_G: 3.3455 D(x): 0.9392 D(G(z)): 0.7037 / 0.0483
TrainGAN: [0/1][577/938] Loss_D: 0.7517 Loss_G: 1.8245 D(x): 0.5645 D(G(z)): 0.0847 / 0.1966
TrainGAN: [0/1][578/938] Loss_D: 0.6241 Loss_G: 1.7858 D(x): 0.7844 D(G(z)): 0.2746 / 0.2035
TrainGAN: [0/1][579/938] Loss_D: 0.5977 Loss_G: 2.0957 D(x): 0.7793 D(G(z)): 0.2525 / 0.1445
TrainGAN: [0/1][580/938] Loss_D: 0.5615 Loss_G: 2.7118 D(x): 0.8180 D(G(z)): 0.2769 / 0.0820
TrainGAN: [0/1][581/938] Loss_D: 0.7809 Loss_G: 0.5284 D(x): 0.5490 D(G(z)): 0.1161 / 0.6089
TrainGAN: [0/1][582/938] Loss_D: 1.2414 Loss_G: 4.1764 D(x): 0.9481 D(G(z)): 0.6704 / 0.0180
TrainGAN: [0/1][583/938] Loss_D: 1.5017 Loss_G: 0.8786 D(x): 0.2586 D(G(z)): 0.0262 / 0.4458
TrainGAN: [0/1][584/938] Loss_D: 0.9649 Loss_G: 2.1742 D(x): 0.8919 D(G(z)): 0.5356 / 0.1339
TrainGAN: [0/1][585/938] Loss_D: 0.7285 Loss_G: 1.8663 D(x): 0.6552 D(G(z)): 0.2084 / 0.1894
TrainGAN: [0/1][586/938] Loss_D: 0.6725 Loss_G: 1.5889 D(x): 0.7230 D(G(z)): 0.2539 / 0.2370
TrainGAN: [0/1][587/938] Loss_D: 0.6807 Loss_G: 2.3110 D(x): 0.7927 D(G(z)): 0.3297 / 0.1176
TrainGAN: [0/1][588/938] Loss_D: 0.6841 Loss_G: 1.3256 D(x): 0.6393 D(G(z)): 0.1492 / 0.3015
TrainGAN: [0/1][589/938] Loss_D: 0.6450 Loss_G: 2.5683 D(x): 0.8417 D(G(z)): 0.3521 / 0.0876
TrainGAN: [0/1][590/938] Loss_D: 0.5145 Loss_G: 1.7703 D(x): 0.7089 D(G(z)): 0.1271 / 0.1933
TrainGAN: [0/1][591/938] Loss_D: 0.6652 Loss_G: 2.3510 D(x): 0.8060 D(G(z)): 0.3313 / 0.1094
TrainGAN: [0/1][592/938] Loss_D: 0.7416 Loss_G: 0.6670 D(x): 0.6090 D(G(z)): 0.1714 / 0.5413
TrainGAN: [0/1][593/938] Loss_D: 1.0528 Loss_G: 3.8337 D(x): 0.9339 D(G(z)): 0.5940 / 0.0258
TrainGAN: [0/1][594/938] Loss_D: 1.3375 Loss_G: 0.7655 D(x): 0.3097 D(G(z)): 0.0375 / 0.4860
TrainGAN: [0/1][595/938] Loss_D: 0.9488 Loss_G: 2.5682 D(x): 0.9323 D(G(z)): 0.5623 / 0.0878
TrainGAN: [0/1][596/938] Loss_D: 0.7440 Loss_G: 1.7141 D(x): 0.6023 D(G(z)): 0.1558 / 0.2184
TrainGAN: [0/1][597/938] Loss_D: 0.6772 Loss_G: 1.7619 D(x): 0.7757 D(G(z)): 0.3035 / 0.2029
TrainGAN: [0/1][598/938] Loss_D: 0.5524 Loss_G: 2.2604 D(x): 0.7874 D(G(z)): 0.2416 / 0.1208
TrainGAN: [0/1][599/938] Loss_D: 0.5662 Loss_G: 2.1028 D(x): 0.7248 D(G(z)): 0.1887 / 0.1427
TrainGAN: [0/1][600/938] Loss_D: 0.5174 Loss_G: 2.1667 D(x): 0.7830 D(G(z)): 0.2156 / 0.1366
TrainGAN: [0/1][601/938] Loss_D: 0.4804 Loss_G: 1.8608 D(x): 0.7897 D(G(z)): 0.1992 / 0.1711
TrainGAN: [0/1][602/938] Loss_D: 0.8374 Loss_G: 1.3725 D(x): 0.6780 D(G(z)): 0.3111 / 0.2772
TrainGAN: [0/1][603/938] Loss_D: 0.6065 Loss_G: 3.1968 D(x): 0.8447 D(G(z)): 0.3256 / 0.0509
TrainGAN: [0/1][604/938] Loss_D: 1.0301 Loss_G: 0.3331 D(x): 0.4452 D(G(z)): 0.0953 / 0.7276
TrainGAN: [0/1][605/938] Loss_D: 1.5527 Loss_G: 4.1398 D(x): 0.9691 D(G(z)): 0.7556 / 0.0192
TrainGAN: [0/1][606/938] Loss_D: 1.6136 Loss_G: 0.9926 D(x): 0.2484 D(G(z)): 0.0475 / 0.4087
TrainGAN: [0/1][607/938] Loss_D: 0.9617 Loss_G: 1.6298 D(x): 0.8161 D(G(z)): 0.4843 / 0.2288
TrainGAN: [0/1][608/938] Loss_D: 0.8674 Loss_G: 1.8336 D(x): 0.6567 D(G(z)): 0.3192 / 0.1941
TrainGAN: [0/1][609/938] Loss_D: 0.7625 Loss_G: 1.3860 D(x): 0.6500 D(G(z)): 0.2398 / 0.2851
TrainGAN: [0/1][610/938] Loss_D: 0.8036 Loss_G: 1.9414 D(x): 0.7809 D(G(z)): 0.3866 / 0.1680
TrainGAN: [0/1][611/938] Loss_D: 0.8097 Loss_G: 1.2183 D(x): 0.5979 D(G(z)): 0.2139 / 0.3279
TrainGAN: [0/1][612/938] Loss_D: 0.7942 Loss_G: 2.0574 D(x): 0.8012 D(G(z)): 0.3936 / 0.1534
TrainGAN: [0/1][613/938] Loss_D: 0.7648 Loss_G: 1.2036 D(x): 0.6124 D(G(z)): 0.1952 / 0.3238
TrainGAN: [0/1][614/938] Loss_D: 0.8053 Loss_G: 2.3155 D(x): 0.8094 D(G(z)): 0.4236 / 0.1076
TrainGAN: [0/1][615/938] Loss_D: 0.7186 Loss_G: 1.0682 D(x): 0.5965 D(G(z)): 0.1442 / 0.3763
TrainGAN: [0/1][616/938] Loss_D: 0.7994 Loss_G: 3.0750 D(x): 0.8757 D(G(z)): 0.4594 / 0.0537
TrainGAN: [0/1][617/938] Loss_D: 1.0120 Loss_G: 0.6630 D(x): 0.4445 D(G(z)): 0.0897 / 0.5525
TrainGAN: [0/1][618/938] Loss_D: 0.9903 Loss_G: 2.9941 D(x): 0.9320 D(G(z)): 0.5576 / 0.0682
TrainGAN: [0/1][619/938] Loss_D: 1.0496 Loss_G: 0.9244 D(x): 0.4637 D(G(z)): 0.1397 / 0.4253
TrainGAN: [0/1][620/938] Loss_D: 0.8093 Loss_G: 2.4293 D(x): 0.8817 D(G(z)): 0.4610 / 0.1034
TrainGAN: [0/1][621/938] Loss_D: 0.7824 Loss_G: 1.1701 D(x): 0.5706 D(G(z)): 0.1492 / 0.3398
TrainGAN: [0/1][622/938] Loss_D: 0.6808 Loss_G: 2.3270 D(x): 0.8544 D(G(z)): 0.3896 / 0.1112
TrainGAN: [0/1][623/938] Loss_D: 0.7628 Loss_G: 1.1462 D(x): 0.5937 D(G(z)): 0.1659 / 0.3408
TrainGAN: [0/1][624/938] Loss_D: 0.7443 Loss_G: 2.3447 D(x): 0.8276 D(G(z)): 0.3905 / 0.1151
TrainGAN: [0/1][625/938] Loss_D: 0.6748 Loss_G: 1.5275 D(x): 0.6520 D(G(z)): 0.1687 / 0.2477
TrainGAN: [0/1][626/938] Loss_D: 0.6617 Loss_G: 1.8276 D(x): 0.7761 D(G(z)): 0.3056 / 0.1828
TrainGAN: [0/1][627/938] Loss_D: 0.6105 Loss_G: 1.7971 D(x): 0.7392 D(G(z)): 0.2384 / 0.1892
TrainGAN: [0/1][628/938] Loss_D: 0.6623 Loss_G: 1.7554 D(x): 0.7393 D(G(z)): 0.2759 / 0.1919
TrainGAN: [0/1][629/938] Loss_D: 0.6544 Loss_G: 1.8008 D(x): 0.7339 D(G(z)): 0.2655 / 0.1813
TrainGAN: [0/1][630/938] Loss_D: 0.6861 Loss_G: 1.1878 D(x): 0.6790 D(G(z)): 0.2351 / 0.3266
TrainGAN: [0/1][631/938] Loss_D: 0.6451 Loss_G: 2.8367 D(x): 0.8426 D(G(z)): 0.3558 / 0.0684
TrainGAN: [0/1][632/938] Loss_D: 0.9352 Loss_G: 0.4017 D(x): 0.4817 D(G(z)): 0.1330 / 0.6832
TrainGAN: [0/1][633/938] Loss_D: 1.1438 Loss_G: 4.2323 D(x): 0.9566 D(G(z)): 0.6387 / 0.0172
TrainGAN: [0/1][634/938] Loss_D: 1.5535 Loss_G: 0.5129 D(x): 0.2459 D(G(z)): 0.0341 / 0.6202
TrainGAN: [0/1][635/938] Loss_D: 1.3053 Loss_G: 2.7433 D(x): 0.9432 D(G(z)): 0.6699 / 0.0846
TrainGAN: [0/1][636/938] Loss_D: 0.9993 Loss_G: 1.2617 D(x): 0.4954 D(G(z)): 0.1543 / 0.3129
TrainGAN: [0/1][637/938] Loss_D: 0.8673 Loss_G: 1.7164 D(x): 0.7529 D(G(z)): 0.3965 / 0.2068
TrainGAN: [0/1][638/938] Loss_D: 0.7390 Loss_G: 1.6413 D(x): 0.6616 D(G(z)): 0.2419 / 0.2197
TrainGAN: [0/1][639/938] Loss_D: 0.7250 Loss_G: 1.7572 D(x): 0.7354 D(G(z)): 0.3178 / 0.1894
TrainGAN: [0/1][640/938] Loss_D: 0.6209 Loss_G: 1.5170 D(x): 0.7060 D(G(z)): 0.2068 / 0.2453
TrainGAN: [0/1][641/938] Loss_D: 0.7059 Loss_G: 2.3342 D(x): 0.7887 D(G(z)): 0.3492 / 0.1135
TrainGAN: [0/1][642/938] Loss_D: 0.8302 Loss_G: 0.6022 D(x): 0.5449 D(G(z)): 0.1390 / 0.5760
TrainGAN: [0/1][643/938] Loss_D: 1.2174 Loss_G: 3.9412 D(x): 0.9396 D(G(z)): 0.6431 / 0.0240
TrainGAN: [0/1][644/938] Loss_D: 1.2040 Loss_G: 0.9435 D(x): 0.3653 D(G(z)): 0.0559 / 0.4320
TrainGAN: [0/1][645/938] Loss_D: 0.7650 Loss_G: 1.8970 D(x): 0.8712 D(G(z)): 0.4288 / 0.1803
TrainGAN: [0/1][646/938] Loss_D: 0.8285 Loss_G: 1.5689 D(x): 0.6426 D(G(z)): 0.2675 / 0.2409
TrainGAN: [0/1][647/938] Loss_D: 0.8358 Loss_G: 1.9282 D(x): 0.7359 D(G(z)): 0.3681 / 0.1653
TrainGAN: [0/1][648/938] Loss_D: 0.8060 Loss_G: 0.9653 D(x): 0.5730 D(G(z)): 0.1719 / 0.4220
TrainGAN: [0/1][649/938] Loss_D: 0.9165 Loss_G: 3.0055 D(x): 0.8750 D(G(z)): 0.5069 / 0.0602
TrainGAN: [0/1][650/938] Loss_D: 0.9524 Loss_G: 0.9703 D(x): 0.4815 D(G(z)): 0.0927 / 0.4185
TrainGAN: [0/1][651/938] Loss_D: 0.9195 Loss_G: 2.7506 D(x): 0.9106 D(G(z)): 0.5147 / 0.0812
TrainGAN: [0/1][652/938] Loss_D: 0.9255 Loss_G: 1.1375 D(x): 0.5040 D(G(z)): 0.1270 / 0.3656
TrainGAN: [0/1][653/938] Loss_D: 0.8349 Loss_G: 2.4410 D(x): 0.8431 D(G(z)): 0.4314 / 0.1099
TrainGAN: [0/1][654/938] Loss_D: 0.6377 Loss_G: 1.6896 D(x): 0.6676 D(G(z)): 0.1744 / 0.2133
TrainGAN: [0/1][655/938] Loss_D: 0.7455 Loss_G: 1.6644 D(x): 0.7358 D(G(z)): 0.3192 / 0.2191
TrainGAN: [0/1][656/938] Loss_D: 0.6193 Loss_G: 1.9094 D(x): 0.7546 D(G(z)): 0.2559 / 0.1745
TrainGAN: [0/1][657/938] Loss_D: 0.6698 Loss_G: 1.1716 D(x): 0.6866 D(G(z)): 0.2164 / 0.3390
TrainGAN: [0/1][658/938] Loss_D: 0.7361 Loss_G: 2.6402 D(x): 0.8389 D(G(z)): 0.4091 / 0.0800
TrainGAN: [0/1][659/938] Loss_D: 0.6721 Loss_G: 1.0856 D(x): 0.5932 D(G(z)): 0.1053 / 0.3665
TrainGAN: [0/1][660/938] Loss_D: 0.6871 Loss_G: 2.3741 D(x): 0.8610 D(G(z)): 0.3886 / 0.1082
TrainGAN: [0/1][661/938] Loss_D: 0.7376 Loss_G: 1.7237 D(x): 0.6631 D(G(z)): 0.2432 / 0.2043
TrainGAN: [0/1][662/938] Loss_D: 0.6878 Loss_G: 1.8019 D(x): 0.7046 D(G(z)): 0.2540 / 0.1837
TrainGAN: [0/1][663/938] Loss_D: 0.6907 Loss_G: 1.5378 D(x): 0.6868 D(G(z)): 0.2430 / 0.2369
TrainGAN: [0/1][664/938] Loss_D: 0.6526 Loss_G: 1.9982 D(x): 0.7636 D(G(z)): 0.2938 / 0.1555
TrainGAN: [0/1][665/938] Loss_D: 0.7336 Loss_G: 0.7915 D(x): 0.6713 D(G(z)): 0.2326 / 0.4872
TrainGAN: [0/1][666/938] Loss_D: 0.9698 Loss_G: 4.7982 D(x): 0.9368 D(G(z)): 0.5599 / 0.0107
TrainGAN: [0/1][667/938] Loss_D: 2.1176 Loss_G: 0.4889 D(x): 0.1631 D(G(z)): 0.0145 / 0.6303
TrainGAN: [0/1][668/938] Loss_D: 1.3113 Loss_G: 2.4883 D(x): 0.9440 D(G(z)): 0.6788 / 0.1025
TrainGAN: [0/1][669/938] Loss_D: 1.0033 Loss_G: 1.4614 D(x): 0.5039 D(G(z)): 0.1683 / 0.2592
TrainGAN: [0/1][670/938] Loss_D: 0.8601 Loss_G: 1.0920 D(x): 0.6668 D(G(z)): 0.3253 / 0.3589
TrainGAN: [0/1][671/938] Loss_D: 0.9084 Loss_G: 1.9208 D(x): 0.7676 D(G(z)): 0.4448 / 0.1648
TrainGAN: [0/1][672/938] Loss_D: 1.0306 Loss_G: 0.9434 D(x): 0.4877 D(G(z)): 0.1889 / 0.4288
TrainGAN: [0/1][673/938] Loss_D: 1.1329 Loss_G: 1.6651 D(x): 0.7662 D(G(z)): 0.5398 / 0.2101
TrainGAN: [0/1][674/938] Loss_D: 0.8463 Loss_G: 1.4615 D(x): 0.6170 D(G(z)): 0.2599 / 0.2605
TrainGAN: [0/1][675/938] Loss_D: 0.9125 Loss_G: 1.4514 D(x): 0.6777 D(G(z)): 0.3582 / 0.2684
TrainGAN: [0/1][676/938] Loss_D: 0.8400 Loss_G: 1.4408 D(x): 0.6764 D(G(z)): 0.3159 / 0.2690
TrainGAN: [0/1][677/938] Loss_D: 0.7279 Loss_G: 1.8877 D(x): 0.7482 D(G(z)): 0.3303 / 0.1752
TrainGAN: [0/1][678/938] Loss_D: 0.8668 Loss_G: 1.0968 D(x): 0.5916 D(G(z)): 0.2543 / 0.3624
TrainGAN: [0/1][679/938] Loss_D: 0.8701 Loss_G: 2.2907 D(x): 0.8044 D(G(z)): 0.4393 / 0.1232
TrainGAN: [0/1][680/938] Loss_D: 0.8676 Loss_G: 1.1705 D(x): 0.5517 D(G(z)): 0.1787 / 0.3586
TrainGAN: [0/1][681/938] Loss_D: 0.9180 Loss_G: 2.1566 D(x): 0.7861 D(G(z)): 0.4490 / 0.1396
TrainGAN: [0/1][682/938] Loss_D: 0.7414 Loss_G: 1.3715 D(x): 0.6292 D(G(z)): 0.2020 / 0.2920
TrainGAN: [0/1][683/938] Loss_D: 0.8478 Loss_G: 2.3212 D(x): 0.7876 D(G(z)): 0.3935 / 0.1291
TrainGAN: [0/1][684/938] Loss_D: 1.1130 Loss_G: 0.4961 D(x): 0.4480 D(G(z)): 0.1997 / 0.6300
TrainGAN: [0/1][685/938] Loss_D: 1.3184 Loss_G: 3.8578 D(x): 0.9126 D(G(z)): 0.6769 / 0.0245
TrainGAN: [0/1][686/938] Loss_D: 1.8351 Loss_G: 0.4593 D(x): 0.1896 D(G(z)): 0.0436 / 0.6533
TrainGAN: [0/1][687/938] Loss_D: 1.3387 Loss_G: 2.3324 D(x): 0.9378 D(G(z)): 0.6894 / 0.1166
TrainGAN: [0/1][688/938] Loss_D: 0.9762 Loss_G: 1.4287 D(x): 0.5040 D(G(z)): 0.1861 / 0.2771
TrainGAN: [0/1][689/938] Loss_D: 0.9205 Loss_G: 1.3454 D(x): 0.7034 D(G(z)): 0.3895 / 0.2852
TrainGAN: [0/1][690/938] Loss_D: 0.8523 Loss_G: 1.3998 D(x): 0.6534 D(G(z)): 0.2985 / 0.2688
TrainGAN: [0/1][691/938] Loss_D: 0.7621 Loss_G: 1.2913 D(x): 0.6642 D(G(z)): 0.2729 / 0.2958
TrainGAN: [0/1][692/938] Loss_D: 0.7915 Loss_G: 2.2825 D(x): 0.7981 D(G(z)): 0.4031 / 0.1174
TrainGAN: [0/1][693/938] Loss_D: 0.8971 Loss_G: 1.0173 D(x): 0.5338 D(G(z)): 0.1902 / 0.3897
TrainGAN: [0/1][694/938] Loss_D: 0.9486 Loss_G: 2.0729 D(x): 0.8123 D(G(z)): 0.4823 / 0.1445
TrainGAN: [0/1][695/938] Loss_D: 0.8247 Loss_G: 1.1841 D(x): 0.5749 D(G(z)): 0.1958 / 0.3271
TrainGAN: [0/1][696/938] Loss_D: 0.8792 Loss_G: 1.4080 D(x): 0.7133 D(G(z)): 0.3931 / 0.2668
TrainGAN: [0/1][697/938] Loss_D: 0.7702 Loss_G: 1.6980 D(x): 0.7029 D(G(z)): 0.3102 / 0.2033
TrainGAN: [0/1][698/938] Loss_D: 0.7616 Loss_G: 1.2216 D(x): 0.6450 D(G(z)): 0.2431 / 0.3264
TrainGAN: [0/1][699/938] Loss_D: 0.7600 Loss_G: 2.1196 D(x): 0.8061 D(G(z)): 0.3827 / 0.1419
TrainGAN: [0/1][700/938] Loss_D: 0.8009 Loss_G: 0.9693 D(x): 0.5707 D(G(z)): 0.1794 / 0.4084
TrainGAN: [0/1][701/938] Loss_D: 0.7898 Loss_G: 2.3719 D(x): 0.8575 D(G(z)): 0.4521 / 0.1041
TrainGAN: [0/1][702/938] Loss_D: 0.9007 Loss_G: 1.1639 D(x): 0.5546 D(G(z)): 0.2141 / 0.3459
TrainGAN: [0/1][703/938] Loss_D: 1.0114 Loss_G: 1.8943 D(x): 0.7243 D(G(z)): 0.4652 / 0.1691
TrainGAN: [0/1][704/938] Loss_D: 0.9825 Loss_G: 0.7743 D(x): 0.5173 D(G(z)): 0.2154 / 0.4848
TrainGAN: [0/1][705/938] Loss_D: 0.8944 Loss_G: 2.6195 D(x): 0.8470 D(G(z)): 0.4872 / 0.0863
TrainGAN: [0/1][706/938] Loss_D: 1.0827 Loss_G: 0.6082 D(x): 0.4161 D(G(z)): 0.1164 / 0.5632
TrainGAN: [0/1][707/938] Loss_D: 1.0092 Loss_G: 2.8247 D(x): 0.9134 D(G(z)): 0.5744 / 0.0695
TrainGAN: [0/1][708/938] Loss_D: 1.2232 Loss_G: 0.6939 D(x): 0.3861 D(G(z)): 0.1418 / 0.5272
TrainGAN: [0/1][709/938] Loss_D: 0.9953 Loss_G: 2.2016 D(x): 0.8626 D(G(z)): 0.5360 / 0.1260
TrainGAN: [0/1][710/938] Loss_D: 0.7452 Loss_G: 1.7599 D(x): 0.6360 D(G(z)): 0.2137 / 0.1929
TrainGAN: [0/1][711/938] Loss_D: 0.8015 Loss_G: 0.8871 D(x): 0.6063 D(G(z)): 0.2225 / 0.4405
TrainGAN: [0/1][712/938] Loss_D: 1.0583 Loss_G: 3.0686 D(x): 0.8699 D(G(z)): 0.5712 / 0.0523
TrainGAN: [0/1][713/938] Loss_D: 1.1792 Loss_G: 0.8752 D(x): 0.3819 D(G(z)): 0.0991 / 0.4415
TrainGAN: [0/1][714/938] Loss_D: 0.9453 Loss_G: 1.9083 D(x): 0.8457 D(G(z)): 0.5151 / 0.1647
TrainGAN: [0/1][715/938] Loss_D: 0.8406 Loss_G: 1.4095 D(x): 0.6106 D(G(z)): 0.2297 / 0.2715
TrainGAN: [0/1][716/938] Loss_D: 0.7772 Loss_G: 1.3548 D(x): 0.6967 D(G(z)): 0.3034 / 0.2875
TrainGAN: [0/1][717/938] Loss_D: 0.8312 Loss_G: 1.9536 D(x): 0.7417 D(G(z)): 0.3802 / 0.1629
TrainGAN: [0/1][718/938] Loss_D: 0.9327 Loss_G: 0.7911 D(x): 0.5263 D(G(z)): 0.1891 / 0.4734
TrainGAN: [0/1][719/938] Loss_D: 0.9667 Loss_G: 2.8396 D(x): 0.8829 D(G(z)): 0.5469 / 0.0644
TrainGAN: [0/1][720/938] Loss_D: 1.0396 Loss_G: 0.9542 D(x): 0.4343 D(G(z)): 0.1265 / 0.4280
TrainGAN: [0/1][721/938] Loss_D: 1.0043 Loss_G: 1.9763 D(x): 0.8077 D(G(z)): 0.5059 / 0.1582
TrainGAN: [0/1][722/938] Loss_D: 0.8170 Loss_G: 1.4235 D(x): 0.6026 D(G(z)): 0.2211 / 0.2745
TrainGAN: [0/1][723/938] Loss_D: 0.9050 Loss_G: 1.8856 D(x): 0.7352 D(G(z)): 0.4121 / 0.1738
TrainGAN: [0/1][724/938] Loss_D: 0.8280 Loss_G: 1.1826 D(x): 0.5968 D(G(z)): 0.2099 / 0.3450
TrainGAN: [0/1][725/938] Loss_D: 0.8882 Loss_G: 2.3738 D(x): 0.7989 D(G(z)): 0.4545 / 0.1094
TrainGAN: [0/1][726/938] Loss_D: 1.0484 Loss_G: 0.7639 D(x): 0.4820 D(G(z)): 0.1722 / 0.4946
TrainGAN: [0/1][727/938] Loss_D: 1.1226 Loss_G: 2.5681 D(x): 0.8549 D(G(z)): 0.5807 / 0.0907
TrainGAN: [0/1][728/938] Loss_D: 1.0358 Loss_G: 0.8427 D(x): 0.4556 D(G(z)): 0.1477 / 0.4541
TrainGAN: [0/1][729/938] Loss_D: 0.9566 Loss_G: 2.0360 D(x): 0.8152 D(G(z)): 0.4966 / 0.1452
TrainGAN: [0/1][730/938] Loss_D: 0.8275 Loss_G: 1.3408 D(x): 0.5930 D(G(z)): 0.2196 / 0.2858
TrainGAN: [0/1][731/938] Loss_D: 0.8895 Loss_G: 1.1790 D(x): 0.6486 D(G(z)): 0.3287 / 0.3345
TrainGAN: [0/1][732/938] Loss_D: 0.6992 Loss_G: 2.3169 D(x): 0.8144 D(G(z)): 0.3691 / 0.1114
TrainGAN: [0/1][733/938] Loss_D: 0.9106 Loss_G: 0.9156 D(x): 0.5203 D(G(z)): 0.1733 / 0.4260
TrainGAN: [0/1][734/938] Loss_D: 0.9426 Loss_G: 2.6201 D(x): 0.8717 D(G(z)): 0.5175 / 0.0858
TrainGAN: [0/1][735/938] Loss_D: 1.0382 Loss_G: 0.7562 D(x): 0.4433 D(G(z)): 0.1149 / 0.4957
TrainGAN: [0/1][736/938] Loss_D: 1.1688 Loss_G: 2.4564 D(x): 0.8671 D(G(z)): 0.6027 / 0.1033
TrainGAN: [0/1][737/938] Loss_D: 1.1424 Loss_G: 0.8456 D(x): 0.4087 D(G(z)): 0.1204 / 0.4529
TrainGAN: [0/1][738/938] Loss_D: 0.9296 Loss_G: 2.1353 D(x): 0.8658 D(G(z)): 0.5083 / 0.1351
TrainGAN: [0/1][739/938] Loss_D: 0.7769 Loss_G: 1.5379 D(x): 0.5990 D(G(z)): 0.2049 / 0.2447
TrainGAN: [0/1][740/938] Loss_D: 0.7435 Loss_G: 1.3188 D(x): 0.6984 D(G(z)): 0.2967 / 0.2870
TrainGAN: [0/1][741/938] Loss_D: 0.8754 Loss_G: 1.9907 D(x): 0.7536 D(G(z)): 0.4146 / 0.1575
TrainGAN: [0/1][742/938] Loss_D: 0.9318 Loss_G: 0.9479 D(x): 0.5277 D(G(z)): 0.1891 / 0.4121
TrainGAN: [0/1][743/938] Loss_D: 0.8936 Loss_G: 2.0774 D(x): 0.8056 D(G(z)): 0.4632 / 0.1378
TrainGAN: [0/1][744/938] Loss_D: 0.7344 Loss_G: 1.6143 D(x): 0.6450 D(G(z)): 0.2246 / 0.2208
TrainGAN: [0/1][745/938] Loss_D: 0.6886 Loss_G: 1.7145 D(x): 0.7438 D(G(z)): 0.3027 / 0.2017
TrainGAN: [0/1][746/938] Loss_D: 0.7809 Loss_G: 1.5035 D(x): 0.6742 D(G(z)): 0.2780 / 0.2522
TrainGAN: [0/1][747/938] Loss_D: 0.8992 Loss_G: 2.1422 D(x): 0.7298 D(G(z)): 0.4111 / 0.1298
TrainGAN: [0/1][748/938] Loss_D: 0.8364 Loss_G: 0.8554 D(x): 0.5496 D(G(z)): 0.1526 / 0.4563
TrainGAN: [0/1][749/938] Loss_D: 1.1794 Loss_G: 3.0939 D(x): 0.8473 D(G(z)): 0.5919 / 0.0540
TrainGAN: [0/1][750/938] Loss_D: 1.3706 Loss_G: 0.3738 D(x): 0.3089 D(G(z)): 0.0751 / 0.7047
TrainGAN: [0/1][751/938] Loss_D: 1.5990 Loss_G: 3.2523 D(x): 0.9497 D(G(z)): 0.7458 / 0.0487
TrainGAN: [0/1][752/938] Loss_D: 1.3480 Loss_G: 0.9974 D(x): 0.3270 D(G(z)): 0.0848 / 0.4005
TrainGAN: [0/1][753/938] Loss_D: 0.9549 Loss_G: 1.4577 D(x): 0.7835 D(G(z)): 0.4581 / 0.2605
TrainGAN: [0/1][754/938] Loss_D: 0.8793 Loss_G: 1.6622 D(x): 0.6745 D(G(z)): 0.3401 / 0.2101
TrainGAN: [0/1][755/938] Loss_D: 0.8653 Loss_G: 1.3289 D(x): 0.6172 D(G(z)): 0.2698 / 0.2896
TrainGAN: [0/1][756/938] Loss_D: 0.7642 Loss_G: 1.7580 D(x): 0.7466 D(G(z)): 0.3432 / 0.1942
TrainGAN: [0/1][757/938] Loss_D: 0.9590 Loss_G: 1.1904 D(x): 0.5788 D(G(z)): 0.2808 / 0.3338
TrainGAN: [0/1][758/938] Loss_D: 0.8712 Loss_G: 2.1922 D(x): 0.7838 D(G(z)): 0.4325 / 0.1298
TrainGAN: [0/1][759/938] Loss_D: 0.9630 Loss_G: 1.0789 D(x): 0.5302 D(G(z)): 0.2118 / 0.3777
TrainGAN: [0/1][760/938] Loss_D: 0.8749 Loss_G: 1.9660 D(x): 0.7927 D(G(z)): 0.4396 / 0.1609
TrainGAN: [0/1][761/938] Loss_D: 0.8620 Loss_G: 1.3929 D(x): 0.6037 D(G(z)): 0.2525 / 0.2900
TrainGAN: [0/1][762/938] Loss_D: 0.8403 Loss_G: 1.1345 D(x): 0.6582 D(G(z)): 0.2979 / 0.3554
TrainGAN: [0/1][763/938] Loss_D: 0.9528 Loss_G: 2.9955 D(x): 0.8333 D(G(z)): 0.5021 / 0.0581
TrainGAN: [0/1][764/938] Loss_D: 1.4702 Loss_G: 0.4281 D(x): 0.2984 D(G(z)): 0.0794 / 0.6623
TrainGAN: [0/1][765/938] Loss_D: 1.4291 Loss_G: 2.7490 D(x): 0.9333 D(G(z)): 0.7129 / 0.0805
TrainGAN: [0/1][766/938] Loss_D: 1.0642 Loss_G: 1.2683 D(x): 0.4298 D(G(z)): 0.1120 / 0.3155
TrainGAN: [0/1][767/938] Loss_D: 0.7950 Loss_G: 1.3464 D(x): 0.7694 D(G(z)): 0.3782 / 0.2888
TrainGAN: [0/1][768/938] Loss_D: 0.9273 Loss_G: 1.7911 D(x): 0.7141 D(G(z)): 0.4031 / 0.1893
TrainGAN: [0/1][769/938] Loss_D: 0.8121 Loss_G: 1.4873 D(x): 0.6402 D(G(z)): 0.2435 / 0.2522
TrainGAN: [0/1][770/938] Loss_D: 0.7555 Loss_G: 1.3474 D(x): 0.6862 D(G(z)): 0.2831 / 0.2865
TrainGAN: [0/1][771/938] Loss_D: 0.8926 Loss_G: 1.6815 D(x): 0.7195 D(G(z)): 0.3831 / 0.2085
TrainGAN: [0/1][772/938] Loss_D: 0.8019 Loss_G: 1.8286 D(x): 0.6992 D(G(z)): 0.3168 / 0.1846
TrainGAN: [0/1][773/938] Loss_D: 0.8291 Loss_G: 1.2503 D(x): 0.6322 D(G(z)): 0.2572 / 0.3115
TrainGAN: [0/1][774/938] Loss_D: 0.7726 Loss_G: 1.9332 D(x): 0.7461 D(G(z)): 0.3526 / 0.1647
TrainGAN: [0/1][775/938] Loss_D: 0.9643 Loss_G: 0.9969 D(x): 0.5797 D(G(z)): 0.2848 / 0.3992
TrainGAN: [0/1][776/938] Loss_D: 0.8377 Loss_G: 3.3784 D(x): 0.8829 D(G(z)): 0.4841 / 0.0388
TrainGAN: [0/1][777/938] Loss_D: 1.2621 Loss_G: 0.4561 D(x): 0.3338 D(G(z)): 0.0603 / 0.6570
TrainGAN: [0/1][778/938] Loss_D: 1.4149 Loss_G: 2.6978 D(x): 0.9225 D(G(z)): 0.7058 / 0.0831
TrainGAN: [0/1][779/938] Loss_D: 1.1773 Loss_G: 1.1866 D(x): 0.4469 D(G(z)): 0.1757 / 0.3422
TrainGAN: [0/1][780/938] Loss_D: 0.8642 Loss_G: 1.2617 D(x): 0.7050 D(G(z)): 0.3482 / 0.3207
TrainGAN: [0/1][781/938] Loss_D: 0.9057 Loss_G: 2.1463 D(x): 0.7505 D(G(z)): 0.4195 / 0.1360
TrainGAN: [0/1][782/938] Loss_D: 0.9106 Loss_G: 1.0037 D(x): 0.5250 D(G(z)): 0.1866 / 0.3988
TrainGAN: [0/1][783/938] Loss_D: 0.9014 Loss_G: 1.8707 D(x): 0.8021 D(G(z)): 0.4484 / 0.1809
TrainGAN: [0/1][784/938] Loss_D: 0.8692 Loss_G: 1.3899 D(x): 0.5971 D(G(z)): 0.2423 / 0.2821
TrainGAN: [0/1][785/938] Loss_D: 0.9168 Loss_G: 1.4516 D(x): 0.6838 D(G(z)): 0.3796 / 0.2629
TrainGAN: [0/1][786/938] Loss_D: 0.9106 Loss_G: 1.5972 D(x): 0.6685 D(G(z)): 0.3627 / 0.2290
TrainGAN: [0/1][787/938] Loss_D: 0.8710 Loss_G: 1.1544 D(x): 0.6166 D(G(z)): 0.2763 / 0.3437
TrainGAN: [0/1][788/938] Loss_D: 0.8180 Loss_G: 1.9611 D(x): 0.7690 D(G(z)): 0.3902 / 0.1578
TrainGAN: [0/1][789/938] Loss_D: 0.8414 Loss_G: 1.1338 D(x): 0.5911 D(G(z)): 0.2314 / 0.3479
TrainGAN: [0/1][790/938] Loss_D: 0.8053 Loss_G: 1.8233 D(x): 0.7739 D(G(z)): 0.3866 / 0.1834
TrainGAN: [0/1][791/938] Loss_D: 0.8565 Loss_G: 1.3721 D(x): 0.6404 D(G(z)): 0.2932 / 0.2809
TrainGAN: [0/1][792/938] Loss_D: 0.9281 Loss_G: 0.9916 D(x): 0.6080 D(G(z)): 0.3032 / 0.4017
TrainGAN: [0/1][793/938] Loss_D: 0.8507 Loss_G: 2.8191 D(x): 0.8328 D(G(z)): 0.4610 / 0.0722
TrainGAN: [0/1][794/938] Loss_D: 1.1310 Loss_G: 0.5632 D(x): 0.4065 D(G(z)): 0.1156 / 0.5965
TrainGAN: [0/1][795/938] Loss_D: 1.1552 Loss_G: 3.1270 D(x): 0.9303 D(G(z)): 0.6256 / 0.0562
TrainGAN: [0/1][796/938] Loss_D: 1.1301 Loss_G: 0.9356 D(x): 0.4004 D(G(z)): 0.0922 / 0.4284
TrainGAN: [0/1][797/938] Loss_D: 1.1246 Loss_G: 2.1375 D(x): 0.8465 D(G(z)): 0.5545 / 0.1446
TrainGAN: [0/1][798/938] Loss_D: 0.8857 Loss_G: 1.2889 D(x): 0.5498 D(G(z)): 0.1982 / 0.3112
TrainGAN: [0/1][799/938] Loss_D: 0.8714 Loss_G: 1.4643 D(x): 0.6972 D(G(z)): 0.3651 / 0.2635
TrainGAN: [0/1][800/938] Loss_D: 0.7640 Loss_G: 2.7260 D(x): 0.7779 D(G(z)): 0.3652 / 0.0795
TrainGAN: [0/1][801/938] Loss_D: 1.0654 Loss_G: 0.4257 D(x): 0.4317 D(G(z)): 0.1062 / 0.6688
TrainGAN: [0/1][802/938] Loss_D: 1.3652 Loss_G: 2.8432 D(x): 0.9180 D(G(z)): 0.6957 / 0.0702
TrainGAN: [0/1][803/938] Loss_D: 1.1286 Loss_G: 1.1924 D(x): 0.4163 D(G(z)): 0.1229 / 0.3429
TrainGAN: [0/1][804/938] Loss_D: 0.9136 Loss_G: 1.2226 D(x): 0.7243 D(G(z)): 0.4016 / 0.3290
TrainGAN: [0/1][805/938] Loss_D: 0.8324 Loss_G: 1.6148 D(x): 0.7028 D(G(z)): 0.3387 / 0.2176
TrainGAN: [0/1][806/938] Loss_D: 0.8492 Loss_G: 1.4894 D(x): 0.6595 D(G(z)): 0.3224 / 0.2428
TrainGAN: [0/1][807/938] Loss_D: 0.7740 Loss_G: 1.5115 D(x): 0.6838 D(G(z)): 0.2950 / 0.2430
TrainGAN: [0/1][808/938] Loss_D: 0.8947 Loss_G: 1.3333 D(x): 0.6482 D(G(z)): 0.3373 / 0.2893
TrainGAN: [0/1][809/938] Loss_D: 0.8374 Loss_G: 1.7578 D(x): 0.7117 D(G(z)): 0.3590 / 0.1975
TrainGAN: [0/1][810/938] Loss_D: 0.9582 Loss_G: 1.1002 D(x): 0.5705 D(G(z)): 0.2869 / 0.3496
TrainGAN: [0/1][811/938] Loss_D: 0.8824 Loss_G: 1.8402 D(x): 0.7431 D(G(z)): 0.4093 / 0.1793
TrainGAN: [0/1][812/938] Loss_D: 0.9248 Loss_G: 1.2216 D(x): 0.5705 D(G(z)): 0.2613 / 0.3234
TrainGAN: [0/1][813/938] Loss_D: 0.8308 Loss_G: 1.6512 D(x): 0.7472 D(G(z)): 0.3829 / 0.2104
TrainGAN: [0/1][814/938] Loss_D: 1.0313 Loss_G: 1.5903 D(x): 0.6167 D(G(z)): 0.3833 / 0.2248
TrainGAN: [0/1][815/938] Loss_D: 0.8975 Loss_G: 0.6833 D(x): 0.5312 D(G(z)): 0.1876 / 0.5370
TrainGAN: [0/1][816/938] Loss_D: 1.1551 Loss_G: 3.5898 D(x): 0.9017 D(G(z)): 0.6219 / 0.0357
TrainGAN: [0/1][817/938] Loss_D: 1.3580 Loss_G: 0.4492 D(x): 0.3121 D(G(z)): 0.0696 / 0.6620
TrainGAN: [0/1][818/938] Loss_D: 1.2639 Loss_G: 2.3204 D(x): 0.9010 D(G(z)): 0.6611 / 0.1114
TrainGAN: [0/1][819/938] Loss_D: 0.9659 Loss_G: 1.2323 D(x): 0.4896 D(G(z)): 0.1467 / 0.3279
TrainGAN: [0/1][820/938] Loss_D: 0.9515 Loss_G: 1.2114 D(x): 0.7077 D(G(z)): 0.4175 / 0.3254
TrainGAN: [0/1][821/938] Loss_D: 0.8130 Loss_G: 1.9984 D(x): 0.7600 D(G(z)): 0.3839 / 0.1570
TrainGAN: [0/1][822/938] Loss_D: 0.9718 Loss_G: 0.9771 D(x): 0.5267 D(G(z)): 0.2222 / 0.3957
TrainGAN: [0/1][823/938] Loss_D: 0.8797 Loss_G: 1.6410 D(x): 0.7783 D(G(z)): 0.4378 / 0.2123
TrainGAN: [0/1][824/938] Loss_D: 0.8304 Loss_G: 1.2931 D(x): 0.6076 D(G(z)): 0.2504 / 0.2954
TrainGAN: [0/1][825/938] Loss_D: 0.8428 Loss_G: 1.8160 D(x): 0.7600 D(G(z)): 0.4025 / 0.1804
TrainGAN: [0/1][826/938] Loss_D: 0.8350 Loss_G: 1.1547 D(x): 0.5901 D(G(z)): 0.2236 / 0.3426
TrainGAN: [0/1][827/938] Loss_D: 0.9020 Loss_G: 1.6006 D(x): 0.7276 D(G(z)): 0.4087 / 0.2216
TrainGAN: [0/1][828/938] Loss_D: 0.7401 Loss_G: 1.8045 D(x): 0.6943 D(G(z)): 0.2741 / 0.1981
TrainGAN: [0/1][829/938] Loss_D: 0.8290 Loss_G: 1.1499 D(x): 0.6376 D(G(z)): 0.2795 / 0.3349
TrainGAN: [0/1][830/938] Loss_D: 0.8917 Loss_G: 1.4783 D(x): 0.6879 D(G(z)): 0.3777 / 0.2434
TrainGAN: [0/1][831/938] Loss_D: 0.8218 Loss_G: 1.6309 D(x): 0.6793 D(G(z)): 0.3330 / 0.2126
TrainGAN: [0/1][832/938] Loss_D: 0.7531 Loss_G: 1.5622 D(x): 0.6715 D(G(z)): 0.2685 / 0.2343
TrainGAN: [0/1][833/938] Loss_D: 0.7045 Loss_G: 1.6231 D(x): 0.7175 D(G(z)): 0.2844 / 0.2146
TrainGAN: [0/1][834/938] Loss_D: 0.7639 Loss_G: 1.6693 D(x): 0.7039 D(G(z)): 0.3030 / 0.2168
TrainGAN: [0/1][835/938] Loss_D: 0.9207 Loss_G: 1.0830 D(x): 0.6372 D(G(z)): 0.3318 / 0.3731
TrainGAN: [0/1][836/938] Loss_D: 0.6907 Loss_G: 2.7919 D(x): 0.8305 D(G(z)): 0.3658 / 0.0786
TrainGAN: [0/1][837/938] Loss_D: 0.8788 Loss_G: 0.8006 D(x): 0.5293 D(G(z)): 0.1678 / 0.4761
TrainGAN: [0/1][838/938] Loss_D: 0.9454 Loss_G: 3.2776 D(x): 0.8926 D(G(z)): 0.5247 / 0.0464
TrainGAN: [0/1][839/938] Loss_D: 1.1525 Loss_G: 0.5535 D(x): 0.3842 D(G(z)): 0.0930 / 0.6073
TrainGAN: [0/1][840/938] Loss_D: 1.1115 Loss_G: 3.0235 D(x): 0.9100 D(G(z)): 0.5878 / 0.0604
TrainGAN: [0/1][841/938] Loss_D: 1.0552 Loss_G: 0.6181 D(x): 0.4260 D(G(z)): 0.0932 / 0.5607
TrainGAN: [0/1][842/938] Loss_D: 1.3802 Loss_G: 2.7322 D(x): 0.8514 D(G(z)): 0.6618 / 0.0782
TrainGAN: [0/1][843/938] Loss_D: 1.4293 Loss_G: 0.7109 D(x): 0.3056 D(G(z)): 0.0964 / 0.5170
TrainGAN: [0/1][844/938] Loss_D: 1.1538 Loss_G: 1.8763 D(x): 0.8672 D(G(z)): 0.6048 / 0.1745
TrainGAN: [0/1][845/938] Loss_D: 0.9210 Loss_G: 1.6872 D(x): 0.6052 D(G(z)): 0.2747 / 0.2161
TrainGAN: [0/1][846/938] Loss_D: 0.9281 Loss_G: 1.0363 D(x): 0.6029 D(G(z)): 0.2953 / 0.3849
TrainGAN: [0/1][847/938] Loss_D: 1.0153 Loss_G: 1.6506 D(x): 0.7002 D(G(z)): 0.4415 / 0.2143
TrainGAN: [0/1][848/938] Loss_D: 0.7570 Loss_G: 1.5249 D(x): 0.6560 D(G(z)): 0.2581 / 0.2414
TrainGAN: [0/1][849/938] Loss_D: 0.7698 Loss_G: 1.4847 D(x): 0.6944 D(G(z)): 0.3010 / 0.2490
TrainGAN: [0/1][850/938] Loss_D: 0.9420 Loss_G: 1.9986 D(x): 0.7185 D(G(z)): 0.4114 / 0.1543
TrainGAN: [0/1][851/938] Loss_D: 0.9414 Loss_G: 0.9247 D(x): 0.5464 D(G(z)): 0.2314 / 0.4539
TrainGAN: [0/1][852/938] Loss_D: 0.9512 Loss_G: 2.3427 D(x): 0.8149 D(G(z)): 0.4883 / 0.1115
TrainGAN: [0/1][853/938] Loss_D: 1.0357 Loss_G: 0.7442 D(x): 0.4616 D(G(z)): 0.1708 / 0.5058
TrainGAN: [0/1][854/938] Loss_D: 0.9896 Loss_G: 2.2412 D(x): 0.8421 D(G(z)): 0.5253 / 0.1219
TrainGAN: [0/1][855/938] Loss_D: 0.8754 Loss_G: 1.0678 D(x): 0.5249 D(G(z)): 0.1611 / 0.3647
TrainGAN: [0/1][856/938] Loss_D: 1.0701 Loss_G: 1.8830 D(x): 0.7655 D(G(z)): 0.5141 / 0.1713
TrainGAN: [0/1][857/938] Loss_D: 1.0916 Loss_G: 0.7515 D(x): 0.4572 D(G(z)): 0.2005 / 0.4988
TrainGAN: [0/1][858/938] Loss_D: 1.0135 Loss_G: 2.4245 D(x): 0.8483 D(G(z)): 0.5369 / 0.1069
TrainGAN: [0/1][859/938] Loss_D: 1.0231 Loss_G: 0.9325 D(x): 0.4681 D(G(z)): 0.1821 / 0.4259
TrainGAN: [0/1][860/938] Loss_D: 0.8202 Loss_G: 1.9533 D(x): 0.8050 D(G(z)): 0.4225 / 0.1636
TrainGAN: [0/1][861/938] Loss_D: 0.9309 Loss_G: 1.5383 D(x): 0.6081 D(G(z)): 0.2934 / 0.2489
TrainGAN: [0/1][862/938] Loss_D: 0.8827 Loss_G: 1.3026 D(x): 0.6310 D(G(z)): 0.2888 / 0.3073
TrainGAN: [0/1][863/938] Loss_D: 0.8179 Loss_G: 1.5398 D(x): 0.7176 D(G(z)): 0.3483 / 0.2404
TrainGAN: [0/1][864/938] Loss_D: 0.8424 Loss_G: 1.6028 D(x): 0.6979 D(G(z)): 0.3393 / 0.2280
TrainGAN: [0/1][865/938] Loss_D: 0.8877 Loss_G: 1.4433 D(x): 0.6620 D(G(z)): 0.3493 / 0.2538
TrainGAN: [0/1][866/938] Loss_D: 0.8425 Loss_G: 1.6710 D(x): 0.6862 D(G(z)): 0.3476 / 0.2045
TrainGAN: [0/1][867/938] Loss_D: 0.7589 Loss_G: 1.1231 D(x): 0.6232 D(G(z)): 0.2248 / 0.3584
TrainGAN: [0/1][868/938] Loss_D: 0.8007 Loss_G: 2.1718 D(x): 0.7864 D(G(z)): 0.4010 / 0.1320
TrainGAN: [0/1][869/938] Loss_D: 0.8105 Loss_G: 0.9733 D(x): 0.5796 D(G(z)): 0.1860 / 0.4140
TrainGAN: [0/1][870/938] Loss_D: 0.9554 Loss_G: 3.8062 D(x): 0.8549 D(G(z)): 0.5228 / 0.0253
TrainGAN: [0/1][871/938] Loss_D: 1.7729 Loss_G: 0.3911 D(x): 0.2152 D(G(z)): 0.0597 / 0.7079
TrainGAN: [0/1][872/938] Loss_D: 1.5612 Loss_G: 2.7081 D(x): 0.8957 D(G(z)): 0.7139 / 0.0794
TrainGAN: [0/1][873/938] Loss_D: 1.6054 Loss_G: 0.5809 D(x): 0.2673 D(G(z)): 0.1321 / 0.5850
TrainGAN: [0/1][874/938] Loss_D: 1.2672 Loss_G: 1.5899 D(x): 0.8305 D(G(z)): 0.6273 / 0.2217
TrainGAN: [0/1][875/938] Loss_D: 1.2167 Loss_G: 0.9833 D(x): 0.4566 D(G(z)): 0.2904 / 0.3990
TrainGAN: [0/1][876/938] Loss_D: 1.1638 Loss_G: 1.2263 D(x): 0.6499 D(G(z)): 0.4840 / 0.3082
TrainGAN: [0/1][877/938] Loss_D: 1.2018 Loss_G: 1.1293 D(x): 0.5574 D(G(z)): 0.4187 / 0.3498
TrainGAN: [0/1][878/938] Loss_D: 1.0031 Loss_G: 1.0764 D(x): 0.5921 D(G(z)): 0.3460 / 0.3610
TrainGAN: [0/1][879/938] Loss_D: 1.1058 Loss_G: 1.3968 D(x): 0.6579 D(G(z)): 0.4633 / 0.2652
TrainGAN: [0/1][880/938] Loss_D: 0.9621 Loss_G: 1.2943 D(x): 0.6033 D(G(z)): 0.3269 / 0.2958
TrainGAN: [0/1][881/938] Loss_D: 1.0427 Loss_G: 0.8876 D(x): 0.5686 D(G(z)): 0.3421 / 0.4345
TrainGAN: [0/1][882/938] Loss_D: 0.9706 Loss_G: 1.9842 D(x): 0.7956 D(G(z)): 0.4965 / 0.1539
TrainGAN: [0/1][883/938] Loss_D: 1.2140 Loss_G: 0.7709 D(x): 0.4223 D(G(z)): 0.2516 / 0.4861
TrainGAN: [0/1][884/938] Loss_D: 1.0380 Loss_G: 1.6417 D(x): 0.7620 D(G(z)): 0.5091 / 0.2154
TrainGAN: [0/1][885/938] Loss_D: 1.1559 Loss_G: 1.0271 D(x): 0.4964 D(G(z)): 0.3109 / 0.3887
TrainGAN: [0/1][886/938] Loss_D: 0.9548 Loss_G: 1.4966 D(x): 0.7084 D(G(z)): 0.4096 / 0.2566
TrainGAN: [0/1][887/938] Loss_D: 0.8852 Loss_G: 1.4455 D(x): 0.6361 D(G(z)): 0.3067 / 0.2782
TrainGAN: [0/1][888/938] Loss_D: 0.8800 Loss_G: 1.5689 D(x): 0.6960 D(G(z)): 0.3602 / 0.2354
TrainGAN: [0/1][889/938] Loss_D: 0.9080 Loss_G: 1.3375 D(x): 0.6293 D(G(z)): 0.3196 / 0.2910
TrainGAN: [0/1][890/938] Loss_D: 0.9450 Loss_G: 1.4651 D(x): 0.6676 D(G(z)): 0.3809 / 0.2576
TrainGAN: [0/1][891/938] Loss_D: 0.9157 Loss_G: 1.1582 D(x): 0.6100 D(G(z)): 0.3002 / 0.3328
TrainGAN: [0/1][892/938] Loss_D: 1.0014 Loss_G: 1.4390 D(x): 0.6706 D(G(z)): 0.4152 / 0.2672
TrainGAN: [0/1][893/938] Loss_D: 0.9097 Loss_G: 1.4441 D(x): 0.6402 D(G(z)): 0.3417 / 0.2611
TrainGAN: [0/1][894/938] Loss_D: 0.9121 Loss_G: 1.1194 D(x): 0.6193 D(G(z)): 0.3130 / 0.3580
TrainGAN: [0/1][895/938] Loss_D: 0.8831 Loss_G: 2.2909 D(x): 0.7781 D(G(z)): 0.4342 / 0.1200
TrainGAN: [0/1][896/938] Loss_D: 0.9933 Loss_G: 0.7791 D(x): 0.5051 D(G(z)): 0.1964 / 0.4954
TrainGAN: [0/1][897/938] Loss_D: 1.2581 Loss_G: 2.3905 D(x): 0.7946 D(G(z)): 0.6009 / 0.1126
TrainGAN: [0/1][898/938] Loss_D: 1.3188 Loss_G: 0.5445 D(x): 0.3744 D(G(z)): 0.1836 / 0.6061
TrainGAN: [0/1][899/938] Loss_D: 1.2161 Loss_G: 1.8735 D(x): 0.7976 D(G(z)): 0.5818 / 0.1783
TrainGAN: [0/1][900/938] Loss_D: 0.9585 Loss_G: 1.1799 D(x): 0.5332 D(G(z)): 0.2251 / 0.3390
TrainGAN: [0/1][901/938] Loss_D: 1.0374 Loss_G: 1.5819 D(x): 0.7248 D(G(z)): 0.4724 / 0.2314
TrainGAN: [0/1][902/938] Loss_D: 0.8793 Loss_G: 1.2071 D(x): 0.5868 D(G(z)): 0.2376 / 0.3278
TrainGAN: [0/1][903/938] Loss_D: 0.9861 Loss_G: 1.6481 D(x): 0.7314 D(G(z)): 0.4495 / 0.2170
TrainGAN: [0/1][904/938] Loss_D: 0.9473 Loss_G: 0.9413 D(x): 0.5443 D(G(z)): 0.2361 / 0.4248
TrainGAN: [0/1][905/938] Loss_D: 0.9796 Loss_G: 2.2516 D(x): 0.8127 D(G(z)): 0.5076 / 0.1182
TrainGAN: [0/1][906/938] Loss_D: 1.0263 Loss_G: 0.7504 D(x): 0.4676 D(G(z)): 0.1659 / 0.4989
TrainGAN: [0/1][907/938] Loss_D: 1.1987 Loss_G: 1.9998 D(x): 0.7685 D(G(z)): 0.5701 / 0.1552
TrainGAN: [0/1][908/938] Loss_D: 1.0056 Loss_G: 0.9469 D(x): 0.5015 D(G(z)): 0.2198 / 0.4175
TrainGAN: [0/1][909/938] Loss_D: 1.0491 Loss_G: 1.8789 D(x): 0.7510 D(G(z)): 0.4897 / 0.1760
TrainGAN: [0/1][910/938] Loss_D: 1.0632 Loss_G: 0.9216 D(x): 0.5089 D(G(z)): 0.2699 / 0.4225
TrainGAN: [0/1][911/938] Loss_D: 0.8315 Loss_G: 1.4776 D(x): 0.7235 D(G(z)): 0.3732 / 0.2518
TrainGAN: [0/1][912/938] Loss_D: 0.8332 Loss_G: 1.8272 D(x): 0.7079 D(G(z)): 0.3535 / 0.1820
TrainGAN: [0/1][913/938] Loss_D: 0.8808 Loss_G: 1.0933 D(x): 0.5905 D(G(z)): 0.2464 / 0.3678
TrainGAN: [0/1][914/938] Loss_D: 0.8992 Loss_G: 1.7364 D(x): 0.7399 D(G(z)): 0.4186 / 0.2006
TrainGAN: [0/1][915/938] Loss_D: 0.9686 Loss_G: 1.2476 D(x): 0.5922 D(G(z)): 0.3149 / 0.3165
TrainGAN: [0/1][916/938] Loss_D: 0.7618 Loss_G: 1.5023 D(x): 0.6987 D(G(z)): 0.2934 / 0.2525
TrainGAN: [0/1][917/938] Loss_D: 0.8651 Loss_G: 1.5747 D(x): 0.6919 D(G(z)): 0.3550 / 0.2299
TrainGAN: [0/1][918/938] Loss_D: 0.9878 Loss_G: 0.8951 D(x): 0.5750 D(G(z)): 0.2990 / 0.4292
TrainGAN: [0/1][919/938] Loss_D: 1.0010 Loss_G: 2.3559 D(x): 0.7731 D(G(z)): 0.4945 / 0.1064
TrainGAN: [0/1][920/938] Loss_D: 1.1765 Loss_G: 0.4220 D(x): 0.3932 D(G(z)): 0.1282 / 0.6693
TrainGAN: [0/1][921/938] Loss_D: 1.5284 Loss_G: 3.0821 D(x): 0.9188 D(G(z)): 0.7341 / 0.0560
TrainGAN: [0/1][922/938] Loss_D: 1.4575 Loss_G: 0.7191 D(x): 0.2964 D(G(z)): 0.0886 / 0.5145
TrainGAN: [0/1][923/938] Loss_D: 1.0131 Loss_G: 1.8952 D(x): 0.8581 D(G(z)): 0.5403 / 0.1775
TrainGAN: [0/1][924/938] Loss_D: 0.8492 Loss_G: 1.5579 D(x): 0.6258 D(G(z)): 0.2701 / 0.2359
TrainGAN: [0/1][925/938] Loss_D: 0.8940 Loss_G: 0.9150 D(x): 0.5880 D(G(z)): 0.2639 / 0.4240
TrainGAN: [0/1][926/938] Loss_D: 1.0237 Loss_G: 2.4406 D(x): 0.8381 D(G(z)): 0.5453 / 0.0986
TrainGAN: [0/1][927/938] Loss_D: 1.1931 Loss_G: 0.8495 D(x): 0.3997 D(G(z)): 0.1771 / 0.4513
TrainGAN: [0/1][928/938] Loss_D: 0.9427 Loss_G: 1.7040 D(x): 0.7855 D(G(z)): 0.4777 / 0.2068
TrainGAN: [0/1][929/938] Loss_D: 0.9115 Loss_G: 1.5028 D(x): 0.6086 D(G(z)): 0.2976 / 0.2537
TrainGAN: [0/1][930/938] Loss_D: 0.7710 Loss_G: 1.2774 D(x): 0.6683 D(G(z)): 0.2724 / 0.3061
TrainGAN: [0/1][931/938] Loss_D: 0.8648 Loss_G: 1.6880 D(x): 0.7417 D(G(z)): 0.3985 / 0.2070
TrainGAN: [0/1][932/938] Loss_D: 0.9580 Loss_G: 1.2426 D(x): 0.5922 D(G(z)): 0.3033 / 0.3251
TrainGAN: [0/1][933/938] Loss_D: 1.1003 Loss_G: 1.3054 D(x): 0.6207 D(G(z)): 0.4165 / 0.2970
TrainGAN: [0/1][934/938] Loss_D: 0.8157 Loss_G: 1.9781 D(x): 0.7147 D(G(z)): 0.3443 / 0.1572
TrainGAN: [0/1][935/938] Loss_D: 0.7946 Loss_G: 0.8558 D(x): 0.5792 D(G(z)): 0.1906 / 0.4458
TrainGAN: [0/1][936/938] Loss_D: 1.0494 Loss_G: 2.5685 D(x): 0.8288 D(G(z)): 0.5515 / 0.0910
TrainGAN: [0/1][937/938] Loss_D: 1.3460 Loss_G: 0.4499 D(x): 0.3545 D(G(z)): 0.1539 / 0.6563
TrainGAN: Saving netG
TrainGAN: Saving netD
Module times: [0.00015687942504882812, 21.236352920532227]
Total time: 21.2365207672
=====
Starting experiment mnistStage2
ID: 10, PID 0/10
08_01_2018_22:49:15
=====
SampleGAN: Using options {'forward': True, 'samples': 100}
LoadGAN: Using options:
{'nc': 1, 'proportions': array([0.1, 0.1, 0.1, 0.1, 0.1, 0.1, 0.1, 0.1, 0.1, 0.1]), 'dataset': 'mnist', 'ngpu': 1, 'ngf': 64, 'workers': 2, 'netG': 'netG', 'netDexpNum': -1, 'netD': 'netD', 'nz': 20, 'netDinstance': -1, 'lr': 0.0002, 'beta1': 0.5, 'loadFromExperiment': -1, 'netP': '', 'netGinstance': -1, 'imageSize': 28, 'netPinstance': -1, 'manualSeed': None, 'ndf': 64, 'netGexpNum': -1, 'cuda': True, 'netPexpNum': -1, 'batchSize': 64}
LoadGAN: Generating random seed
LoadGAN: Using random seed 3642
LoadGAN: Load netG from file key netG
LoadGAN: netG structure:
LoadGAN: _netG(
  (main): Sequential(
    (0): ConvTranspose2d(20, 256, kernel_size=(4, 4), stride=(1, 1), bias=False)
    (1): BatchNorm2d(256, eps=1e-05, momentum=0.1, affine=True)
    (2): ReLU(inplace)
    (3): ConvTranspose2d(256, 128, kernel_size=(4, 4), stride=(2, 2), padding=(1, 1), bias=False)
    (4): BatchNorm2d(128, eps=1e-05, momentum=0.1, affine=True)
    (5): ReLU(inplace)
    (6): ConvTranspose2d(128, 64, kernel_size=(4, 4), stride=(2, 2), padding=(2, 2), bias=False)
    (7): BatchNorm2d(64, eps=1e-05, momentum=0.1, affine=True)
    (8): ReLU(inplace)
    (9): ConvTranspose2d(64, 1, kernel_size=(4, 4), stride=(2, 2), padding=(1, 1), bias=False)
    (10): Tanh()
  )
)
SampleGAN: Sample 0
SampleGAN: Sample 10
SampleGAN: Sample 20
SampleGAN: Sample 30
SampleGAN: Sample 40
SampleGAN: Sample 50
SampleGAN: Sample 60
SampleGAN: Sample 70
SampleGAN: Sample 80
SampleGAN: Sample 90
SampleGAN: The minimum value of prob is -26.0828274599 and the maximum is -11.0660579683
SampleGAN: Saving sampled data
ZipSamples: Collapsing to process 0
ZipSamples: In Process 0 (this should not be seen by other processes)
ZipSamples: Loading mats
ZipSamples: Saving samples
LoadGAN: Using options:
{'nc': 1, 'proportions': array([0.1, 0.1, 0.1, 0.1, 0.1, 0.1, 0.1, 0.1, 0.1, 0.1]), 'dataset': 'mnist', 'ngpu': 1, 'ngf': 64, 'workers': 2, 'netG': 'netG', 'netDexpNum': -1, 'netD': 'netD', 'nz': 20, 'netDinstance': -1, 'lr': 0.0002, 'beta1': 0.5, 'loadFromExperiment': -1, 'netP': '', 'netGinstance': -1, 'imageSize': 28, 'netPinstance': -1, 'manualSeed': None, 'ndf': 64, 'netGexpNum': -1, 'cuda': True, 'netPexpNum': -1, 'batchSize': 64}
LoadGAN: Generating random seed
LoadGAN: Using random seed 6940
LoadGAN: Loading netP
LoadGAN: netP structure
LoadGAN: _netP(
  (main): Sequential(
    (0): Conv2d(1, 64, kernel_size=(4, 4), stride=(2, 2), padding=(1, 1))
    (1): BatchNorm2d(64, eps=1e-05, momentum=0.1, affine=True)
    (2): LeakyReLU(0.2, inplace)
    (3): Conv2d(64, 128, kernel_size=(4, 4), stride=(2, 2), padding=(1, 1))
    (4): BatchNorm2d(128, eps=1e-05, momentum=0.1, affine=True)
    (5): LeakyReLU(0.2, inplace)
    (6): Conv2d(128, 256, kernel_size=(4, 4), stride=(2, 2), padding=(2, 2), bias=False)
    (7): BatchNorm2d(256, eps=1e-05, momentum=0.1, affine=True)
    (8): LeakyReLU(0.2, inplace)
    (9): Conv2d(256, 1, kernel_size=(4, 4), stride=(1, 1))
  )
)
RegressorTraining: Epoch: 0
RegressorTraining: Training epoch 0, loss = 7, abserror=8
RegressorTraining: Testing epoch 0, loss = 19, abserror=20
RegressorTraining: Saving netP
RegressorRun: Loading netP
RegressorRun: Getting loaders
RegressorRun: Interpolating class distributions
RegressorRun: Sample 0
RegressorRun: Sample 100
RegressorRun: Sample 200
RegressorRun: Sample 300
RegressorRun: Sample 400
RegressorRun: Sample 500
RegressorRun: Sample 600
RegressorRun: Sample 700
RegressorRun: Sample 800
RegressorRun: Sample 900
RegressorRun: Sample 1000
RegressorRun: Sample 1100
RegressorRun: Sample 1200
RegressorRun: Sample 1300
RegressorRun: Sample 1400
RegressorRun: Sample 1500
RegressorRun: Sample 1600
RegressorRun: Sample 1700
RegressorRun: Sample 1800
RegressorRun: Sample 1900
RegressorRun: Sample 2000
RegressorRun: Sample 2100
RegressorRun: Sample 2200
RegressorRun: Sample 2300
RegressorRun: Sample 2400
RegressorRun: Sample 2500
RegressorRun: Sample 2600
RegressorRun: Sample 2700
RegressorRun: Sample 2800
RegressorRun: Sample 2900
RegressorRun: Sample 3000
RegressorRun: Sample 3100
RegressorRun: Sample 3200
RegressorRun: Sample 3300
RegressorRun: Sample 3400
RegressorRun: Sample 3500
RegressorRun: Sample 3600
RegressorRun: Sample 3700
RegressorRun: Sample 3800
RegressorRun: Sample 3900
RegressorRun: Sample 4000
RegressorRun: Sample 4100
RegressorRun: Sample 4200
RegressorRun: Sample 4300
RegressorRun: Sample 4400
RegressorRun: Sample 4500
RegressorRun: Sample 4600
RegressorRun: Sample 4700
RegressorRun: Sample 4800
RegressorRun: Sample 4900
RegressorRun: Sample 5000
RegressorRun: Sample 5100
RegressorRun: Sample 5200
RegressorRun: Sample 5300
RegressorRun: Sample 5400
RegressorRun: Sample 5500
RegressorRun: Sample 5600
RegressorRun: Sample 5700
RegressorRun: Sample 5800
RegressorRun: Sample 5900
RegressorRun: Sample 6000
RegressorRun: Sample 6100
RegressorRun: Sample 6200
RegressorRun: Sample 6300
RegressorRun: Sample 6400
RegressorRun: Sample 6500
RegressorRun: Sample 6600
RegressorRun: Sample 6700
RegressorRun: Sample 6800
RegressorRun: Sample 6900
RegressorRun: Sample 7000
RegressorRun: Sample 7100
RegressorRun: Sample 7200
RegressorRun: Sample 7300
RegressorRun: Sample 7400
RegressorRun: Sample 7500
RegressorRun: Sample 7600
RegressorRun: Sample 7700
RegressorRun: Sample 7800
RegressorRun: Sample 7900
RegressorRun: Sample 8000
RegressorRun: Sample 8100
RegressorRun: Sample 8200
RegressorRun: Sample 8300
RegressorRun: Sample 8400
RegressorRun: Sample 8500
RegressorRun: Sample 8600
RegressorRun: Sample 8700
RegressorRun: Sample 8800
RegressorRun: Sample 8900
RegressorRun: Sample 9000
RegressorRun: Sample 9100
RegressorRun: Sample 9200
RegressorRun: Sample 9300
RegressorRun: Sample 9400
RegressorRun: Sample 9500
RegressorRun: Sample 9600
RegressorRun: Sample 9700
RegressorRun: Sample 9800
RegressorRun: Sample 9900
RegressorRun: Saving regressorResults
Analyzer: Obtaining data for analysis
Analyzer: Generating /fs/vulcan-scratch/krusinga/projects/ganProbability/experiments/e10/analysis/topIms.png with handler for imageArray
Analyzer: Generating /fs/vulcan-scratch/krusinga/projects/ganProbability/experiments/e10/analysis/botIms.png with handler for imageArray
Analyzer: Generating /fs/vulcan-scratch/krusinga/projects/ganProbability/experiments/e10/analysis/lossCurve.png with handler for lineplot
Analyzer: Generating /fs/vulcan-scratch/krusinga/projects/ganProbability/experiments/e10/analysis/errorCurve.png with handler for lineplot
Analyzer: Generating /fs/vulcan-scratch/krusinga/projects/ganProbability/experiments/e10/analysis/domainShiftTest.png with handler for lineplot
Module times: [0.00014400482177734375, 4.017086029052734, 26.222185134887695, 0.5240349769592285, 21.954547882080078, 2.9704430103302]
Total time: 55.6884820461
