=====
Starting experiment mnistStage2
ID: 18, PID 2/10
08_15_2018_16:45:41
=====
SampleGAN: Using options {'forward': True, 'samples': 100}
LoadGAN: Using options:
{'nc': 1, 'proportions': array([0.1, 0.1, 0.1, 0.1, 0.1, 0.1, 0.1, 0.1, 0.1, 0.1]), 'dataset': 'mnist', 'ngpu': 1, 'ngf': 64, 'workers': 2, 'netG': 'netG', 'netDexpNum': -1, 'netD': 'netD', 'nz': 20, 'netDinstance': -1, 'lr': 0.0002, 'beta1': 0.5, 'loadFromExperiment': -1, 'netP': '', 'netGinstance': -1, 'imageSize': 28, 'netPinstance': -1, 'manualSeed': None, 'ndf': 64, 'netGexpNum': -1, 'cuda': True, 'netPexpNum': -1, 'batchSize': 64}
LoadGAN: Generating random seed
LoadGAN: Using random seed 5368
LoadGAN: Load netG from file key netG
LoadGAN: netG structure:
LoadGAN: _netG(
  (main): Sequential(
    (0): ConvTranspose2d(20, 256, kernel_size=(4, 4), stride=(1, 1), bias=False)
    (1): BatchNorm2d(256, eps=1e-05, momentum=0.1, affine=True)
    (2): ReLU(inplace)
    (3): ConvTranspose2d(256, 128, kernel_size=(4, 4), stride=(2, 2), padding=(1, 1), bias=False)
    (4): BatchNorm2d(128, eps=1e-05, momentum=0.1, affine=True)
    (5): ReLU(inplace)
    (6): ConvTranspose2d(128, 64, kernel_size=(4, 4), stride=(2, 2), padding=(2, 2), bias=False)
    (7): BatchNorm2d(64, eps=1e-05, momentum=0.1, affine=True)
    (8): ReLU(inplace)
    (9): ConvTranspose2d(64, 1, kernel_size=(4, 4), stride=(2, 2), padding=(1, 1), bias=False)
    (10): Tanh()
  )
)
SampleGAN: Sample 0
SampleGAN: Sample 10
SampleGAN: Sample 20
SampleGAN: Sample 30
SampleGAN: Sample 40
SampleGAN: Sample 50
SampleGAN: Sample 60
SampleGAN: Sample 70
SampleGAN: Sample 80
SampleGAN: Sample 90
SampleGAN: The minimum value of prob is -26.7341492698 and the maximum is -6.5136997347
SampleGAN: Saving sampled data
ZipSamples: Collapsing to process 0
