=====
Starting experiment mnistStage1
ID: 18, PID 0/1
08_15_2018_16:44:20
=====
TrainGAN: Getting dataloader
LoadGAN: Getting dataset mnist
LoadGAN: Creating dataloader
TrainGAN: Getting model
LoadGAN: Using options:
{'nc': 1, 'proportions': array([0.1, 0.1, 0.1, 0.1, 0.1, 0.1, 0.1, 0.1, 0.1, 0.1]), 'dataset': 'mnist', 'ngpu': 1, 'ngf': 64, 'workers': 2, 'netG': '', 'netDexpNum': -1, 'netD': '', 'nz': 20, 'netDinstance': -1, 'lr': 0.0002, 'beta1': 0.5, 'loadFromExperiment': -1, 'netP': '', 'netGinstance': -1, 'imageSize': 28, 'netPinstance': -1, 'manualSeed': None, 'ndf': 64, 'netGexpNum': -1, 'cuda': True, 'netPexpNum': -1, 'batchSize': 64}
LoadGAN: Generating random seed
LoadGAN: Using random seed 5783
LoadGAN: Loading netG
LoadGAN: netG structure:
LoadGAN: _netG(
  (main): Sequential(
    (0): ConvTranspose2d(20, 256, kernel_size=(4, 4), stride=(1, 1), bias=False)
    (1): BatchNorm2d(256, eps=1e-05, momentum=0.1, affine=True)
    (2): ReLU(inplace)
    (3): ConvTranspose2d(256, 128, kernel_size=(4, 4), stride=(2, 2), padding=(1, 1), bias=False)
    (4): BatchNorm2d(128, eps=1e-05, momentum=0.1, affine=True)
    (5): ReLU(inplace)
    (6): ConvTranspose2d(128, 64, kernel_size=(4, 4), stride=(2, 2), padding=(2, 2), bias=False)
    (7): BatchNorm2d(64, eps=1e-05, momentum=0.1, affine=True)
    (8): ReLU(inplace)
    (9): ConvTranspose2d(64, 1, kernel_size=(4, 4), stride=(2, 2), padding=(1, 1), bias=False)
    (10): Tanh()
  )
)
LoadGAN: Loading netD
LoadGAN: netD structure:
LoadGAN: _netD(
  (main): Sequential(
    (0): Conv2d(1, 64, kernel_size=(4, 4), stride=(2, 2), padding=(1, 1), bias=False)
    (1): BatchNorm2d(64, eps=1e-05, momentum=0.1, affine=True)
    (2): LeakyReLU(0.2, inplace)
    (3): Conv2d(64, 128, kernel_size=(4, 4), stride=(2, 2), padding=(1, 1), bias=False)
    (4): BatchNorm2d(128, eps=1e-05, momentum=0.1, affine=True)
    (5): LeakyReLU(0.2, inplace)
    (6): Conv2d(128, 256, kernel_size=(4, 4), stride=(2, 2), padding=(2, 2), bias=False)
    (7): BatchNorm2d(256, eps=1e-05, momentum=0.1, affine=True)
    (8): LeakyReLU(0.2, inplace)
    (9): Conv2d(256, 1, kernel_size=(4, 4), stride=(1, 1), bias=False)
    (10): Sigmoid()
  )
)
LoadGAN: Using cuda
TrainGAN: Beginning training
TrainGAN: ===Begin epoch 0
TrainGAN: [0/1][0/938] Loss_D: 1.2425 Loss_G: 2.1177 D(x): 0.6115 D(G(z)): 0.5116 / 0.1314
TrainGAN: [0/1][1/938] Loss_D: 0.9809 Loss_G: 2.1841 D(x): 0.8929 D(G(z)): 0.5647 / 0.1272
TrainGAN: [0/1][2/938] Loss_D: 0.9283 Loss_G: 2.5766 D(x): 0.8678 D(G(z)): 0.5240 / 0.0909
TrainGAN: [0/1][3/938] Loss_D: 0.8184 Loss_G: 3.0150 D(x): 0.8407 D(G(z)): 0.4572 / 0.0565
TrainGAN: [0/1][4/938] Loss_D: 0.6724 Loss_G: 3.2836 D(x): 0.7692 D(G(z)): 0.3148 / 0.0436
TrainGAN: [0/1][5/938] Loss_D: 0.6541 Loss_G: 3.2700 D(x): 0.7600 D(G(z)): 0.2959 / 0.0457
TrainGAN: [0/1][6/938] Loss_D: 0.5799 Loss_G: 4.0485 D(x): 0.8693 D(G(z)): 0.3406 / 0.0214
TrainGAN: [0/1][7/938] Loss_D: 0.4527 Loss_G: 3.9689 D(x): 0.7987 D(G(z)): 0.1832 / 0.0225
TrainGAN: [0/1][8/938] Loss_D: 0.4361 Loss_G: 4.0239 D(x): 0.8657 D(G(z)): 0.2324 / 0.0222
TrainGAN: [0/1][9/938] Loss_D: 0.3822 Loss_G: 4.3477 D(x): 0.8834 D(G(z)): 0.2007 / 0.0157
TrainGAN: [0/1][10/938] Loss_D: 0.3135 Loss_G: 4.0077 D(x): 0.8492 D(G(z)): 0.1152 / 0.0212
TrainGAN: [0/1][11/938] Loss_D: 0.3216 Loss_G: 4.2397 D(x): 0.8866 D(G(z)): 0.1640 / 0.0178
TrainGAN: [0/1][12/938] Loss_D: 0.2655 Loss_G: 4.6418 D(x): 0.9090 D(G(z)): 0.1480 / 0.0126
TrainGAN: [0/1][13/938] Loss_D: 0.2206 Loss_G: 4.7417 D(x): 0.9268 D(G(z)): 0.1301 / 0.0117
TrainGAN: [0/1][14/938] Loss_D: 0.2117 Loss_G: 4.8205 D(x): 0.9213 D(G(z)): 0.1133 / 0.0105
TrainGAN: [0/1][15/938] Loss_D: 0.2152 Loss_G: 4.2319 D(x): 0.8888 D(G(z)): 0.0792 / 0.0195
TrainGAN: [0/1][16/938] Loss_D: 0.1558 Loss_G: 4.7215 D(x): 0.9627 D(G(z)): 0.1069 / 0.0112
TrainGAN: [0/1][17/938] Loss_D: 0.1310 Loss_G: 4.7864 D(x): 0.9638 D(G(z)): 0.0881 / 0.0114
TrainGAN: [0/1][18/938] Loss_D: 0.1642 Loss_G: 4.9241 D(x): 0.9555 D(G(z)): 0.1087 / 0.0086
TrainGAN: [0/1][19/938] Loss_D: 0.1924 Loss_G: 4.7665 D(x): 0.9167 D(G(z)): 0.0920 / 0.0111
TrainGAN: [0/1][20/938] Loss_D: 0.1370 Loss_G: 5.1329 D(x): 0.9606 D(G(z)): 0.0907 / 0.0076
TrainGAN: [0/1][21/938] Loss_D: 0.1829 Loss_G: 4.4710 D(x): 0.8966 D(G(z)): 0.0544 / 0.0140
TrainGAN: [0/1][22/938] Loss_D: 0.1727 Loss_G: 5.8975 D(x): 0.9624 D(G(z)): 0.1218 / 0.0038
TrainGAN: [0/1][23/938] Loss_D: 0.1179 Loss_G: 5.3049 D(x): 0.9267 D(G(z)): 0.0375 / 0.0067
TrainGAN: [0/1][24/938] Loss_D: 0.1298 Loss_G: 6.1708 D(x): 0.9680 D(G(z)): 0.0909 / 0.0027
TrainGAN: [0/1][25/938] Loss_D: 0.1534 Loss_G: 4.0714 D(x): 0.8914 D(G(z)): 0.0281 / 0.0194
TrainGAN: [0/1][26/938] Loss_D: 0.4295 Loss_G: 10.6582 D(x): 0.9734 D(G(z)): 0.3179 / 0.0000
TrainGAN: [0/1][27/938] Loss_D: 3.2788 Loss_G: 1.3590 D(x): 0.0494 D(G(z)): 0.0002 / 0.2906
TrainGAN: [0/1][28/938] Loss_D: 2.7809 Loss_G: 6.8080 D(x): 0.9973 D(G(z)): 0.9171 / 0.0020
TrainGAN: [0/1][29/938] Loss_D: 0.0821 Loss_G: 7.4656 D(x): 0.9569 D(G(z)): 0.0292 / 0.0011
TrainGAN: [0/1][30/938] Loss_D: 0.1520 Loss_G: 5.6687 D(x): 0.8906 D(G(z)): 0.0179 / 0.0078
TrainGAN: [0/1][31/938] Loss_D: 0.2895 Loss_G: 4.4068 D(x): 0.8959 D(G(z)): 0.1440 / 0.0200
TrainGAN: [0/1][32/938] Loss_D: 0.4875 Loss_G: 5.4983 D(x): 0.8364 D(G(z)): 0.2332 / 0.0077
TrainGAN: [0/1][33/938] Loss_D: 0.3212 Loss_G: 4.5644 D(x): 0.8064 D(G(z)): 0.0622 / 0.0164
TrainGAN: [0/1][34/938] Loss_D: 0.2572 Loss_G: 4.4421 D(x): 0.9006 D(G(z)): 0.1254 / 0.0177
TrainGAN: [0/1][35/938] Loss_D: 0.2490 Loss_G: 5.2111 D(x): 0.9320 D(G(z)): 0.1502 / 0.0087
TrainGAN: [0/1][36/938] Loss_D: 0.2507 Loss_G: 4.9702 D(x): 0.8975 D(G(z)): 0.1163 / 0.0097
TrainGAN: [0/1][37/938] Loss_D: 0.2990 Loss_G: 4.8461 D(x): 0.8964 D(G(z)): 0.1562 / 0.0105
TrainGAN: [0/1][38/938] Loss_D: 0.3227 Loss_G: 4.9846 D(x): 0.8640 D(G(z)): 0.1402 / 0.0088
TrainGAN: [0/1][39/938] Loss_D: 0.1802 Loss_G: 4.8621 D(x): 0.9054 D(G(z)): 0.0690 / 0.0101
TrainGAN: [0/1][40/938] Loss_D: 0.1229 Loss_G: 4.6604 D(x): 0.9380 D(G(z)): 0.0479 / 0.0127
TrainGAN: [0/1][41/938] Loss_D: 0.1288 Loss_G: 4.6590 D(x): 0.9585 D(G(z)): 0.0755 / 0.0130
TrainGAN: [0/1][42/938] Loss_D: 0.1316 Loss_G: 4.9620 D(x): 0.9612 D(G(z)): 0.0798 / 0.0095
TrainGAN: [0/1][43/938] Loss_D: 0.0925 Loss_G: 4.9393 D(x): 0.9625 D(G(z)): 0.0499 / 0.0093
TrainGAN: [0/1][44/938] Loss_D: 0.1098 Loss_G: 4.8502 D(x): 0.9617 D(G(z)): 0.0643 / 0.0110
TrainGAN: [0/1][45/938] Loss_D: 0.1295 Loss_G: 4.5307 D(x): 0.9436 D(G(z)): 0.0649 / 0.0124
TrainGAN: [0/1][46/938] Loss_D: 0.1765 Loss_G: 4.5012 D(x): 0.9345 D(G(z)): 0.0976 / 0.0131
TrainGAN: [0/1][47/938] Loss_D: 0.2295 Loss_G: 3.6824 D(x): 0.8597 D(G(z)): 0.0614 / 0.0285
TrainGAN: [0/1][48/938] Loss_D: 0.2485 Loss_G: 4.7548 D(x): 0.9132 D(G(z)): 0.1289 / 0.0107
TrainGAN: [0/1][49/938] Loss_D: 0.2788 Loss_G: 2.9809 D(x): 0.8361 D(G(z)): 0.0643 / 0.0601
TrainGAN: [0/1][50/938] Loss_D: 0.3883 Loss_G: 7.8372 D(x): 0.9427 D(G(z)): 0.2653 / 0.0009
TrainGAN: [0/1][51/938] Loss_D: 1.5335 Loss_G: 0.0354 D(x): 0.2663 D(G(z)): 0.0034 / 0.9662
TrainGAN: [0/1][52/938] Loss_D: 4.4383 Loss_G: 3.1872 D(x): 0.9962 D(G(z)): 0.9730 / 0.0609
TrainGAN: [0/1][53/938] Loss_D: 0.3369 Loss_G: 6.4548 D(x): 0.9555 D(G(z)): 0.2415 / 0.0035
TrainGAN: [0/1][54/938] Loss_D: 1.4636 Loss_G: 2.3610 D(x): 0.3231 D(G(z)): 0.0097 / 0.1193
TrainGAN: [0/1][55/938] Loss_D: 0.5641 Loss_G: 2.2596 D(x): 0.9072 D(G(z)): 0.3434 / 0.1332
TrainGAN: [0/1][56/938] Loss_D: 0.5263 Loss_G: 4.3503 D(x): 0.9117 D(G(z)): 0.3212 / 0.0190
TrainGAN: [0/1][57/938] Loss_D: 0.4401 Loss_G: 3.4954 D(x): 0.7289 D(G(z)): 0.0668 / 0.0443
TrainGAN: [0/1][58/938] Loss_D: 0.3801 Loss_G: 2.5026 D(x): 0.8236 D(G(z)): 0.1453 / 0.1062
TrainGAN: [0/1][59/938] Loss_D: 0.3665 Loss_G: 3.6237 D(x): 0.9078 D(G(z)): 0.2223 / 0.0374
TrainGAN: [0/1][60/938] Loss_D: 0.2900 Loss_G: 3.2683 D(x): 0.8291 D(G(z)): 0.0782 / 0.0479
TrainGAN: [0/1][61/938] Loss_D: 0.2647 Loss_G: 3.3615 D(x): 0.9025 D(G(z)): 0.1414 / 0.0444
TrainGAN: [0/1][62/938] Loss_D: 0.2435 Loss_G: 3.2345 D(x): 0.8757 D(G(z)): 0.0970 / 0.0505
TrainGAN: [0/1][63/938] Loss_D: 0.2471 Loss_G: 3.0847 D(x): 0.8910 D(G(z)): 0.1163 / 0.0562
TrainGAN: [0/1][64/938] Loss_D: 0.2920 Loss_G: 3.4546 D(x): 0.8799 D(G(z)): 0.1353 / 0.0362
TrainGAN: [0/1][65/938] Loss_D: 0.2103 Loss_G: 3.3925 D(x): 0.8841 D(G(z)): 0.0735 / 0.0388
TrainGAN: [0/1][66/938] Loss_D: 0.1914 Loss_G: 3.1604 D(x): 0.8991 D(G(z)): 0.0769 / 0.0508
TrainGAN: [0/1][67/938] Loss_D: 0.1911 Loss_G: 3.9086 D(x): 0.9327 D(G(z)): 0.1100 / 0.0237
TrainGAN: [0/1][68/938] Loss_D: 0.2263 Loss_G: 2.3688 D(x): 0.8453 D(G(z)): 0.0490 / 0.1073
TrainGAN: [0/1][69/938] Loss_D: 0.3354 Loss_G: 6.2091 D(x): 0.9594 D(G(z)): 0.2456 / 0.0029
TrainGAN: [0/1][70/938] Loss_D: 0.8530 Loss_G: 0.1655 D(x): 0.4812 D(G(z)): 0.0069 / 0.8544
TrainGAN: [0/1][71/938] Loss_D: 2.7902 Loss_G: 7.1673 D(x): 0.9959 D(G(z)): 0.9059 / 0.0015
TrainGAN: [0/1][72/938] Loss_D: 1.2181 Loss_G: 3.0283 D(x): 0.3462 D(G(z)): 0.0035 / 0.0798
TrainGAN: [0/1][73/938] Loss_D: 0.3296 Loss_G: 2.2785 D(x): 0.9307 D(G(z)): 0.2045 / 0.1611
TrainGAN: [0/1][74/938] Loss_D: 0.5213 Loss_G: 4.4574 D(x): 0.9542 D(G(z)): 0.3401 / 0.0196
TrainGAN: [0/1][75/938] Loss_D: 0.4598 Loss_G: 2.8841 D(x): 0.6886 D(G(z)): 0.0445 / 0.0740
TrainGAN: [0/1][76/938] Loss_D: 0.3532 Loss_G: 2.2808 D(x): 0.8456 D(G(z)): 0.1498 / 0.1254
TrainGAN: [0/1][77/938] Loss_D: 0.3942 Loss_G: 4.0525 D(x): 0.9137 D(G(z)): 0.2518 / 0.0216
TrainGAN: [0/1][78/938] Loss_D: 0.4328 Loss_G: 1.8004 D(x): 0.6972 D(G(z)): 0.0468 / 0.1862
TrainGAN: [0/1][79/938] Loss_D: 0.3634 Loss_G: 3.6353 D(x): 0.9506 D(G(z)): 0.2606 / 0.0307
TrainGAN: [0/1][80/938] Loss_D: 0.2310 Loss_G: 3.4785 D(x): 0.8573 D(G(z)): 0.0540 / 0.0358
TrainGAN: [0/1][81/938] Loss_D: 0.1630 Loss_G: 3.2598 D(x): 0.9240 D(G(z)): 0.0775 / 0.0456
TrainGAN: [0/1][82/938] Loss_D: 0.2349 Loss_G: 2.9896 D(x): 0.8899 D(G(z)): 0.1014 / 0.0587
TrainGAN: [0/1][83/938] Loss_D: 0.2787 Loss_G: 3.4034 D(x): 0.8893 D(G(z)): 0.1377 / 0.0413
TrainGAN: [0/1][84/938] Loss_D: 0.3280 Loss_G: 2.3400 D(x): 0.8194 D(G(z)): 0.1041 / 0.1124
TrainGAN: [0/1][85/938] Loss_D: 0.3150 Loss_G: 4.9327 D(x): 0.9379 D(G(z)): 0.2141 / 0.0096
TrainGAN: [0/1][86/938] Loss_D: 0.4111 Loss_G: 1.0969 D(x): 0.6999 D(G(z)): 0.0233 / 0.3598
TrainGAN: [0/1][87/938] Loss_D: 0.8077 Loss_G: 7.9615 D(x): 0.9812 D(G(z)): 0.5116 / 0.0005
TrainGAN: [0/1][88/938] Loss_D: 2.3385 Loss_G: 0.1926 D(x): 0.1389 D(G(z)): 0.0007 / 0.8337
TrainGAN: [0/1][89/938] Loss_D: 2.4817 Loss_G: 4.0559 D(x): 0.9936 D(G(z)): 0.8587 / 0.0273
TrainGAN: [0/1][90/938] Loss_D: 0.3820 Loss_G: 4.4444 D(x): 0.7709 D(G(z)): 0.0779 / 0.0175
TrainGAN: [0/1][91/938] Loss_D: 0.6980 Loss_G: 1.6928 D(x): 0.6022 D(G(z)): 0.0785 / 0.2272
TrainGAN: [0/1][92/938] Loss_D: 0.9467 Loss_G: 3.7936 D(x): 0.8510 D(G(z)): 0.5016 / 0.0375
TrainGAN: [0/1][93/938] Loss_D: 0.5416 Loss_G: 3.0144 D(x): 0.6649 D(G(z)): 0.0867 / 0.0725
TrainGAN: [0/1][94/938] Loss_D: 0.4846 Loss_G: 2.6103 D(x): 0.8033 D(G(z)): 0.2063 / 0.0946
TrainGAN: [0/1][95/938] Loss_D: 0.4357 Loss_G: 2.9432 D(x): 0.8104 D(G(z)): 0.1845 / 0.0624
TrainGAN: [0/1][96/938] Loss_D: 0.3538 Loss_G: 3.3593 D(x): 0.8410 D(G(z)): 0.1509 / 0.0420
TrainGAN: [0/1][97/938] Loss_D: 0.3335 Loss_G: 2.7097 D(x): 0.8067 D(G(z)): 0.0966 / 0.0807
TrainGAN: [0/1][98/938] Loss_D: 0.2279 Loss_G: 3.7360 D(x): 0.9408 D(G(z)): 0.1497 / 0.0267
TrainGAN: [0/1][99/938] Loss_D: 0.1781 Loss_G: 3.6454 D(x): 0.8974 D(G(z)): 0.0624 / 0.0315
TrainGAN: [0/1][100/938] Loss_D: 0.1820 Loss_G: 3.1688 D(x): 0.8996 D(G(z)): 0.0687 / 0.0506
TrainGAN: [0/1][101/938] Loss_D: 0.2864 Loss_G: 4.0799 D(x): 0.9228 D(G(z)): 0.1733 / 0.0222
TrainGAN: [0/1][102/938] Loss_D: 0.2505 Loss_G: 2.9293 D(x): 0.8305 D(G(z)): 0.0534 / 0.0672
TrainGAN: [0/1][103/938] Loss_D: 0.3095 Loss_G: 4.0356 D(x): 0.9252 D(G(z)): 0.1896 / 0.0217
TrainGAN: [0/1][104/938] Loss_D: 0.2692 Loss_G: 3.2973 D(x): 0.8429 D(G(z)): 0.0816 / 0.0450
TrainGAN: [0/1][105/938] Loss_D: 0.2940 Loss_G: 2.8932 D(x): 0.8644 D(G(z)): 0.1277 / 0.0666
TrainGAN: [0/1][106/938] Loss_D: 0.2480 Loss_G: 3.9791 D(x): 0.9098 D(G(z)): 0.1347 / 0.0233
TrainGAN: [0/1][107/938] Loss_D: 0.2690 Loss_G: 2.6292 D(x): 0.8410 D(G(z)): 0.0698 / 0.0907
TrainGAN: [0/1][108/938] Loss_D: 0.2979 Loss_G: 4.4898 D(x): 0.9241 D(G(z)): 0.1883 / 0.0134
TrainGAN: [0/1][109/938] Loss_D: 0.2493 Loss_G: 2.3790 D(x): 0.8196 D(G(z)): 0.0359 / 0.1147
TrainGAN: [0/1][110/938] Loss_D: 0.4050 Loss_G: 6.2149 D(x): 0.9410 D(G(z)): 0.2801 / 0.0026
TrainGAN: [0/1][111/938] Loss_D: 0.9713 Loss_G: 0.0573 D(x): 0.4284 D(G(z)): 0.0063 / 0.9458
TrainGAN: [0/1][112/938] Loss_D: 3.5151 Loss_G: 6.5277 D(x): 0.9983 D(G(z)): 0.9565 / 0.0019
TrainGAN: [0/1][113/938] Loss_D: 0.3857 Loss_G: 6.5139 D(x): 0.7119 D(G(z)): 0.0063 / 0.0022
TrainGAN: [0/1][114/938] Loss_D: 0.4636 Loss_G: 2.2960 D(x): 0.6855 D(G(z)): 0.0136 / 0.1322
TrainGAN: [0/1][115/938] Loss_D: 0.9206 Loss_G: 4.9366 D(x): 0.9566 D(G(z)): 0.5370 / 0.0091
TrainGAN: [0/1][116/938] Loss_D: 0.8287 Loss_G: 1.6047 D(x): 0.5059 D(G(z)): 0.0560 / 0.2265
TrainGAN: [0/1][117/938] Loss_D: 0.7181 Loss_G: 5.3340 D(x): 0.8983 D(G(z)): 0.4296 / 0.0062
TrainGAN: [0/1][118/938] Loss_D: 0.9553 Loss_G: 0.9981 D(x): 0.4285 D(G(z)): 0.0161 / 0.4028
TrainGAN: [0/1][119/938] Loss_D: 0.7753 Loss_G: 5.4920 D(x): 0.9807 D(G(z)): 0.5064 / 0.0051
TrainGAN: [0/1][120/938] Loss_D: 0.2060 Loss_G: 5.5065 D(x): 0.8355 D(G(z)): 0.0170 / 0.0063
TrainGAN: [0/1][121/938] Loss_D: 0.3078 Loss_G: 2.7900 D(x): 0.7675 D(G(z)): 0.0159 / 0.0776
TrainGAN: [0/1][122/938] Loss_D: 0.3776 Loss_G: 3.9148 D(x): 0.9598 D(G(z)): 0.2709 / 0.0257
TrainGAN: [0/1][123/938] Loss_D: 0.2430 Loss_G: 4.0390 D(x): 0.8839 D(G(z)): 0.1079 / 0.0215
TrainGAN: [0/1][124/938] Loss_D: 0.4372 Loss_G: 1.3633 D(x): 0.7184 D(G(z)): 0.0782 / 0.2829
TrainGAN: [0/1][125/938] Loss_D: 0.7525 Loss_G: 5.8201 D(x): 0.9222 D(G(z)): 0.4585 / 0.0036
TrainGAN: [0/1][126/938] Loss_D: 1.3498 Loss_G: 0.2912 D(x): 0.3064 D(G(z)): 0.0085 / 0.7549
TrainGAN: [0/1][127/938] Loss_D: 1.6299 Loss_G: 5.1068 D(x): 0.9924 D(G(z)): 0.7790 / 0.0074
TrainGAN: [0/1][128/938] Loss_D: 0.3168 Loss_G: 5.0476 D(x): 0.7583 D(G(z)): 0.0243 / 0.0083
TrainGAN: [0/1][129/938] Loss_D: 0.4953 Loss_G: 1.8448 D(x): 0.6490 D(G(z)): 0.0261 / 0.1933
TrainGAN: [0/1][130/938] Loss_D: 0.7122 Loss_G: 4.0412 D(x): 0.9582 D(G(z)): 0.4584 / 0.0225
TrainGAN: [0/1][131/938] Loss_D: 0.4080 Loss_G: 3.5216 D(x): 0.7464 D(G(z)): 0.0799 / 0.0393
TrainGAN: [0/1][132/938] Loss_D: 0.4301 Loss_G: 2.1658 D(x): 0.7518 D(G(z)): 0.1075 / 0.1314
TrainGAN: [0/1][133/938] Loss_D: 0.3991 Loss_G: 3.2059 D(x): 0.8635 D(G(z)): 0.2069 / 0.0476
TrainGAN: [0/1][134/938] Loss_D: 0.2823 Loss_G: 3.3405 D(x): 0.8565 D(G(z)): 0.1086 / 0.0407
TrainGAN: [0/1][135/938] Loss_D: 0.3096 Loss_G: 2.2958 D(x): 0.8212 D(G(z)): 0.0797 / 0.1149
TrainGAN: [0/1][136/938] Loss_D: 0.2965 Loss_G: 4.2150 D(x): 0.9521 D(G(z)): 0.2139 / 0.0169
TrainGAN: [0/1][137/938] Loss_D: 0.3493 Loss_G: 2.0800 D(x): 0.7459 D(G(z)): 0.0336 / 0.1372
TrainGAN: [0/1][138/938] Loss_D: 0.2774 Loss_G: 3.6387 D(x): 0.9594 D(G(z)): 0.2052 / 0.0293
TrainGAN: [0/1][139/938] Loss_D: 0.2028 Loss_G: 3.5426 D(x): 0.8833 D(G(z)): 0.0692 / 0.0348
TrainGAN: [0/1][140/938] Loss_D: 0.1915 Loss_G: 2.8635 D(x): 0.8877 D(G(z)): 0.0642 / 0.0648
TrainGAN: [0/1][141/938] Loss_D: 0.2156 Loss_G: 2.9163 D(x): 0.8982 D(G(z)): 0.0983 / 0.0610
TrainGAN: [0/1][142/938] Loss_D: 0.1768 Loss_G: 3.5524 D(x): 0.9288 D(G(z)): 0.0946 / 0.0326
TrainGAN: [0/1][143/938] Loss_D: 0.1447 Loss_G: 3.3681 D(x): 0.9171 D(G(z)): 0.0542 / 0.0398
TrainGAN: [0/1][144/938] Loss_D: 0.2012 Loss_G: 2.6054 D(x): 0.8909 D(G(z)): 0.0744 / 0.0800
TrainGAN: [0/1][145/938] Loss_D: 0.1628 Loss_G: 3.3927 D(x): 0.9380 D(G(z)): 0.0919 / 0.0375
TrainGAN: [0/1][146/938] Loss_D: 0.1916 Loss_G: 3.2459 D(x): 0.9092 D(G(z)): 0.0844 / 0.0438
TrainGAN: [0/1][147/938] Loss_D: 0.2015 Loss_G: 2.5857 D(x): 0.8888 D(G(z)): 0.0725 / 0.0841
TrainGAN: [0/1][148/938] Loss_D: 0.1959 Loss_G: 4.1267 D(x): 0.9434 D(G(z)): 0.1259 / 0.0179
TrainGAN: [0/1][149/938] Loss_D: 0.3663 Loss_G: 0.4171 D(x): 0.7434 D(G(z)): 0.0369 / 0.6720
TrainGAN: [0/1][150/938] Loss_D: 1.4318 Loss_G: 11.0517 D(x): 0.9910 D(G(z)): 0.7347 / 0.0000
TrainGAN: [0/1][151/938] Loss_D: 6.5920 Loss_G: 3.5886 D(x): 0.0025 D(G(z)): 0.0000 / 0.0555
TrainGAN: [0/1][152/938] Loss_D: 0.4386 Loss_G: 0.4591 D(x): 0.7564 D(G(z)): 0.0953 / 0.6592
TrainGAN: [0/1][153/938] Loss_D: 1.6231 Loss_G: 4.0140 D(x): 0.9874 D(G(z)): 0.7463 / 0.0243
TrainGAN: [0/1][154/938] Loss_D: 0.9427 Loss_G: 2.4458 D(x): 0.4814 D(G(z)): 0.0629 / 0.1103
TrainGAN: [0/1][155/938] Loss_D: 0.4275 Loss_G: 1.5432 D(x): 0.7936 D(G(z)): 0.1617 / 0.2329
TrainGAN: [0/1][156/938] Loss_D: 0.5885 Loss_G: 2.9666 D(x): 0.9176 D(G(z)): 0.3810 / 0.0575
TrainGAN: [0/1][157/938] Loss_D: 0.4430 Loss_G: 2.5249 D(x): 0.7321 D(G(z)): 0.0964 / 0.0935
TrainGAN: [0/1][158/938] Loss_D: 0.4400 Loss_G: 1.7760 D(x): 0.7746 D(G(z)): 0.1517 / 0.1945
TrainGAN: [0/1][159/938] Loss_D: 0.3839 Loss_G: 2.7767 D(x): 0.8940 D(G(z)): 0.2281 / 0.0737
TrainGAN: [0/1][160/938] Loss_D: 0.3502 Loss_G: 2.9812 D(x): 0.8529 D(G(z)): 0.1666 / 0.0585
TrainGAN: [0/1][161/938] Loss_D: 0.3590 Loss_G: 2.1236 D(x): 0.7710 D(G(z)): 0.0819 / 0.1352
TrainGAN: [0/1][162/938] Loss_D: 0.3450 Loss_G: 2.9684 D(x): 0.9145 D(G(z)): 0.2182 / 0.0588
TrainGAN: [0/1][163/938] Loss_D: 0.2336 Loss_G: 2.9970 D(x): 0.8594 D(G(z)): 0.0726 / 0.0583
TrainGAN: [0/1][164/938] Loss_D: 0.2622 Loss_G: 2.5602 D(x): 0.8731 D(G(z)): 0.1105 / 0.0896
TrainGAN: [0/1][165/938] Loss_D: 0.2442 Loss_G: 3.2990 D(x): 0.9277 D(G(z)): 0.1505 / 0.0431
TrainGAN: [0/1][166/938] Loss_D: 0.3032 Loss_G: 2.2234 D(x): 0.8093 D(G(z)): 0.0802 / 0.1264
TrainGAN: [0/1][167/938] Loss_D: 0.2958 Loss_G: 3.1135 D(x): 0.9108 D(G(z)): 0.1746 / 0.0508
TrainGAN: [0/1][168/938] Loss_D: 0.2694 Loss_G: 3.1163 D(x): 0.8671 D(G(z)): 0.1125 / 0.0512
TrainGAN: [0/1][169/938] Loss_D: 0.2884 Loss_G: 2.1381 D(x): 0.8278 D(G(z)): 0.0867 / 0.1295
TrainGAN: [0/1][170/938] Loss_D: 0.3433 Loss_G: 4.0846 D(x): 0.9215 D(G(z)): 0.2202 / 0.0195
TrainGAN: [0/1][171/938] Loss_D: 0.4518 Loss_G: 1.0422 D(x): 0.6754 D(G(z)): 0.0340 / 0.3876
TrainGAN: [0/1][172/938] Loss_D: 0.8327 Loss_G: 7.0213 D(x): 0.9826 D(G(z)): 0.5309 / 0.0011
TrainGAN: [0/1][173/938] Loss_D: 1.7764 Loss_G: 0.5925 D(x): 0.2048 D(G(z)): 0.0015 / 0.5880
TrainGAN: [0/1][174/938] Loss_D: 1.3011 Loss_G: 5.2563 D(x): 0.9932 D(G(z)): 0.6938 / 0.0068
TrainGAN: [0/1][175/938] Loss_D: 0.4518 Loss_G: 4.0526 D(x): 0.6830 D(G(z)): 0.0182 / 0.0251
TrainGAN: [0/1][176/938] Loss_D: 0.2830 Loss_G: 1.9886 D(x): 0.8201 D(G(z)): 0.0636 / 0.1672
TrainGAN: [0/1][177/938] Loss_D: 0.7050 Loss_G: 4.6175 D(x): 0.9342 D(G(z)): 0.4423 / 0.0119
TrainGAN: [0/1][178/938] Loss_D: 0.7423 Loss_G: 1.7846 D(x): 0.5405 D(G(z)): 0.0280 / 0.1956
TrainGAN: [0/1][179/938] Loss_D: 0.5951 Loss_G: 3.3322 D(x): 0.8941 D(G(z)): 0.3507 / 0.0450
TrainGAN: [0/1][180/938] Loss_D: 0.2846 Loss_G: 3.2179 D(x): 0.8294 D(G(z)): 0.0837 / 0.0449
TrainGAN: [0/1][181/938] Loss_D: 0.3020 Loss_G: 2.2975 D(x): 0.8263 D(G(z)): 0.0925 / 0.1191
TrainGAN: [0/1][182/938] Loss_D: 0.3473 Loss_G: 4.1007 D(x): 0.9478 D(G(z)): 0.2454 / 0.0185
TrainGAN: [0/1][183/938] Loss_D: 0.2927 Loss_G: 3.0053 D(x): 0.7873 D(G(z)): 0.0357 / 0.0556
TrainGAN: [0/1][184/938] Loss_D: 0.2022 Loss_G: 2.8444 D(x): 0.9247 D(G(z)): 0.1119 / 0.0682
TrainGAN: [0/1][185/938] Loss_D: 0.2372 Loss_G: 3.1895 D(x): 0.9055 D(G(z)): 0.1246 / 0.0469
TrainGAN: [0/1][186/938] Loss_D: 0.2067 Loss_G: 3.2911 D(x): 0.9032 D(G(z)): 0.0955 / 0.0420
TrainGAN: [0/1][187/938] Loss_D: 0.1840 Loss_G: 2.9168 D(x): 0.9000 D(G(z)): 0.0726 / 0.0593
TrainGAN: [0/1][188/938] Loss_D: 0.2113 Loss_G: 3.3718 D(x): 0.9283 D(G(z)): 0.1242 / 0.0385
TrainGAN: [0/1][189/938] Loss_D: 0.2321 Loss_G: 2.8084 D(x): 0.8706 D(G(z)): 0.0829 / 0.0686
TrainGAN: [0/1][190/938] Loss_D: 0.2318 Loss_G: 3.7574 D(x): 0.9255 D(G(z)): 0.1379 / 0.0264
TrainGAN: [0/1][191/938] Loss_D: 0.3288 Loss_G: 1.2256 D(x): 0.7695 D(G(z)): 0.0490 / 0.3284
TrainGAN: [0/1][192/938] Loss_D: 0.6899 Loss_G: 7.4449 D(x): 0.9769 D(G(z)): 0.4585 / 0.0007
TrainGAN: [0/1][193/938] Loss_D: 2.2026 Loss_G: 0.1015 D(x): 0.1341 D(G(z)): 0.0014 / 0.9061
TrainGAN: [0/1][194/938] Loss_D: 2.6756 Loss_G: 4.6239 D(x): 0.9982 D(G(z)): 0.9095 / 0.0130
TrainGAN: [0/1][195/938] Loss_D: 0.3815 Loss_G: 4.4399 D(x): 0.7339 D(G(z)): 0.0389 / 0.0186
TrainGAN: [0/1][196/938] Loss_D: 0.6476 Loss_G: 1.3833 D(x): 0.5780 D(G(z)): 0.0429 / 0.3050
TrainGAN: [0/1][197/938] Loss_D: 0.8525 Loss_G: 3.9618 D(x): 0.9758 D(G(z)): 0.4822 / 0.0267
TrainGAN: [0/1][198/938] Loss_D: 0.4012 Loss_G: 3.4952 D(x): 0.7376 D(G(z)): 0.0667 / 0.0392
TrainGAN: [0/1][199/938] Loss_D: 0.4004 Loss_G: 1.9017 D(x): 0.7611 D(G(z)): 0.0845 / 0.1774
TrainGAN: [0/1][200/938] Loss_D: 0.4653 Loss_G: 3.6944 D(x): 0.9375 D(G(z)): 0.3057 / 0.0323
TrainGAN: [0/1][201/938] Loss_D: 0.4883 Loss_G: 2.0001 D(x): 0.6861 D(G(z)): 0.0581 / 0.1593
TrainGAN: [0/1][202/938] Loss_D: 0.3757 Loss_G: 3.2883 D(x): 0.9262 D(G(z)): 0.2417 / 0.0458
TrainGAN: [0/1][203/938] Loss_D: 0.2500 Loss_G: 3.1821 D(x): 0.8533 D(G(z)): 0.0809 / 0.0480
TrainGAN: [0/1][204/938] Loss_D: 0.2550 Loss_G: 2.8499 D(x): 0.8752 D(G(z)): 0.1055 / 0.0672
TrainGAN: [0/1][205/938] Loss_D: 0.2337 Loss_G: 3.2452 D(x): 0.9141 D(G(z)): 0.1273 / 0.0462
TrainGAN: [0/1][206/938] Loss_D: 0.2219 Loss_G: 2.9323 D(x): 0.8771 D(G(z)): 0.0796 / 0.0612
TrainGAN: [0/1][207/938] Loss_D: 0.2377 Loss_G: 2.5601 D(x): 0.8841 D(G(z)): 0.1023 / 0.0849
TrainGAN: [0/1][208/938] Loss_D: 0.2590 Loss_G: 3.2102 D(x): 0.9107 D(G(z)): 0.1476 / 0.0458
TrainGAN: [0/1][209/938] Loss_D: 0.2354 Loss_G: 2.8820 D(x): 0.8704 D(G(z)): 0.0842 / 0.0625
TrainGAN: [0/1][210/938] Loss_D: 0.2536 Loss_G: 2.7735 D(x): 0.8858 D(G(z)): 0.1180 / 0.0687
TrainGAN: [0/1][211/938] Loss_D: 0.2451 Loss_G: 2.9042 D(x): 0.8813 D(G(z)): 0.1043 / 0.0620
TrainGAN: [0/1][212/938] Loss_D: 0.2495 Loss_G: 2.6268 D(x): 0.8732 D(G(z)): 0.1011 / 0.0818
TrainGAN: [0/1][213/938] Loss_D: 0.2413 Loss_G: 3.9256 D(x): 0.9327 D(G(z)): 0.1533 / 0.0226
TrainGAN: [0/1][214/938] Loss_D: 0.3120 Loss_G: 1.5919 D(x): 0.7745 D(G(z)): 0.0407 / 0.2329
TrainGAN: [0/1][215/938] Loss_D: 0.4574 Loss_G: 5.6106 D(x): 0.9732 D(G(z)): 0.3348 / 0.0042
TrainGAN: [0/1][216/938] Loss_D: 0.6103 Loss_G: 1.2597 D(x): 0.5834 D(G(z)): 0.0071 / 0.3128
TrainGAN: [0/1][217/938] Loss_D: 0.6637 Loss_G: 6.0108 D(x): 0.9858 D(G(z)): 0.4555 / 0.0029
TrainGAN: [0/1][218/938] Loss_D: 0.5197 Loss_G: 2.8566 D(x): 0.6319 D(G(z)): 0.0065 / 0.0747
TrainGAN: [0/1][219/938] Loss_D: 0.1704 Loss_G: 2.7332 D(x): 0.9691 D(G(z)): 0.1260 / 0.0799
TrainGAN: [0/1][220/938] Loss_D: 0.2624 Loss_G: 4.8459 D(x): 0.9565 D(G(z)): 0.1866 / 0.0096
TrainGAN: [0/1][221/938] Loss_D: 0.3022 Loss_G: 2.5483 D(x): 0.7750 D(G(z)): 0.0264 / 0.0966
TrainGAN: [0/1][222/938] Loss_D: 0.2416 Loss_G: 3.4715 D(x): 0.9368 D(G(z)): 0.1533 / 0.0383
TrainGAN: [0/1][223/938] Loss_D: 0.1696 Loss_G: 4.2552 D(x): 0.9339 D(G(z)): 0.0936 / 0.0177
TrainGAN: [0/1][224/938] Loss_D: 0.2273 Loss_G: 2.1663 D(x): 0.8366 D(G(z)): 0.0373 / 0.1316
TrainGAN: [0/1][225/938] Loss_D: 0.2609 Loss_G: 4.2429 D(x): 0.9566 D(G(z)): 0.1882 / 0.0172
TrainGAN: [0/1][226/938] Loss_D: 0.2805 Loss_G: 2.1429 D(x): 0.7936 D(G(z)): 0.0246 / 0.1357
TrainGAN: [0/1][227/938] Loss_D: 0.3466 Loss_G: 5.7031 D(x): 0.9800 D(G(z)): 0.2645 / 0.0040
TrainGAN: [0/1][228/938] Loss_D: 0.5248 Loss_G: 0.7639 D(x): 0.6332 D(G(z)): 0.0087 / 0.4896
TrainGAN: [0/1][229/938] Loss_D: 1.0552 Loss_G: 8.0158 D(x): 0.9924 D(G(z)): 0.6135 / 0.0004
TrainGAN: [0/1][230/938] Loss_D: 2.2072 Loss_G: 0.4751 D(x): 0.1502 D(G(z)): 0.0008 / 0.6461
TrainGAN: [0/1][231/938] Loss_D: 1.3848 Loss_G: 5.2666 D(x): 0.9961 D(G(z)): 0.7083 / 0.0080
TrainGAN: [0/1][232/938] Loss_D: 0.5072 Loss_G: 3.2711 D(x): 0.6613 D(G(z)): 0.0166 / 0.0529
TrainGAN: [0/1][233/938] Loss_D: 0.2557 Loss_G: 1.9503 D(x): 0.8677 D(G(z)): 0.0925 / 0.1720
TrainGAN: [0/1][234/938] Loss_D: 0.6281 Loss_G: 5.1326 D(x): 0.9715 D(G(z)): 0.4060 / 0.0077
TrainGAN: [0/1][235/938] Loss_D: 0.5655 Loss_G: 2.6621 D(x): 0.6102 D(G(z)): 0.0123 / 0.0825
TrainGAN: [0/1][236/938] Loss_D: 0.2917 Loss_G: 2.3961 D(x): 0.9227 D(G(z)): 0.1803 / 0.1103
TrainGAN: [0/1][237/938] Loss_D: 0.2842 Loss_G: 3.7065 D(x): 0.9223 D(G(z)): 0.1740 / 0.0309
TrainGAN: [0/1][238/938] Loss_D: 0.2579 Loss_G: 3.0707 D(x): 0.8424 D(G(z)): 0.0679 / 0.0591
TrainGAN: [0/1][239/938] Loss_D: 0.2682 Loss_G: 2.6910 D(x): 0.8798 D(G(z)): 0.1229 / 0.0789
TrainGAN: [0/1][240/938] Loss_D: 0.3355 Loss_G: 3.7271 D(x): 0.8933 D(G(z)): 0.1902 / 0.0275
TrainGAN: [0/1][241/938] Loss_D: 0.3087 Loss_G: 1.9015 D(x): 0.7813 D(G(z)): 0.0480 / 0.1643
TrainGAN: [0/1][242/938] Loss_D: 0.4397 Loss_G: 5.2991 D(x): 0.9540 D(G(z)): 0.3102 / 0.0059
TrainGAN: [0/1][243/938] Loss_D: 0.5351 Loss_G: 1.2704 D(x): 0.6107 D(G(z)): 0.0096 / 0.3127
TrainGAN: [0/1][244/938] Loss_D: 0.6272 Loss_G: 5.6234 D(x): 0.9832 D(G(z)): 0.4359 / 0.0043
TrainGAN: [0/1][245/938] Loss_D: 0.5577 Loss_G: 2.2839 D(x): 0.6037 D(G(z)): 0.0101 / 0.1247
TrainGAN: [0/1][246/938] Loss_D: 0.2757 Loss_G: 3.2735 D(x): 0.9612 D(G(z)): 0.2024 / 0.0439
TrainGAN: [0/1][247/938] Loss_D: 0.1909 Loss_G: 4.1935 D(x): 0.9203 D(G(z)): 0.0964 / 0.0197
TrainGAN: [0/1][248/938] Loss_D: 0.2523 Loss_G: 2.0831 D(x): 0.8236 D(G(z)): 0.0426 / 0.1423
TrainGAN: [0/1][249/938] Loss_D: 0.3160 Loss_G: 4.7977 D(x): 0.9689 D(G(z)): 0.2334 / 0.0100
TrainGAN: [0/1][250/938] Loss_D: 0.3313 Loss_G: 2.0702 D(x): 0.7448 D(G(z)): 0.0158 / 0.1520
TrainGAN: [0/1][251/938] Loss_D: 0.3464 Loss_G: 4.3295 D(x): 0.9764 D(G(z)): 0.2618 / 0.0154
TrainGAN: [0/1][252/938] Loss_D: 0.2466 Loss_G: 3.0739 D(x): 0.8151 D(G(z)): 0.0294 / 0.0552
TrainGAN: [0/1][253/938] Loss_D: 0.1672 Loss_G: 3.2251 D(x): 0.9452 D(G(z)): 0.1010 / 0.0493
TrainGAN: [0/1][254/938] Loss_D: 0.1547 Loss_G: 3.8114 D(x): 0.9445 D(G(z)): 0.0903 / 0.0268
TrainGAN: [0/1][255/938] Loss_D: 0.1753 Loss_G: 2.9820 D(x): 0.8918 D(G(z)): 0.0530 / 0.0642
TrainGAN: [0/1][256/938] Loss_D: 0.1785 Loss_G: 2.9802 D(x): 0.9260 D(G(z)): 0.0933 / 0.0578
TrainGAN: [0/1][257/938] Loss_D: 0.1778 Loss_G: 3.2897 D(x): 0.9216 D(G(z)): 0.0859 / 0.0438
TrainGAN: [0/1][258/938] Loss_D: 0.1819 Loss_G: 3.3320 D(x): 0.9160 D(G(z)): 0.0861 / 0.0424
TrainGAN: [0/1][259/938] Loss_D: 0.1726 Loss_G: 2.7798 D(x): 0.8999 D(G(z)): 0.0616 / 0.0737
TrainGAN: [0/1][260/938] Loss_D: 0.1520 Loss_G: 3.4942 D(x): 0.9455 D(G(z)): 0.0873 / 0.0343
TrainGAN: [0/1][261/938] Loss_D: 0.1152 Loss_G: 3.9242 D(x): 0.9493 D(G(z)): 0.0589 / 0.0248
TrainGAN: [0/1][262/938] Loss_D: 0.1813 Loss_G: 2.6462 D(x): 0.8942 D(G(z)): 0.0628 / 0.0861
TrainGAN: [0/1][263/938] Loss_D: 0.1533 Loss_G: 3.7925 D(x): 0.9506 D(G(z)): 0.0949 / 0.0270
TrainGAN: [0/1][264/938] Loss_D: 0.1666 Loss_G: 2.6197 D(x): 0.8965 D(G(z)): 0.0507 / 0.0857
TrainGAN: [0/1][265/938] Loss_D: 0.1948 Loss_G: 4.5649 D(x): 0.9615 D(G(z)): 0.1364 / 0.0136
TrainGAN: [0/1][266/938] Loss_D: 0.2443 Loss_G: 1.2731 D(x): 0.8107 D(G(z)): 0.0220 / 0.3095
TrainGAN: [0/1][267/938] Loss_D: 0.6115 Loss_G: 9.5062 D(x): 0.9877 D(G(z)): 0.4254 / 0.0001
TrainGAN: [0/1][268/938] Loss_D: 3.4379 Loss_G: 0.0325 D(x): 0.0522 D(G(z)): 0.0002 / 0.9684
TrainGAN: [0/1][269/938] Loss_D: 3.5385 Loss_G: 5.7550 D(x): 0.9991 D(G(z)): 0.9570 / 0.0086
TrainGAN: [0/1][270/938] Loss_D: 2.0150 Loss_G: 1.3236 D(x): 0.2029 D(G(z)): 0.0225 / 0.3666
TrainGAN: [0/1][271/938] Loss_D: 1.2582 Loss_G: 1.7788 D(x): 0.8509 D(G(z)): 0.5505 / 0.2346
TrainGAN: [0/1][272/938] Loss_D: 0.8572 Loss_G: 2.4109 D(x): 0.7206 D(G(z)): 0.3260 / 0.1262
TrainGAN: [0/1][273/938] Loss_D: 0.7659 Loss_G: 1.4148 D(x): 0.6200 D(G(z)): 0.2039 / 0.2716
TrainGAN: [0/1][274/938] Loss_D: 0.9765 Loss_G: 2.9461 D(x): 0.8030 D(G(z)): 0.4838 / 0.0643
TrainGAN: [0/1][275/938] Loss_D: 0.8120 Loss_G: 1.5909 D(x): 0.5464 D(G(z)): 0.1039 / 0.2312
TrainGAN: [0/1][276/938] Loss_D: 0.7976 Loss_G: 3.1400 D(x): 0.8803 D(G(z)): 0.4490 / 0.0571
TrainGAN: [0/1][277/938] Loss_D: 0.7141 Loss_G: 1.6476 D(x): 0.5929 D(G(z)): 0.1177 / 0.2210
TrainGAN: [0/1][278/938] Loss_D: 0.7558 Loss_G: 3.4650 D(x): 0.8790 D(G(z)): 0.4231 / 0.0415
TrainGAN: [0/1][279/938] Loss_D: 0.8693 Loss_G: 1.2246 D(x): 0.4978 D(G(z)): 0.0761 / 0.3291
TrainGAN: [0/1][280/938] Loss_D: 0.8423 Loss_G: 3.8864 D(x): 0.9364 D(G(z)): 0.5040 / 0.0261
TrainGAN: [0/1][281/938] Loss_D: 0.3443 Loss_G: 3.4246 D(x): 0.7924 D(G(z)): 0.0826 / 0.0454
TrainGAN: [0/1][282/938] Loss_D: 0.4205 Loss_G: 1.9945 D(x): 0.7736 D(G(z)): 0.1272 / 0.1669
TrainGAN: [0/1][283/938] Loss_D: 0.6126 Loss_G: 3.2524 D(x): 0.8343 D(G(z)): 0.3108 / 0.0484
TrainGAN: [0/1][284/938] Loss_D: 0.4921 Loss_G: 2.4252 D(x): 0.7395 D(G(z)): 0.1220 / 0.1069
TrainGAN: [0/1][285/938] Loss_D: 0.3742 Loss_G: 2.7437 D(x): 0.8413 D(G(z)): 0.1700 / 0.0749
TrainGAN: [0/1][286/938] Loss_D: 0.2963 Loss_G: 3.3825 D(x): 0.8871 D(G(z)): 0.1509 / 0.0424
TrainGAN: [0/1][287/938] Loss_D: 0.3201 Loss_G: 2.6079 D(x): 0.8307 D(G(z)): 0.1140 / 0.0861
TrainGAN: [0/1][288/938] Loss_D: 0.3024 Loss_G: 3.4794 D(x): 0.9059 D(G(z)): 0.1765 / 0.0364
TrainGAN: [0/1][289/938] Loss_D: 0.3667 Loss_G: 2.0862 D(x): 0.7816 D(G(z)): 0.0916 / 0.1406
TrainGAN: [0/1][290/938] Loss_D: 0.4122 Loss_G: 4.4080 D(x): 0.9307 D(G(z)): 0.2755 / 0.0143
TrainGAN: [0/1][291/938] Loss_D: 0.4132 Loss_G: 2.0098 D(x): 0.7090 D(G(z)): 0.0303 / 0.1579
TrainGAN: [0/1][292/938] Loss_D: 0.3608 Loss_G: 3.7128 D(x): 0.9528 D(G(z)): 0.2572 / 0.0292
TrainGAN: [0/1][293/938] Loss_D: 0.2474 Loss_G: 3.1586 D(x): 0.8489 D(G(z)): 0.0695 / 0.0536
TrainGAN: [0/1][294/938] Loss_D: 0.2360 Loss_G: 2.7351 D(x): 0.8884 D(G(z)): 0.1036 / 0.0779
TrainGAN: [0/1][295/938] Loss_D: 0.2321 Loss_G: 3.9489 D(x): 0.9401 D(G(z)): 0.1514 / 0.0226
TrainGAN: [0/1][296/938] Loss_D: 0.2282 Loss_G: 2.6091 D(x): 0.8408 D(G(z)): 0.0469 / 0.0873
TrainGAN: [0/1][297/938] Loss_D: 0.2626 Loss_G: 3.1905 D(x): 0.9096 D(G(z)): 0.1447 / 0.0491
TrainGAN: [0/1][298/938] Loss_D: 0.2755 Loss_G: 1.9296 D(x): 0.8332 D(G(z)): 0.0808 / 0.1701
TrainGAN: [0/1][299/938] Loss_D: 0.4444 Loss_G: 5.9595 D(x): 0.9532 D(G(z)): 0.3170 / 0.0030
TrainGAN: [0/1][300/938] Loss_D: 1.1631 Loss_G: 0.0620 D(x): 0.3516 D(G(z)): 0.0060 / 0.9408
TrainGAN: [0/1][301/938] Loss_D: 3.2165 Loss_G: 6.1427 D(x): 0.9977 D(G(z)): 0.9479 / 0.0031
TrainGAN: [0/1][302/938] Loss_D: 2.3500 Loss_G: 1.4389 D(x): 0.1367 D(G(z)): 0.0056 / 0.3005
TrainGAN: [0/1][303/938] Loss_D: 0.6970 Loss_G: 1.9372 D(x): 0.9208 D(G(z)): 0.4141 / 0.1808
TrainGAN: [0/1][304/938] Loss_D: 0.5413 Loss_G: 3.5650 D(x): 0.8779 D(G(z)): 0.2954 / 0.0423
TrainGAN: [0/1][305/938] Loss_D: 0.8069 Loss_G: 1.3456 D(x): 0.5386 D(G(z)): 0.0719 / 0.3031
TrainGAN: [0/1][306/938] Loss_D: 0.7371 Loss_G: 3.2464 D(x): 0.9139 D(G(z)): 0.4402 / 0.0475
TrainGAN: [0/1][307/938] Loss_D: 0.6750 Loss_G: 1.5766 D(x): 0.6030 D(G(z)): 0.0917 / 0.2344
TrainGAN: [0/1][308/938] Loss_D: 0.5169 Loss_G: 3.1304 D(x): 0.9074 D(G(z)): 0.3205 / 0.0529
TrainGAN: [0/1][309/938] Loss_D: 0.3998 Loss_G: 2.4549 D(x): 0.7562 D(G(z)): 0.0895 / 0.1024
TrainGAN: [0/1][310/938] Loss_D: 0.3686 Loss_G: 3.0581 D(x): 0.8853 D(G(z)): 0.2082 / 0.0561
TrainGAN: [0/1][311/938] Loss_D: 0.3955 Loss_G: 1.9778 D(x): 0.7673 D(G(z)): 0.1014 / 0.1586
TrainGAN: [0/1][312/938] Loss_D: 0.3331 Loss_G: 2.9241 D(x): 0.8965 D(G(z)): 0.1898 / 0.0633
TrainGAN: [0/1][313/938] Loss_D: 0.3427 Loss_G: 2.4024 D(x): 0.8226 D(G(z)): 0.1237 / 0.1070
TrainGAN: [0/1][314/938] Loss_D: 0.2660 Loss_G: 3.1039 D(x): 0.9099 D(G(z)): 0.1514 / 0.0510
TrainGAN: [0/1][315/938] Loss_D: 0.3469 Loss_G: 2.0089 D(x): 0.8037 D(G(z)): 0.1105 / 0.1463
TrainGAN: [0/1][316/938] Loss_D: 0.3465 Loss_G: 3.7007 D(x): 0.9216 D(G(z)): 0.2250 / 0.0285
TrainGAN: [0/1][317/938] Loss_D: 0.4051 Loss_G: 1.3266 D(x): 0.7207 D(G(z)): 0.0464 / 0.2983
TrainGAN: [0/1][318/938] Loss_D: 0.6299 Loss_G: 5.3774 D(x): 0.9703 D(G(z)): 0.4235 / 0.0056
TrainGAN: [0/1][319/938] Loss_D: 0.9611 Loss_G: 0.5419 D(x): 0.4318 D(G(z)): 0.0084 / 0.6013
TrainGAN: [0/1][320/938] Loss_D: 1.6186 Loss_G: 4.9257 D(x): 0.9876 D(G(z)): 0.7523 / 0.0095
TrainGAN: [0/1][321/938] Loss_D: 1.4686 Loss_G: 1.3695 D(x): 0.2657 D(G(z)): 0.0128 / 0.3085
TrainGAN: [0/1][322/938] Loss_D: 0.6360 Loss_G: 3.3255 D(x): 0.9686 D(G(z)): 0.4138 / 0.0476
TrainGAN: [0/1][323/938] Loss_D: 0.3026 Loss_G: 3.1058 D(x): 0.8109 D(G(z)): 0.0752 / 0.0541
TrainGAN: [0/1][324/938] Loss_D: 0.2515 Loss_G: 2.3569 D(x): 0.8674 D(G(z)): 0.0967 / 0.1069
TrainGAN: [0/1][325/938] Loss_D: 0.3120 Loss_G: 2.3322 D(x): 0.8740 D(G(z)): 0.1522 / 0.1089
TrainGAN: [0/1][326/938] Loss_D: 0.3131 Loss_G: 3.1686 D(x): 0.9000 D(G(z)): 0.1766 / 0.0517
TrainGAN: [0/1][327/938] Loss_D: 0.3551 Loss_G: 2.1858 D(x): 0.7941 D(G(z)): 0.1007 / 0.1312
TrainGAN: [0/1][328/938] Loss_D: 0.3431 Loss_G: 2.8562 D(x): 0.8873 D(G(z)): 0.1887 / 0.0675
TrainGAN: [0/1][329/938] Loss_D: 0.3533 Loss_G: 2.2358 D(x): 0.8176 D(G(z)): 0.1306 / 0.1253
TrainGAN: [0/1][330/938] Loss_D: 0.3016 Loss_G: 3.4741 D(x): 0.9070 D(G(z)): 0.1768 / 0.0361
TrainGAN: [0/1][331/938] Loss_D: 0.3906 Loss_G: 1.1300 D(x): 0.7352 D(G(z)): 0.0629 / 0.3599
TrainGAN: [0/1][332/938] Loss_D: 0.6077 Loss_G: 5.9409 D(x): 0.9718 D(G(z)): 0.4116 / 0.0032
TrainGAN: [0/1][333/938] Loss_D: 0.8959 Loss_G: 0.7155 D(x): 0.4463 D(G(z)): 0.0068 / 0.5189
TrainGAN: [0/1][334/938] Loss_D: 0.9929 Loss_G: 4.3915 D(x): 0.9859 D(G(z)): 0.5888 / 0.0143
TrainGAN: [0/1][335/938] Loss_D: 0.5578 Loss_G: 2.5030 D(x): 0.6100 D(G(z)): 0.0252 / 0.1020
TrainGAN: [0/1][336/938] Loss_D: 0.2919 Loss_G: 2.0381 D(x): 0.8935 D(G(z)): 0.1535 / 0.1501
TrainGAN: [0/1][337/938] Loss_D: 0.4562 Loss_G: 4.1550 D(x): 0.9254 D(G(z)): 0.2965 / 0.0188
TrainGAN: [0/1][338/938] Loss_D: 0.5979 Loss_G: 1.3034 D(x): 0.6063 D(G(z)): 0.0390 / 0.3064
TrainGAN: [0/1][339/938] Loss_D: 0.5503 Loss_G: 4.1172 D(x): 0.9447 D(G(z)): 0.3748 / 0.0185
TrainGAN: [0/1][340/938] Loss_D: 0.3933 Loss_G: 2.1271 D(x): 0.7178 D(G(z)): 0.0331 / 0.1354
TrainGAN: [0/1][341/938] Loss_D: 0.3189 Loss_G: 3.0911 D(x): 0.9284 D(G(z)): 0.2058 / 0.0535
TrainGAN: [0/1][342/938] Loss_D: 0.2403 Loss_G: 3.0726 D(x): 0.8769 D(G(z)): 0.0944 / 0.0590
TrainGAN: [0/1][343/938] Loss_D: 0.2297 Loss_G: 2.5883 D(x): 0.8724 D(G(z)): 0.0836 / 0.0900
TrainGAN: [0/1][344/938] Loss_D: 0.2649 Loss_G: 3.5521 D(x): 0.9218 D(G(z)): 0.1579 / 0.0361
TrainGAN: [0/1][345/938] Loss_D: 0.2922 Loss_G: 1.9041 D(x): 0.8072 D(G(z)): 0.0613 / 0.1805
TrainGAN: [0/1][346/938] Loss_D: 0.4177 Loss_G: 4.7937 D(x): 0.9446 D(G(z)): 0.2856 / 0.0100
TrainGAN: [0/1][347/938] Loss_D: 0.7805 Loss_G: 0.2528 D(x): 0.5029 D(G(z)): 0.0163 / 0.7927
TrainGAN: [0/1][348/938] Loss_D: 2.0747 Loss_G: 6.3308 D(x): 0.9943 D(G(z)): 0.8412 / 0.0025
TrainGAN: [0/1][349/938] Loss_D: 2.3970 Loss_G: 1.1959 D(x): 0.1139 D(G(z)): 0.0049 / 0.3441
TrainGAN: [0/1][350/938] Loss_D: 0.6477 Loss_G: 2.2843 D(x): 0.9659 D(G(z)): 0.4330 / 0.1211
TrainGAN: [0/1][351/938] Loss_D: 0.3717 Loss_G: 4.0018 D(x): 0.9001 D(G(z)): 0.2158 / 0.0246
TrainGAN: [0/1][352/938] Loss_D: 0.5399 Loss_G: 1.7773 D(x): 0.6378 D(G(z)): 0.0436 / 0.2111
TrainGAN: [0/1][353/938] Loss_D: 0.4251 Loss_G: 3.3414 D(x): 0.9483 D(G(z)): 0.2924 / 0.0461
TrainGAN: [0/1][354/938] Loss_D: 0.3441 Loss_G: 2.5146 D(x): 0.7995 D(G(z)): 0.1016 / 0.0955
TrainGAN: [0/1][355/938] Loss_D: 0.2507 Loss_G: 2.5276 D(x): 0.8868 D(G(z)): 0.1167 / 0.0930
TrainGAN: [0/1][356/938] Loss_D: 0.3432 Loss_G: 3.3127 D(x): 0.8924 D(G(z)): 0.1946 / 0.0441
TrainGAN: [0/1][357/938] Loss_D: 0.3588 Loss_G: 1.7186 D(x): 0.7685 D(G(z)): 0.0729 / 0.2149
TrainGAN: [0/1][358/938] Loss_D: 0.3789 Loss_G: 3.8923 D(x): 0.9567 D(G(z)): 0.2685 / 0.0259
TrainGAN: [0/1][359/938] Loss_D: 0.4400 Loss_G: 1.3664 D(x): 0.6962 D(G(z)): 0.0473 / 0.2866
TrainGAN: [0/1][360/938] Loss_D: 0.6688 Loss_G: 5.2027 D(x): 0.9522 D(G(z)): 0.4323 / 0.0072
TrainGAN: [0/1][361/938] Loss_D: 1.1423 Loss_G: 0.3955 D(x): 0.3845 D(G(z)): 0.0109 / 0.6875
TrainGAN: [0/1][362/938] Loss_D: 1.5338 Loss_G: 4.5367 D(x): 0.9896 D(G(z)): 0.7560 / 0.0127
TrainGAN: [0/1][363/938] Loss_D: 1.0300 Loss_G: 1.7222 D(x): 0.3989 D(G(z)): 0.0329 / 0.2067
TrainGAN: [0/1][364/938] Loss_D: 0.3828 Loss_G: 1.8457 D(x): 0.8951 D(G(z)): 0.2271 / 0.1810
TrainGAN: [0/1][365/938] Loss_D: 0.4736 Loss_G: 3.1517 D(x): 0.8962 D(G(z)): 0.2868 / 0.0521
TrainGAN: [0/1][366/938] Loss_D: 0.4442 Loss_G: 2.1613 D(x): 0.7062 D(G(z)): 0.0759 / 0.1289
TrainGAN: [0/1][367/938] Loss_D: 0.4220 Loss_G: 2.6834 D(x): 0.8727 D(G(z)): 0.2324 / 0.0786
TrainGAN: [0/1][368/938] Loss_D: 0.3465 Loss_G: 2.4959 D(x): 0.8044 D(G(z)): 0.1100 / 0.1000
TrainGAN: [0/1][369/938] Loss_D: 0.3039 Loss_G: 2.7227 D(x): 0.8599 D(G(z)): 0.1328 / 0.0825
TrainGAN: [0/1][370/938] Loss_D: 0.2491 Loss_G: 3.3198 D(x): 0.9062 D(G(z)): 0.1322 / 0.0451
TrainGAN: [0/1][371/938] Loss_D: 0.2848 Loss_G: 2.0433 D(x): 0.8239 D(G(z)): 0.0761 / 0.1504
TrainGAN: [0/1][372/938] Loss_D: 0.2823 Loss_G: 3.6774 D(x): 0.9567 D(G(z)): 0.2012 / 0.0318
TrainGAN: [0/1][373/938] Loss_D: 0.3074 Loss_G: 2.0463 D(x): 0.8012 D(G(z)): 0.0695 / 0.1557
TrainGAN: [0/1][374/938] Loss_D: 0.3201 Loss_G: 3.7750 D(x): 0.9466 D(G(z)): 0.2203 / 0.0290
TrainGAN: [0/1][375/938] Loss_D: 0.4328 Loss_G: 1.1556 D(x): 0.7076 D(G(z)): 0.0577 / 0.3456
TrainGAN: [0/1][376/938] Loss_D: 0.5320 Loss_G: 5.3590 D(x): 0.9740 D(G(z)): 0.3785 / 0.0057
TrainGAN: [0/1][377/938] Loss_D: 1.0056 Loss_G: 0.2347 D(x): 0.4119 D(G(z)): 0.0130 / 0.8009
TrainGAN: [0/1][378/938] Loss_D: 1.5564 Loss_G: 4.8820 D(x): 0.9915 D(G(z)): 0.7576 / 0.0091
TrainGAN: [0/1][379/938] Loss_D: 1.4913 Loss_G: 1.0262 D(x): 0.2729 D(G(z)): 0.0279 / 0.3901
TrainGAN: [0/1][380/938] Loss_D: 0.9790 Loss_G: 2.5356 D(x): 0.8824 D(G(z)): 0.5339 / 0.0972
TrainGAN: [0/1][381/938] Loss_D: 0.6394 Loss_G: 2.0487 D(x): 0.6438 D(G(z)): 0.1429 / 0.1608
TrainGAN: [0/1][382/938] Loss_D: 0.4863 Loss_G: 2.5048 D(x): 0.8417 D(G(z)): 0.2531 / 0.0924
TrainGAN: [0/1][383/938] Loss_D: 0.4614 Loss_G: 2.3185 D(x): 0.7646 D(G(z)): 0.1606 / 0.1111
TrainGAN: [0/1][384/938] Loss_D: 0.4448 Loss_G: 2.4470 D(x): 0.8050 D(G(z)): 0.1788 / 0.1077
TrainGAN: [0/1][385/938] Loss_D: 0.3668 Loss_G: 3.0052 D(x): 0.8606 D(G(z)): 0.1820 / 0.0598
TrainGAN: [0/1][386/938] Loss_D: 0.3247 Loss_G: 2.2771 D(x): 0.8168 D(G(z)): 0.1053 / 0.1136
TrainGAN: [0/1][387/938] Loss_D: 0.3071 Loss_G: 2.8783 D(x): 0.8898 D(G(z)): 0.1669 / 0.0645
TrainGAN: [0/1][388/938] Loss_D: 0.2866 Loss_G: 2.5715 D(x): 0.8568 D(G(z)): 0.1158 / 0.0876
TrainGAN: [0/1][389/938] Loss_D: 0.2718 Loss_G: 2.3896 D(x): 0.8679 D(G(z)): 0.1155 / 0.1102
TrainGAN: [0/1][390/938] Loss_D: 0.2538 Loss_G: 3.5022 D(x): 0.9232 D(G(z)): 0.1530 / 0.0365
TrainGAN: [0/1][391/938] Loss_D: 0.2928 Loss_G: 2.2308 D(x): 0.8288 D(G(z)): 0.0881 / 0.1334
TrainGAN: [0/1][392/938] Loss_D: 0.2675 Loss_G: 2.5016 D(x): 0.8826 D(G(z)): 0.1255 / 0.0977
TrainGAN: [0/1][393/938] Loss_D: 0.3138 Loss_G: 4.1858 D(x): 0.9178 D(G(z)): 0.1915 / 0.0182
TrainGAN: [0/1][394/938] Loss_D: 0.3995 Loss_G: 0.7447 D(x): 0.7113 D(G(z)): 0.0275 / 0.4981
TrainGAN: [0/1][395/938] Loss_D: 1.0951 Loss_G: 7.0160 D(x): 0.9815 D(G(z)): 0.6263 / 0.0011
TrainGAN: [0/1][396/938] Loss_D: 2.4858 Loss_G: 0.5162 D(x): 0.1175 D(G(z)): 0.0018 / 0.6210
TrainGAN: [0/1][397/938] Loss_D: 1.1854 Loss_G: 3.0542 D(x): 0.9857 D(G(z)): 0.6473 / 0.0619
TrainGAN: [0/1][398/938] Loss_D: 0.5478 Loss_G: 2.6821 D(x): 0.7209 D(G(z)): 0.1658 / 0.0769
TrainGAN: [0/1][399/938] Loss_D: 0.5097 Loss_G: 1.6260 D(x): 0.7206 D(G(z)): 0.1343 / 0.2264
TrainGAN: [0/1][400/938] Loss_D: 0.5286 Loss_G: 2.2453 D(x): 0.8437 D(G(z)): 0.2790 / 0.1208
TrainGAN: [0/1][401/938] Loss_D: 0.5113 Loss_G: 2.5016 D(x): 0.7897 D(G(z)): 0.2234 / 0.0936
TrainGAN: [0/1][402/938] Loss_D: 0.5707 Loss_G: 1.3627 D(x): 0.6918 D(G(z)): 0.1551 / 0.2818
TrainGAN: [0/1][403/938] Loss_D: 0.4874 Loss_G: 3.9022 D(x): 0.9005 D(G(z)): 0.3044 / 0.0236
TrainGAN: [0/1][404/938] Loss_D: 0.5137 Loss_G: 1.0591 D(x): 0.6658 D(G(z)): 0.0629 / 0.3798
TrainGAN: [0/1][405/938] Loss_D: 0.6071 Loss_G: 4.1270 D(x): 0.9543 D(G(z)): 0.3996 / 0.0201
TrainGAN: [0/1][406/938] Loss_D: 0.5294 Loss_G: 2.0039 D(x): 0.6598 D(G(z)): 0.0639 / 0.1589
TrainGAN: [0/1][407/938] Loss_D: 0.4572 Loss_G: 3.2114 D(x): 0.9150 D(G(z)): 0.2975 / 0.0454
TrainGAN: [0/1][408/938] Loss_D: 0.4939 Loss_G: 1.8872 D(x): 0.7111 D(G(z)): 0.1169 / 0.1794
TrainGAN: [0/1][409/938] Loss_D: 0.3950 Loss_G: 3.5819 D(x): 0.8954 D(G(z)): 0.2350 / 0.0327
TrainGAN: [0/1][410/938] Loss_D: 0.3703 Loss_G: 1.4791 D(x): 0.7534 D(G(z)): 0.0708 / 0.2496
TrainGAN: [0/1][411/938] Loss_D: 0.5431 Loss_G: 4.8073 D(x): 0.9398 D(G(z)): 0.3503 / 0.0113
TrainGAN: [0/1][412/938] Loss_D: 0.6178 Loss_G: 0.6736 D(x): 0.5721 D(G(z)): 0.0178 / 0.5339
TrainGAN: [0/1][413/938] Loss_D: 0.8565 Loss_G: 4.7256 D(x): 0.9784 D(G(z)): 0.5351 / 0.0109
TrainGAN: [0/1][414/938] Loss_D: 0.8631 Loss_G: 1.2911 D(x): 0.4700 D(G(z)): 0.0234 / 0.3024
TrainGAN: [0/1][415/938] Loss_D: 0.6689 Loss_G: 3.7496 D(x): 0.9764 D(G(z)): 0.4443 / 0.0284
TrainGAN: [0/1][416/938] Loss_D: 0.5169 Loss_G: 1.9337 D(x): 0.6711 D(G(z)): 0.0816 / 0.1744
TrainGAN: [0/1][417/938] Loss_D: 0.3973 Loss_G: 2.8815 D(x): 0.8763 D(G(z)): 0.2222 / 0.0628
TrainGAN: [0/1][418/938] Loss_D: 0.3861 Loss_G: 2.4861 D(x): 0.7813 D(G(z)): 0.1186 / 0.1061
TrainGAN: [0/1][419/938] Loss_D: 0.3548 Loss_G: 3.4871 D(x): 0.8758 D(G(z)): 0.1807 / 0.0397
TrainGAN: [0/1][420/938] Loss_D: 0.3628 Loss_G: 1.0289 D(x): 0.7637 D(G(z)): 0.0684 / 0.3845
TrainGAN: [0/1][421/938] Loss_D: 0.6441 Loss_G: 5.7462 D(x): 0.9733 D(G(z)): 0.4348 / 0.0041
TrainGAN: [0/1][422/938] Loss_D: 0.8043 Loss_G: 0.8165 D(x): 0.4850 D(G(z)): 0.0100 / 0.4673
TrainGAN: [0/1][423/938] Loss_D: 0.8815 Loss_G: 4.8563 D(x): 0.9834 D(G(z)): 0.5501 / 0.0097
TrainGAN: [0/1][424/938] Loss_D: 1.0345 Loss_G: 0.6899 D(x): 0.4041 D(G(z)): 0.0299 / 0.5423
TrainGAN: [0/1][425/938] Loss_D: 1.0561 Loss_G: 4.5751 D(x): 0.9722 D(G(z)): 0.6012 / 0.0130
TrainGAN: [0/1][426/938] Loss_D: 1.1757 Loss_G: 0.5073 D(x): 0.3621 D(G(z)): 0.0270 / 0.6338
TrainGAN: [0/1][427/938] Loss_D: 1.4230 Loss_G: 4.0003 D(x): 0.9714 D(G(z)): 0.7040 / 0.0231
TrainGAN: [0/1][428/938] Loss_D: 0.8491 Loss_G: 2.1483 D(x): 0.4999 D(G(z)): 0.0408 / 0.1460
TrainGAN: [0/1][429/938] Loss_D: 0.4602 Loss_G: 1.7383 D(x): 0.8380 D(G(z)): 0.2279 / 0.2083
TrainGAN: [0/1][430/938] Loss_D: 0.4436 Loss_G: 2.9383 D(x): 0.8825 D(G(z)): 0.2514 / 0.0652
TrainGAN: [0/1][431/938] Loss_D: 0.3764 Loss_G: 2.3076 D(x): 0.7792 D(G(z)): 0.1017 / 0.1221
TrainGAN: [0/1][432/938] Loss_D: 0.4038 Loss_G: 2.2706 D(x): 0.8415 D(G(z)): 0.1854 / 0.1211
TrainGAN: [0/1][433/938] Loss_D: 0.3125 Loss_G: 3.1170 D(x): 0.8917 D(G(z)): 0.1683 / 0.0560
TrainGAN: [0/1][434/938] Loss_D: 0.4202 Loss_G: 1.2265 D(x): 0.7229 D(G(z)): 0.0602 / 0.3347
TrainGAN: [0/1][435/938] Loss_D: 0.8606 Loss_G: 4.9072 D(x): 0.9570 D(G(z)): 0.5331 / 0.0090
TrainGAN: [0/1][436/938] Loss_D: 1.1742 Loss_G: 0.9545 D(x): 0.3644 D(G(z)): 0.0106 / 0.4209
TrainGAN: [0/1][437/938] Loss_D: 0.8100 Loss_G: 3.3711 D(x): 0.9670 D(G(z)): 0.5059 / 0.0425
TrainGAN: [0/1][438/938] Loss_D: 0.3587 Loss_G: 3.0489 D(x): 0.7627 D(G(z)): 0.0655 / 0.0647
TrainGAN: [0/1][439/938] Loss_D: 0.4063 Loss_G: 1.8760 D(x): 0.7882 D(G(z)): 0.1360 / 0.1829
TrainGAN: [0/1][440/938] Loss_D: 0.4245 Loss_G: 2.6655 D(x): 0.8649 D(G(z)): 0.2142 / 0.0856
TrainGAN: [0/1][441/938] Loss_D: 0.3484 Loss_G: 2.1349 D(x): 0.8164 D(G(z)): 0.1189 / 0.1343
TrainGAN: [0/1][442/938] Loss_D: 0.3267 Loss_G: 2.5785 D(x): 0.8751 D(G(z)): 0.1677 / 0.0862
TrainGAN: [0/1][443/938] Loss_D: 0.4101 Loss_G: 2.3198 D(x): 0.8201 D(G(z)): 0.1737 / 0.1176
TrainGAN: [0/1][444/938] Loss_D: 0.3243 Loss_G: 2.5400 D(x): 0.8532 D(G(z)): 0.1401 / 0.0931
TrainGAN: [0/1][445/938] Loss_D: 0.2417 Loss_G: 2.4160 D(x): 0.8730 D(G(z)): 0.0921 / 0.1000
TrainGAN: [0/1][446/938] Loss_D: 0.2731 Loss_G: 3.2584 D(x): 0.8943 D(G(z)): 0.1433 / 0.0479
TrainGAN: [0/1][447/938] Loss_D: 0.3841 Loss_G: 0.9462 D(x): 0.7715 D(G(z)): 0.0953 / 0.4031
TrainGAN: [0/1][448/938] Loss_D: 0.7959 Loss_G: 5.7339 D(x): 0.9723 D(G(z)): 0.5122 / 0.0041
TrainGAN: [0/1][449/938] Loss_D: 1.7742 Loss_G: 0.3525 D(x): 0.2257 D(G(z)): 0.0081 / 0.7267
TrainGAN: [0/1][450/938] Loss_D: 1.4452 Loss_G: 6.6720 D(x): 0.9871 D(G(z)): 0.7305 / 0.0017
TrainGAN: [0/1][451/938] Loss_D: 2.2080 Loss_G: 0.3801 D(x): 0.1665 D(G(z)): 0.0054 / 0.7117
TrainGAN: [0/1][452/938] Loss_D: 1.5555 Loss_G: 3.0427 D(x): 0.9820 D(G(z)): 0.7507 / 0.0605
TrainGAN: [0/1][453/938] Loss_D: 1.1411 Loss_G: 1.4703 D(x): 0.4042 D(G(z)): 0.0714 / 0.2490
TrainGAN: [0/1][454/938] Loss_D: 0.7155 Loss_G: 1.3724 D(x): 0.8001 D(G(z)): 0.3603 / 0.2757
TrainGAN: [0/1][455/938] Loss_D: 0.8335 Loss_G: 1.6165 D(x): 0.7021 D(G(z)): 0.3513 / 0.2142
TrainGAN: [0/1][456/938] Loss_D: 0.7491 Loss_G: 1.6416 D(x): 0.6994 D(G(z)): 0.2890 / 0.2160
TrainGAN: [0/1][457/938] Loss_D: 0.9623 Loss_G: 1.1231 D(x): 0.5870 D(G(z)): 0.3074 / 0.3549
TrainGAN: [0/1][458/938] Loss_D: 0.8833 Loss_G: 2.3149 D(x): 0.8309 D(G(z)): 0.4735 / 0.1153
TrainGAN: [0/1][459/938] Loss_D: 0.9522 Loss_G: 1.1450 D(x): 0.4956 D(G(z)): 0.1433 / 0.3482
TrainGAN: [0/1][460/938] Loss_D: 0.8807 Loss_G: 2.2991 D(x): 0.8604 D(G(z)): 0.4803 / 0.1223
TrainGAN: [0/1][461/938] Loss_D: 0.7722 Loss_G: 1.5381 D(x): 0.5903 D(G(z)): 0.1737 / 0.2352
TrainGAN: [0/1][462/938] Loss_D: 0.6850 Loss_G: 1.9866 D(x): 0.7958 D(G(z)): 0.3371 / 0.1683
TrainGAN: [0/1][463/938] Loss_D: 0.7154 Loss_G: 1.7142 D(x): 0.6834 D(G(z)): 0.2520 / 0.2101
TrainGAN: [0/1][464/938] Loss_D: 0.7174 Loss_G: 1.5566 D(x): 0.6969 D(G(z)): 0.2623 / 0.2430
TrainGAN: [0/1][465/938] Loss_D: 0.8376 Loss_G: 2.2203 D(x): 0.7475 D(G(z)): 0.3869 / 0.1284
TrainGAN: [0/1][466/938] Loss_D: 0.6879 Loss_G: 1.5153 D(x): 0.6479 D(G(z)): 0.1775 / 0.2489
TrainGAN: [0/1][467/938] Loss_D: 0.6282 Loss_G: 2.2003 D(x): 0.8145 D(G(z)): 0.3243 / 0.1234
TrainGAN: [0/1][468/938] Loss_D: 0.5558 Loss_G: 2.1653 D(x): 0.7535 D(G(z)): 0.2126 / 0.1369
TrainGAN: [0/1][469/938] Loss_D: 0.6587 Loss_G: 1.3802 D(x): 0.6828 D(G(z)): 0.2112 / 0.2795
TrainGAN: [0/1][470/938] Loss_D: 0.5181 Loss_G: 3.0205 D(x): 0.8830 D(G(z)): 0.3095 / 0.0551
TrainGAN: [0/1][471/938] Loss_D: 0.4871 Loss_G: 1.6904 D(x): 0.6966 D(G(z)): 0.0965 / 0.2059
TrainGAN: [0/1][472/938] Loss_D: 0.5125 Loss_G: 2.9944 D(x): 0.8943 D(G(z)): 0.3096 / 0.0621
TrainGAN: [0/1][473/938] Loss_D: 0.4653 Loss_G: 1.7600 D(x): 0.7282 D(G(z)): 0.1092 / 0.1965
TrainGAN: [0/1][474/938] Loss_D: 0.5885 Loss_G: 3.0427 D(x): 0.8567 D(G(z)): 0.3321 / 0.0562
TrainGAN: [0/1][475/938] Loss_D: 0.6365 Loss_G: 0.8553 D(x): 0.6099 D(G(z)): 0.0883 / 0.4487
TrainGAN: [0/1][476/938] Loss_D: 0.8792 Loss_G: 4.9064 D(x): 0.9393 D(G(z)): 0.5255 / 0.0100
TrainGAN: [0/1][477/938] Loss_D: 1.1245 Loss_G: 0.9281 D(x): 0.3744 D(G(z)): 0.0221 / 0.4382
TrainGAN: [0/1][478/938] Loss_D: 0.8382 Loss_G: 3.3777 D(x): 0.9567 D(G(z)): 0.5010 / 0.0426
TrainGAN: [0/1][479/938] Loss_D: 0.4986 Loss_G: 2.4018 D(x): 0.7180 D(G(z)): 0.1238 / 0.1108
TrainGAN: [0/1][480/938] Loss_D: 0.5745 Loss_G: 1.5752 D(x): 0.7330 D(G(z)): 0.2026 / 0.2320
TrainGAN: [0/1][481/938] Loss_D: 0.5871 Loss_G: 3.9657 D(x): 0.8677 D(G(z)): 0.3310 / 0.0246
TrainGAN: [0/1][482/938] Loss_D: 0.7381 Loss_G: 0.5418 D(x): 0.5432 D(G(z)): 0.0611 / 0.6154
TrainGAN: [0/1][483/938] Loss_D: 1.1493 Loss_G: 4.6388 D(x): 0.9701 D(G(z)): 0.6408 / 0.0128
TrainGAN: [0/1][484/938] Loss_D: 0.8091 Loss_G: 1.9281 D(x): 0.5046 D(G(z)): 0.0395 / 0.1768
TrainGAN: [0/1][485/938] Loss_D: 0.5326 Loss_G: 1.7401 D(x): 0.8309 D(G(z)): 0.2751 / 0.2004
TrainGAN: [0/1][486/938] Loss_D: 0.5416 Loss_G: 3.5559 D(x): 0.8847 D(G(z)): 0.3214 / 0.0349
TrainGAN: [0/1][487/938] Loss_D: 0.9230 Loss_G: 0.6231 D(x): 0.4761 D(G(z)): 0.0775 / 0.5621
TrainGAN: [0/1][488/938] Loss_D: 0.9189 Loss_G: 3.4870 D(x): 0.9408 D(G(z)): 0.5452 / 0.0359
TrainGAN: [0/1][489/938] Loss_D: 0.6621 Loss_G: 1.7823 D(x): 0.6057 D(G(z)): 0.0964 / 0.1840
TrainGAN: [0/1][490/938] Loss_D: 0.4735 Loss_G: 1.8666 D(x): 0.8263 D(G(z)): 0.2310 / 0.1772
TrainGAN: [0/1][491/938] Loss_D: 0.5097 Loss_G: 2.4385 D(x): 0.8265 D(G(z)): 0.2614 / 0.0992
TrainGAN: [0/1][492/938] Loss_D: 0.4626 Loss_G: 2.0071 D(x): 0.7580 D(G(z)): 0.1550 / 0.1549
TrainGAN: [0/1][493/938] Loss_D: 0.5257 Loss_G: 1.6990 D(x): 0.7575 D(G(z)): 0.2012 / 0.1981
TrainGAN: [0/1][494/938] Loss_D: 0.3693 Loss_G: 3.4720 D(x): 0.9046 D(G(z)): 0.2287 / 0.0364
TrainGAN: [0/1][495/938] Loss_D: 0.3634 Loss_G: 1.8982 D(x): 0.7654 D(G(z)): 0.0721 / 0.1743
TrainGAN: [0/1][496/938] Loss_D: 0.5187 Loss_G: 3.3140 D(x): 0.8871 D(G(z)): 0.3045 / 0.0444
TrainGAN: [0/1][497/938] Loss_D: 0.6500 Loss_G: 0.5733 D(x): 0.5835 D(G(z)): 0.0546 / 0.5969
TrainGAN: [0/1][498/938] Loss_D: 1.2509 Loss_G: 5.6073 D(x): 0.9821 D(G(z)): 0.6773 / 0.0049
TrainGAN: [0/1][499/938] Loss_D: 1.7718 Loss_G: 0.8467 D(x): 0.2161 D(G(z)): 0.0095 / 0.4839
TrainGAN: [0/1][500/938] Loss_D: 1.0616 Loss_G: 2.9417 D(x): 0.9570 D(G(z)): 0.5659 / 0.0738
TrainGAN: [0/1][501/938] Loss_D: 0.4323 Loss_G: 2.7037 D(x): 0.7559 D(G(z)): 0.1154 / 0.0800
TrainGAN: [0/1][502/938] Loss_D: 0.6114 Loss_G: 1.2542 D(x): 0.6901 D(G(z)): 0.1574 / 0.3239
TrainGAN: [0/1][503/938] Loss_D: 0.6724 Loss_G: 2.9175 D(x): 0.8929 D(G(z)): 0.3905 / 0.0655
TrainGAN: [0/1][504/938] Loss_D: 0.8140 Loss_G: 0.9788 D(x): 0.5343 D(G(z)): 0.1134 / 0.4120
TrainGAN: [0/1][505/938] Loss_D: 0.7018 Loss_G: 3.0286 D(x): 0.9041 D(G(z)): 0.4196 / 0.0575
TrainGAN: [0/1][506/938] Loss_D: 0.4884 Loss_G: 1.9574 D(x): 0.6999 D(G(z)): 0.0949 / 0.1601
TrainGAN: [0/1][507/938] Loss_D: 0.5003 Loss_G: 2.0458 D(x): 0.8114 D(G(z)): 0.2353 / 0.1480
TrainGAN: [0/1][508/938] Loss_D: 0.3969 Loss_G: 2.8550 D(x): 0.8619 D(G(z)): 0.2031 / 0.0684
TrainGAN: [0/1][509/938] Loss_D: 0.4393 Loss_G: 1.6397 D(x): 0.7482 D(G(z)): 0.1185 / 0.2190
TrainGAN: [0/1][510/938] Loss_D: 0.5594 Loss_G: 3.7243 D(x): 0.9064 D(G(z)): 0.3434 / 0.0300
TrainGAN: [0/1][511/938] Loss_D: 0.7306 Loss_G: 0.7430 D(x): 0.5398 D(G(z)): 0.0438 / 0.5005
TrainGAN: [0/1][512/938] Loss_D: 0.9332 Loss_G: 3.7190 D(x): 0.9571 D(G(z)): 0.5545 / 0.0294
TrainGAN: [0/1][513/938] Loss_D: 0.9090 Loss_G: 1.2251 D(x): 0.4737 D(G(z)): 0.0490 / 0.3239
TrainGAN: [0/1][514/938] Loss_D: 0.7072 Loss_G: 2.9626 D(x): 0.9193 D(G(z)): 0.4392 / 0.0622
TrainGAN: [0/1][515/938] Loss_D: 0.6102 Loss_G: 1.4755 D(x): 0.6391 D(G(z)): 0.1089 / 0.2518
TrainGAN: [0/1][516/938] Loss_D: 0.5503 Loss_G: 2.1946 D(x): 0.8408 D(G(z)): 0.2935 / 0.1292
TrainGAN: [0/1][517/938] Loss_D: 0.3855 Loss_G: 2.4396 D(x): 0.8205 D(G(z)): 0.1603 / 0.1031
TrainGAN: [0/1][518/938] Loss_D: 0.4479 Loss_G: 2.0306 D(x): 0.8047 D(G(z)): 0.1894 / 0.1531
TrainGAN: [0/1][519/938] Loss_D: 0.3413 Loss_G: 2.1661 D(x): 0.8440 D(G(z)): 0.1467 / 0.1334
TrainGAN: [0/1][520/938] Loss_D: 0.4593 Loss_G: 2.4677 D(x): 0.8181 D(G(z)): 0.2132 / 0.0978
TrainGAN: [0/1][521/938] Loss_D: 0.4119 Loss_G: 1.8472 D(x): 0.7797 D(G(z)): 0.1364 / 0.1838
TrainGAN: [0/1][522/938] Loss_D: 0.4352 Loss_G: 3.9082 D(x): 0.9059 D(G(z)): 0.2710 / 0.0234
TrainGAN: [0/1][523/938] Loss_D: 0.9918 Loss_G: 0.1790 D(x): 0.4199 D(G(z)): 0.0308 / 0.8418
TrainGAN: [0/1][524/938] Loss_D: 2.0598 Loss_G: 5.5692 D(x): 0.9859 D(G(z)): 0.8471 / 0.0050
TrainGAN: [0/1][525/938] Loss_D: 2.6014 Loss_G: 1.0672 D(x): 0.1100 D(G(z)): 0.0124 / 0.3924
TrainGAN: [0/1][526/938] Loss_D: 0.9362 Loss_G: 1.2220 D(x): 0.8244 D(G(z)): 0.4699 / 0.3201
TrainGAN: [0/1][527/938] Loss_D: 0.9692 Loss_G: 2.2849 D(x): 0.7587 D(G(z)): 0.4618 / 0.1210
TrainGAN: [0/1][528/938] Loss_D: 0.9350 Loss_G: 1.1093 D(x): 0.4893 D(G(z)): 0.1396 / 0.3666
TrainGAN: [0/1][529/938] Loss_D: 0.9634 Loss_G: 2.0797 D(x): 0.8471 D(G(z)): 0.5210 / 0.1437
TrainGAN: [0/1][530/938] Loss_D: 0.7346 Loss_G: 1.8099 D(x): 0.6379 D(G(z)): 0.2066 / 0.1840
TrainGAN: [0/1][531/938] Loss_D: 0.9983 Loss_G: 0.8352 D(x): 0.5201 D(G(z)): 0.2412 / 0.4799
TrainGAN: [0/1][532/938] Loss_D: 1.1745 Loss_G: 3.2735 D(x): 0.8871 D(G(z)): 0.6097 / 0.0500
TrainGAN: [0/1][533/938] Loss_D: 0.9415 Loss_G: 1.5002 D(x): 0.4703 D(G(z)): 0.0832 / 0.2629
TrainGAN: [0/1][534/938] Loss_D: 0.6751 Loss_G: 1.6316 D(x): 0.7998 D(G(z)): 0.3314 / 0.2322
TrainGAN: [0/1][535/938] Loss_D: 0.7807 Loss_G: 2.5764 D(x): 0.7763 D(G(z)): 0.3649 / 0.0862
TrainGAN: [0/1][536/938] Loss_D: 0.7672 Loss_G: 1.1851 D(x): 0.5723 D(G(z)): 0.1405 / 0.3343
TrainGAN: [0/1][537/938] Loss_D: 0.7084 Loss_G: 3.0626 D(x): 0.8888 D(G(z)): 0.4194 / 0.0551
TrainGAN: [0/1][538/938] Loss_D: 0.6925 Loss_G: 1.2869 D(x): 0.5931 D(G(z)): 0.1183 / 0.3112
TrainGAN: [0/1][539/938] Loss_D: 0.7611 Loss_G: 3.1697 D(x): 0.8709 D(G(z)): 0.4309 / 0.0509
TrainGAN: [0/1][540/938] Loss_D: 0.6193 Loss_G: 1.3602 D(x): 0.6291 D(G(z)): 0.0946 / 0.2889
TrainGAN: [0/1][541/938] Loss_D: 0.6800 Loss_G: 3.2139 D(x): 0.8759 D(G(z)): 0.3958 / 0.0471
TrainGAN: [0/1][542/938] Loss_D: 0.8921 Loss_G: 0.4271 D(x): 0.4771 D(G(z)): 0.0741 / 0.6654
TrainGAN: [0/1][543/938] Loss_D: 1.2990 Loss_G: 4.0903 D(x): 0.9686 D(G(z)): 0.6871 / 0.0207
TrainGAN: [0/1][544/938] Loss_D: 0.8846 Loss_G: 1.7157 D(x): 0.4708 D(G(z)): 0.0485 / 0.2223
TrainGAN: [0/1][545/938] Loss_D: 0.6691 Loss_G: 2.3117 D(x): 0.8666 D(G(z)): 0.3786 / 0.1191
TrainGAN: [0/1][546/938] Loss_D: 0.5701 Loss_G: 2.0607 D(x): 0.7148 D(G(z)): 0.1753 / 0.1581
TrainGAN: [0/1][547/938] Loss_D: 0.6182 Loss_G: 2.1441 D(x): 0.7571 D(G(z)): 0.2631 / 0.1375
TrainGAN: [0/1][548/938] Loss_D: 0.6141 Loss_G: 1.6701 D(x): 0.7327 D(G(z)): 0.2367 / 0.2092
TrainGAN: [0/1][549/938] Loss_D: 0.5770 Loss_G: 2.1558 D(x): 0.7722 D(G(z)): 0.2515 / 0.1351
TrainGAN: [0/1][550/938] Loss_D: 0.4918 Loss_G: 1.7854 D(x): 0.7721 D(G(z)): 0.1909 / 0.1803
TrainGAN: [0/1][551/938] Loss_D: 0.5038 Loss_G: 3.0618 D(x): 0.8585 D(G(z)): 0.2794 / 0.0538
TrainGAN: [0/1][552/938] Loss_D: 0.6717 Loss_G: 0.6257 D(x): 0.6005 D(G(z)): 0.1055 / 0.5504
TrainGAN: [0/1][553/938] Loss_D: 0.9011 Loss_G: 3.7022 D(x): 0.9443 D(G(z)): 0.5408 / 0.0297
TrainGAN: [0/1][554/938] Loss_D: 0.9743 Loss_G: 1.0698 D(x): 0.4207 D(G(z)): 0.0535 / 0.3821
TrainGAN: [0/1][555/938] Loss_D: 0.7291 Loss_G: 2.7506 D(x): 0.9225 D(G(z)): 0.4459 / 0.0797
TrainGAN: [0/1][556/938] Loss_D: 0.5797 Loss_G: 1.8636 D(x): 0.6875 D(G(z)): 0.1519 / 0.1779
TrainGAN: [0/1][557/938] Loss_D: 0.5090 Loss_G: 2.0412 D(x): 0.8031 D(G(z)): 0.2265 / 0.1481
TrainGAN: [0/1][558/938] Loss_D: 0.5631 Loss_G: 2.0457 D(x): 0.7743 D(G(z)): 0.2438 / 0.1418
TrainGAN: [0/1][559/938] Loss_D: 0.5276 Loss_G: 1.4431 D(x): 0.7363 D(G(z)): 0.1763 / 0.2566
TrainGAN: [0/1][560/938] Loss_D: 0.5813 Loss_G: 3.8351 D(x): 0.9071 D(G(z)): 0.3641 / 0.0268
TrainGAN: [0/1][561/938] Loss_D: 0.8915 Loss_G: 0.4420 D(x): 0.4896 D(G(z)): 0.0636 / 0.6591
TrainGAN: [0/1][562/938] Loss_D: 1.1962 Loss_G: 4.2553 D(x): 0.9539 D(G(z)): 0.6436 / 0.0177
TrainGAN: [0/1][563/938] Loss_D: 1.4761 Loss_G: 0.5532 D(x): 0.2844 D(G(z)): 0.0273 / 0.5976
TrainGAN: [0/1][564/938] Loss_D: 1.3587 Loss_G: 3.5223 D(x): 0.9491 D(G(z)): 0.6909 / 0.0362
TrainGAN: [0/1][565/938] Loss_D: 0.7478 Loss_G: 1.9006 D(x): 0.5293 D(G(z)): 0.0497 / 0.1777
TrainGAN: [0/1][566/938] Loss_D: 0.5169 Loss_G: 1.6335 D(x): 0.7987 D(G(z)): 0.2333 / 0.2280
TrainGAN: [0/1][567/938] Loss_D: 0.7022 Loss_G: 2.5093 D(x): 0.8085 D(G(z)): 0.3572 / 0.0959
TrainGAN: [0/1][568/938] Loss_D: 0.7468 Loss_G: 0.8691 D(x): 0.5941 D(G(z)): 0.1409 / 0.4447
TrainGAN: [0/1][569/938] Loss_D: 0.8742 Loss_G: 3.0876 D(x): 0.9281 D(G(z)): 0.5197 / 0.0529
TrainGAN: [0/1][570/938] Loss_D: 0.8320 Loss_G: 1.4936 D(x): 0.5218 D(G(z)): 0.1049 / 0.2564
TrainGAN: [0/1][571/938] Loss_D: 0.6787 Loss_G: 1.8304 D(x): 0.8085 D(G(z)): 0.3446 / 0.1836
TrainGAN: [0/1][572/938] Loss_D: 0.7226 Loss_G: 2.2972 D(x): 0.7337 D(G(z)): 0.3079 / 0.1143
TrainGAN: [0/1][573/938] Loss_D: 0.5824 Loss_G: 1.5748 D(x): 0.6618 D(G(z)): 0.1254 / 0.2318
TrainGAN: [0/1][574/938] Loss_D: 0.5373 Loss_G: 3.1780 D(x): 0.8827 D(G(z)): 0.3206 / 0.0499
TrainGAN: [0/1][575/938] Loss_D: 0.5923 Loss_G: 0.8225 D(x): 0.6368 D(G(z)): 0.0957 / 0.4613
TrainGAN: [0/1][576/938] Loss_D: 0.8777 Loss_G: 3.8685 D(x): 0.9436 D(G(z)): 0.5234 / 0.0261
TrainGAN: [0/1][577/938] Loss_D: 0.9643 Loss_G: 0.8091 D(x): 0.4449 D(G(z)): 0.0500 / 0.4704
TrainGAN: [0/1][578/938] Loss_D: 0.9406 Loss_G: 2.7415 D(x): 0.9263 D(G(z)): 0.5340 / 0.0785
TrainGAN: [0/1][579/938] Loss_D: 0.7641 Loss_G: 1.4189 D(x): 0.5516 D(G(z)): 0.1079 / 0.2748
TrainGAN: [0/1][580/938] Loss_D: 0.8788 Loss_G: 1.3752 D(x): 0.7130 D(G(z)): 0.3826 / 0.2797
TrainGAN: [0/1][581/938] Loss_D: 0.7361 Loss_G: 2.8305 D(x): 0.8246 D(G(z)): 0.3929 / 0.0700
TrainGAN: [0/1][582/938] Loss_D: 0.8536 Loss_G: 1.0689 D(x): 0.5126 D(G(z)): 0.0978 / 0.3722
TrainGAN: [0/1][583/938] Loss_D: 0.7923 Loss_G: 2.5862 D(x): 0.8740 D(G(z)): 0.4514 / 0.0897
TrainGAN: [0/1][584/938] Loss_D: 0.5288 Loss_G: 2.0702 D(x): 0.6940 D(G(z)): 0.1325 / 0.1464
TrainGAN: [0/1][585/938] Loss_D: 0.5036 Loss_G: 2.0819 D(x): 0.8119 D(G(z)): 0.2320 / 0.1458
TrainGAN: [0/1][586/938] Loss_D: 0.6178 Loss_G: 1.0968 D(x): 0.6740 D(G(z)): 0.1715 / 0.3639
TrainGAN: [0/1][587/938] Loss_D: 0.7855 Loss_G: 3.6583 D(x): 0.9314 D(G(z)): 0.4871 / 0.0295
TrainGAN: [0/1][588/938] Loss_D: 0.9450 Loss_G: 0.8807 D(x): 0.4435 D(G(z)): 0.0641 / 0.4576
TrainGAN: [0/1][589/938] Loss_D: 0.8051 Loss_G: 2.5781 D(x): 0.9082 D(G(z)): 0.4806 / 0.0912
TrainGAN: [0/1][590/938] Loss_D: 0.5372 Loss_G: 2.2486 D(x): 0.7193 D(G(z)): 0.1668 / 0.1249
TrainGAN: [0/1][591/938] Loss_D: 0.5038 Loss_G: 1.3838 D(x): 0.7199 D(G(z)): 0.1385 / 0.2777
TrainGAN: [0/1][592/938] Loss_D: 0.6337 Loss_G: 3.2748 D(x): 0.9136 D(G(z)): 0.3954 / 0.0439
TrainGAN: [0/1][593/938] Loss_D: 0.7589 Loss_G: 0.9196 D(x): 0.5277 D(G(z)): 0.0584 / 0.4274
TrainGAN: [0/1][594/938] Loss_D: 0.6943 Loss_G: 3.0815 D(x): 0.9398 D(G(z)): 0.4522 / 0.0532
TrainGAN: [0/1][595/938] Loss_D: 0.6488 Loss_G: 1.5316 D(x): 0.6109 D(G(z)): 0.0977 / 0.2492
TrainGAN: [0/1][596/938] Loss_D: 0.5031 Loss_G: 2.4982 D(x): 0.8865 D(G(z)): 0.2996 / 0.0947
TrainGAN: [0/1][597/938] Loss_D: 0.5052 Loss_G: 1.7493 D(x): 0.7247 D(G(z)): 0.1449 / 0.1954
TrainGAN: [0/1][598/938] Loss_D: 0.4253 Loss_G: 2.7022 D(x): 0.8639 D(G(z)): 0.2318 / 0.0808
TrainGAN: [0/1][599/938] Loss_D: 0.4410 Loss_G: 1.6414 D(x): 0.7547 D(G(z)): 0.1275 / 0.2229
TrainGAN: [0/1][600/938] Loss_D: 0.5135 Loss_G: 3.0461 D(x): 0.8903 D(G(z)): 0.3086 / 0.0561
TrainGAN: [0/1][601/938] Loss_D: 0.4929 Loss_G: 1.1867 D(x): 0.6688 D(G(z)): 0.0583 / 0.3316
TrainGAN: [0/1][602/938] Loss_D: 0.7158 Loss_G: 3.7626 D(x): 0.9477 D(G(z)): 0.4606 / 0.0271
TrainGAN: [0/1][603/938] Loss_D: 0.9984 Loss_G: 0.7377 D(x): 0.4281 D(G(z)): 0.0572 / 0.5122
TrainGAN: [0/1][604/938] Loss_D: 1.1424 Loss_G: 4.2496 D(x): 0.9419 D(G(z)): 0.6140 / 0.0197
TrainGAN: [0/1][605/938] Loss_D: 1.0795 Loss_G: 0.7028 D(x): 0.3922 D(G(z)): 0.0304 / 0.5308
TrainGAN: [0/1][606/938] Loss_D: 1.0080 Loss_G: 2.6948 D(x): 0.9332 D(G(z)): 0.5688 / 0.0855
TrainGAN: [0/1][607/938] Loss_D: 0.6837 Loss_G: 1.5525 D(x): 0.5958 D(G(z)): 0.1167 / 0.2376
TrainGAN: [0/1][608/938] Loss_D: 0.5943 Loss_G: 1.7350 D(x): 0.7784 D(G(z)): 0.2746 / 0.1963
TrainGAN: [0/1][609/938] Loss_D: 0.5501 Loss_G: 3.1772 D(x): 0.8476 D(G(z)): 0.3020 / 0.0504
TrainGAN: [0/1][610/938] Loss_D: 0.7695 Loss_G: 0.8752 D(x): 0.5364 D(G(z)): 0.0753 / 0.4502
TrainGAN: [0/1][611/938] Loss_D: 0.9292 Loss_G: 3.5504 D(x): 0.9558 D(G(z)): 0.5566 / 0.0369
TrainGAN: [0/1][612/938] Loss_D: 0.9387 Loss_G: 0.8879 D(x): 0.4536 D(G(z)): 0.0655 / 0.4429
TrainGAN: [0/1][613/938] Loss_D: 1.0964 Loss_G: 3.4223 D(x): 0.9092 D(G(z)): 0.6030 / 0.0393
TrainGAN: [0/1][614/938] Loss_D: 0.9685 Loss_G: 0.9860 D(x): 0.4479 D(G(z)): 0.0625 / 0.4132
TrainGAN: [0/1][615/938] Loss_D: 0.7179 Loss_G: 2.2163 D(x): 0.8778 D(G(z)): 0.4149 / 0.1283
TrainGAN: [0/1][616/938] Loss_D: 0.5972 Loss_G: 2.2304 D(x): 0.7340 D(G(z)): 0.2154 / 0.1386
TrainGAN: [0/1][617/938] Loss_D: 0.6890 Loss_G: 1.1716 D(x): 0.6629 D(G(z)): 0.1965 / 0.3541
TrainGAN: [0/1][618/938] Loss_D: 0.5900 Loss_G: 2.6826 D(x): 0.8770 D(G(z)): 0.3365 / 0.0828
TrainGAN: [0/1][619/938] Loss_D: 0.5014 Loss_G: 1.9865 D(x): 0.7478 D(G(z)): 0.1722 / 0.1537
TrainGAN: [0/1][620/938] Loss_D: 0.5323 Loss_G: 1.4899 D(x): 0.7564 D(G(z)): 0.1994 / 0.2545
TrainGAN: [0/1][621/938] Loss_D: 0.5806 Loss_G: 2.4319 D(x): 0.8331 D(G(z)): 0.3039 / 0.1048
TrainGAN: [0/1][622/938] Loss_D: 0.4933 Loss_G: 1.7893 D(x): 0.7165 D(G(z)): 0.1255 / 0.1915
TrainGAN: [0/1][623/938] Loss_D: 0.5044 Loss_G: 1.7320 D(x): 0.7921 D(G(z)): 0.2191 / 0.2026
TrainGAN: [0/1][624/938] Loss_D: 0.4835 Loss_G: 3.3157 D(x): 0.8519 D(G(z)): 0.2620 / 0.0433
TrainGAN: [0/1][625/938] Loss_D: 0.9099 Loss_G: 0.5212 D(x): 0.4873 D(G(z)): 0.0889 / 0.6108
TrainGAN: [0/1][626/938] Loss_D: 0.8631 Loss_G: 4.1699 D(x): 0.9653 D(G(z)): 0.5324 / 0.0193
TrainGAN: [0/1][627/938] Loss_D: 1.9175 Loss_G: 0.2755 D(x): 0.1895 D(G(z)): 0.0486 / 0.7663
TrainGAN: [0/1][628/938] Loss_D: 1.7444 Loss_G: 2.6809 D(x): 0.9493 D(G(z)): 0.7920 / 0.0809
TrainGAN: [0/1][629/938] Loss_D: 1.3348 Loss_G: 1.1275 D(x): 0.3640 D(G(z)): 0.1685 / 0.3545
TrainGAN: [0/1][630/938] Loss_D: 0.9529 Loss_G: 1.0867 D(x): 0.6908 D(G(z)): 0.4028 / 0.3647
TrainGAN: [0/1][631/938] Loss_D: 1.1270 Loss_G: 1.6718 D(x): 0.6958 D(G(z)): 0.4984 / 0.2163
TrainGAN: [0/1][632/938] Loss_D: 0.9689 Loss_G: 1.2618 D(x): 0.5656 D(G(z)): 0.2625 / 0.3096
TrainGAN: [0/1][633/938] Loss_D: 0.8662 Loss_G: 1.3828 D(x): 0.6874 D(G(z)): 0.3573 / 0.2780
TrainGAN: [0/1][634/938] Loss_D: 0.8003 Loss_G: 1.6525 D(x): 0.7026 D(G(z)): 0.3243 / 0.2156
TrainGAN: [0/1][635/938] Loss_D: 1.0328 Loss_G: 1.1992 D(x): 0.5981 D(G(z)): 0.3501 / 0.3248
TrainGAN: [0/1][636/938] Loss_D: 0.8834 Loss_G: 2.0006 D(x): 0.7432 D(G(z)): 0.4062 / 0.1545
TrainGAN: [0/1][637/938] Loss_D: 0.8958 Loss_G: 1.1356 D(x): 0.5676 D(G(z)): 0.2185 / 0.3631
TrainGAN: [0/1][638/938] Loss_D: 0.8378 Loss_G: 2.4562 D(x): 0.8315 D(G(z)): 0.4524 / 0.1003
TrainGAN: [0/1][639/938] Loss_D: 0.8141 Loss_G: 1.1182 D(x): 0.5522 D(G(z)): 0.1445 / 0.3665
TrainGAN: [0/1][640/938] Loss_D: 0.8315 Loss_G: 2.9881 D(x): 0.8938 D(G(z)): 0.4799 / 0.0625
TrainGAN: [0/1][641/938] Loss_D: 1.0658 Loss_G: 0.5695 D(x): 0.4243 D(G(z)): 0.0927 / 0.5853
TrainGAN: [0/1][642/938] Loss_D: 1.3342 Loss_G: 3.4463 D(x): 0.9506 D(G(z)): 0.6919 / 0.0374
TrainGAN: [0/1][643/938] Loss_D: 1.1491 Loss_G: 1.2586 D(x): 0.3939 D(G(z)): 0.0676 / 0.3397
TrainGAN: [0/1][644/938] Loss_D: 0.7741 Loss_G: 1.6304 D(x): 0.8254 D(G(z)): 0.3972 / 0.2286
TrainGAN: [0/1][645/938] Loss_D: 0.6922 Loss_G: 2.7407 D(x): 0.8131 D(G(z)): 0.3482 / 0.0762
TrainGAN: [0/1][646/938] Loss_D: 0.9482 Loss_G: 0.8925 D(x): 0.4706 D(G(z)): 0.0991 / 0.4440
TrainGAN: [0/1][647/938] Loss_D: 0.8986 Loss_G: 2.4809 D(x): 0.9031 D(G(z)): 0.5103 / 0.1027
TrainGAN: [0/1][648/938] Loss_D: 0.6437 Loss_G: 1.9437 D(x): 0.6587 D(G(z)): 0.1694 / 0.1652
TrainGAN: [0/1][649/938] Loss_D: 0.6655 Loss_G: 1.1446 D(x): 0.6685 D(G(z)): 0.1955 / 0.3453
TrainGAN: [0/1][650/938] Loss_D: 0.7347 Loss_G: 2.7043 D(x): 0.8806 D(G(z)): 0.4324 / 0.0768
TrainGAN: [0/1][651/938] Loss_D: 0.6656 Loss_G: 1.3926 D(x): 0.6080 D(G(z)): 0.1161 / 0.2810
TrainGAN: [0/1][652/938] Loss_D: 0.5710 Loss_G: 1.5430 D(x): 0.7943 D(G(z)): 0.2711 / 0.2316
TrainGAN: [0/1][653/938] Loss_D: 0.6592 Loss_G: 2.8372 D(x): 0.8443 D(G(z)): 0.3643 / 0.0683
TrainGAN: [0/1][654/938] Loss_D: 1.1073 Loss_G: 0.4286 D(x): 0.4020 D(G(z)): 0.0905 / 0.6663
TrainGAN: [0/1][655/938] Loss_D: 1.2471 Loss_G: 3.1596 D(x): 0.9560 D(G(z)): 0.6718 / 0.0491
TrainGAN: [0/1][656/938] Loss_D: 1.2206 Loss_G: 0.9800 D(x): 0.3853 D(G(z)): 0.1361 / 0.4048
TrainGAN: [0/1][657/938] Loss_D: 0.9938 Loss_G: 1.9138 D(x): 0.7859 D(G(z)): 0.5016 / 0.1634
TrainGAN: [0/1][658/938] Loss_D: 1.0867 Loss_G: 0.8263 D(x): 0.4624 D(G(z)): 0.2199 / 0.4601
TrainGAN: [0/1][659/938] Loss_D: 0.9466 Loss_G: 2.1465 D(x): 0.8283 D(G(z)): 0.4965 / 0.1391
TrainGAN: [0/1][660/938] Loss_D: 0.8505 Loss_G: 1.4851 D(x): 0.5534 D(G(z)): 0.1651 / 0.2499
TrainGAN: [0/1][661/938] Loss_D: 0.7626 Loss_G: 2.0452 D(x): 0.7872 D(G(z)): 0.3796 / 0.1472
TrainGAN: [0/1][662/938] Loss_D: 0.6759 Loss_G: 2.0888 D(x): 0.7172 D(G(z)): 0.2589 / 0.1439
TrainGAN: [0/1][663/938] Loss_D: 0.7153 Loss_G: 1.3614 D(x): 0.6731 D(G(z)): 0.2451 / 0.2805
TrainGAN: [0/1][664/938] Loss_D: 0.8026 Loss_G: 2.4176 D(x): 0.7824 D(G(z)): 0.4006 / 0.1019
TrainGAN: [0/1][665/938] Loss_D: 0.6738 Loss_G: 1.2424 D(x): 0.6253 D(G(z)): 0.1480 / 0.3176
TrainGAN: [0/1][666/938] Loss_D: 0.8059 Loss_G: 2.4465 D(x): 0.8310 D(G(z)): 0.4342 / 0.1033
TrainGAN: [0/1][667/938] Loss_D: 0.6128 Loss_G: 1.6577 D(x): 0.6624 D(G(z)): 0.1573 / 0.2232
TrainGAN: [0/1][668/938] Loss_D: 0.7328 Loss_G: 1.7192 D(x): 0.7468 D(G(z)): 0.3244 / 0.2047
TrainGAN: [0/1][669/938] Loss_D: 0.5995 Loss_G: 2.6872 D(x): 0.7961 D(G(z)): 0.2810 / 0.0818
TrainGAN: [0/1][670/938] Loss_D: 0.7986 Loss_G: 0.7779 D(x): 0.5711 D(G(z)): 0.1669 / 0.5008
TrainGAN: [0/1][671/938] Loss_D: 0.8752 Loss_G: 3.7357 D(x): 0.9228 D(G(z)): 0.5162 / 0.0292
TrainGAN: [0/1][672/938] Loss_D: 0.9921 Loss_G: 0.6568 D(x): 0.4390 D(G(z)): 0.0576 / 0.5403
TrainGAN: [0/1][673/938] Loss_D: 1.0639 Loss_G: 3.2967 D(x): 0.9487 D(G(z)): 0.6058 / 0.0455
TrainGAN: [0/1][674/938] Loss_D: 1.0420 Loss_G: 1.0311 D(x): 0.4058 D(G(z)): 0.0700 / 0.4034
TrainGAN: [0/1][675/938] Loss_D: 0.7112 Loss_G: 2.9765 D(x): 0.9073 D(G(z)): 0.4337 / 0.0673
TrainGAN: [0/1][676/938] Loss_D: 0.6080 Loss_G: 2.2109 D(x): 0.6946 D(G(z)): 0.1796 / 0.1312
TrainGAN: [0/1][677/938] Loss_D: 0.6183 Loss_G: 0.7381 D(x): 0.6518 D(G(z)): 0.1292 / 0.5008
TrainGAN: [0/1][678/938] Loss_D: 0.9318 Loss_G: 3.3646 D(x): 0.9430 D(G(z)): 0.5526 / 0.0420
TrainGAN: [0/1][679/938] Loss_D: 0.6674 Loss_G: 1.7182 D(x): 0.6034 D(G(z)): 0.1076 / 0.2029
TrainGAN: [0/1][680/938] Loss_D: 0.5870 Loss_G: 1.2582 D(x): 0.7201 D(G(z)): 0.1956 / 0.3189
TrainGAN: [0/1][681/938] Loss_D: 0.5883 Loss_G: 2.6338 D(x): 0.9001 D(G(z)): 0.3638 / 0.0832
TrainGAN: [0/1][682/938] Loss_D: 0.6620 Loss_G: 1.6006 D(x): 0.6170 D(G(z)): 0.1208 / 0.2317
TrainGAN: [0/1][683/938] Loss_D: 0.6911 Loss_G: 2.2492 D(x): 0.7981 D(G(z)): 0.3379 / 0.1283
TrainGAN: [0/1][684/938] Loss_D: 0.6398 Loss_G: 2.1427 D(x): 0.7585 D(G(z)): 0.2784 / 0.1376
TrainGAN: [0/1][685/938] Loss_D: 0.5804 Loss_G: 1.5184 D(x): 0.6723 D(G(z)): 0.1334 / 0.2500
TrainGAN: [0/1][686/938] Loss_D: 0.7469 Loss_G: 3.5173 D(x): 0.9123 D(G(z)): 0.4503 / 0.0392
TrainGAN: [0/1][687/938] Loss_D: 1.4856 Loss_G: 0.3734 D(x): 0.2846 D(G(z)): 0.0825 / 0.7020
TrainGAN: [0/1][688/938] Loss_D: 1.3126 Loss_G: 3.8886 D(x): 0.9645 D(G(z)): 0.6896 / 0.0274
TrainGAN: [0/1][689/938] Loss_D: 1.0458 Loss_G: 1.0482 D(x): 0.4466 D(G(z)): 0.0789 / 0.3913
TrainGAN: [0/1][690/938] Loss_D: 0.7173 Loss_G: 1.8530 D(x): 0.8784 D(G(z)): 0.4174 / 0.1789
TrainGAN: [0/1][691/938] Loss_D: 0.6234 Loss_G: 1.8834 D(x): 0.7127 D(G(z)): 0.2176 / 0.1714
TrainGAN: [0/1][692/938] Loss_D: 0.6595 Loss_G: 1.6335 D(x): 0.7243 D(G(z)): 0.2583 / 0.2216
TrainGAN: [0/1][693/938] Loss_D: 0.6790 Loss_G: 2.0859 D(x): 0.7478 D(G(z)): 0.2894 / 0.1468
TrainGAN: [0/1][694/938] Loss_D: 0.6066 Loss_G: 1.6421 D(x): 0.7010 D(G(z)): 0.1905 / 0.2319
TrainGAN: [0/1][695/938] Loss_D: 0.6588 Loss_G: 1.9481 D(x): 0.7843 D(G(z)): 0.3115 / 0.1702
TrainGAN: [0/1][696/938] Loss_D: 0.5965 Loss_G: 1.9659 D(x): 0.7651 D(G(z)): 0.2453 / 0.1649
TrainGAN: [0/1][697/938] Loss_D: 0.6150 Loss_G: 1.5876 D(x): 0.7183 D(G(z)): 0.2112 / 0.2336
TrainGAN: [0/1][698/938] Loss_D: 0.6195 Loss_G: 2.6088 D(x): 0.8414 D(G(z)): 0.3402 / 0.0828
TrainGAN: [0/1][699/938] Loss_D: 0.6712 Loss_G: 1.0916 D(x): 0.6031 D(G(z)): 0.1198 / 0.3616
TrainGAN: [0/1][700/938] Loss_D: 0.6685 Loss_G: 2.8331 D(x): 0.8773 D(G(z)): 0.3853 / 0.0704
TrainGAN: [0/1][701/938] Loss_D: 0.5930 Loss_G: 1.5198 D(x): 0.6539 D(G(z)): 0.1261 / 0.2492
TrainGAN: [0/1][702/938] Loss_D: 0.6199 Loss_G: 3.9527 D(x): 0.8107 D(G(z)): 0.3046 / 0.0256
TrainGAN: [0/1][703/938] Loss_D: 0.7769 Loss_G: 0.2463 D(x): 0.5250 D(G(z)): 0.0664 / 0.7906
TrainGAN: [0/1][704/938] Loss_D: 1.7133 Loss_G: 3.9528 D(x): 0.9792 D(G(z)): 0.7697 / 0.0258
TrainGAN: [0/1][705/938] Loss_D: 1.9963 Loss_G: 1.1391 D(x): 0.1677 D(G(z)): 0.0402 / 0.3596
TrainGAN: [0/1][706/938] Loss_D: 0.9227 Loss_G: 1.1210 D(x): 0.7852 D(G(z)): 0.4528 / 0.3549
TrainGAN: [0/1][707/938] Loss_D: 0.8453 Loss_G: 2.2762 D(x): 0.8188 D(G(z)): 0.4504 / 0.1189
TrainGAN: [0/1][708/938] Loss_D: 0.9426 Loss_G: 1.1991 D(x): 0.5001 D(G(z)): 0.1699 / 0.3367
TrainGAN: [0/1][709/938] Loss_D: 1.0357 Loss_G: 1.0737 D(x): 0.6654 D(G(z)): 0.4205 / 0.3614
TrainGAN: [0/1][710/938] Loss_D: 1.0545 Loss_G: 1.9704 D(x): 0.7492 D(G(z)): 0.5064 / 0.1632
TrainGAN: [0/1][711/938] Loss_D: 0.9796 Loss_G: 1.1225 D(x): 0.4956 D(G(z)): 0.1956 / 0.3650
TrainGAN: [0/1][712/938] Loss_D: 0.8326 Loss_G: 1.6181 D(x): 0.7810 D(G(z)): 0.4236 / 0.2174
TrainGAN: [0/1][713/938] Loss_D: 1.0175 Loss_G: 0.9757 D(x): 0.5201 D(G(z)): 0.2686 / 0.4021
TrainGAN: [0/1][714/938] Loss_D: 1.0403 Loss_G: 2.4439 D(x): 0.8276 D(G(z)): 0.5492 / 0.0961
TrainGAN: [0/1][715/938] Loss_D: 1.1133 Loss_G: 0.9949 D(x): 0.4154 D(G(z)): 0.1218 / 0.3964
TrainGAN: [0/1][716/938] Loss_D: 0.8920 Loss_G: 1.9947 D(x): 0.8315 D(G(z)): 0.4789 / 0.1536
TrainGAN: [0/1][717/938] Loss_D: 0.7003 Loss_G: 1.7745 D(x): 0.6398 D(G(z)): 0.1901 / 0.1921
TrainGAN: [0/1][718/938] Loss_D: 0.6672 Loss_G: 1.5931 D(x): 0.7241 D(G(z)): 0.2656 / 0.2330
TrainGAN: [0/1][719/938] Loss_D: 0.6004 Loss_G: 2.3278 D(x): 0.8137 D(G(z)): 0.2959 / 0.1170
TrainGAN: [0/1][720/938] Loss_D: 0.6744 Loss_G: 1.9774 D(x): 0.7251 D(G(z)): 0.2693 / 0.1647
TrainGAN: [0/1][721/938] Loss_D: 0.9405 Loss_G: 0.5397 D(x): 0.5150 D(G(z)): 0.1785 / 0.5998
TrainGAN: [0/1][722/938] Loss_D: 1.2749 Loss_G: 3.1328 D(x): 0.9353 D(G(z)): 0.6633 / 0.0570
TrainGAN: [0/1][723/938] Loss_D: 1.1237 Loss_G: 1.1013 D(x): 0.4137 D(G(z)): 0.1012 / 0.3728
TrainGAN: [0/1][724/938] Loss_D: 0.9218 Loss_G: 1.6368 D(x): 0.8058 D(G(z)): 0.4686 / 0.2172
TrainGAN: [0/1][725/938] Loss_D: 0.8542 Loss_G: 1.8927 D(x): 0.6906 D(G(z)): 0.3467 / 0.1671
TrainGAN: [0/1][726/938] Loss_D: 0.7865 Loss_G: 1.2882 D(x): 0.5957 D(G(z)): 0.1980 / 0.3130
TrainGAN: [0/1][727/938] Loss_D: 0.7491 Loss_G: 2.2982 D(x): 0.8124 D(G(z)): 0.3869 / 0.1193
TrainGAN: [0/1][728/938] Loss_D: 0.7212 Loss_G: 1.2909 D(x): 0.5916 D(G(z)): 0.1329 / 0.3001
TrainGAN: [0/1][729/938] Loss_D: 0.7097 Loss_G: 2.6522 D(x): 0.8411 D(G(z)): 0.3881 / 0.0825
TrainGAN: [0/1][730/938] Loss_D: 0.5302 Loss_G: 1.2953 D(x): 0.6962 D(G(z)): 0.1310 / 0.2942
TrainGAN: [0/1][731/938] Loss_D: 0.6702 Loss_G: 2.2861 D(x): 0.8429 D(G(z)): 0.3754 / 0.1149
TrainGAN: [0/1][732/938] Loss_D: 0.7654 Loss_G: 1.0009 D(x): 0.5965 D(G(z)): 0.1791 / 0.3916
TrainGAN: [0/1][733/938] Loss_D: 0.7705 Loss_G: 2.5610 D(x): 0.8632 D(G(z)): 0.4413 / 0.0882
TrainGAN: [0/1][734/938] Loss_D: 0.7370 Loss_G: 1.2746 D(x): 0.5996 D(G(z)): 0.1714 / 0.3010
TrainGAN: [0/1][735/938] Loss_D: 0.6674 Loss_G: 1.6882 D(x): 0.7802 D(G(z)): 0.3172 / 0.2101
TrainGAN: [0/1][736/938] Loss_D: 0.6811 Loss_G: 2.2060 D(x): 0.7464 D(G(z)): 0.3003 / 0.1244
TrainGAN: [0/1][737/938] Loss_D: 0.7224 Loss_G: 1.1813 D(x): 0.6266 D(G(z)): 0.1902 / 0.3397
TrainGAN: [0/1][738/938] Loss_D: 0.6889 Loss_G: 2.9495 D(x): 0.8421 D(G(z)): 0.3803 / 0.0610
TrainGAN: [0/1][739/938] Loss_D: 0.7224 Loss_G: 0.7056 D(x): 0.5672 D(G(z)): 0.0975 / 0.5204
TrainGAN: [0/1][740/938] Loss_D: 1.0425 Loss_G: 3.9146 D(x): 0.9550 D(G(z)): 0.5920 / 0.0251
TrainGAN: [0/1][741/938] Loss_D: 1.0327 Loss_G: 0.8775 D(x): 0.4164 D(G(z)): 0.0383 / 0.4454
TrainGAN: [0/1][742/938] Loss_D: 0.7962 Loss_G: 2.6468 D(x): 0.9143 D(G(z)): 0.4733 / 0.0876
TrainGAN: [0/1][743/938] Loss_D: 1.1529 Loss_G: 0.4496 D(x): 0.4030 D(G(z)): 0.1277 / 0.6535
TrainGAN: [0/1][744/938] Loss_D: 1.4498 Loss_G: 2.4215 D(x): 0.9346 D(G(z)): 0.7098 / 0.1040
TrainGAN: [0/1][745/938] Loss_D: 1.1677 Loss_G: 1.0743 D(x): 0.3805 D(G(z)): 0.1151 / 0.3667
TrainGAN: [0/1][746/938] Loss_D: 0.8297 Loss_G: 1.5666 D(x): 0.8188 D(G(z)): 0.4419 / 0.2290
TrainGAN: [0/1][747/938] Loss_D: 0.7718 Loss_G: 1.8279 D(x): 0.7029 D(G(z)): 0.3140 / 0.1845
TrainGAN: [0/1][748/938] Loss_D: 0.8052 Loss_G: 1.0861 D(x): 0.5917 D(G(z)): 0.2102 / 0.3557
TrainGAN: [0/1][749/938] Loss_D: 0.8040 Loss_G: 1.7409 D(x): 0.7991 D(G(z)): 0.4152 / 0.1971
TrainGAN: [0/1][750/938] Loss_D: 0.7523 Loss_G: 1.4192 D(x): 0.6335 D(G(z)): 0.2296 / 0.2680
TrainGAN: [0/1][751/938] Loss_D: 0.5692 Loss_G: 1.8729 D(x): 0.8007 D(G(z)): 0.2753 / 0.1714
TrainGAN: [0/1][752/938] Loss_D: 0.5549 Loss_G: 2.2628 D(x): 0.7945 D(G(z)): 0.2612 / 0.1153
TrainGAN: [0/1][753/938] Loss_D: 0.7821 Loss_G: 1.0265 D(x): 0.5770 D(G(z)): 0.1673 / 0.3885
TrainGAN: [0/1][754/938] Loss_D: 0.6345 Loss_G: 2.2847 D(x): 0.8760 D(G(z)): 0.3765 / 0.1156
TrainGAN: [0/1][755/938] Loss_D: 0.6154 Loss_G: 1.5730 D(x): 0.6945 D(G(z)): 0.1948 / 0.2347
TrainGAN: [0/1][756/938] Loss_D: 0.5048 Loss_G: 2.2593 D(x): 0.8410 D(G(z)): 0.2663 / 0.1200
TrainGAN: [0/1][757/938] Loss_D: 0.5630 Loss_G: 1.7074 D(x): 0.7209 D(G(z)): 0.1933 / 0.2080
TrainGAN: [0/1][758/938] Loss_D: 0.6244 Loss_G: 1.8680 D(x): 0.7688 D(G(z)): 0.2776 / 0.1840
TrainGAN: [0/1][759/938] Loss_D: 0.4732 Loss_G: 2.2504 D(x): 0.7799 D(G(z)): 0.1864 / 0.1237
TrainGAN: [0/1][760/938] Loss_D: 0.5124 Loss_G: 2.1435 D(x): 0.7982 D(G(z)): 0.2300 / 0.1344
TrainGAN: [0/1][761/938] Loss_D: 0.6770 Loss_G: 1.0680 D(x): 0.6797 D(G(z)): 0.2178 / 0.3643
TrainGAN: [0/1][762/938] Loss_D: 0.5225 Loss_G: 2.9517 D(x): 0.8888 D(G(z)): 0.3160 / 0.0621
TrainGAN: [0/1][763/938] Loss_D: 0.6325 Loss_G: 0.9714 D(x): 0.6139 D(G(z)): 0.1006 / 0.4038
TrainGAN: [0/1][764/938] Loss_D: 0.8116 Loss_G: 3.5952 D(x): 0.9311 D(G(z)): 0.5016 / 0.0318
TrainGAN: [0/1][765/938] Loss_D: 1.0753 Loss_G: 0.6807 D(x): 0.3811 D(G(z)): 0.0422 / 0.5313
TrainGAN: [0/1][766/938] Loss_D: 0.8525 Loss_G: 7.2622 D(x): 0.9603 D(G(z)): 0.5355 / 0.0009
TrainGAN: [0/1][767/938] Loss_D: 5.0055 Loss_G: 0.1584 D(x): 0.0092 D(G(z)): 0.0053 / 0.8583
TrainGAN: [0/1][768/938] Loss_D: 2.5281 Loss_G: 2.8149 D(x): 0.9822 D(G(z)): 0.9019 / 0.0720
TrainGAN: [0/1][769/938] Loss_D: 1.7284 Loss_G: 1.2354 D(x): 0.2303 D(G(z)): 0.0914 / 0.3304
TrainGAN: [0/1][770/938] Loss_D: 0.8140 Loss_G: 0.8221 D(x): 0.6905 D(G(z)): 0.3311 / 0.4603
TrainGAN: [0/1][771/938] Loss_D: 1.1658 Loss_G: 1.7956 D(x): 0.8211 D(G(z)): 0.5829 / 0.1899
TrainGAN: [0/1][772/938] Loss_D: 1.2902 Loss_G: 1.1385 D(x): 0.4420 D(G(z)): 0.2788 / 0.3464
TrainGAN: [0/1][773/938] Loss_D: 1.1777 Loss_G: 0.8268 D(x): 0.5528 D(G(z)): 0.3836 / 0.4567
TrainGAN: [0/1][774/938] Loss_D: 1.1661 Loss_G: 1.3229 D(x): 0.7081 D(G(z)): 0.5319 / 0.2813
TrainGAN: [0/1][775/938] Loss_D: 1.0650 Loss_G: 1.3584 D(x): 0.5744 D(G(z)): 0.3659 / 0.2750
TrainGAN: [0/1][776/938] Loss_D: 1.0074 Loss_G: 1.1194 D(x): 0.5873 D(G(z)): 0.3441 / 0.3471
TrainGAN: [0/1][777/938] Loss_D: 1.0371 Loss_G: 1.1996 D(x): 0.6312 D(G(z)): 0.4048 / 0.3323
TrainGAN: [0/1][778/938] Loss_D: 0.9997 Loss_G: 1.3627 D(x): 0.6413 D(G(z)): 0.3876 / 0.2862
TrainGAN: [0/1][779/938] Loss_D: 1.0754 Loss_G: 1.0647 D(x): 0.5558 D(G(z)): 0.3475 / 0.3626
TrainGAN: [0/1][780/938] Loss_D: 1.1256 Loss_G: 1.3819 D(x): 0.6649 D(G(z)): 0.4769 / 0.2785
TrainGAN: [0/1][781/938] Loss_D: 1.0276 Loss_G: 1.3833 D(x): 0.6049 D(G(z)): 0.3806 / 0.2690
TrainGAN: [0/1][782/938] Loss_D: 1.0106 Loss_G: 1.1729 D(x): 0.5755 D(G(z)): 0.3319 / 0.3314
TrainGAN: [0/1][783/938] Loss_D: 0.9277 Loss_G: 1.1928 D(x): 0.6484 D(G(z)): 0.3556 / 0.3291
TrainGAN: [0/1][784/938] Loss_D: 0.8482 Loss_G: 1.5983 D(x): 0.7237 D(G(z)): 0.3843 / 0.2201
TrainGAN: [0/1][785/938] Loss_D: 0.9418 Loss_G: 1.3895 D(x): 0.6203 D(G(z)): 0.3326 / 0.2826
TrainGAN: [0/1][786/938] Loss_D: 0.9096 Loss_G: 1.1753 D(x): 0.6169 D(G(z)): 0.3131 / 0.3361
TrainGAN: [0/1][787/938] Loss_D: 0.8906 Loss_G: 1.9619 D(x): 0.7585 D(G(z)): 0.4273 / 0.1624
TrainGAN: [0/1][788/938] Loss_D: 1.0555 Loss_G: 0.8952 D(x): 0.4826 D(G(z)): 0.2275 / 0.4270
TrainGAN: [0/1][789/938] Loss_D: 1.0155 Loss_G: 1.7736 D(x): 0.7782 D(G(z)): 0.5046 / 0.1883
TrainGAN: [0/1][790/938] Loss_D: 0.8867 Loss_G: 1.1469 D(x): 0.5562 D(G(z)): 0.2269 / 0.3385
TrainGAN: [0/1][791/938] Loss_D: 0.8160 Loss_G: 2.0278 D(x): 0.8125 D(G(z)): 0.4291 / 0.1535
TrainGAN: [0/1][792/938] Loss_D: 0.8671 Loss_G: 1.0627 D(x): 0.5558 D(G(z)): 0.2042 / 0.3695
TrainGAN: [0/1][793/938] Loss_D: 0.9116 Loss_G: 1.9017 D(x): 0.7963 D(G(z)): 0.4713 / 0.1664
TrainGAN: [0/1][794/938] Loss_D: 0.7900 Loss_G: 1.1917 D(x): 0.5812 D(G(z)): 0.1896 / 0.3281
TrainGAN: [0/1][795/938] Loss_D: 0.8520 Loss_G: 1.7682 D(x): 0.7791 D(G(z)): 0.4319 / 0.1935
TrainGAN: [0/1][796/938] Loss_D: 0.7876 Loss_G: 1.6916 D(x): 0.6714 D(G(z)): 0.2880 / 0.2042
TrainGAN: [0/1][797/938] Loss_D: 0.7748 Loss_G: 1.2714 D(x): 0.6559 D(G(z)): 0.2678 / 0.2996
TrainGAN: [0/1][798/938] Loss_D: 0.6935 Loss_G: 1.8054 D(x): 0.7585 D(G(z)): 0.3188 / 0.1818
TrainGAN: [0/1][799/938] Loss_D: 0.8914 Loss_G: 1.6275 D(x): 0.6430 D(G(z)): 0.3278 / 0.2139
TrainGAN: [0/1][800/938] Loss_D: 0.7252 Loss_G: 1.9308 D(x): 0.7367 D(G(z)): 0.3214 / 0.1632
TrainGAN: [0/1][801/938] Loss_D: 0.8134 Loss_G: 0.8115 D(x): 0.5848 D(G(z)): 0.2014 / 0.4659
TrainGAN: [0/1][802/938] Loss_D: 0.8691 Loss_G: 2.4528 D(x): 0.8749 D(G(z)): 0.4949 / 0.0987
TrainGAN: [0/1][803/938] Loss_D: 0.7368 Loss_G: 1.2893 D(x): 0.5681 D(G(z)): 0.1220 / 0.3100
TrainGAN: [0/1][804/938] Loss_D: 0.6862 Loss_G: 1.6561 D(x): 0.8014 D(G(z)): 0.3504 / 0.2113
TrainGAN: [0/1][805/938] Loss_D: 0.7557 Loss_G: 1.9740 D(x): 0.7291 D(G(z)): 0.3250 / 0.1581
TrainGAN: [0/1][806/938] Loss_D: 0.7645 Loss_G: 1.0441 D(x): 0.6059 D(G(z)): 0.1942 / 0.3700
TrainGAN: [0/1][807/938] Loss_D: 0.8120 Loss_G: 2.4513 D(x): 0.8441 D(G(z)): 0.4458 / 0.0985
TrainGAN: [0/1][808/938] Loss_D: 1.0246 Loss_G: 0.8039 D(x): 0.4657 D(G(z)): 0.1625 / 0.4796
TrainGAN: [0/1][809/938] Loss_D: 0.9053 Loss_G: 3.5139 D(x): 0.8926 D(G(z)): 0.5227 / 0.0368
TrainGAN: [0/1][810/938] Loss_D: 1.5937 Loss_G: 0.2218 D(x): 0.2602 D(G(z)): 0.0609 / 0.8109
TrainGAN: [0/1][811/938] Loss_D: 2.0529 Loss_G: 2.1991 D(x): 0.9623 D(G(z)): 0.8234 / 0.1436
TrainGAN: [0/1][812/938] Loss_D: 0.7705 Loss_G: 2.4041 D(x): 0.6282 D(G(z)): 0.2255 / 0.1079
TrainGAN: [0/1][813/938] Loss_D: 1.1495 Loss_G: 0.8262 D(x): 0.4201 D(G(z)): 0.1564 / 0.4769
TrainGAN: [0/1][814/938] Loss_D: 0.9569 Loss_G: 1.7411 D(x): 0.8627 D(G(z)): 0.5218 / 0.1959
TrainGAN: [0/1][815/938] Loss_D: 0.8850 Loss_G: 1.3378 D(x): 0.5752 D(G(z)): 0.2468 / 0.2835
TrainGAN: [0/1][816/938] Loss_D: 0.8114 Loss_G: 1.4656 D(x): 0.7378 D(G(z)): 0.3711 / 0.2498
TrainGAN: [0/1][817/938] Loss_D: 0.8779 Loss_G: 1.3969 D(x): 0.6430 D(G(z)): 0.3233 / 0.2716
TrainGAN: [0/1][818/938] Loss_D: 0.8036 Loss_G: 1.2531 D(x): 0.6568 D(G(z)): 0.2869 / 0.3085
TrainGAN: [0/1][819/938] Loss_D: 0.7321 Loss_G: 1.9150 D(x): 0.8010 D(G(z)): 0.3770 / 0.1599
TrainGAN: [0/1][820/938] Loss_D: 0.7609 Loss_G: 1.5012 D(x): 0.6522 D(G(z)): 0.2475 / 0.2411
TrainGAN: [0/1][821/938] Loss_D: 0.6844 Loss_G: 1.2718 D(x): 0.6862 D(G(z)): 0.2420 / 0.3017
TrainGAN: [0/1][822/938] Loss_D: 0.7265 Loss_G: 2.0060 D(x): 0.8012 D(G(z)): 0.3781 / 0.1495
TrainGAN: [0/1][823/938] Loss_D: 0.9019 Loss_G: 1.0599 D(x): 0.5454 D(G(z)): 0.2108 / 0.3674
TrainGAN: [0/1][824/938] Loss_D: 0.8097 Loss_G: 2.3230 D(x): 0.8200 D(G(z)): 0.4286 / 0.1170
TrainGAN: [0/1][825/938] Loss_D: 0.7209 Loss_G: 1.3193 D(x): 0.6047 D(G(z)): 0.1636 / 0.2930
TrainGAN: [0/1][826/938] Loss_D: 0.7318 Loss_G: 2.0395 D(x): 0.8094 D(G(z)): 0.3817 / 0.1448
TrainGAN: [0/1][827/938] Loss_D: 0.8896 Loss_G: 1.0887 D(x): 0.5988 D(G(z)): 0.2759 / 0.3560
TrainGAN: [0/1][828/938] Loss_D: 0.7297 Loss_G: 1.8872 D(x): 0.7748 D(G(z)): 0.3582 / 0.1679
TrainGAN: [0/1][829/938] Loss_D: 0.7453 Loss_G: 1.3860 D(x): 0.6427 D(G(z)): 0.2374 / 0.2771
TrainGAN: [0/1][830/938] Loss_D: 0.7052 Loss_G: 1.4475 D(x): 0.7247 D(G(z)): 0.3004 / 0.2574
TrainGAN: [0/1][831/938] Loss_D: 0.6888 Loss_G: 1.7410 D(x): 0.7436 D(G(z)): 0.3007 / 0.1955
TrainGAN: [0/1][832/938] Loss_D: 0.8532 Loss_G: 1.3085 D(x): 0.6488 D(G(z)): 0.2950 / 0.2946
TrainGAN: [0/1][833/938] Loss_D: 0.5858 Loss_G: 2.0615 D(x): 0.8082 D(G(z)): 0.2913 / 0.1445
TrainGAN: [0/1][834/938] Loss_D: 0.8469 Loss_G: 0.7829 D(x): 0.5442 D(G(z)): 0.1643 / 0.4815
TrainGAN: [0/1][835/938] Loss_D: 1.1175 Loss_G: 3.1634 D(x): 0.9188 D(G(z)): 0.6006 / 0.0544
TrainGAN: [0/1][836/938] Loss_D: 1.1903 Loss_G: 0.7834 D(x): 0.3857 D(G(z)): 0.0990 / 0.4896
TrainGAN: [0/1][837/938] Loss_D: 0.8594 Loss_G: 2.0575 D(x): 0.8504 D(G(z)): 0.4662 / 0.1557
TrainGAN: [0/1][838/938] Loss_D: 0.6741 Loss_G: 1.7874 D(x): 0.6855 D(G(z)): 0.2173 / 0.1944
TrainGAN: [0/1][839/938] Loss_D: 0.7370 Loss_G: 1.7195 D(x): 0.7174 D(G(z)): 0.2911 / 0.2031
TrainGAN: [0/1][840/938] Loss_D: 0.6737 Loss_G: 1.0171 D(x): 0.6512 D(G(z)): 0.1891 / 0.3782
TrainGAN: [0/1][841/938] Loss_D: 0.8041 Loss_G: 2.6142 D(x): 0.8727 D(G(z)): 0.4631 / 0.0834
TrainGAN: [0/1][842/938] Loss_D: 0.7826 Loss_G: 1.4450 D(x): 0.5856 D(G(z)): 0.1712 / 0.2648
TrainGAN: [0/1][843/938] Loss_D: 0.5953 Loss_G: 1.5607 D(x): 0.7723 D(G(z)): 0.2675 / 0.2297
TrainGAN: [0/1][844/938] Loss_D: 0.6720 Loss_G: 1.9454 D(x): 0.7616 D(G(z)): 0.2993 / 0.1648
TrainGAN: [0/1][845/938] Loss_D: 0.7261 Loss_G: 1.2908 D(x): 0.6682 D(G(z)): 0.2404 / 0.3099
TrainGAN: [0/1][846/938] Loss_D: 0.6151 Loss_G: 2.8561 D(x): 0.8621 D(G(z)): 0.3500 / 0.0659
TrainGAN: [0/1][847/938] Loss_D: 0.7856 Loss_G: 0.7657 D(x): 0.5392 D(G(z)): 0.1115 / 0.4951
TrainGAN: [0/1][848/938] Loss_D: 0.8305 Loss_G: 3.5533 D(x): 0.9123 D(G(z)): 0.4949 / 0.0338
TrainGAN: [0/1][849/938] Loss_D: 1.0228 Loss_G: 0.5139 D(x): 0.4249 D(G(z)): 0.0714 / 0.6156
TrainGAN: [0/1][850/938] Loss_D: 0.9449 Loss_G: 2.9272 D(x): 0.9115 D(G(z)): 0.5494 / 0.0622
TrainGAN: [0/1][851/938] Loss_D: 1.3508 Loss_G: 0.5240 D(x): 0.3277 D(G(z)): 0.0974 / 0.6115
TrainGAN: [0/1][852/938] Loss_D: 1.1903 Loss_G: 2.0223 D(x): 0.9010 D(G(z)): 0.6234 / 0.1581
TrainGAN: [0/1][853/938] Loss_D: 0.9778 Loss_G: 1.6907 D(x): 0.5784 D(G(z)): 0.3050 / 0.2080
TrainGAN: [0/1][854/938] Loss_D: 0.8981 Loss_G: 0.8170 D(x): 0.5273 D(G(z)): 0.1833 / 0.4674
TrainGAN: [0/1][855/938] Loss_D: 1.0500 Loss_G: 1.5585 D(x): 0.7888 D(G(z)): 0.5237 / 0.2275
TrainGAN: [0/1][856/938] Loss_D: 0.8582 Loss_G: 1.6898 D(x): 0.6535 D(G(z)): 0.3186 / 0.2054
TrainGAN: [0/1][857/938] Loss_D: 0.8718 Loss_G: 1.0857 D(x): 0.6114 D(G(z)): 0.2883 / 0.3568
TrainGAN: [0/1][858/938] Loss_D: 0.8971 Loss_G: 1.8011 D(x): 0.7696 D(G(z)): 0.4411 / 0.1833
TrainGAN: [0/1][859/938] Loss_D: 0.8295 Loss_G: 1.3174 D(x): 0.6055 D(G(z)): 0.2372 / 0.2869
TrainGAN: [0/1][860/938] Loss_D: 0.7330 Loss_G: 1.4603 D(x): 0.7305 D(G(z)): 0.3191 / 0.2528
TrainGAN: [0/1][861/938] Loss_D: 0.7350 Loss_G: 1.9477 D(x): 0.7596 D(G(z)): 0.3402 / 0.1652
TrainGAN: [0/1][862/938] Loss_D: 0.6307 Loss_G: 1.5990 D(x): 0.6834 D(G(z)): 0.1941 / 0.2294
TrainGAN: [0/1][863/938] Loss_D: 0.7101 Loss_G: 1.2913 D(x): 0.6951 D(G(z)): 0.2698 / 0.2991
TrainGAN: [0/1][864/938] Loss_D: 0.7677 Loss_G: 2.3498 D(x): 0.7853 D(G(z)): 0.3813 / 0.1087
TrainGAN: [0/1][865/938] Loss_D: 0.5885 Loss_G: 1.3369 D(x): 0.6492 D(G(z)): 0.1218 / 0.2868
TrainGAN: [0/1][866/938] Loss_D: 0.7727 Loss_G: 1.9952 D(x): 0.7913 D(G(z)): 0.3940 / 0.1498
TrainGAN: [0/1][867/938] Loss_D: 0.6093 Loss_G: 1.6911 D(x): 0.6989 D(G(z)): 0.1919 / 0.2038
TrainGAN: [0/1][868/938] Loss_D: 0.6291 Loss_G: 1.9931 D(x): 0.7863 D(G(z)): 0.3014 / 0.1570
TrainGAN: [0/1][869/938] Loss_D: 0.7015 Loss_G: 1.5352 D(x): 0.6662 D(G(z)): 0.2263 / 0.2349
TrainGAN: [0/1][870/938] Loss_D: 0.5651 Loss_G: 2.5287 D(x): 0.7946 D(G(z)): 0.2699 / 0.0937
TrainGAN: [0/1][871/938] Loss_D: 1.1355 Loss_G: 0.2700 D(x): 0.4382 D(G(z)): 0.2019 / 0.7747
TrainGAN: [0/1][872/938] Loss_D: 1.5305 Loss_G: 5.0435 D(x): 0.9668 D(G(z)): 0.7425 / 0.0093
TrainGAN: [0/1][873/938] Loss_D: 2.7583 Loss_G: 0.3813 D(x): 0.0855 D(G(z)): 0.0154 / 0.6951
TrainGAN: [0/1][874/938] Loss_D: 1.3881 Loss_G: 1.8184 D(x): 0.9224 D(G(z)): 0.6973 / 0.1874
TrainGAN: [0/1][875/938] Loss_D: 1.0871 Loss_G: 1.7583 D(x): 0.5806 D(G(z)): 0.3647 / 0.1936
TrainGAN: [0/1][876/938] Loss_D: 0.9530 Loss_G: 0.9786 D(x): 0.5191 D(G(z)): 0.2015 / 0.4107
TrainGAN: [0/1][877/938] Loss_D: 1.0457 Loss_G: 1.8676 D(x): 0.7752 D(G(z)): 0.5159 / 0.1810
TrainGAN: [0/1][878/938] Loss_D: 0.8721 Loss_G: 1.6188 D(x): 0.5797 D(G(z)): 0.2190 / 0.2350
TrainGAN: [0/1][879/938] Loss_D: 0.6889 Loss_G: 1.9185 D(x): 0.7491 D(G(z)): 0.2968 / 0.1744
TrainGAN: [0/1][880/938] Loss_D: 0.7524 Loss_G: 1.3226 D(x): 0.6617 D(G(z)): 0.2431 / 0.3043
TrainGAN: [0/1][881/938] Loss_D: 0.8911 Loss_G: 2.3605 D(x): 0.8057 D(G(z)): 0.4596 / 0.1086
TrainGAN: [0/1][882/938] Loss_D: 0.9325 Loss_G: 0.7229 D(x): 0.4941 D(G(z)): 0.1522 / 0.5075
TrainGAN: [0/1][883/938] Loss_D: 1.0891 Loss_G: 2.0416 D(x): 0.8555 D(G(z)): 0.5799 / 0.1492
TrainGAN: [0/1][884/938] Loss_D: 0.6648 Loss_G: 1.9187 D(x): 0.6789 D(G(z)): 0.2118 / 0.1649
TrainGAN: [0/1][885/938] Loss_D: 0.8970 Loss_G: 0.8789 D(x): 0.5520 D(G(z)): 0.2165 / 0.4396
TrainGAN: [0/1][886/938] Loss_D: 1.0123 Loss_G: 2.2702 D(x): 0.8567 D(G(z)): 0.5450 / 0.1206
TrainGAN: [0/1][887/938] Loss_D: 0.7650 Loss_G: 1.5696 D(x): 0.5712 D(G(z)): 0.1396 / 0.2350
TrainGAN: [0/1][888/938] Loss_D: 0.7751 Loss_G: 1.5227 D(x): 0.7375 D(G(z)): 0.3529 / 0.2350
TrainGAN: [0/1][889/938] Loss_D: 0.7893 Loss_G: 1.3346 D(x): 0.6635 D(G(z)): 0.2860 / 0.2882
TrainGAN: [0/1][890/938] Loss_D: 0.7396 Loss_G: 1.4591 D(x): 0.7198 D(G(z)): 0.3097 / 0.2553
TrainGAN: [0/1][891/938] Loss_D: 0.7305 Loss_G: 1.8393 D(x): 0.7474 D(G(z)): 0.3232 / 0.1807
TrainGAN: [0/1][892/938] Loss_D: 0.7000 Loss_G: 1.6125 D(x): 0.6903 D(G(z)): 0.2477 / 0.2296
TrainGAN: [0/1][893/938] Loss_D: 0.6325 Loss_G: 1.7810 D(x): 0.7607 D(G(z)): 0.2783 / 0.1889
TrainGAN: [0/1][894/938] Loss_D: 0.7016 Loss_G: 1.1530 D(x): 0.6440 D(G(z)): 0.2008 / 0.3397
TrainGAN: [0/1][895/938] Loss_D: 0.7103 Loss_G: 2.2408 D(x): 0.8579 D(G(z)): 0.4048 / 0.1188
TrainGAN: [0/1][896/938] Loss_D: 0.8596 Loss_G: 1.1988 D(x): 0.5750 D(G(z)): 0.2257 / 0.3245
TrainGAN: [0/1][897/938] Loss_D: 0.7787 Loss_G: 2.2758 D(x): 0.8255 D(G(z)): 0.4056 / 0.1215
TrainGAN: [0/1][898/938] Loss_D: 0.8118 Loss_G: 1.0351 D(x): 0.5438 D(G(z)): 0.1472 / 0.3808
TrainGAN: [0/1][899/938] Loss_D: 0.6255 Loss_G: 1.7385 D(x): 0.8264 D(G(z)): 0.3305 / 0.1962
TrainGAN: [0/1][900/938] Loss_D: 0.6936 Loss_G: 3.4126 D(x): 0.8116 D(G(z)): 0.3611 / 0.0409
TrainGAN: [0/1][901/938] Loss_D: 1.8089 Loss_G: 0.2638 D(x): 0.2342 D(G(z)): 0.0681 / 0.7744
TrainGAN: [0/1][902/938] Loss_D: 1.4664 Loss_G: 3.4180 D(x): 0.9604 D(G(z)): 0.7294 / 0.0422
TrainGAN: [0/1][903/938] Loss_D: 1.3789 Loss_G: 0.9698 D(x): 0.3008 D(G(z)): 0.0580 / 0.4068
TrainGAN: [0/1][904/938] Loss_D: 1.0606 Loss_G: 1.2711 D(x): 0.7847 D(G(z)): 0.5253 / 0.3055
TrainGAN: [0/1][905/938] Loss_D: 1.0442 Loss_G: 2.0034 D(x): 0.7039 D(G(z)): 0.4664 / 0.1517
TrainGAN: [0/1][906/938] Loss_D: 1.4052 Loss_G: 0.5690 D(x): 0.3467 D(G(z)): 0.2065 / 0.5760
TrainGAN: [0/1][907/938] Loss_D: 1.1841 Loss_G: 1.4470 D(x): 0.7650 D(G(z)): 0.5739 / 0.2521
TrainGAN: [0/1][908/938] Loss_D: 1.1053 Loss_G: 1.2141 D(x): 0.5349 D(G(z)): 0.3410 / 0.3143
TrainGAN: [0/1][909/938] Loss_D: 0.9060 Loss_G: 1.3498 D(x): 0.6694 D(G(z)): 0.3597 / 0.2838
TrainGAN: [0/1][910/938] Loss_D: 0.8616 Loss_G: 1.4120 D(x): 0.6786 D(G(z)): 0.3479 / 0.2670
TrainGAN: [0/1][911/938] Loss_D: 0.9628 Loss_G: 1.1544 D(x): 0.6118 D(G(z)): 0.3345 / 0.3343
TrainGAN: [0/1][912/938] Loss_D: 0.8745 Loss_G: 1.6083 D(x): 0.7198 D(G(z)): 0.3895 / 0.2232
TrainGAN: [0/1][913/938] Loss_D: 0.9732 Loss_G: 1.1621 D(x): 0.5681 D(G(z)): 0.3005 / 0.3377
TrainGAN: [0/1][914/938] Loss_D: 1.0276 Loss_G: 1.3886 D(x): 0.6726 D(G(z)): 0.4265 / 0.2874
TrainGAN: [0/1][915/938] Loss_D: 0.9222 Loss_G: 1.7401 D(x): 0.6955 D(G(z)): 0.3945 / 0.1947
TrainGAN: [0/1][916/938] Loss_D: 0.9313 Loss_G: 1.1005 D(x): 0.5670 D(G(z)): 0.2657 / 0.3620
TrainGAN: [0/1][917/938] Loss_D: 0.8144 Loss_G: 1.4892 D(x): 0.7357 D(G(z)): 0.3663 / 0.2483
TrainGAN: [0/1][918/938] Loss_D: 0.9325 Loss_G: 1.6071 D(x): 0.6693 D(G(z)): 0.3793 / 0.2248
TrainGAN: [0/1][919/938] Loss_D: 0.8811 Loss_G: 1.3411 D(x): 0.6305 D(G(z)): 0.2935 / 0.2856
TrainGAN: [0/1][920/938] Loss_D: 0.7623 Loss_G: 1.7049 D(x): 0.7328 D(G(z)): 0.3310 / 0.2034
TrainGAN: [0/1][921/938] Loss_D: 0.7098 Loss_G: 1.6963 D(x): 0.7164 D(G(z)): 0.2883 / 0.2072
TrainGAN: [0/1][922/938] Loss_D: 0.6750 Loss_G: 1.8701 D(x): 0.7308 D(G(z)): 0.2731 / 0.1804
TrainGAN: [0/1][923/938] Loss_D: 0.9159 Loss_G: 0.6542 D(x): 0.5637 D(G(z)): 0.2458 / 0.5431
TrainGAN: [0/1][924/938] Loss_D: 1.2403 Loss_G: 3.4169 D(x): 0.9125 D(G(z)): 0.6533 / 0.0383
TrainGAN: [0/1][925/938] Loss_D: 1.1996 Loss_G: 0.8867 D(x): 0.3404 D(G(z)): 0.0446 / 0.4419
TrainGAN: [0/1][926/938] Loss_D: 0.9773 Loss_G: 2.0104 D(x): 0.8925 D(G(z)): 0.5485 / 0.1526
TrainGAN: [0/1][927/938] Loss_D: 0.7890 Loss_G: 1.3637 D(x): 0.5609 D(G(z)): 0.1522 / 0.2851
TrainGAN: [0/1][928/938] Loss_D: 0.8685 Loss_G: 1.6482 D(x): 0.7645 D(G(z)): 0.4166 / 0.2206
TrainGAN: [0/1][929/938] Loss_D: 0.7113 Loss_G: 1.4254 D(x): 0.6543 D(G(z)): 0.2112 / 0.2680
TrainGAN: [0/1][930/938] Loss_D: 0.8516 Loss_G: 2.2760 D(x): 0.7984 D(G(z)): 0.4365 / 0.1230
TrainGAN: [0/1][931/938] Loss_D: 0.8038 Loss_G: 1.2030 D(x): 0.5415 D(G(z)): 0.1338 / 0.3320
TrainGAN: [0/1][932/938] Loss_D: 0.7595 Loss_G: 1.7637 D(x): 0.8058 D(G(z)): 0.3891 / 0.2028
TrainGAN: [0/1][933/938] Loss_D: 0.7692 Loss_G: 2.1686 D(x): 0.7530 D(G(z)): 0.3482 / 0.1379
TrainGAN: [0/1][934/938] Loss_D: 0.7976 Loss_G: 1.2056 D(x): 0.5866 D(G(z)): 0.1913 / 0.3230
TrainGAN: [0/1][935/938] Loss_D: 0.7134 Loss_G: 1.7793 D(x): 0.7704 D(G(z)): 0.3404 / 0.1847
TrainGAN: [0/1][936/938] Loss_D: 0.6183 Loss_G: 2.0014 D(x): 0.7412 D(G(z)): 0.2506 / 0.1587
TrainGAN: [0/1][937/938] Loss_D: 0.6381 Loss_G: 1.5161 D(x): 0.7022 D(G(z)): 0.2178 / 0.2501
TrainGAN: Saving netG
TrainGAN: Saving netD
Analyzer: Obtaining data for analysis
Analyzer: Generating /fs/vulcan-scratch/krusinga/projects/ganProbability/experiments/e18/analysis/ganTrainPlot.png with handler for lineplot
Analyzer: Saving data in /fs/vulcan-scratch/krusinga/projects/ganProbability/experiments/e18/analysis/ganTrainPlot.pickle
Module times: [0.0001800060272216797, 27.41741418838501, 0.4812130928039551]
Total time: 27.8988239765
=====
Starting experiment mnistStage2
ID: 18, PID 0/10
08_15_2018_16:45:37
=====
SampleGAN: Using options {'forward': True, 'samples': 100}
LoadGAN: Using options:
{'nc': 1, 'proportions': array([0.1, 0.1, 0.1, 0.1, 0.1, 0.1, 0.1, 0.1, 0.1, 0.1]), 'dataset': 'mnist', 'ngpu': 1, 'ngf': 64, 'workers': 2, 'netG': 'netG', 'netDexpNum': -1, 'netD': 'netD', 'nz': 20, 'netDinstance': -1, 'lr': 0.0002, 'beta1': 0.5, 'loadFromExperiment': -1, 'netP': '', 'netGinstance': -1, 'imageSize': 28, 'netPinstance': -1, 'manualSeed': None, 'ndf': 64, 'netGexpNum': -1, 'cuda': True, 'netPexpNum': -1, 'batchSize': 64}
LoadGAN: Generating random seed
LoadGAN: Using random seed 8101
LoadGAN: Load netG from file key netG
LoadGAN: netG structure:
LoadGAN: _netG(
  (main): Sequential(
    (0): ConvTranspose2d(20, 256, kernel_size=(4, 4), stride=(1, 1), bias=False)
    (1): BatchNorm2d(256, eps=1e-05, momentum=0.1, affine=True)
    (2): ReLU(inplace)
    (3): ConvTranspose2d(256, 128, kernel_size=(4, 4), stride=(2, 2), padding=(1, 1), bias=False)
    (4): BatchNorm2d(128, eps=1e-05, momentum=0.1, affine=True)
    (5): ReLU(inplace)
    (6): ConvTranspose2d(128, 64, kernel_size=(4, 4), stride=(2, 2), padding=(2, 2), bias=False)
    (7): BatchNorm2d(64, eps=1e-05, momentum=0.1, affine=True)
    (8): ReLU(inplace)
    (9): ConvTranspose2d(64, 1, kernel_size=(4, 4), stride=(2, 2), padding=(1, 1), bias=False)
    (10): Tanh()
  )
)
SampleGAN: Sample 0
SampleGAN: Sample 10
SampleGAN: Sample 20
SampleGAN: Sample 30
SampleGAN: Sample 40
SampleGAN: Sample 50
SampleGAN: Sample 60
SampleGAN: Sample 70
SampleGAN: Sample 80
SampleGAN: Sample 90
SampleGAN: The minimum value of prob is -26.3209029473 and the maximum is -7.95429930237
SampleGAN: Saving sampled data
ZipSamples: Collapsing to process 0
ZipSamples: In Process 0 (this should not be seen by other processes)
ZipSamples: Loading mats
ZipSamples: Saving samples
LoadGAN: Using options:
{'nc': 1, 'proportions': array([0.1, 0.1, 0.1, 0.1, 0.1, 0.1, 0.1, 0.1, 0.1, 0.1]), 'dataset': 'mnist', 'ngpu': 1, 'ngf': 64, 'workers': 2, 'netG': 'netG', 'netDexpNum': -1, 'netD': 'netD', 'nz': 20, 'netDinstance': -1, 'lr': 0.0002, 'beta1': 0.5, 'loadFromExperiment': -1, 'netP': '', 'netGinstance': -1, 'imageSize': 28, 'netPinstance': -1, 'manualSeed': None, 'ndf': 64, 'netGexpNum': -1, 'cuda': True, 'netPexpNum': -1, 'batchSize': 64}
LoadGAN: Generating random seed
LoadGAN: Using random seed 7621
LoadGAN: Loading netP
LoadGAN: netP structure
LoadGAN: _netP(
  (main): Sequential(
    (0): Conv2d(1, 64, kernel_size=(4, 4), stride=(2, 2), padding=(1, 1))
    (1): BatchNorm2d(64, eps=1e-05, momentum=0.1, affine=True)
    (2): LeakyReLU(0.2, inplace)
    (3): Conv2d(64, 128, kernel_size=(4, 4), stride=(2, 2), padding=(1, 1))
    (4): BatchNorm2d(128, eps=1e-05, momentum=0.1, affine=True)
    (5): LeakyReLU(0.2, inplace)
    (6): Conv2d(128, 256, kernel_size=(4, 4), stride=(2, 2), padding=(2, 2), bias=False)
    (7): BatchNorm2d(256, eps=1e-05, momentum=0.1, affine=True)
    (8): LeakyReLU(0.2, inplace)
    (9): Conv2d(256, 1, kernel_size=(4, 4), stride=(1, 1))
  )
)
RegressorTraining: Epoch: 0
RegressorTraining: Training epoch 0, loss = 7, abserror=7
RegressorTraining: Testing epoch 0, loss = 19, abserror=19
RegressorTraining: Saving netP
RegressorRun: Loading netP
RegressorRun: Getting loaders
RegressorRun: Interpolating class distributions
RegressorRun: Sample 0
RegressorRun: Sample 100
RegressorRun: Sample 200
RegressorRun: Sample 300
RegressorRun: Sample 400
RegressorRun: Sample 500
RegressorRun: Sample 600
RegressorRun: Sample 700
RegressorRun: Sample 800
RegressorRun: Sample 900
RegressorRun: Sample 1000
RegressorRun: Sample 1100
RegressorRun: Sample 1200
RegressorRun: Sample 1300
RegressorRun: Sample 1400
RegressorRun: Sample 1500
RegressorRun: Sample 1600
RegressorRun: Sample 1700
RegressorRun: Sample 1800
RegressorRun: Sample 1900
RegressorRun: Sample 2000
RegressorRun: Sample 2100
RegressorRun: Sample 2200
RegressorRun: Sample 2300
RegressorRun: Sample 2400
RegressorRun: Sample 2500
RegressorRun: Sample 2600
RegressorRun: Sample 2700
RegressorRun: Sample 2800
RegressorRun: Sample 2900
RegressorRun: Sample 3000
RegressorRun: Sample 3100
RegressorRun: Sample 3200
RegressorRun: Sample 3300
RegressorRun: Sample 3400
RegressorRun: Sample 3500
RegressorRun: Sample 3600
RegressorRun: Sample 3700
RegressorRun: Sample 3800
RegressorRun: Sample 3900
RegressorRun: Sample 4000
RegressorRun: Sample 4100
RegressorRun: Sample 4200
RegressorRun: Sample 4300
RegressorRun: Sample 4400
RegressorRun: Sample 4500
RegressorRun: Sample 4600
RegressorRun: Sample 4700
RegressorRun: Sample 4800
RegressorRun: Sample 4900
RegressorRun: Sample 5000
RegressorRun: Sample 5100
RegressorRun: Sample 5200
RegressorRun: Sample 5300
RegressorRun: Sample 5400
RegressorRun: Sample 5500
RegressorRun: Sample 5600
RegressorRun: Sample 5700
RegressorRun: Sample 5800
RegressorRun: Sample 5900
RegressorRun: Sample 6000
RegressorRun: Sample 6100
RegressorRun: Sample 6200
RegressorRun: Sample 6300
RegressorRun: Sample 6400
RegressorRun: Sample 6500
RegressorRun: Sample 6600
RegressorRun: Sample 6700
RegressorRun: Sample 6800
RegressorRun: Sample 6900
RegressorRun: Sample 7000
RegressorRun: Sample 7100
RegressorRun: Sample 7200
RegressorRun: Sample 7300
RegressorRun: Sample 7400
RegressorRun: Sample 7500
RegressorRun: Sample 7600
RegressorRun: Sample 7700
RegressorRun: Sample 7800
RegressorRun: Sample 7900
RegressorRun: Sample 8000
RegressorRun: Sample 8100
RegressorRun: Sample 8200
RegressorRun: Sample 8300
RegressorRun: Sample 8400
RegressorRun: Sample 8500
RegressorRun: Sample 8600
RegressorRun: Sample 8700
RegressorRun: Sample 8800
RegressorRun: Sample 8900
RegressorRun: Sample 9000
RegressorRun: Sample 9100
RegressorRun: Sample 9200
RegressorRun: Sample 9300
RegressorRun: Sample 9400
RegressorRun: Sample 9500
RegressorRun: Sample 9600
RegressorRun: Sample 9700
RegressorRun: Sample 9800
RegressorRun: Sample 9900
RegressorRun: Saving regressorResults
Analyzer: Obtaining data for analysis
Analyzer: Generating /fs/vulcan-scratch/krusinga/projects/ganProbability/experiments/e18/analysis/topIms.png with handler for imageArray
Analyzer: Saving data in /fs/vulcan-scratch/krusinga/projects/ganProbability/experiments/e18/analysis/topIms.pickle
Analyzer: Generating /fs/vulcan-scratch/krusinga/projects/ganProbability/experiments/e18/analysis/botIms.png with handler for imageArray
Analyzer: Saving data in /fs/vulcan-scratch/krusinga/projects/ganProbability/experiments/e18/analysis/botIms.pickle
Analyzer: Generating /fs/vulcan-scratch/krusinga/projects/ganProbability/experiments/e18/analysis/lossCurve.png with handler for lineplot
Analyzer: Saving data in /fs/vulcan-scratch/krusinga/projects/ganProbability/experiments/e18/analysis/lossCurve.pickle
Analyzer: Generating /fs/vulcan-scratch/krusinga/projects/ganProbability/experiments/e18/analysis/errorCurve.png with handler for lineplot
Analyzer: Saving data in /fs/vulcan-scratch/krusinga/projects/ganProbability/experiments/e18/analysis/errorCurve.pickle
Analyzer: Generating /fs/vulcan-scratch/krusinga/projects/ganProbability/experiments/e18/analysis/domainShiftTest.png with handler for lineplot
Analyzer: Saving data in /fs/vulcan-scratch/krusinga/projects/ganProbability/experiments/e18/analysis/domainShiftTest.pickle
Module times: [0.00017690658569335938, 3.930161952972412, 30.376675844192505, 0.523514986038208, 81.10504102706909, 2.579077959060669]
Total time: 118.514696121
