=====
Starting experiment batchSample
ID: 3, PID 9/10
07_31_2018_18:29:20
=====
SampleGAN: Using options {'forward': False, 'samples': 20}
LoadGAN: Using options:
{'ngf': 64, 'nc': 1, 'imageSize': 28, 'manualSeed': None, 'netG': 'netG', 'netGinstance': -1, 'netDexpNum': -1, 'netD': '', 'nz': 20, 'dataset': 'mnist', 'netGexpNum': 1, 'netDinstance': -1, 'ngpu': 1, 'cuda': True, 'beta1': 0.5, 'lr': 0.0002, 'batchSize': 64, 'ndf': 64, 'workers': 2, 'proportions': array([0.1, 0.1, 0.1, 0.1, 0.1, 0.1, 0.1, 0.1, 0.1, 0.1])}
LoadGAN: Generating random seed
LoadGAN: Using random seed 8816
LoadGAN: Load netG from file key netG
LoadGAN: netG structure:
LoadGAN: _netG(
  (main): Sequential(
    (0): ConvTranspose2d(20, 256, kernel_size=(4, 4), stride=(1, 1), bias=False)
    (1): BatchNorm2d(256, eps=1e-05, momentum=0.1, affine=True)
    (2): ReLU(inplace)
    (3): ConvTranspose2d(256, 128, kernel_size=(4, 4), stride=(2, 2), padding=(1, 1), bias=False)
    (4): BatchNorm2d(128, eps=1e-05, momentum=0.1, affine=True)
    (5): ReLU(inplace)
    (6): ConvTranspose2d(128, 64, kernel_size=(4, 4), stride=(2, 2), padding=(2, 2), bias=False)
    (7): BatchNorm2d(64, eps=1e-05, momentum=0.1, affine=True)
    (8): ReLU(inplace)
    (9): ConvTranspose2d(64, 1, kernel_size=(4, 4), stride=(2, 2), padding=(1, 1), bias=False)
    (10): Tanh()
  )
)
SampleGAN: Sample 0
SampleGAN: Sample 10
SampleGAN: The minimum value of prob is -42.1997412369 and the maximum is -25.710735131
SampleGAN: Saving sampled data
Module times: [0.00010204315185546875, 20.840839862823486]
Total time: 20.8409528732
