Hello:
0
=====
Starting experiment stage2
ID: 56, PID 0/10
10_04_2018_11:36:05
=====
DCGANSize28Col3: {'samples': 1000, 'netGkey': 'netG', 'netGinstance': -1, 'ngpu': 0, 'take': 25, 'netGclass': <class 'code.total.models.nnModels.NetG28'>, 'checkpointEvery': 10, 'ngf': 64, 'netDclass': <class 'code.total.models.nnModels.NetD28'>, 'nGANepochs': 1, 'netDexpNum': 46, 'nc': 3, 'nz': 100, 'ndf': 64, 'netGexpNum': 46, 'netDinstance': -1, 'lr': 0.0002, 'cuda': True, 'beta1': 0.5, 'netDkey': 'netD', 'method': 'analytical', 'imSize': 28}
DCGANSize28Col3: outShape is (3, 28, 28)
DCGANSize28Col3: Loading GAN from instance 24
DCGANSize28Col3: Loading /fs/vulcan-scratch/krusinga/projects/ganProbability/generated/e46/models/netG_24.pth
DCGANSize28Col3: Loading /fs/vulcan-scratch/krusinga/projects/ganProbability/generated/e46/models/netD_24.pth
DCGANSize28Col3: Loading /fs/vulcan-scratch/krusinga/projects/ganProbability/generated/e46/models/ganState_24.pickle
ZipSamples: Collapsing to process 0
ZipSamples: In Process 0 (this should not be seen by other processes)
ZipSamples: Loading mats
ZipSamples: Saving samples
Analyzer: Obtaining data for analysis
Analyzer: Generating /fs/vulcan-scratch/krusinga/projects/ganProbability/experiments/e56/analysis/ganTrainPlot.png with handler for lineplot
Analyzer: Saving data in /fs/vulcan-scratch/krusinga/projects/ganProbability/experiments/e56/analysis/ganTrainPlot.pickle
Analyzer: Generating /fs/vulcan-scratch/krusinga/projects/ganProbability/experiments/e56/analysis/sample_0.png with handler for imageArray
Analyzer: Saving data in /fs/vulcan-scratch/krusinga/projects/ganProbability/experiments/e56/analysis/sample_0.pickle
Analyzer: Generating /fs/vulcan-scratch/krusinga/projects/ganProbability/experiments/e56/analysis/sample_10.png with handler for imageArray
Analyzer: Saving data in /fs/vulcan-scratch/krusinga/projects/ganProbability/experiments/e56/analysis/sample_10.pickle
Analyzer: Generating /fs/vulcan-scratch/krusinga/projects/ganProbability/experiments/e56/analysis/sample_20.png with handler for imageArray
Analyzer: Saving data in /fs/vulcan-scratch/krusinga/projects/ganProbability/experiments/e56/analysis/sample_20.pickle
Analyzer: Generating /fs/vulcan-scratch/krusinga/projects/ganProbability/experiments/e56/analysis/sample_30.png with handler for imageArray
Analyzer: Saving data in /fs/vulcan-scratch/krusinga/projects/ganProbability/experiments/e56/analysis/sample_30.pickle
Analyzer: Generating /fs/vulcan-scratch/krusinga/projects/ganProbability/experiments/e56/analysis/sample_40.png with handler for imageArray
Analyzer: Saving data in /fs/vulcan-scratch/krusinga/projects/ganProbability/experiments/e56/analysis/sample_40.pickle
Analyzer: Generating /fs/vulcan-scratch/krusinga/projects/ganProbability/experiments/e56/analysis/topIms.png with handler for imageArray
Analyzer: Saving data in /fs/vulcan-scratch/krusinga/projects/ganProbability/experiments/e56/analysis/topIms.pickle
Analyzer: Generating /fs/vulcan-scratch/krusinga/projects/ganProbability/experiments/e56/analysis/botIms.png with handler for imageArray
Analyzer: Saving data in /fs/vulcan-scratch/krusinga/projects/ganProbability/experiments/e56/analysis/botIms.pickle
Module times: [3.7874550819396973, 0.013525009155273438, 1.6108198165893555, 7.786344051361084]
Total time: 13.1981739998
