=====
Starting experiment trainMNIST
ID: 78, PID 0/1
10_31_2018_13:27:25
=====
FlowGAN: {'checkpointEvery': 1, 'netGkey': 'netG', 'netGinstance': -1, 'batchsize': 64, 'lossLambda': 0.1, 'ngpu': 1, 'netGclass': <class 'code.total.models.realNVP.RealNVP'>, 'nh': 32, 'netDclass': <class 'code.total.models.nnModels.NetD32'>, 'nGANepochs': 2, 'netDexpNum': -1, 'nc': 3, 'ndf': 64, 'ks': 3, 'netGexpNum': -1, 'netDinstance': -1, 'lr': 0.0002, 'cuda': True, 'beta1': 0.5, 'netDkey': 'netD', 'imSize': 32}
FlowGAN: outShape is (3, 32, 32)
FlowGAN: Starting GAN from scratch
FlowGAN: ===Begin epoch 0
FlowGAN: Iteration 0
FlowGAN: GLoss: 496.208740234, DLoss: 0.022140622139
FlowGAN: Iteration 1
FlowGAN: GLoss: 486.270141602, DLoss: -0.220751717687
FlowGAN: Iteration 2
FlowGAN: GLoss: 475.489837646, DLoss: -0.346178859472
FlowGAN: Iteration 3
FlowGAN: GLoss: 463.005149841, DLoss: -0.423140980303
FlowGAN: Iteration 927
FlowGAN: GLoss: 451.824719238, DLoss: -0.48095548749
FlowGAN: Iteration 928
FlowGAN: GLoss: 440.807988485, DLoss: -0.518822933237
FlowGAN: Iteration 929
FlowGAN: GLoss: 429.811148507, DLoss: -0.547333517245
FlowGAN: Iteration 930
FlowGAN: GLoss: 419.111377716, DLoss: -0.564953345805
FlowGAN: Iteration 931
FlowGAN: GLoss: 408.806589762, DLoss: -0.5860016644
FlowGAN: Iteration 932
FlowGAN: GLoss: 399.37130127, DLoss: -0.606084278226
FlowGAN: Iteration 933
FlowGAN: GLoss: 391.116227583, DLoss: -0.63155241717
FlowGAN: Iteration 934
FlowGAN: GLoss: 384.125979106, DLoss: -0.653343252838
FlowGAN: Iteration 935
FlowGAN: GLoss: 378.486668513, DLoss: -0.668358960977
FlowGAN: Iteration 936
FlowGAN: GLoss: 374.242268154, DLoss: -0.688051455787
FlowGAN: Saving /fs/vulcan-scratch/krusinga/projects/ganProbability/generated/e78/models/netG_0.pth
FlowGAN: Saving /fs/vulcan-scratch/krusinga/projects/ganProbability/generated/e78/models/netD_0.pth
FlowGAN: Saving /fs/vulcan-scratch/krusinga/projects/ganProbability/generated/e78/models/ganState_0.pickle
FlowGAN: ===Begin epoch 1
FlowGAN: Iteration 0
FlowGAN: GLoss: 328.359344482, DLoss: -0.977276265621
FlowGAN: Iteration 1
FlowGAN: GLoss: 333.723373413, DLoss: -0.98034375906
FlowGAN: Iteration 2
FlowGAN: GLoss: 338.99109904, DLoss: -0.984144806862
FlowGAN: Iteration 3
FlowGAN: GLoss: 345.095863342, DLoss: -0.985475242138
FlowGAN: Iteration 927
FlowGAN: GLoss: 351.345324707, DLoss: -0.987041270733
FlowGAN: Iteration 928
FlowGAN: GLoss: 357.807566325, DLoss: -0.988525430361
FlowGAN: Iteration 929
FlowGAN: GLoss: 364.400935582, DLoss: -0.989478102752
FlowGAN: Iteration 930
FlowGAN: GLoss: 370.909366608, DLoss: -0.99019420892
FlowGAN: Iteration 931
FlowGAN: GLoss: 377.271752252, DLoss: -0.990532828702
FlowGAN: Iteration 932
FlowGAN: GLoss: 383.291769409, DLoss: -0.991093629599
FlowGAN: Iteration 933
FlowGAN: GLoss: 389.223055753, DLoss: -0.991643054919
FlowGAN: Iteration 934
FlowGAN: GLoss: 395.098169963, DLoss: -0.991987029711
FlowGAN: Iteration 935
FlowGAN: GLoss: 400.735856276, DLoss: -0.992331170119
FlowGAN: Iteration 936
FlowGAN: GLoss: 406.230804443, DLoss: -0.992654493877
FlowGAN: Saving /fs/vulcan-scratch/krusinga/projects/ganProbability/generated/e78/models/netG_1.pth
FlowGAN: Saving /fs/vulcan-scratch/krusinga/projects/ganProbability/generated/e78/models/netD_1.pth
FlowGAN: Saving /fs/vulcan-scratch/krusinga/projects/ganProbability/generated/e78/models/ganState_1.pickle
FlowGAN: Saving /fs/vulcan-scratch/krusinga/projects/ganProbability/generated/e78/models/netG_1.pth
FlowGAN: Saving /fs/vulcan-scratch/krusinga/projects/ganProbability/generated/e78/models/netD_1.pth
FlowGAN: Saving /fs/vulcan-scratch/krusinga/projects/ganProbability/generated/e78/models/ganState_1.pickle
Analyzer: Obtaining data for analysis
Analyzer: Generating /fs/vulcan-scratch/krusinga/projects/ganProbability/experiments/e78/analysis/ganTrainPlot.png with handler for lineplot
Analyzer: Saving data in /fs/vulcan-scratch/krusinga/projects/ganProbability/experiments/e78/analysis/ganTrainPlot.pickle
Analyzer: Generating /fs/vulcan-scratch/krusinga/projects/ganProbability/experiments/e78/analysis/sample_0.png with handler for imageArray
Analyzer: Saving data in /fs/vulcan-scratch/krusinga/projects/ganProbability/experiments/e78/analysis/sample_0.pickle
Analyzer: Generating /fs/vulcan-scratch/krusinga/projects/ganProbability/experiments/e78/analysis/sample_1.png with handler for imageArray
Analyzer: Saving data in /fs/vulcan-scratch/krusinga/projects/ganProbability/experiments/e78/analysis/sample_1.pickle
Module times: [6.413459777832031e-05, 6.136270999908447, 50.23358988761902, 2.3991668224334717]
Total time: 58.7691180706
