Hello:
0
=====
Starting experiment numPixel
ID: 64, PID 0/10
10_11_2018_01:59:44
=====
DCGANSize32Col3: {'ngpu': 0, 'ngf': 64, 'netDclass': <class 'code.total.models.nnModels.NetD32'>, 'nGANepochs': 25, 'netDexpNum': -1, 'nc': 3, 'nz': 100, 'netDinstance': -1, 'lr': 0.0002, 'take': 25, 'beta1': 0.5, 'method': 'numerical', 'netPkey': 'reg_mnist_32_3_numerical_pixel', 'zipkey': 'samples_mnist_32_3_numerical_pixel', 'samples': 5000, 'netGkey': 'dcgan_G_mnist_32_3', 'netGinstance': -1, 'sampleKey': 'samples_mnist_32_3_numerical_pixel', 'featsOut': 10, 'netGclass': <class 'code.total.models.nnModels.NetG32'>, 'checkpointEvery': 5, 'ndf': 64, 'netGexpNum': -1, 'cuda': True, 'nRegressorEpochs': 25, 'netDkey': 'dcgan_D_mnist_32_3', 'batchSize': 64, 'imSize': 32}
DCGANSize32Col3: outShape is (3, 32, 32)
DCGANSize32Col3: Loading GAN from instance 24
DCGANSize32Col3: Loading /fs/vulcan-scratch/krusinga/projects/ganProbability/generated/canonical/DCGAN/MNIST/size32_3/netG_24.pth
DCGANSize32Col3: Loading /fs/vulcan-scratch/krusinga/projects/ganProbability/generated/canonical/DCGAN/MNIST/size32_3/netD_24.pth
DCGANSize32Col3: Loading /fs/vulcan-scratch/krusinga/projects/ganProbability/generated/e64/models/ganState_24.pickle
ZipSamples: Collapsing to process 0
ZipSamples: In Process 0 (this should not be seen by other processes)
ZipSamples: Loading mats
ZipSamples: Saving samples_mnist_32_3_numerical_pixel
RegressorSize32Col3: {'netPclass': <class 'code.total.models.nnModels.NetP32'>, 'ngpu': 0, 'zipkey': 'samples_mnist_32_3_numerical_pixel', 'nGANepochs': 25, 'embeddingModelInstance': -1, 'batchSize': 64, 'nc': 3, 'cuda': True, 'lr': 0.0002, 'take': 25, 'beta1': 0.5, 'method': 'numerical', 'netPkey': 'reg_mnist_32_3_numerical_pixel', 'embeddingModelKey': 'lenet', 'usesEmbeddingModel': False, 'samples': 5000, 'netGkey': 'dcgan_G_mnist_32_3', 'sampleKey': 'samples_mnist_32_3_numerical_pixel', 'npf': 64, 'loadDeep': False, 'featsOut': 10, 'embeddingModelClass': None, 'checkpointEvery': 5, 'netDkey': 'dcgan_D_mnist_32_3', 'netPinstance': -1, 'embeddingModelExpNum': -1, 'netPexpNum': -1, 'nRegressorEpochs': 25, 'imSize': 32, 'nOutFeatures': 500}
RegressorSize32Col3: inShape is (3, 32, 32)
RegressorSize32Col3: Training netP from scratch
RegressorSize32Col3: NetP32(
  (main): Sequential(
    (0): Conv2d(3, 64, kernel_size=(4, 4), stride=(2, 2), padding=(1, 1))
    (1): BatchNorm2d(64, eps=1e-05, momentum=0.1, affine=True)
    (2): LeakyReLU(0.2, inplace)
    (3): Conv2d(64, 128, kernel_size=(4, 4), stride=(2, 2), padding=(1, 1))
    (4): BatchNorm2d(128, eps=1e-05, momentum=0.1, affine=True)
    (5): LeakyReLU(0.2, inplace)
    (6): Conv2d(128, 256, kernel_size=(4, 4), stride=(2, 2), padding=(1, 1))
    (7): BatchNorm2d(256, eps=1e-05, momentum=0.1, affine=True)
    (8): LeakyReLU(0.2, inplace)
    (9): Conv2d(256, 1, kernel_size=(4, 4), stride=(1, 1))
  )
)
RegressorSize32Col3: ===Begin epoch 0
RegressorSize32Col3: Iteration 0
RegressorSize32Col3: Iteration 50
RegressorSize32Col3: Iteration 100
RegressorSize32Col3: Iteration 150
RegressorSize32Col3: Iteration 200
RegressorSize32Col3: Iteration 250
RegressorSize32Col3: Iteration 300
RegressorSize32Col3: Iteration 350
RegressorSize32Col3: Iteration 400
RegressorSize32Col3: Iteration 450
RegressorSize32Col3: Iteration 500
RegressorSize32Col3: Iteration 550
RegressorSize32Col3: Iteration 600
RegressorSize32Col3: Epoch 0, loss=3.07159253426, abserror=3.54054353523
RegressorSize32Col3: Testing epoch 0, loss = 3, abserror=3
RegressorSize32Col3: ===Begin epoch 1
RegressorSize32Col3: Iteration 0
RegressorSize32Col3: Iteration 50
RegressorSize32Col3: Iteration 100
RegressorSize32Col3: Iteration 150
RegressorSize32Col3: Iteration 200
RegressorSize32Col3: Iteration 250
RegressorSize32Col3: Iteration 300
RegressorSize32Col3: Iteration 350
RegressorSize32Col3: Iteration 400
RegressorSize32Col3: Iteration 450
RegressorSize32Col3: Iteration 500
RegressorSize32Col3: Iteration 550
RegressorSize32Col3: Iteration 600
RegressorSize32Col3: Epoch 1, loss=2.48815499039, abserror=2.95230426216
RegressorSize32Col3: Testing epoch 1, loss = 2, abserror=3
RegressorSize32Col3: ===Begin epoch 2
RegressorSize32Col3: Iteration 0
RegressorSize32Col3: Iteration 50
RegressorSize32Col3: Iteration 100
RegressorSize32Col3: Iteration 150
RegressorSize32Col3: Iteration 200
RegressorSize32Col3: Iteration 250
RegressorSize32Col3: Iteration 300
RegressorSize32Col3: Iteration 350
RegressorSize32Col3: Iteration 400
RegressorSize32Col3: Iteration 450
RegressorSize32Col3: Iteration 500
RegressorSize32Col3: Iteration 550
RegressorSize32Col3: Iteration 600
RegressorSize32Col3: Epoch 2, loss=2.34178824539, abserror=2.80393683357
RegressorSize32Col3: Testing epoch 2, loss = 2, abserror=3
RegressorSize32Col3: ===Begin epoch 3
RegressorSize32Col3: Iteration 0
RegressorSize32Col3: Iteration 50
RegressorSize32Col3: Iteration 100
RegressorSize32Col3: Iteration 150
RegressorSize32Col3: Iteration 200
RegressorSize32Col3: Iteration 250
RegressorSize32Col3: Iteration 300
RegressorSize32Col3: Iteration 350
RegressorSize32Col3: Iteration 400
RegressorSize32Col3: Iteration 450
RegressorSize32Col3: Iteration 500
RegressorSize32Col3: Iteration 550
RegressorSize32Col3: Iteration 600
RegressorSize32Col3: Epoch 3, loss=2.28289733944, abserror=2.74395885792
RegressorSize32Col3: Testing epoch 3, loss = 22, abserror=23
RegressorSize32Col3: ===Begin epoch 4
RegressorSize32Col3: Iteration 0
RegressorSize32Col3: Iteration 50
RegressorSize32Col3: Iteration 100
RegressorSize32Col3: Iteration 150
RegressorSize32Col3: Iteration 200
RegressorSize32Col3: Iteration 250
RegressorSize32Col3: Iteration 300
RegressorSize32Col3: Iteration 350
RegressorSize32Col3: Iteration 400
RegressorSize32Col3: Iteration 450
RegressorSize32Col3: Iteration 500
RegressorSize32Col3: Iteration 550
RegressorSize32Col3: Iteration 600
RegressorSize32Col3: Epoch 4, loss=2.21944364033, abserror=2.67849024544
RegressorSize32Col3: Testing epoch 4, loss = 14, abserror=15
RegressorSize32Col3: Saving /fs/vulcan-scratch/krusinga/projects/ganProbability/generated/canonical/DCGAN/MNIST/size32_3/samples/numerical_pixel/netP_4.pth
RegressorSize32Col3: Saving /fs/vulcan-scratch/krusinga/projects/ganProbability/generated/e64/models/regressorState_4.pickle
RegressorSize32Col3: ===Begin epoch 5
RegressorSize32Col3: Iteration 0
RegressorSize32Col3: Iteration 50
RegressorSize32Col3: Iteration 100
RegressorSize32Col3: Iteration 150
RegressorSize32Col3: Iteration 200
RegressorSize32Col3: Iteration 250
RegressorSize32Col3: Iteration 300
RegressorSize32Col3: Iteration 350
RegressorSize32Col3: Iteration 400
RegressorSize32Col3: Iteration 450
RegressorSize32Col3: Iteration 500
RegressorSize32Col3: Iteration 550
RegressorSize32Col3: Iteration 600
RegressorSize32Col3: Epoch 5, loss=2.18300444584, abserror=2.64266093864
RegressorSize32Col3: Testing epoch 5, loss = 11, abserror=11
RegressorSize32Col3: ===Begin epoch 6
RegressorSize32Col3: Iteration 0
RegressorSize32Col3: Iteration 50
RegressorSize32Col3: Iteration 100
RegressorSize32Col3: Iteration 150
RegressorSize32Col3: Iteration 200
RegressorSize32Col3: Iteration 250
RegressorSize32Col3: Iteration 300
RegressorSize32Col3: Iteration 350
RegressorSize32Col3: Iteration 400
RegressorSize32Col3: Iteration 450
RegressorSize32Col3: Iteration 500
RegressorSize32Col3: Iteration 550
RegressorSize32Col3: Iteration 600
RegressorSize32Col3: Epoch 6, loss=2.1437688652, abserror=2.60122511616
RegressorSize32Col3: Testing epoch 6, loss = 2, abserror=2
RegressorSize32Col3: ===Begin epoch 7
RegressorSize32Col3: Iteration 0
RegressorSize32Col3: Iteration 50
RegressorSize32Col3: Iteration 100
RegressorSize32Col3: Iteration 150
RegressorSize32Col3: Iteration 200
RegressorSize32Col3: Iteration 250
RegressorSize32Col3: Iteration 300
RegressorSize32Col3: Iteration 350
RegressorSize32Col3: Iteration 400
RegressorSize32Col3: Iteration 450
RegressorSize32Col3: Iteration 500
RegressorSize32Col3: Iteration 550
RegressorSize32Col3: Iteration 600
RegressorSize32Col3: Epoch 7, loss=2.09721558723, abserror=2.55442529907
RegressorSize32Col3: Testing epoch 7, loss = 3, abserror=3
RegressorSize32Col3: ===Begin epoch 8
RegressorSize32Col3: Iteration 0
RegressorSize32Col3: Iteration 50
RegressorSize32Col3: Iteration 100
RegressorSize32Col3: Iteration 150
RegressorSize32Col3: Iteration 200
RegressorSize32Col3: Iteration 250
RegressorSize32Col3: Iteration 300
RegressorSize32Col3: Iteration 350
RegressorSize32Col3: Iteration 400
RegressorSize32Col3: Iteration 450
RegressorSize32Col3: Iteration 500
RegressorSize32Col3: Iteration 550
RegressorSize32Col3: Iteration 600
RegressorSize32Col3: Epoch 8, loss=2.07313265953, abserror=2.52995975494
RegressorSize32Col3: Testing epoch 8, loss = 2, abserror=3
RegressorSize32Col3: ===Begin epoch 9
RegressorSize32Col3: Iteration 0
RegressorSize32Col3: Iteration 50
RegressorSize32Col3: Iteration 100
RegressorSize32Col3: Iteration 150
RegressorSize32Col3: Iteration 200
RegressorSize32Col3: Iteration 250
RegressorSize32Col3: Iteration 300
RegressorSize32Col3: Iteration 350
RegressorSize32Col3: Iteration 400
RegressorSize32Col3: Iteration 450
RegressorSize32Col3: Iteration 500
RegressorSize32Col3: Iteration 550
RegressorSize32Col3: Iteration 600
RegressorSize32Col3: Epoch 9, loss=2.05895985184, abserror=2.51561163101
RegressorSize32Col3: Testing epoch 9, loss = 4, abserror=4
RegressorSize32Col3: Saving /fs/vulcan-scratch/krusinga/projects/ganProbability/generated/canonical/DCGAN/MNIST/size32_3/samples/numerical_pixel/netP_9.pth
RegressorSize32Col3: Saving /fs/vulcan-scratch/krusinga/projects/ganProbability/generated/e64/models/regressorState_9.pickle
RegressorSize32Col3: ===Begin epoch 10
RegressorSize32Col3: Iteration 0
RegressorSize32Col3: Iteration 50
RegressorSize32Col3: Iteration 100
RegressorSize32Col3: Iteration 150
RegressorSize32Col3: Iteration 200
RegressorSize32Col3: Iteration 250
RegressorSize32Col3: Iteration 300
RegressorSize32Col3: Iteration 350
RegressorSize32Col3: Iteration 400
RegressorSize32Col3: Iteration 450
RegressorSize32Col3: Iteration 500
RegressorSize32Col3: Iteration 550
RegressorSize32Col3: Iteration 600
RegressorSize32Col3: Epoch 10, loss=2.0286489193, abserror=2.48500185108
RegressorSize32Col3: Testing epoch 10, loss = 3, abserror=4
RegressorSize32Col3: ===Begin epoch 11
RegressorSize32Col3: Iteration 0
RegressorSize32Col3: Iteration 50
RegressorSize32Col3: Iteration 100
RegressorSize32Col3: Iteration 150
RegressorSize32Col3: Iteration 200
RegressorSize32Col3: Iteration 250
RegressorSize32Col3: Iteration 300
RegressorSize32Col3: Iteration 350
RegressorSize32Col3: Iteration 400
RegressorSize32Col3: Iteration 450
RegressorSize32Col3: Iteration 500
RegressorSize32Col3: Iteration 550
RegressorSize32Col3: Iteration 600
RegressorSize32Col3: Epoch 11, loss=1.98815170498, abserror=2.44421996517
RegressorSize32Col3: Testing epoch 11, loss = 13, abserror=14
RegressorSize32Col3: ===Begin epoch 12
RegressorSize32Col3: Iteration 0
RegressorSize32Col3: Iteration 50
RegressorSize32Col3: Iteration 100
RegressorSize32Col3: Iteration 150
RegressorSize32Col3: Iteration 200
RegressorSize32Col3: Iteration 250
RegressorSize32Col3: Iteration 300
RegressorSize32Col3: Iteration 350
RegressorSize32Col3: Iteration 400
RegressorSize32Col3: Iteration 450
RegressorSize32Col3: Iteration 500
RegressorSize32Col3: Iteration 550
RegressorSize32Col3: Iteration 600
RegressorSize32Col3: Epoch 12, loss=1.96996139698, abserror=2.42483292866
RegressorSize32Col3: Testing epoch 12, loss = 4, abserror=4
RegressorSize32Col3: ===Begin epoch 13
RegressorSize32Col3: Iteration 0
RegressorSize32Col3: Iteration 50
RegressorSize32Col3: Iteration 100
RegressorSize32Col3: Iteration 150
RegressorSize32Col3: Iteration 200
RegressorSize32Col3: Iteration 250
RegressorSize32Col3: Iteration 300
RegressorSize32Col3: Iteration 350
RegressorSize32Col3: Iteration 400
RegressorSize32Col3: Iteration 450
RegressorSize32Col3: Iteration 500
RegressorSize32Col3: Iteration 550
RegressorSize32Col3: Iteration 600
RegressorSize32Col3: Epoch 13, loss=1.94264298038, abserror=2.39684231911
RegressorSize32Col3: Testing epoch 13, loss = 3, abserror=3
RegressorSize32Col3: ===Begin epoch 14
RegressorSize32Col3: Iteration 0
RegressorSize32Col3: Iteration 50
RegressorSize32Col3: Iteration 100
RegressorSize32Col3: Iteration 150
RegressorSize32Col3: Iteration 200
RegressorSize32Col3: Iteration 250
RegressorSize32Col3: Iteration 300
RegressorSize32Col3: Iteration 350
RegressorSize32Col3: Iteration 400
RegressorSize32Col3: Iteration 450
RegressorSize32Col3: Iteration 500
RegressorSize32Col3: Iteration 550
RegressorSize32Col3: Iteration 600
RegressorSize32Col3: Epoch 14, loss=1.92569210854, abserror=2.37970853558
RegressorSize32Col3: Testing epoch 14, loss = 2, abserror=3
RegressorSize32Col3: Saving /fs/vulcan-scratch/krusinga/projects/ganProbability/generated/canonical/DCGAN/MNIST/size32_3/samples/numerical_pixel/netP_14.pth
RegressorSize32Col3: Saving /fs/vulcan-scratch/krusinga/projects/ganProbability/generated/e64/models/regressorState_14.pickle
RegressorSize32Col3: ===Begin epoch 15
RegressorSize32Col3: Iteration 0
RegressorSize32Col3: Iteration 50
RegressorSize32Col3: Iteration 100
RegressorSize32Col3: Iteration 150
RegressorSize32Col3: Iteration 200
RegressorSize32Col3: Iteration 250
RegressorSize32Col3: Iteration 300
RegressorSize32Col3: Iteration 350
RegressorSize32Col3: Iteration 400
RegressorSize32Col3: Iteration 450
RegressorSize32Col3: Iteration 500
RegressorSize32Col3: Iteration 550
RegressorSize32Col3: Iteration 600
RegressorSize32Col3: Epoch 15, loss=1.91296825123, abserror=2.36688903027
RegressorSize32Col3: Testing epoch 15, loss = 3, abserror=3
RegressorSize32Col3: ===Begin epoch 16
RegressorSize32Col3: Iteration 0
RegressorSize32Col3: Iteration 50
RegressorSize32Col3: Iteration 100
RegressorSize32Col3: Iteration 150
RegressorSize32Col3: Iteration 200
RegressorSize32Col3: Iteration 250
RegressorSize32Col3: Iteration 300
RegressorSize32Col3: Iteration 350
RegressorSize32Col3: Iteration 400
RegressorSize32Col3: Iteration 450
RegressorSize32Col3: Iteration 500
RegressorSize32Col3: Iteration 550
RegressorSize32Col3: Iteration 600
RegressorSize32Col3: Epoch 16, loss=1.87550582314, abserror=2.32770265446
RegressorSize32Col3: Testing epoch 16, loss = 4, abserror=4
RegressorSize32Col3: ===Begin epoch 17
RegressorSize32Col3: Iteration 0
RegressorSize32Col3: Iteration 50
RegressorSize32Col3: Iteration 100
RegressorSize32Col3: Iteration 150
RegressorSize32Col3: Iteration 200
RegressorSize32Col3: Iteration 250
RegressorSize32Col3: Iteration 300
RegressorSize32Col3: Iteration 350
RegressorSize32Col3: Iteration 400
RegressorSize32Col3: Iteration 450
RegressorSize32Col3: Iteration 500
RegressorSize32Col3: Iteration 550
RegressorSize32Col3: Iteration 600
RegressorSize32Col3: Epoch 17, loss=1.86659614258, abserror=2.31721818924
RegressorSize32Col3: Testing epoch 17, loss = 7, abserror=8
RegressorSize32Col3: ===Begin epoch 18
RegressorSize32Col3: Iteration 0
RegressorSize32Col3: Iteration 50
RegressorSize32Col3: Iteration 100
RegressorSize32Col3: Iteration 150
RegressorSize32Col3: Iteration 200
RegressorSize32Col3: Iteration 250
RegressorSize32Col3: Iteration 300
RegressorSize32Col3: Iteration 350
RegressorSize32Col3: Iteration 400
RegressorSize32Col3: Iteration 450
RegressorSize32Col3: Iteration 500
RegressorSize32Col3: Iteration 550
RegressorSize32Col3: Iteration 600
RegressorSize32Col3: Epoch 18, loss=1.84661193733, abserror=2.29751999092
RegressorSize32Col3: Testing epoch 18, loss = 8, abserror=8
RegressorSize32Col3: ===Begin epoch 19
RegressorSize32Col3: Iteration 0
RegressorSize32Col3: Iteration 50
RegressorSize32Col3: Iteration 100
RegressorSize32Col3: Iteration 150
RegressorSize32Col3: Iteration 200
RegressorSize32Col3: Iteration 250
RegressorSize32Col3: Iteration 300
RegressorSize32Col3: Iteration 350
RegressorSize32Col3: Iteration 400
RegressorSize32Col3: Iteration 450
RegressorSize32Col3: Iteration 500
RegressorSize32Col3: Iteration 550
RegressorSize32Col3: Iteration 600
RegressorSize32Col3: Epoch 19, loss=1.81773164768, abserror=2.26821093292
RegressorSize32Col3: Testing epoch 19, loss = 2, abserror=3
RegressorSize32Col3: Saving /fs/vulcan-scratch/krusinga/projects/ganProbability/generated/canonical/DCGAN/MNIST/size32_3/samples/numerical_pixel/netP_19.pth
RegressorSize32Col3: Saving /fs/vulcan-scratch/krusinga/projects/ganProbability/generated/e64/models/regressorState_19.pickle
RegressorSize32Col3: ===Begin epoch 20
RegressorSize32Col3: Iteration 0
RegressorSize32Col3: Iteration 50
RegressorSize32Col3: Iteration 100
RegressorSize32Col3: Iteration 150
RegressorSize32Col3: Iteration 200
RegressorSize32Col3: Iteration 250
RegressorSize32Col3: Iteration 300
RegressorSize32Col3: Iteration 350
RegressorSize32Col3: Iteration 400
RegressorSize32Col3: Iteration 450
RegressorSize32Col3: Iteration 500
RegressorSize32Col3: Iteration 550
RegressorSize32Col3: Iteration 600
RegressorSize32Col3: Epoch 20, loss=1.80494001904, abserror=2.2555420599
RegressorSize32Col3: Testing epoch 20, loss = 1, abserror=2
RegressorSize32Col3: ===Begin epoch 21
RegressorSize32Col3: Iteration 0
RegressorSize32Col3: Iteration 50
RegressorSize32Col3: Iteration 100
RegressorSize32Col3: Iteration 150
RegressorSize32Col3: Iteration 200
RegressorSize32Col3: Iteration 250
RegressorSize32Col3: Iteration 300
RegressorSize32Col3: Iteration 350
RegressorSize32Col3: Iteration 400
RegressorSize32Col3: Iteration 450
RegressorSize32Col3: Iteration 500
RegressorSize32Col3: Iteration 550
RegressorSize32Col3: Iteration 600
RegressorSize32Col3: Epoch 21, loss=1.78885438919, abserror=2.23904195881
RegressorSize32Col3: Testing epoch 21, loss = 2, abserror=3
RegressorSize32Col3: ===Begin epoch 22
RegressorSize32Col3: Iteration 0
RegressorSize32Col3: Iteration 50
RegressorSize32Col3: Iteration 100
RegressorSize32Col3: Iteration 150
RegressorSize32Col3: Iteration 200
RegressorSize32Col3: Iteration 250
RegressorSize32Col3: Iteration 300
RegressorSize32Col3: Iteration 350
RegressorSize32Col3: Iteration 400
RegressorSize32Col3: Iteration 450
RegressorSize32Col3: Iteration 500
RegressorSize32Col3: Iteration 550
RegressorSize32Col3: Iteration 600
RegressorSize32Col3: Epoch 22, loss=1.76036158695, abserror=2.20898444214
RegressorSize32Col3: Testing epoch 22, loss = 4, abserror=4
RegressorSize32Col3: ===Begin epoch 23
RegressorSize32Col3: Iteration 0
RegressorSize32Col3: Iteration 50
RegressorSize32Col3: Iteration 100
RegressorSize32Col3: Iteration 150
RegressorSize32Col3: Iteration 200
RegressorSize32Col3: Iteration 250
RegressorSize32Col3: Iteration 300
RegressorSize32Col3: Iteration 350
RegressorSize32Col3: Iteration 400
RegressorSize32Col3: Iteration 450
RegressorSize32Col3: Iteration 500
RegressorSize32Col3: Iteration 550
RegressorSize32Col3: Iteration 600
RegressorSize32Col3: Epoch 23, loss=1.74263428173, abserror=2.19179781017
RegressorSize32Col3: Testing epoch 23, loss = 1, abserror=2
RegressorSize32Col3: ===Begin epoch 24
RegressorSize32Col3: Iteration 0
RegressorSize32Col3: Iteration 50
RegressorSize32Col3: Iteration 100
RegressorSize32Col3: Iteration 150
RegressorSize32Col3: Iteration 200
RegressorSize32Col3: Iteration 250
RegressorSize32Col3: Iteration 300
RegressorSize32Col3: Iteration 350
RegressorSize32Col3: Iteration 400
RegressorSize32Col3: Iteration 450
RegressorSize32Col3: Iteration 500
RegressorSize32Col3: Iteration 550
RegressorSize32Col3: Iteration 600
RegressorSize32Col3: Epoch 24, loss=1.72035606976, abserror=2.16762017345
RegressorSize32Col3: Testing epoch 24, loss = 3, abserror=4
RegressorSize32Col3: Saving /fs/vulcan-scratch/krusinga/projects/ganProbability/generated/canonical/DCGAN/MNIST/size32_3/samples/numerical_pixel/netP_24.pth
RegressorSize32Col3: Saving /fs/vulcan-scratch/krusinga/projects/ganProbability/generated/e64/models/regressorState_24.pickle
RegressorSize32Col3: Saving /fs/vulcan-scratch/krusinga/projects/ganProbability/generated/canonical/DCGAN/MNIST/size32_3/samples/numerical_pixel/netP_24.pth
RegressorSize32Col3: Saving /fs/vulcan-scratch/krusinga/projects/ganProbability/generated/e64/models/regressorState_24.pickle
RegressorTest: Saving /fs/vulcan-scratch/krusinga/projects/ganProbability/generated/e64/data/regressorShiftResults_0.mat
Analyzer: Obtaining data for analysis
Analyzer: Generating /fs/vulcan-scratch/krusinga/projects/ganProbability/experiments/e64/analysis/topIms.png with handler for imageArray
Analyzer: Saving data in /fs/vulcan-scratch/krusinga/projects/ganProbability/experiments/e64/analysis/topIms.pickle
Analyzer: Generating /fs/vulcan-scratch/krusinga/projects/ganProbability/experiments/e64/analysis/botIms.png with handler for imageArray
Analyzer: Saving data in /fs/vulcan-scratch/krusinga/projects/ganProbability/experiments/e64/analysis/botIms.pickle
Analyzer: Generating /fs/vulcan-scratch/krusinga/projects/ganProbability/experiments/e64/analysis/lossCurve.png with handler for lineplot
Analyzer: Saving data in /fs/vulcan-scratch/krusinga/projects/ganProbability/experiments/e64/analysis/lossCurve.pickle
Analyzer: Generating /fs/vulcan-scratch/krusinga/projects/ganProbability/experiments/e64/analysis/errorCurve.png with handler for lineplot
Analyzer: Saving data in /fs/vulcan-scratch/krusinga/projects/ganProbability/experiments/e64/analysis/errorCurve.pickle
Analyzer: Generating /fs/vulcan-scratch/krusinga/projects/ganProbability/experiments/e64/analysis/topDataIms.png with handler for imageArray
Analyzer: Saving data in /fs/vulcan-scratch/krusinga/projects/ganProbability/experiments/e64/analysis/topDataIms.pickle
Analyzer: Generating /fs/vulcan-scratch/krusinga/projects/ganProbability/experiments/e64/analysis/botDataIms.png with handler for imageArray
Analyzer: Saving data in /fs/vulcan-scratch/krusinga/projects/ganProbability/experiments/e64/analysis/botDataIms.pickle
Module times: [2.9565141201019287, 0.0007188320159912109, 55.66516089439392, 0.00010514259338378906, 5.0067901611328125e-05, 0.0674588680267334, 176.03262901306152, 1.5538880825042725, 4.362047910690308]
Total time: 240.638612032
