Hello:
=====
Starting experiment stage1
ID: 57, PID 0/1
10_04_2018_10:57:04
=====
DeepRegressorSize28Col3: {'netPclass': <class 'code.total.models.nnModels.DeepRegressor'>, 'embeddingModelKey': 'lenet', 'usesEmbeddingModel': True, 'netPexpNum': -1, 'npf': 64, 'ngpu': 0, 'embeddingModelClass': <class 'code.total.models.nnModels.Lenet28'>, 'checkpointEvery': 5, 'netPinstance': -1, 'nGANepochs': 1, 'embeddingModelInstance': -1, 'nc': 3, 'imSize': 28, 'cuda': True, 'lr': 0.0002, 'embeddingModelExpNum': 60, 'beta1': 0.5, 'nRegressorEpochs': 25, 'nOutFeatures': 500, 'netPkey': 'netP'}
DeepRegressorSize28Col3: inShape is (3, 28, 28)
DeepRegressorSize28Col3: Regressor is using a deep feature embedding
DeepRegressorSize28Col3: Loading an embedding model from file, training netP from scratch
DeepRegressorSize28Col3: Loading /fs/vulcan-scratch/krusinga/projects/ganProbability/generated/e60/models/lenet_24.pth
DeepRegressorSize28Col3: DeepRegressor(
  (deepFeatures): Lenet28(
    (features): Sequential(
      (0): Conv2d(3, 20, kernel_size=(5, 5), stride=(1, 1))
      (1): AvgPool2d(kernel_size=2, stride=2, padding=0, ceil_mode=False, count_include_pad=True)
      (2): Conv2d(20, 50, kernel_size=(5, 5), stride=(1, 1))
      (3): AvgPool2d(kernel_size=2, stride=2, padding=0, ceil_mode=False, count_include_pad=True)
    )
    (features2): Linear(in_features=800, out_features=500, bias=True)
    (main): Sequential(
      (0): Linear(in_features=500, out_features=10, bias=True)
      (1): Softmax()
    )
  )
  (main): Sequential(
    (0): Linear(in_features=500, out_features=256, bias=True)
    (1): ReLU(inplace)
    (2): Linear(in_features=256, out_features=128, bias=True)
    (3): ReLU(inplace)
    (4): Linear(in_features=128, out_features=64, bias=True)
    (5): ReLU(inplace)
    (6): Linear(in_features=64, out_features=32, bias=True)
    (7): ReLU(inplace)
    (8): Linear(in_features=32, out_features=16, bias=True)
    (9): ReLU(inplace)
    (10): Linear(in_features=16, out_features=1, bias=True)
  )
)
DeepRegressorSize28Col3: ===Begin epoch 0
DeepRegressorSize28Col3: Iteration 0
/fs/vulcan-scratch/krusinga/anaconda2/lib/python2.7/site-packages/torch/nn/modules/container.py:67: UserWarning: Implicit dimension choice for softmax has been deprecated. Change the call to include dim=X as an argument.
  input = module(input)
DeepRegressorSize28Col3: Iteration 50
DeepRegressorSize28Col3: Iteration 100
DeepRegressorSize28Col3: Epoch 0, loss=297.441579552, abserror=297.940859329
DeepRegressorSize28Col3: Testing epoch 0, loss = 5, abserror=6
DeepRegressorSize28Col3: ===Begin epoch 1
DeepRegressorSize28Col3: Iteration 0
DeepRegressorSize28Col3: Iteration 50
DeepRegressorSize28Col3: Iteration 100
DeepRegressorSize28Col3: Epoch 1, loss=6.1455202713, abserror=6.62987217331
DeepRegressorSize28Col3: Testing epoch 1, loss = 5, abserror=5
DeepRegressorSize28Col3: ===Begin epoch 2
DeepRegressorSize28Col3: Iteration 0
DeepRegressorSize28Col3: Iteration 50
DeepRegressorSize28Col3: Iteration 100
DeepRegressorSize28Col3: Epoch 2, loss=6.17186397934, abserror=6.65575857162
DeepRegressorSize28Col3: Testing epoch 2, loss = 5, abserror=6
DeepRegressorSize28Col3: ===Begin epoch 3
DeepRegressorSize28Col3: Iteration 0
DeepRegressorSize28Col3: Iteration 50
DeepRegressorSize28Col3: Iteration 100
DeepRegressorSize28Col3: Epoch 3, loss=6.26455428696, abserror=6.74870404434
DeepRegressorSize28Col3: Testing epoch 3, loss = 5, abserror=5
DeepRegressorSize28Col3: ===Begin epoch 4
DeepRegressorSize28Col3: Iteration 0
DeepRegressorSize28Col3: Iteration 50
DeepRegressorSize28Col3: Iteration 100
DeepRegressorSize28Col3: Epoch 4, loss=6.17209885025, abserror=6.65493663406
DeepRegressorSize28Col3: Testing epoch 4, loss = 5, abserror=6
DeepRegressorSize28Col3: Saving /fs/vulcan-scratch/krusinga/projects/ganProbability/generated/e57/models/netP_4.pth
DeepRegressorSize28Col3: Saving /fs/vulcan-scratch/krusinga/projects/ganProbability/generated/e57/models/regressorState_4.pickle
DeepRegressorSize28Col3: ===Begin epoch 5
DeepRegressorSize28Col3: Iteration 0
DeepRegressorSize28Col3: Iteration 50
DeepRegressorSize28Col3: Iteration 100
DeepRegressorSize28Col3: Epoch 5, loss=6.28118213272, abserror=6.76409151077
DeepRegressorSize28Col3: Testing epoch 5, loss = 6, abserror=7
DeepRegressorSize28Col3: ===Begin epoch 6
DeepRegressorSize28Col3: Iteration 0
DeepRegressorSize28Col3: Iteration 50
DeepRegressorSize28Col3: Iteration 100
DeepRegressorSize28Col3: Epoch 6, loss=6.18509745789, abserror=6.66871689224
DeepRegressorSize28Col3: Testing epoch 6, loss = 5, abserror=6
DeepRegressorSize28Col3: ===Begin epoch 7
DeepRegressorSize28Col3: Iteration 0
DeepRegressorSize28Col3: Iteration 50
DeepRegressorSize28Col3: Iteration 100
DeepRegressorSize28Col3: Epoch 7, loss=6.20863321686, abserror=6.69245283127
DeepRegressorSize28Col3: Testing epoch 7, loss = 5, abserror=6
DeepRegressorSize28Col3: ===Begin epoch 8
DeepRegressorSize28Col3: Iteration 0
DeepRegressorSize28Col3: Iteration 50
DeepRegressorSize28Col3: Iteration 100
DeepRegressorSize28Col3: Epoch 8, loss=6.16102037811, abserror=6.64475307465
DeepRegressorSize28Col3: Testing epoch 8, loss = 6, abserror=6
DeepRegressorSize28Col3: ===Begin epoch 9
DeepRegressorSize28Col3: Iteration 0
DeepRegressorSize28Col3: Iteration 50
DeepRegressorSize28Col3: Iteration 100
DeepRegressorSize28Col3: Epoch 9, loss=6.22436811066, abserror=6.70820147324
DeepRegressorSize28Col3: Testing epoch 9, loss = 5, abserror=5
DeepRegressorSize28Col3: Saving /fs/vulcan-scratch/krusinga/projects/ganProbability/generated/e57/models/netP_9.pth
DeepRegressorSize28Col3: Saving /fs/vulcan-scratch/krusinga/projects/ganProbability/generated/e57/models/regressorState_9.pickle
DeepRegressorSize28Col3: ===Begin epoch 10
DeepRegressorSize28Col3: Iteration 0
DeepRegressorSize28Col3: Iteration 50
DeepRegressorSize28Col3: Iteration 100
DeepRegressorSize28Col3: Epoch 10, loss=6.18417848969, abserror=6.6673736496
DeepRegressorSize28Col3: Testing epoch 10, loss = 5, abserror=6
DeepRegressorSize28Col3: ===Begin epoch 11
DeepRegressorSize28Col3: Iteration 0
DeepRegressorSize28Col3: Iteration 50
DeepRegressorSize28Col3: Iteration 100
DeepRegressorSize28Col3: Epoch 11, loss=6.12559981155, abserror=6.6096597023
DeepRegressorSize28Col3: Testing epoch 11, loss = 5, abserror=6
DeepRegressorSize28Col3: ===Begin epoch 12
DeepRegressorSize28Col3: Iteration 0
DeepRegressorSize28Col3: Iteration 50
DeepRegressorSize28Col3: Iteration 100
DeepRegressorSize28Col3: Epoch 12, loss=6.19930909348, abserror=6.68344451523
DeepRegressorSize28Col3: Testing epoch 12, loss = 5, abserror=6
DeepRegressorSize28Col3: ===Begin epoch 13
DeepRegressorSize28Col3: Iteration 0
DeepRegressorSize28Col3: Iteration 50
DeepRegressorSize28Col3: Iteration 100
DeepRegressorSize28Col3: Epoch 13, loss=6.25889126587, abserror=6.7436048851
DeepRegressorSize28Col3: Testing epoch 13, loss = 5, abserror=6
DeepRegressorSize28Col3: ===Begin epoch 14
DeepRegressorSize28Col3: Iteration 0
DeepRegressorSize28Col3: Iteration 50
DeepRegressorSize28Col3: Iteration 100
DeepRegressorSize28Col3: Epoch 14, loss=6.18880334854, abserror=6.6726994133
DeepRegressorSize28Col3: Testing epoch 14, loss = 5, abserror=6
DeepRegressorSize28Col3: Saving /fs/vulcan-scratch/krusinga/projects/ganProbability/generated/e57/models/netP_14.pth
DeepRegressorSize28Col3: Saving /fs/vulcan-scratch/krusinga/projects/ganProbability/generated/e57/models/regressorState_14.pickle
DeepRegressorSize28Col3: ===Begin epoch 15
DeepRegressorSize28Col3: Iteration 0
DeepRegressorSize28Col3: Iteration 50
DeepRegressorSize28Col3: Iteration 100
DeepRegressorSize28Col3: Epoch 15, loss=6.19805051804, abserror=6.68094652939
DeepRegressorSize28Col3: Testing epoch 15, loss = 5, abserror=5
DeepRegressorSize28Col3: ===Begin epoch 16
DeepRegressorSize28Col3: Iteration 0
DeepRegressorSize28Col3: Iteration 50
DeepRegressorSize28Col3: Iteration 100
DeepRegressorSize28Col3: Epoch 16, loss=6.18462104797, abserror=6.66861650848
DeepRegressorSize28Col3: Testing epoch 16, loss = 5, abserror=6
DeepRegressorSize28Col3: ===Begin epoch 17
DeepRegressorSize28Col3: Iteration 0
DeepRegressorSize28Col3: Iteration 50
DeepRegressorSize28Col3: Iteration 100
DeepRegressorSize28Col3: Epoch 17, loss=6.22562913132, abserror=6.70910290146
DeepRegressorSize28Col3: Testing epoch 17, loss = 5, abserror=5
DeepRegressorSize28Col3: ===Begin epoch 18
DeepRegressorSize28Col3: Iteration 0
DeepRegressorSize28Col3: Iteration 50
DeepRegressorSize28Col3: Iteration 100
DeepRegressorSize28Col3: Epoch 18, loss=6.23951006317, abserror=6.72387049866
DeepRegressorSize28Col3: Testing epoch 18, loss = 5, abserror=6
DeepRegressorSize28Col3: ===Begin epoch 19
DeepRegressorSize28Col3: Iteration 0
DeepRegressorSize28Col3: Iteration 50
DeepRegressorSize28Col3: Iteration 100
DeepRegressorSize28Col3: Epoch 19, loss=6.16586368942, abserror=6.64911992264
DeepRegressorSize28Col3: Testing epoch 19, loss = 5, abserror=6
DeepRegressorSize28Col3: Saving /fs/vulcan-scratch/krusinga/projects/ganProbability/generated/e57/models/netP_19.pth
DeepRegressorSize28Col3: Saving /fs/vulcan-scratch/krusinga/projects/ganProbability/generated/e57/models/regressorState_19.pickle
DeepRegressorSize28Col3: ===Begin epoch 20
DeepRegressorSize28Col3: Iteration 0
DeepRegressorSize28Col3: Iteration 50
DeepRegressorSize28Col3: Iteration 100
DeepRegressorSize28Col3: Epoch 20, loss=6.18143389511, abserror=6.66565864944
DeepRegressorSize28Col3: Testing epoch 20, loss = 5, abserror=5
DeepRegressorSize28Col3: ===Begin epoch 21
DeepRegressorSize28Col3: Iteration 0
DeepRegressorSize28Col3: Iteration 50
DeepRegressorSize28Col3: Iteration 100
DeepRegressorSize28Col3: Epoch 21, loss=6.15429361725, abserror=6.63751356888
DeepRegressorSize28Col3: Testing epoch 21, loss = 5, abserror=5
DeepRegressorSize28Col3: ===Begin epoch 22
DeepRegressorSize28Col3: Iteration 0
DeepRegressorSize28Col3: Iteration 50
DeepRegressorSize28Col3: Iteration 100
DeepRegressorSize28Col3: Epoch 22, loss=6.19632999039, abserror=6.67967536163
DeepRegressorSize28Col3: Testing epoch 22, loss = 5, abserror=6
DeepRegressorSize28Col3: ===Begin epoch 23
DeepRegressorSize28Col3: Iteration 0
DeepRegressorSize28Col3: Iteration 50
DeepRegressorSize28Col3: Iteration 100
DeepRegressorSize28Col3: Epoch 23, loss=6.23115161896, abserror=6.71442481232
DeepRegressorSize28Col3: Testing epoch 23, loss = 5, abserror=6
DeepRegressorSize28Col3: ===Begin epoch 24
DeepRegressorSize28Col3: Iteration 0
DeepRegressorSize28Col3: Iteration 50
DeepRegressorSize28Col3: Iteration 100
DeepRegressorSize28Col3: Epoch 24, loss=6.16702500153, abserror=6.651534832
DeepRegressorSize28Col3: Testing epoch 24, loss = 6, abserror=6
DeepRegressorSize28Col3: Saving /fs/vulcan-scratch/krusinga/projects/ganProbability/generated/e57/models/netP_24.pth
DeepRegressorSize28Col3: Saving /fs/vulcan-scratch/krusinga/projects/ganProbability/generated/e57/models/regressorState_24.pickle
DeepRegressorSize28Col3: Saving /fs/vulcan-scratch/krusinga/projects/ganProbability/generated/e57/models/netP_24.pth
DeepRegressorSize28Col3: Saving /fs/vulcan-scratch/krusinga/projects/ganProbability/generated/e57/models/regressorState_24.pickle
RegressorTest: Saving /fs/vulcan-scratch/krusinga/projects/ganProbability/generated/e57/data/regressorShiftResults_0.mat
Analyzer: Obtaining data for analysis
Analyzer: Generating /fs/vulcan-scratch/krusinga/projects/ganProbability/experiments/e57/analysis/lossCurve.png with handler for lineplot
Analyzer: Saving data in /fs/vulcan-scratch/krusinga/projects/ganProbability/experiments/e57/analysis/lossCurve.pickle
Analyzer: Generating /fs/vulcan-scratch/krusinga/projects/ganProbability/experiments/e57/analysis/errorCurve.png with handler for lineplot
Analyzer: Saving data in /fs/vulcan-scratch/krusinga/projects/ganProbability/experiments/e57/analysis/errorCurve.pickle
Analyzer: Generating /fs/vulcan-scratch/krusinga/projects/ganProbability/experiments/e57/analysis/topDataIms.png with handler for imageArray
Analyzer: Saving data in /fs/vulcan-scratch/krusinga/projects/ganProbability/experiments/e57/analysis/topDataIms.pickle
Analyzer: Generating /fs/vulcan-scratch/krusinga/projects/ganProbability/experiments/e57/analysis/botDataIms.png with handler for imageArray
Analyzer: Saving data in /fs/vulcan-scratch/krusinga/projects/ganProbability/experiments/e57/analysis/botDataIms.pickle
Module times: [0.011625051498413086, 2.5591750144958496, 30.32918095588684, 0.00010085105895996094, 1.1475770473480225, 2.308279037475586]
Total time: 36.3559589386
