Hello:
=====
Starting experiment stage1
ID: 75, PID 0/1
10_20_2018_22:48:46
=====
DCGANSize32Col3: {'netGkey': 'netG', 'netGinstance': -1, 'ngpu': 0, 'netGclass': <class 'code.total.models.nnModels.NetG32'>, 'checkpointEvery': 10, 'ngf': 64, 'netDclass': <class 'code.total.models.nnModels.NetD32'>, 'loaderDistribution': [0.0, 0.11, 0.11, 0.11, 0.11, 0.11, 0.11, 0.11, 0.11, 0.12], 'nGANepochs': 20, 'netDexpNum': -1, 'nc': 3, 'nz': 100, 'ndf': 64, 'netGexpNum': -1, 'netDinstance': -1, 'lr': 0.0002, 'cuda': True, 'beta1': 0.5, 'netDkey': 'netD', 'imSize': 32}
DCGANSize32Col3: outShape is (3, 32, 32)
DCGANSize32Col3: Starting GAN from scratch
DCGANSize32Col3: ===Begin epoch 0
DCGANSize32Col3: Iteration 0
DCGANSize32Col3: Iteration 50
DCGANSize32Col3: Iteration 100
DCGANSize32Col3: Iteration 150
DCGANSize32Col3: Iteration 200
DCGANSize32Col3: Iteration 250
DCGANSize32Col3: Iteration 300
DCGANSize32Col3: Iteration 350
DCGANSize32Col3: Iteration 400
DCGANSize32Col3: Iteration 450
DCGANSize32Col3: Iteration 500
DCGANSize32Col3: Iteration 550
DCGANSize32Col3: Iteration 600
DCGANSize32Col3: Iteration 650
DCGANSize32Col3: Iteration 700
DCGANSize32Col3: Iteration 750
DCGANSize32Col3: Iteration 800
DCGANSize32Col3: Iteration 850
DCGANSize32Col3: Iteration 900
DCGANSize32Col3: ===Begin epoch 1
DCGANSize32Col3: Iteration 0
DCGANSize32Col3: Iteration 50
DCGANSize32Col3: Iteration 100
DCGANSize32Col3: Iteration 150
DCGANSize32Col3: Iteration 200
DCGANSize32Col3: Iteration 250
DCGANSize32Col3: Iteration 300
DCGANSize32Col3: Iteration 350
DCGANSize32Col3: Iteration 400
DCGANSize32Col3: Iteration 450
DCGANSize32Col3: Iteration 500
DCGANSize32Col3: Iteration 550
DCGANSize32Col3: Iteration 600
DCGANSize32Col3: Iteration 650
DCGANSize32Col3: Iteration 700
DCGANSize32Col3: Iteration 750
DCGANSize32Col3: Iteration 800
DCGANSize32Col3: Iteration 850
DCGANSize32Col3: Iteration 900
DCGANSize32Col3: ===Begin epoch 2
DCGANSize32Col3: Iteration 0
DCGANSize32Col3: Iteration 50
DCGANSize32Col3: Iteration 100
DCGANSize32Col3: Iteration 150
DCGANSize32Col3: Iteration 200
DCGANSize32Col3: Iteration 250
DCGANSize32Col3: Iteration 300
DCGANSize32Col3: Iteration 350
DCGANSize32Col3: Iteration 400
DCGANSize32Col3: Iteration 450
DCGANSize32Col3: Iteration 500
DCGANSize32Col3: Iteration 550
DCGANSize32Col3: Iteration 600
DCGANSize32Col3: Iteration 650
DCGANSize32Col3: Iteration 700
DCGANSize32Col3: Iteration 750
DCGANSize32Col3: Iteration 800
DCGANSize32Col3: Iteration 850
DCGANSize32Col3: Iteration 900
DCGANSize32Col3: ===Begin epoch 3
DCGANSize32Col3: Iteration 0
DCGANSize32Col3: Iteration 50
DCGANSize32Col3: Iteration 100
DCGANSize32Col3: Iteration 150
DCGANSize32Col3: Iteration 200
DCGANSize32Col3: Iteration 250
DCGANSize32Col3: Iteration 300
DCGANSize32Col3: Iteration 350
DCGANSize32Col3: Iteration 400
DCGANSize32Col3: Iteration 450
DCGANSize32Col3: Iteration 500
DCGANSize32Col3: Iteration 550
DCGANSize32Col3: Iteration 600
DCGANSize32Col3: Iteration 650
DCGANSize32Col3: Iteration 700
DCGANSize32Col3: Iteration 750
DCGANSize32Col3: Iteration 800
DCGANSize32Col3: Iteration 850
DCGANSize32Col3: Iteration 900
DCGANSize32Col3: ===Begin epoch 4
DCGANSize32Col3: Iteration 0
DCGANSize32Col3: Iteration 50
DCGANSize32Col3: Iteration 100
DCGANSize32Col3: Iteration 150
DCGANSize32Col3: Iteration 200
DCGANSize32Col3: Iteration 250
DCGANSize32Col3: Iteration 300
DCGANSize32Col3: Iteration 350
DCGANSize32Col3: Iteration 400
DCGANSize32Col3: Iteration 450
DCGANSize32Col3: Iteration 500
DCGANSize32Col3: Iteration 550
DCGANSize32Col3: Iteration 600
DCGANSize32Col3: Iteration 650
DCGANSize32Col3: Iteration 700
DCGANSize32Col3: Iteration 750
DCGANSize32Col3: Iteration 800
DCGANSize32Col3: Iteration 850
DCGANSize32Col3: Iteration 900
DCGANSize32Col3: ===Begin epoch 5
DCGANSize32Col3: Iteration 0
DCGANSize32Col3: Iteration 50
DCGANSize32Col3: Iteration 100
DCGANSize32Col3: Iteration 150
DCGANSize32Col3: Iteration 200
DCGANSize32Col3: Iteration 250
DCGANSize32Col3: Iteration 300
DCGANSize32Col3: Iteration 350
DCGANSize32Col3: Iteration 400
DCGANSize32Col3: Iteration 450
DCGANSize32Col3: Iteration 500
DCGANSize32Col3: Iteration 550
DCGANSize32Col3: Iteration 600
DCGANSize32Col3: Iteration 650
DCGANSize32Col3: Iteration 700
DCGANSize32Col3: Iteration 750
DCGANSize32Col3: Iteration 800
DCGANSize32Col3: Iteration 850
DCGANSize32Col3: Iteration 900
DCGANSize32Col3: ===Begin epoch 6
DCGANSize32Col3: Iteration 0
DCGANSize32Col3: Iteration 50
DCGANSize32Col3: Iteration 100
DCGANSize32Col3: Iteration 150
DCGANSize32Col3: Iteration 200
DCGANSize32Col3: Iteration 250
DCGANSize32Col3: Iteration 300
DCGANSize32Col3: Iteration 350
DCGANSize32Col3: Iteration 400
DCGANSize32Col3: Iteration 450
DCGANSize32Col3: Iteration 500
DCGANSize32Col3: Iteration 550
DCGANSize32Col3: Iteration 600
DCGANSize32Col3: Iteration 650
DCGANSize32Col3: Iteration 700
DCGANSize32Col3: Iteration 750
DCGANSize32Col3: Iteration 800
DCGANSize32Col3: Iteration 850
DCGANSize32Col3: Iteration 900
DCGANSize32Col3: ===Begin epoch 7
DCGANSize32Col3: Iteration 0
DCGANSize32Col3: Iteration 50
DCGANSize32Col3: Iteration 100
DCGANSize32Col3: Iteration 150
DCGANSize32Col3: Iteration 200
DCGANSize32Col3: Iteration 250
DCGANSize32Col3: Iteration 300
DCGANSize32Col3: Iteration 350
DCGANSize32Col3: Iteration 400
DCGANSize32Col3: Iteration 450
DCGANSize32Col3: Iteration 500
DCGANSize32Col3: Iteration 550
DCGANSize32Col3: Iteration 600
DCGANSize32Col3: Iteration 650
DCGANSize32Col3: Iteration 700
DCGANSize32Col3: Iteration 750
DCGANSize32Col3: Iteration 800
DCGANSize32Col3: Iteration 850
DCGANSize32Col3: Iteration 900
DCGANSize32Col3: ===Begin epoch 8
DCGANSize32Col3: Iteration 0
DCGANSize32Col3: Iteration 50
DCGANSize32Col3: Iteration 100
DCGANSize32Col3: Iteration 150
DCGANSize32Col3: Iteration 200
DCGANSize32Col3: Iteration 250
DCGANSize32Col3: Iteration 300
DCGANSize32Col3: Iteration 350
DCGANSize32Col3: Iteration 400
DCGANSize32Col3: Iteration 450
DCGANSize32Col3: Iteration 500
DCGANSize32Col3: Iteration 550
DCGANSize32Col3: Iteration 600
DCGANSize32Col3: Iteration 650
DCGANSize32Col3: Iteration 700
DCGANSize32Col3: Iteration 750
DCGANSize32Col3: Iteration 800
DCGANSize32Col3: Iteration 850
DCGANSize32Col3: Iteration 900
DCGANSize32Col3: ===Begin epoch 9
DCGANSize32Col3: Iteration 0
DCGANSize32Col3: Iteration 50
DCGANSize32Col3: Iteration 100
DCGANSize32Col3: Iteration 150
DCGANSize32Col3: Iteration 200
DCGANSize32Col3: Iteration 250
DCGANSize32Col3: Iteration 300
DCGANSize32Col3: Iteration 350
DCGANSize32Col3: Iteration 400
DCGANSize32Col3: Iteration 450
DCGANSize32Col3: Iteration 500
DCGANSize32Col3: Iteration 550
DCGANSize32Col3: Iteration 600
DCGANSize32Col3: Iteration 650
DCGANSize32Col3: Iteration 700
DCGANSize32Col3: Iteration 750
DCGANSize32Col3: Iteration 800
DCGANSize32Col3: Iteration 850
DCGANSize32Col3: Iteration 900
DCGANSize32Col3: Saving /fs/vulcan-scratch/krusinga/projects/ganProbability/generated/e75/models/netG_9.pth
DCGANSize32Col3: Saving /fs/vulcan-scratch/krusinga/projects/ganProbability/generated/e75/models/netD_9.pth
DCGANSize32Col3: Saving /fs/vulcan-scratch/krusinga/projects/ganProbability/generated/e75/models/ganState_9.pickle
DCGANSize32Col3: ===Begin epoch 10
DCGANSize32Col3: Iteration 0
DCGANSize32Col3: Iteration 50
DCGANSize32Col3: Iteration 100
DCGANSize32Col3: Iteration 150
DCGANSize32Col3: Iteration 200
DCGANSize32Col3: Iteration 250
DCGANSize32Col3: Iteration 300
DCGANSize32Col3: Iteration 350
DCGANSize32Col3: Iteration 400
DCGANSize32Col3: Iteration 450
DCGANSize32Col3: Iteration 500
DCGANSize32Col3: Iteration 550
DCGANSize32Col3: Iteration 600
DCGANSize32Col3: Iteration 650
DCGANSize32Col3: Iteration 700
DCGANSize32Col3: Iteration 750
DCGANSize32Col3: Iteration 800
DCGANSize32Col3: Iteration 850
DCGANSize32Col3: Iteration 900
DCGANSize32Col3: ===Begin epoch 11
DCGANSize32Col3: Iteration 0
DCGANSize32Col3: Iteration 50
DCGANSize32Col3: Iteration 100
DCGANSize32Col3: Iteration 150
DCGANSize32Col3: Iteration 200
DCGANSize32Col3: Iteration 250
DCGANSize32Col3: Iteration 300
DCGANSize32Col3: Iteration 350
DCGANSize32Col3: Iteration 400
DCGANSize32Col3: Iteration 450
DCGANSize32Col3: Iteration 500
DCGANSize32Col3: Iteration 550
DCGANSize32Col3: Iteration 600
DCGANSize32Col3: Iteration 650
DCGANSize32Col3: Iteration 700
DCGANSize32Col3: Iteration 750
DCGANSize32Col3: Iteration 800
DCGANSize32Col3: Iteration 850
DCGANSize32Col3: Iteration 900
DCGANSize32Col3: ===Begin epoch 12
DCGANSize32Col3: Iteration 0
DCGANSize32Col3: Iteration 50
DCGANSize32Col3: Iteration 100
DCGANSize32Col3: Iteration 150
DCGANSize32Col3: Iteration 200
DCGANSize32Col3: Iteration 250
DCGANSize32Col3: Iteration 300
DCGANSize32Col3: Iteration 350
DCGANSize32Col3: Iteration 400
DCGANSize32Col3: Iteration 450
DCGANSize32Col3: Iteration 500
DCGANSize32Col3: Iteration 550
DCGANSize32Col3: Iteration 600
DCGANSize32Col3: Iteration 650
DCGANSize32Col3: Iteration 700
DCGANSize32Col3: Iteration 750
DCGANSize32Col3: Iteration 800
DCGANSize32Col3: Iteration 850
DCGANSize32Col3: Iteration 900
DCGANSize32Col3: ===Begin epoch 13
DCGANSize32Col3: Iteration 0
DCGANSize32Col3: Iteration 50
DCGANSize32Col3: Iteration 100
DCGANSize32Col3: Iteration 150
DCGANSize32Col3: Iteration 200
DCGANSize32Col3: Iteration 250
DCGANSize32Col3: Iteration 300
DCGANSize32Col3: Iteration 350
DCGANSize32Col3: Iteration 400
DCGANSize32Col3: Iteration 450
DCGANSize32Col3: Iteration 500
DCGANSize32Col3: Iteration 550
DCGANSize32Col3: Iteration 600
DCGANSize32Col3: Iteration 650
DCGANSize32Col3: Iteration 700
DCGANSize32Col3: Iteration 750
DCGANSize32Col3: Iteration 800
DCGANSize32Col3: Iteration 850
DCGANSize32Col3: Iteration 900
DCGANSize32Col3: ===Begin epoch 14
DCGANSize32Col3: Iteration 0
DCGANSize32Col3: Iteration 50
DCGANSize32Col3: Iteration 100
DCGANSize32Col3: Iteration 150
DCGANSize32Col3: Iteration 200
DCGANSize32Col3: Iteration 250
DCGANSize32Col3: Iteration 300
DCGANSize32Col3: Iteration 350
DCGANSize32Col3: Iteration 400
DCGANSize32Col3: Iteration 450
DCGANSize32Col3: Iteration 500
DCGANSize32Col3: Iteration 550
DCGANSize32Col3: Iteration 600
DCGANSize32Col3: Iteration 650
DCGANSize32Col3: Iteration 700
DCGANSize32Col3: Iteration 750
DCGANSize32Col3: Iteration 800
DCGANSize32Col3: Iteration 850
DCGANSize32Col3: Iteration 900
DCGANSize32Col3: ===Begin epoch 15
DCGANSize32Col3: Iteration 0
DCGANSize32Col3: Iteration 50
DCGANSize32Col3: Iteration 100
DCGANSize32Col3: Iteration 150
DCGANSize32Col3: Iteration 200
DCGANSize32Col3: Iteration 250
DCGANSize32Col3: Iteration 300
DCGANSize32Col3: Iteration 350
DCGANSize32Col3: Iteration 400
DCGANSize32Col3: Iteration 450
DCGANSize32Col3: Iteration 500
DCGANSize32Col3: Iteration 550
DCGANSize32Col3: Iteration 600
DCGANSize32Col3: Iteration 650
DCGANSize32Col3: Iteration 700
DCGANSize32Col3: Iteration 750
DCGANSize32Col3: Iteration 800
DCGANSize32Col3: Iteration 850
DCGANSize32Col3: Iteration 900
DCGANSize32Col3: ===Begin epoch 16
DCGANSize32Col3: Iteration 0
DCGANSize32Col3: Iteration 50
DCGANSize32Col3: Iteration 100
DCGANSize32Col3: Iteration 150
DCGANSize32Col3: Iteration 200
DCGANSize32Col3: Iteration 250
DCGANSize32Col3: Iteration 300
DCGANSize32Col3: Iteration 350
DCGANSize32Col3: Iteration 400
DCGANSize32Col3: Iteration 450
DCGANSize32Col3: Iteration 500
DCGANSize32Col3: Iteration 550
DCGANSize32Col3: Iteration 600
DCGANSize32Col3: Iteration 650
DCGANSize32Col3: Iteration 700
DCGANSize32Col3: Iteration 750
DCGANSize32Col3: Iteration 800
DCGANSize32Col3: Iteration 850
DCGANSize32Col3: Iteration 900
DCGANSize32Col3: ===Begin epoch 17
DCGANSize32Col3: Iteration 0
DCGANSize32Col3: Iteration 50
DCGANSize32Col3: Iteration 100
DCGANSize32Col3: Iteration 150
DCGANSize32Col3: Iteration 200
DCGANSize32Col3: Iteration 250
DCGANSize32Col3: Iteration 300
DCGANSize32Col3: Iteration 350
DCGANSize32Col3: Iteration 400
DCGANSize32Col3: Iteration 450
DCGANSize32Col3: Iteration 500
DCGANSize32Col3: Iteration 550
DCGANSize32Col3: Iteration 600
DCGANSize32Col3: Iteration 650
DCGANSize32Col3: Iteration 700
DCGANSize32Col3: Iteration 750
DCGANSize32Col3: Iteration 800
DCGANSize32Col3: Iteration 850
DCGANSize32Col3: Iteration 900
DCGANSize32Col3: ===Begin epoch 18
DCGANSize32Col3: Iteration 0
DCGANSize32Col3: Iteration 50
DCGANSize32Col3: Iteration 100
DCGANSize32Col3: Iteration 150
DCGANSize32Col3: Iteration 200
DCGANSize32Col3: Iteration 250
DCGANSize32Col3: Iteration 300
DCGANSize32Col3: Iteration 350
DCGANSize32Col3: Iteration 400
DCGANSize32Col3: Iteration 450
DCGANSize32Col3: Iteration 500
DCGANSize32Col3: Iteration 550
DCGANSize32Col3: Iteration 600
DCGANSize32Col3: Iteration 650
DCGANSize32Col3: Iteration 700
DCGANSize32Col3: Iteration 750
DCGANSize32Col3: Iteration 800
DCGANSize32Col3: Iteration 850
DCGANSize32Col3: Iteration 900
DCGANSize32Col3: ===Begin epoch 19
DCGANSize32Col3: Iteration 0
DCGANSize32Col3: Iteration 50
DCGANSize32Col3: Iteration 100
DCGANSize32Col3: Iteration 150
DCGANSize32Col3: Iteration 200
DCGANSize32Col3: Iteration 250
DCGANSize32Col3: Iteration 300
DCGANSize32Col3: Iteration 350
DCGANSize32Col3: Iteration 400
DCGANSize32Col3: Iteration 450
DCGANSize32Col3: Iteration 500
DCGANSize32Col3: Iteration 550
DCGANSize32Col3: Iteration 600
DCGANSize32Col3: Iteration 650
DCGANSize32Col3: Iteration 700
DCGANSize32Col3: Iteration 750
DCGANSize32Col3: Iteration 800
DCGANSize32Col3: Iteration 850
DCGANSize32Col3: Iteration 900
DCGANSize32Col3: Saving /fs/vulcan-scratch/krusinga/projects/ganProbability/generated/e75/models/netG_19.pth
DCGANSize32Col3: Saving /fs/vulcan-scratch/krusinga/projects/ganProbability/generated/e75/models/netD_19.pth
DCGANSize32Col3: Saving /fs/vulcan-scratch/krusinga/projects/ganProbability/generated/e75/models/ganState_19.pickle
DCGANSize32Col3: Saving /fs/vulcan-scratch/krusinga/projects/ganProbability/generated/e75/models/netG_19.pth
DCGANSize32Col3: Saving /fs/vulcan-scratch/krusinga/projects/ganProbability/generated/e75/models/netD_19.pth
DCGANSize32Col3: Saving /fs/vulcan-scratch/krusinga/projects/ganProbability/generated/e75/models/ganState_19.pickle
Analyzer: Obtaining data for analysis
Analyzer: Generating /fs/vulcan-scratch/krusinga/projects/ganProbability/experiments/e75/analysis/ganTrainPlot.png with handler for lineplot
Analyzer: Saving data in /fs/vulcan-scratch/krusinga/projects/ganProbability/experiments/e75/analysis/ganTrainPlot.pickle
Analyzer: Generating /fs/vulcan-scratch/krusinga/projects/ganProbability/experiments/e75/analysis/sample_0.png with handler for imageArray
Analyzer: Saving data in /fs/vulcan-scratch/krusinga/projects/ganProbability/experiments/e75/analysis/sample_0.pickle
Analyzer: Generating /fs/vulcan-scratch/krusinga/projects/ganProbability/experiments/e75/analysis/sample_10.png with handler for imageArray
Analyzer: Saving data in /fs/vulcan-scratch/krusinga/projects/ganProbability/experiments/e75/analysis/sample_10.pickle
Module times: [0.00018286705017089844, 3.9272289276123047, 314.3227889537811, 2.3459360599517822]
Total time: 320.59617281
