=====
Starting experiment birdsnapInfogan
ID: 33, PID 0/1
08_28_2018_18:35:27
=====
An exception occurred when running TrainerRyen
<type 'exceptions.NameError'>
global name 'TextDataset' is not defined
Exiting early
=====
Starting experiment birdsnapInfogan
ID: 33, PID 0/1
08_28_2018_18:38:20
=====
ModelLoaderRyen: Using random seed 8993
TrainerRyen: Begin training
TrainerRyen: ===Begin epoch 0
TrainerRyen: Iteration 0
An exception occurred when running TrainerRyen
<type 'exceptions.RuntimeError'>
Given groups=1, weight[64, 1, 4, 4], so expected input[64, 3, 64, 64] to have 1 channels, but got 3 channels instead
Exiting early
=====
Starting experiment birdsnapInfogan
ID: 33, PID 0/1
08_28_2018_18:39:25
=====
ModelLoaderRyen: Using random seed 588
TrainerRyen: Begin training
TrainerRyen: ===Begin epoch 0
TrainerRyen: Iteration 0
TrainerRyen: Iteration 1
TrainerRyen: Iteration 2
TrainerRyen: Iteration 3
TrainerRyen: Iteration 4
TrainerRyen: Iteration 5
TrainerRyen: Iteration 6
TrainerRyen: Iteration 7
TrainerRyen: Iteration 8
TrainerRyen: Iteration 9
TrainerRyen: Iteration 10
TrainerRyen: Iteration 11
TrainerRyen: Iteration 12
TrainerRyen: Iteration 13
TrainerRyen: Iteration 14
TrainerRyen: Iteration 15
TrainerRyen: Iteration 16
TrainerRyen: Iteration 17
TrainerRyen: Iteration 18
TrainerRyen: Iteration 19
TrainerRyen: Iteration 20
TrainerRyen: Iteration 21
TrainerRyen: Iteration 22
TrainerRyen: Iteration 23
TrainerRyen: Iteration 24
TrainerRyen: Iteration 25
TrainerRyen: Iteration 26
TrainerRyen: Iteration 27
TrainerRyen: Iteration 28
TrainerRyen: Iteration 29
TrainerRyen: Iteration 30
TrainerRyen: Iteration 31
TrainerRyen: Iteration 32
TrainerRyen: Iteration 33
TrainerRyen: Iteration 34
TrainerRyen: Iteration 35
TrainerRyen: Iteration 36
TrainerRyen: Iteration 37
TrainerRyen: Iteration 38
TrainerRyen: Iteration 39
TrainerRyen: Iteration 40
TrainerRyen: Iteration 41
TrainerRyen: Iteration 42
TrainerRyen: Iteration 43
TrainerRyen: Iteration 44
TrainerRyen: Iteration 45
TrainerRyen: Iteration 46
TrainerRyen: Iteration 47
TrainerRyen: Iteration 48
TrainerRyen: Iteration 49
TrainerRyen: Iteration 50
TrainerRyen: Iteration 51
TrainerRyen: Iteration 52
TrainerRyen: Iteration 53
TrainerRyen: Iteration 54
TrainerRyen: Iteration 55
TrainerRyen: Iteration 56
TrainerRyen: Iteration 57
TrainerRyen: Iteration 58
TrainerRyen: Iteration 59
TrainerRyen: Iteration 60
TrainerRyen: Iteration 61
TrainerRyen: Iteration 62
TrainerRyen: Iteration 63
TrainerRyen: Iteration 64
TrainerRyen: Iteration 65
TrainerRyen: Iteration 66
TrainerRyen: Iteration 67
TrainerRyen: Iteration 68
TrainerRyen: Iteration 69
TrainerRyen: Iteration 70
TrainerRyen: Iteration 71
TrainerRyen: Iteration 72
TrainerRyen: Iteration 73
TrainerRyen: Iteration 74
TrainerRyen: Iteration 75
TrainerRyen: Iteration 76
TrainerRyen: Iteration 77
TrainerRyen: Iteration 78
TrainerRyen: Iteration 79
TrainerRyen: Iteration 80
TrainerRyen: Iteration 81
TrainerRyen: Iteration 82
TrainerRyen: Iteration 83
TrainerRyen: Iteration 84
TrainerRyen: Iteration 85
TrainerRyen: Iteration 86
TrainerRyen: Iteration 87
TrainerRyen: Iteration 88
TrainerRyen: Iteration 89
TrainerRyen: Iteration 90
TrainerRyen: Iteration 91
TrainerRyen: Iteration 92
TrainerRyen: Iteration 93
TrainerRyen: Iteration 94
TrainerRyen: Iteration 95
TrainerRyen: Iteration 96
TrainerRyen: Iteration 97
TrainerRyen: Iteration 98
TrainerRyen: Iteration 99
TrainerRyen: Iteration 100
TrainerRyen: Iteration 101
TrainerRyen: Iteration 102
TrainerRyen: Iteration 103
TrainerRyen: Iteration 104
TrainerRyen: Iteration 105
TrainerRyen: Iteration 106
TrainerRyen: Iteration 107
TrainerRyen: Iteration 108
TrainerRyen: Iteration 109
TrainerRyen: Iteration 110
TrainerRyen: Iteration 111
TrainerRyen: Iteration 112
TrainerRyen: Iteration 113
TrainerRyen: Iteration 114
TrainerRyen: Iteration 115
TrainerRyen: Iteration 116
TrainerRyen: Iteration 117
TrainerRyen: Iteration 118
TrainerRyen: Iteration 119
TrainerRyen: Iteration 120
TrainerRyen: Iteration 121
TrainerRyen: Iteration 122
TrainerRyen: Iteration 123
TrainerRyen: Iteration 124
TrainerRyen: Iteration 125
TrainerRyen: Iteration 126
TrainerRyen: Iteration 127
TrainerRyen: Iteration 128
TrainerRyen: Iteration 129
TrainerRyen: Iteration 130
TrainerRyen: Iteration 131
TrainerRyen: Iteration 132
TrainerRyen: Iteration 133
TrainerRyen: Iteration 134
TrainerRyen: Iteration 135
TrainerRyen: Iteration 136
TrainerRyen: Iteration 137
TrainerRyen: Iteration 138
TrainerRyen: ===Begin epoch 1
TrainerRyen: Iteration 0
TrainerRyen: Iteration 1
TrainerRyen: Iteration 2
TrainerRyen: Iteration 3
TrainerRyen: Iteration 4
TrainerRyen: Iteration 5
TrainerRyen: Iteration 6
TrainerRyen: Iteration 7
TrainerRyen: Iteration 8
TrainerRyen: Iteration 9
TrainerRyen: Iteration 10
TrainerRyen: Iteration 11
TrainerRyen: Iteration 12
TrainerRyen: Iteration 13
TrainerRyen: Iteration 14
TrainerRyen: Iteration 15
TrainerRyen: Iteration 16
TrainerRyen: Iteration 17
TrainerRyen: Iteration 18
TrainerRyen: Iteration 19
TrainerRyen: Iteration 20
TrainerRyen: Iteration 21
TrainerRyen: Iteration 22
TrainerRyen: Iteration 23
TrainerRyen: Iteration 24
TrainerRyen: Iteration 25
TrainerRyen: Iteration 26
TrainerRyen: Iteration 27
TrainerRyen: Iteration 28
TrainerRyen: Iteration 29
TrainerRyen: Iteration 30
TrainerRyen: Iteration 31
TrainerRyen: Iteration 32
TrainerRyen: Iteration 33
TrainerRyen: Iteration 34
TrainerRyen: Iteration 35
TrainerRyen: Iteration 36
TrainerRyen: Iteration 37
TrainerRyen: Iteration 38
TrainerRyen: Iteration 39
TrainerRyen: Iteration 40
TrainerRyen: Iteration 41
TrainerRyen: Iteration 42
TrainerRyen: Iteration 43
TrainerRyen: Iteration 44
TrainerRyen: Iteration 45
TrainerRyen: Iteration 46
TrainerRyen: Iteration 47
TrainerRyen: Iteration 48
TrainerRyen: Iteration 49
TrainerRyen: Iteration 50
TrainerRyen: Iteration 51
TrainerRyen: Iteration 52
TrainerRyen: Iteration 53
TrainerRyen: Iteration 54
TrainerRyen: Iteration 55
TrainerRyen: Iteration 56
TrainerRyen: Iteration 57
TrainerRyen: Iteration 58
TrainerRyen: Iteration 59
TrainerRyen: Iteration 60
TrainerRyen: Iteration 61
TrainerRyen: Iteration 62
TrainerRyen: Iteration 63
TrainerRyen: Iteration 64
TrainerRyen: Iteration 65
TrainerRyen: Iteration 66
TrainerRyen: Iteration 67
TrainerRyen: Iteration 68
TrainerRyen: Iteration 69
TrainerRyen: Iteration 70
TrainerRyen: Iteration 71
TrainerRyen: Iteration 72
TrainerRyen: Iteration 73
TrainerRyen: Iteration 74
TrainerRyen: Iteration 75
TrainerRyen: Iteration 76
TrainerRyen: Iteration 77
TrainerRyen: Iteration 78
TrainerRyen: Iteration 79
TrainerRyen: Iteration 80
TrainerRyen: Iteration 81
TrainerRyen: Iteration 82
TrainerRyen: Iteration 83
TrainerRyen: Iteration 84
TrainerRyen: Iteration 85
TrainerRyen: Iteration 86
TrainerRyen: Iteration 87
TrainerRyen: Iteration 88
TrainerRyen: Iteration 89
TrainerRyen: Iteration 90
TrainerRyen: Iteration 91
TrainerRyen: Iteration 92
TrainerRyen: Iteration 93
TrainerRyen: Iteration 94
TrainerRyen: Iteration 95
TrainerRyen: Iteration 96
TrainerRyen: Iteration 97
TrainerRyen: Iteration 98
TrainerRyen: Iteration 99
TrainerRyen: Iteration 100
TrainerRyen: Iteration 101
TrainerRyen: Iteration 102
TrainerRyen: Iteration 103
TrainerRyen: Iteration 104
TrainerRyen: Iteration 105
TrainerRyen: Iteration 106
TrainerRyen: Iteration 107
TrainerRyen: Iteration 108
TrainerRyen: Iteration 109
TrainerRyen: Iteration 110
TrainerRyen: Iteration 111
TrainerRyen: Iteration 112
TrainerRyen: Iteration 113
TrainerRyen: Iteration 114
TrainerRyen: Iteration 115
TrainerRyen: Iteration 116
TrainerRyen: Iteration 117
TrainerRyen: Iteration 118
TrainerRyen: Iteration 119
TrainerRyen: Iteration 120
TrainerRyen: Iteration 121
TrainerRyen: Iteration 122
TrainerRyen: Iteration 123
TrainerRyen: Iteration 124
TrainerRyen: Iteration 125
TrainerRyen: Iteration 126
TrainerRyen: Iteration 127
TrainerRyen: Iteration 128
TrainerRyen: Iteration 129
TrainerRyen: Iteration 130
TrainerRyen: Iteration 131
TrainerRyen: Iteration 132
TrainerRyen: Iteration 133
TrainerRyen: Iteration 134
TrainerRyen: Iteration 135
TrainerRyen: Iteration 136
TrainerRyen: Iteration 137
TrainerRyen: Iteration 138
TrainerRyen: ===Begin epoch 2
TrainerRyen: Iteration 0
TrainerRyen: Iteration 1
TrainerRyen: Iteration 2
TrainerRyen: Iteration 3
TrainerRyen: Iteration 4
TrainerRyen: Iteration 5
TrainerRyen: Iteration 6
TrainerRyen: Iteration 7
TrainerRyen: Iteration 8
TrainerRyen: Iteration 9
TrainerRyen: Iteration 10
TrainerRyen: Iteration 11
TrainerRyen: Iteration 12
TrainerRyen: Iteration 13
TrainerRyen: Iteration 14
TrainerRyen: Iteration 15
TrainerRyen: Iteration 16
TrainerRyen: Iteration 17
TrainerRyen: Iteration 18
TrainerRyen: Iteration 19
TrainerRyen: Iteration 20
TrainerRyen: Iteration 21
TrainerRyen: Iteration 22
TrainerRyen: Iteration 23
TrainerRyen: Iteration 24
TrainerRyen: Iteration 25
TrainerRyen: Iteration 26
TrainerRyen: Iteration 27
TrainerRyen: Iteration 28
TrainerRyen: Iteration 29
TrainerRyen: Iteration 30
TrainerRyen: Iteration 31
TrainerRyen: Iteration 32
TrainerRyen: Iteration 33
TrainerRyen: Iteration 34
TrainerRyen: Iteration 35
TrainerRyen: Iteration 36
TrainerRyen: Iteration 37
TrainerRyen: Iteration 38
TrainerRyen: Iteration 39
TrainerRyen: Iteration 40
TrainerRyen: Iteration 41
TrainerRyen: Iteration 42
TrainerRyen: Iteration 43
TrainerRyen: Iteration 44
TrainerRyen: Iteration 45
TrainerRyen: Iteration 46
TrainerRyen: Iteration 47
TrainerRyen: Iteration 48
TrainerRyen: Iteration 49
TrainerRyen: Iteration 50
TrainerRyen: Iteration 51
TrainerRyen: Iteration 52
TrainerRyen: Iteration 53
TrainerRyen: Iteration 54
TrainerRyen: Iteration 55
TrainerRyen: Iteration 56
TrainerRyen: Iteration 57
TrainerRyen: Iteration 58
TrainerRyen: Iteration 59
TrainerRyen: Iteration 60
TrainerRyen: Iteration 61
TrainerRyen: Iteration 62
TrainerRyen: Iteration 63
TrainerRyen: Iteration 64
TrainerRyen: Iteration 65
TrainerRyen: Iteration 66
TrainerRyen: Iteration 67
TrainerRyen: Iteration 68
TrainerRyen: Iteration 69
TrainerRyen: Iteration 70
TrainerRyen: Iteration 71
TrainerRyen: Iteration 72
TrainerRyen: Iteration 73
TrainerRyen: Iteration 74
TrainerRyen: Iteration 75
TrainerRyen: Iteration 76
TrainerRyen: Iteration 77
TrainerRyen: Iteration 78
TrainerRyen: Iteration 79
TrainerRyen: Iteration 80
TrainerRyen: Iteration 81
TrainerRyen: Iteration 82
TrainerRyen: Iteration 83
TrainerRyen: Iteration 84
TrainerRyen: Iteration 85
TrainerRyen: Iteration 86
TrainerRyen: Iteration 87
TrainerRyen: Iteration 88
TrainerRyen: Iteration 89
TrainerRyen: Iteration 90
TrainerRyen: Iteration 91
TrainerRyen: Iteration 92
TrainerRyen: Iteration 93
TrainerRyen: Iteration 94
TrainerRyen: Iteration 95
TrainerRyen: Iteration 96
TrainerRyen: Iteration 97
TrainerRyen: Iteration 98
TrainerRyen: Iteration 99
TrainerRyen: Iteration 100
TrainerRyen: Iteration 101
TrainerRyen: Iteration 102
TrainerRyen: Iteration 103
TrainerRyen: Iteration 104
TrainerRyen: Iteration 105
TrainerRyen: Iteration 106
TrainerRyen: Iteration 107
TrainerRyen: Iteration 108
TrainerRyen: Iteration 109
TrainerRyen: Iteration 110
TrainerRyen: Iteration 111
TrainerRyen: Iteration 112
TrainerRyen: Iteration 113
TrainerRyen: Iteration 114
TrainerRyen: Iteration 115
TrainerRyen: Iteration 116
TrainerRyen: Iteration 117
TrainerRyen: Iteration 118
TrainerRyen: Iteration 119
TrainerRyen: Iteration 120
TrainerRyen: Iteration 121
TrainerRyen: Iteration 122
TrainerRyen: Iteration 123
TrainerRyen: Iteration 124
TrainerRyen: Iteration 125
TrainerRyen: Iteration 126
TrainerRyen: Iteration 127
TrainerRyen: Iteration 128
TrainerRyen: Iteration 129
TrainerRyen: Iteration 130
TrainerRyen: Iteration 131
TrainerRyen: Iteration 132
TrainerRyen: Iteration 133
TrainerRyen: Iteration 134
TrainerRyen: Iteration 135
TrainerRyen: Iteration 136
TrainerRyen: Iteration 137
TrainerRyen: Iteration 138
TrainerRyen: ===Begin epoch 3
TrainerRyen: Iteration 0
TrainerRyen: Iteration 1
TrainerRyen: Iteration 2
TrainerRyen: Iteration 3
TrainerRyen: Iteration 4
TrainerRyen: Iteration 5
TrainerRyen: Iteration 6
TrainerRyen: Iteration 7
TrainerRyen: Iteration 8
TrainerRyen: Iteration 9
TrainerRyen: Iteration 10
TrainerRyen: Iteration 11
TrainerRyen: Iteration 12
TrainerRyen: Iteration 13
TrainerRyen: Iteration 14
TrainerRyen: Iteration 15
TrainerRyen: Iteration 16
TrainerRyen: Iteration 17
TrainerRyen: Iteration 18
TrainerRyen: Iteration 19
TrainerRyen: Iteration 20
TrainerRyen: Iteration 21
TrainerRyen: Iteration 22
TrainerRyen: Iteration 23
TrainerRyen: Iteration 24
TrainerRyen: Iteration 25
TrainerRyen: Iteration 26
TrainerRyen: Iteration 27
TrainerRyen: Iteration 28
TrainerRyen: Iteration 29
TrainerRyen: Iteration 30
TrainerRyen: Iteration 31
TrainerRyen: Iteration 32
TrainerRyen: Iteration 33
TrainerRyen: Iteration 34
TrainerRyen: Iteration 35
TrainerRyen: Iteration 36
TrainerRyen: Iteration 37
TrainerRyen: Iteration 38
TrainerRyen: Iteration 39
TrainerRyen: Iteration 40
TrainerRyen: Iteration 41
TrainerRyen: Iteration 42
TrainerRyen: Iteration 43
TrainerRyen: Iteration 44
TrainerRyen: Iteration 45
TrainerRyen: Iteration 46
TrainerRyen: Iteration 47
TrainerRyen: Iteration 48
TrainerRyen: Iteration 49
TrainerRyen: Iteration 50
TrainerRyen: Iteration 51
TrainerRyen: Iteration 52
TrainerRyen: Iteration 53
TrainerRyen: Iteration 54
TrainerRyen: Iteration 55
TrainerRyen: Iteration 56
TrainerRyen: Iteration 57
TrainerRyen: Iteration 58
TrainerRyen: Iteration 59
TrainerRyen: Iteration 60
TrainerRyen: Iteration 61
TrainerRyen: Iteration 62
TrainerRyen: Iteration 63
TrainerRyen: Iteration 64
TrainerRyen: Iteration 65
TrainerRyen: Iteration 66
TrainerRyen: Iteration 67
TrainerRyen: Iteration 68
TrainerRyen: Iteration 69
TrainerRyen: Iteration 70
TrainerRyen: Iteration 71
TrainerRyen: Iteration 72
TrainerRyen: Iteration 73
TrainerRyen: Iteration 74
TrainerRyen: Iteration 75
TrainerRyen: Iteration 76
TrainerRyen: Iteration 77
TrainerRyen: Iteration 78
TrainerRyen: Iteration 79
TrainerRyen: Iteration 80
TrainerRyen: Iteration 81
TrainerRyen: Iteration 82
TrainerRyen: Iteration 83
TrainerRyen: Iteration 84
TrainerRyen: Iteration 85
TrainerRyen: Iteration 86
TrainerRyen: Iteration 87
TrainerRyen: Iteration 88
TrainerRyen: Iteration 89
TrainerRyen: Iteration 90
TrainerRyen: Iteration 91
TrainerRyen: Iteration 92
TrainerRyen: Iteration 93
TrainerRyen: Iteration 94
TrainerRyen: Iteration 95
TrainerRyen: Iteration 96
TrainerRyen: Iteration 97
TrainerRyen: Iteration 98
TrainerRyen: Iteration 99
TrainerRyen: Iteration 100
TrainerRyen: Iteration 101
TrainerRyen: Iteration 102
TrainerRyen: Iteration 103
TrainerRyen: Iteration 104
TrainerRyen: Iteration 105
TrainerRyen: Iteration 106
TrainerRyen: Iteration 107
TrainerRyen: Iteration 108
TrainerRyen: Iteration 109
TrainerRyen: Iteration 110
TrainerRyen: Iteration 111
TrainerRyen: Iteration 112
TrainerRyen: Iteration 113
TrainerRyen: Iteration 114
TrainerRyen: Iteration 115
TrainerRyen: Iteration 116
TrainerRyen: Iteration 117
TrainerRyen: Iteration 118
TrainerRyen: Iteration 119
TrainerRyen: Iteration 120
TrainerRyen: Iteration 121
TrainerRyen: Iteration 122
TrainerRyen: Iteration 123
TrainerRyen: Iteration 124
TrainerRyen: Iteration 125
TrainerRyen: Iteration 126
TrainerRyen: Iteration 127
TrainerRyen: Iteration 128
TrainerRyen: Iteration 129
TrainerRyen: Iteration 130
TrainerRyen: Iteration 131
TrainerRyen: Iteration 132
TrainerRyen: Iteration 133
TrainerRyen: Iteration 134
TrainerRyen: Iteration 135
TrainerRyen: Iteration 136
TrainerRyen: Iteration 137
TrainerRyen: Iteration 138
TrainerRyen: ===Begin epoch 4
TrainerRyen: Iteration 0
TrainerRyen: Iteration 1
TrainerRyen: Iteration 2
TrainerRyen: Iteration 3
TrainerRyen: Iteration 4
TrainerRyen: Iteration 5
TrainerRyen: Iteration 6
TrainerRyen: Iteration 7
TrainerRyen: Iteration 8
TrainerRyen: Iteration 9
TrainerRyen: Iteration 10
TrainerRyen: Iteration 11
TrainerRyen: Iteration 12
TrainerRyen: Iteration 13
TrainerRyen: Iteration 14
TrainerRyen: Iteration 15
TrainerRyen: Iteration 16
TrainerRyen: Iteration 17
TrainerRyen: Iteration 18
TrainerRyen: Iteration 19
TrainerRyen: Iteration 20
TrainerRyen: Iteration 21
TrainerRyen: Iteration 22
TrainerRyen: Iteration 23
TrainerRyen: Iteration 24
TrainerRyen: Iteration 25
TrainerRyen: Iteration 26
TrainerRyen: Iteration 27
TrainerRyen: Iteration 28
TrainerRyen: Iteration 29
TrainerRyen: Iteration 30
TrainerRyen: Iteration 31
TrainerRyen: Iteration 32
TrainerRyen: Iteration 33
TrainerRyen: Iteration 34
TrainerRyen: Iteration 35
TrainerRyen: Iteration 36
TrainerRyen: Iteration 37
TrainerRyen: Iteration 38
TrainerRyen: Iteration 39
TrainerRyen: Iteration 40
TrainerRyen: Iteration 41
TrainerRyen: Iteration 42
TrainerRyen: Iteration 43
TrainerRyen: Iteration 44
TrainerRyen: Iteration 45
TrainerRyen: Iteration 46
TrainerRyen: Iteration 47
TrainerRyen: Iteration 48
TrainerRyen: Iteration 49
TrainerRyen: Iteration 50
TrainerRyen: Iteration 51
TrainerRyen: Iteration 52
TrainerRyen: Iteration 53
TrainerRyen: Iteration 54
TrainerRyen: Iteration 55
TrainerRyen: Iteration 56
TrainerRyen: Iteration 57
TrainerRyen: Iteration 58
TrainerRyen: Iteration 59
TrainerRyen: Iteration 60
TrainerRyen: Iteration 61
TrainerRyen: Iteration 62
TrainerRyen: Iteration 63
TrainerRyen: Iteration 64
TrainerRyen: Iteration 65
TrainerRyen: Iteration 66
TrainerRyen: Iteration 67
TrainerRyen: Iteration 68
TrainerRyen: Iteration 69
TrainerRyen: Iteration 70
TrainerRyen: Iteration 71
TrainerRyen: Iteration 72
TrainerRyen: Iteration 73
TrainerRyen: Iteration 74
TrainerRyen: Iteration 75
TrainerRyen: Iteration 76
TrainerRyen: Iteration 77
TrainerRyen: Iteration 78
TrainerRyen: Iteration 79
TrainerRyen: Iteration 80
TrainerRyen: Iteration 81
TrainerRyen: Iteration 82
TrainerRyen: Iteration 83
TrainerRyen: Iteration 84
TrainerRyen: Iteration 85
TrainerRyen: Iteration 86
TrainerRyen: Iteration 87
TrainerRyen: Iteration 88
TrainerRyen: Iteration 89
TrainerRyen: Iteration 90
TrainerRyen: Iteration 91
TrainerRyen: Iteration 92
TrainerRyen: Iteration 93
TrainerRyen: Iteration 94
TrainerRyen: Iteration 95
TrainerRyen: Iteration 96
TrainerRyen: Iteration 97
TrainerRyen: Iteration 98
TrainerRyen: Iteration 99
TrainerRyen: Iteration 100
TrainerRyen: Iteration 101
TrainerRyen: Iteration 102
TrainerRyen: Iteration 103
TrainerRyen: Iteration 104
TrainerRyen: Iteration 105
TrainerRyen: Iteration 106
TrainerRyen: Iteration 107
TrainerRyen: Iteration 108
TrainerRyen: Iteration 109
TrainerRyen: Iteration 110
TrainerRyen: Iteration 111
TrainerRyen: Iteration 112
TrainerRyen: Iteration 113
TrainerRyen: Iteration 114
TrainerRyen: Iteration 115
TrainerRyen: Iteration 116
TrainerRyen: Iteration 117
TrainerRyen: Iteration 118
TrainerRyen: Iteration 119
TrainerRyen: Iteration 120
TrainerRyen: Iteration 121
TrainerRyen: Iteration 122
TrainerRyen: Iteration 123
TrainerRyen: Iteration 124
TrainerRyen: Iteration 125
TrainerRyen: Iteration 126
TrainerRyen: Iteration 127
TrainerRyen: Iteration 128
TrainerRyen: Iteration 129
TrainerRyen: Iteration 130
TrainerRyen: Iteration 131
TrainerRyen: Iteration 132
TrainerRyen: Iteration 133
TrainerRyen: Iteration 134
TrainerRyen: Iteration 135
TrainerRyen: Iteration 136
TrainerRyen: Iteration 137
TrainerRyen: Iteration 138
TrainerRyen: ===Begin epoch 5
TrainerRyen: Iteration 0
TrainerRyen: Iteration 1
TrainerRyen: Iteration 2
TrainerRyen: Iteration 3
TrainerRyen: Iteration 4
TrainerRyen: Iteration 5
TrainerRyen: Iteration 6
TrainerRyen: Iteration 7
TrainerRyen: Iteration 8
TrainerRyen: Iteration 9
TrainerRyen: Iteration 10
TrainerRyen: Iteration 11
TrainerRyen: Iteration 12
TrainerRyen: Iteration 13
TrainerRyen: Iteration 14
TrainerRyen: Iteration 15
TrainerRyen: Iteration 16
TrainerRyen: Iteration 17
TrainerRyen: Iteration 18
TrainerRyen: Iteration 19
TrainerRyen: Iteration 20
TrainerRyen: Iteration 21
TrainerRyen: Iteration 22
TrainerRyen: Iteration 23
TrainerRyen: Iteration 24
TrainerRyen: Iteration 25
TrainerRyen: Iteration 26
TrainerRyen: Iteration 27
TrainerRyen: Iteration 28
TrainerRyen: Iteration 29
TrainerRyen: Iteration 30
TrainerRyen: Iteration 31
TrainerRyen: Iteration 32
TrainerRyen: Iteration 33
TrainerRyen: Iteration 34
TrainerRyen: Iteration 35
TrainerRyen: Iteration 36
TrainerRyen: Iteration 37
TrainerRyen: Iteration 38
TrainerRyen: Iteration 39
TrainerRyen: Iteration 40
TrainerRyen: Iteration 41
TrainerRyen: Iteration 42
TrainerRyen: Iteration 43
TrainerRyen: Iteration 44
TrainerRyen: Iteration 45
TrainerRyen: Iteration 46
TrainerRyen: Iteration 47
TrainerRyen: Iteration 48
TrainerRyen: Iteration 49
TrainerRyen: Iteration 50
TrainerRyen: Iteration 51
TrainerRyen: Iteration 52
TrainerRyen: Iteration 53
TrainerRyen: Iteration 54
TrainerRyen: Iteration 55
TrainerRyen: Iteration 56
TrainerRyen: Iteration 57
TrainerRyen: Iteration 58
TrainerRyen: Iteration 59
TrainerRyen: Iteration 60
TrainerRyen: Iteration 61
TrainerRyen: Iteration 62
TrainerRyen: Iteration 63
TrainerRyen: Iteration 64
TrainerRyen: Iteration 65
TrainerRyen: Iteration 66
TrainerRyen: Iteration 67
TrainerRyen: Iteration 68
TrainerRyen: Iteration 69
TrainerRyen: Iteration 70
TrainerRyen: Iteration 71
TrainerRyen: Iteration 72
TrainerRyen: Iteration 73
TrainerRyen: Iteration 74
TrainerRyen: Iteration 75
TrainerRyen: Iteration 76
TrainerRyen: Iteration 77
TrainerRyen: Iteration 78
TrainerRyen: Iteration 79
TrainerRyen: Iteration 80
TrainerRyen: Iteration 81
TrainerRyen: Iteration 82
TrainerRyen: Iteration 83
TrainerRyen: Iteration 84
TrainerRyen: Iteration 85
TrainerRyen: Iteration 86
TrainerRyen: Iteration 87
TrainerRyen: Iteration 88
TrainerRyen: Iteration 89
TrainerRyen: Iteration 90
TrainerRyen: Iteration 91
TrainerRyen: Iteration 92
TrainerRyen: Iteration 93
TrainerRyen: Iteration 94
TrainerRyen: Iteration 95
TrainerRyen: Iteration 96
TrainerRyen: Iteration 97
TrainerRyen: Iteration 98
TrainerRyen: Iteration 99
TrainerRyen: Iteration 100
TrainerRyen: Iteration 101
TrainerRyen: Iteration 102
TrainerRyen: Iteration 103
TrainerRyen: Iteration 104
TrainerRyen: Iteration 105
TrainerRyen: Iteration 106
TrainerRyen: Iteration 107
TrainerRyen: Iteration 108
TrainerRyen: Iteration 109
TrainerRyen: Iteration 110
TrainerRyen: Iteration 111
TrainerRyen: Iteration 112
TrainerRyen: Iteration 113
TrainerRyen: Iteration 114
TrainerRyen: Iteration 115
TrainerRyen: Iteration 116
TrainerRyen: Iteration 117
TrainerRyen: Iteration 118
TrainerRyen: Iteration 119
TrainerRyen: Iteration 120
TrainerRyen: Iteration 121
TrainerRyen: Iteration 122
TrainerRyen: Iteration 123
TrainerRyen: Iteration 124
TrainerRyen: Iteration 125
TrainerRyen: Iteration 126
TrainerRyen: Iteration 127
TrainerRyen: Iteration 128
TrainerRyen: Iteration 129
TrainerRyen: Iteration 130
TrainerRyen: Iteration 131
TrainerRyen: Iteration 132
TrainerRyen: Iteration 133
TrainerRyen: Iteration 134
TrainerRyen: Iteration 135
TrainerRyen: Iteration 136
TrainerRyen: Iteration 137
TrainerRyen: Iteration 138
TrainerRyen: ===Begin epoch 6
TrainerRyen: Iteration 0
TrainerRyen: Iteration 1
TrainerRyen: Iteration 2
TrainerRyen: Iteration 3
TrainerRyen: Iteration 4
TrainerRyen: Iteration 5
TrainerRyen: Iteration 6
TrainerRyen: Iteration 7
TrainerRyen: Iteration 8
TrainerRyen: Iteration 9
TrainerRyen: Iteration 10
TrainerRyen: Iteration 11
TrainerRyen: Iteration 12
TrainerRyen: Iteration 13
TrainerRyen: Iteration 14
TrainerRyen: Iteration 15
TrainerRyen: Iteration 16
TrainerRyen: Iteration 17
TrainerRyen: Iteration 18
TrainerRyen: Iteration 19
TrainerRyen: Iteration 20
TrainerRyen: Iteration 21
TrainerRyen: Iteration 22
TrainerRyen: Iteration 23
TrainerRyen: Iteration 24
TrainerRyen: Iteration 25
TrainerRyen: Iteration 26
TrainerRyen: Iteration 27
TrainerRyen: Iteration 28
TrainerRyen: Iteration 29
TrainerRyen: Iteration 30
TrainerRyen: Iteration 31
TrainerRyen: Iteration 32
TrainerRyen: Iteration 33
TrainerRyen: Iteration 34
TrainerRyen: Iteration 35
TrainerRyen: Iteration 36
TrainerRyen: Iteration 37
TrainerRyen: Iteration 38
TrainerRyen: Iteration 39
TrainerRyen: Iteration 40
TrainerRyen: Iteration 41
TrainerRyen: Iteration 42
TrainerRyen: Iteration 43
TrainerRyen: Iteration 44
TrainerRyen: Iteration 45
TrainerRyen: Iteration 46
TrainerRyen: Iteration 47
TrainerRyen: Iteration 48
TrainerRyen: Iteration 49
TrainerRyen: Iteration 50
TrainerRyen: Iteration 51
TrainerRyen: Iteration 52
TrainerRyen: Iteration 53
TrainerRyen: Iteration 54
TrainerRyen: Iteration 55
TrainerRyen: Iteration 56
TrainerRyen: Iteration 57
TrainerRyen: Iteration 58
TrainerRyen: Iteration 59
TrainerRyen: Iteration 60
TrainerRyen: Iteration 61
TrainerRyen: Iteration 62
TrainerRyen: Iteration 63
TrainerRyen: Iteration 64
TrainerRyen: Iteration 65
TrainerRyen: Iteration 66
TrainerRyen: Iteration 67
TrainerRyen: Iteration 68
TrainerRyen: Iteration 69
TrainerRyen: Iteration 70
TrainerRyen: Iteration 71
TrainerRyen: Iteration 72
TrainerRyen: Iteration 73
TrainerRyen: Iteration 74
TrainerRyen: Iteration 75
TrainerRyen: Iteration 76
TrainerRyen: Iteration 77
TrainerRyen: Iteration 78
TrainerRyen: Iteration 79
TrainerRyen: Iteration 80
TrainerRyen: Iteration 81
TrainerRyen: Iteration 82
TrainerRyen: Iteration 83
TrainerRyen: Iteration 84
TrainerRyen: Iteration 85
TrainerRyen: Iteration 86
TrainerRyen: Iteration 87
TrainerRyen: Iteration 88
TrainerRyen: Iteration 89
TrainerRyen: Iteration 90
TrainerRyen: Iteration 91
TrainerRyen: Iteration 92
TrainerRyen: Iteration 93
TrainerRyen: Iteration 94
TrainerRyen: Iteration 95
TrainerRyen: Iteration 96
TrainerRyen: Iteration 97
TrainerRyen: Iteration 98
TrainerRyen: Iteration 99
TrainerRyen: Iteration 100
TrainerRyen: Iteration 101
TrainerRyen: Iteration 102
TrainerRyen: Iteration 103
TrainerRyen: Iteration 104
TrainerRyen: Iteration 105
TrainerRyen: Iteration 106
TrainerRyen: Iteration 107
TrainerRyen: Iteration 108
TrainerRyen: Iteration 109
TrainerRyen: Iteration 110
TrainerRyen: Iteration 111
TrainerRyen: Iteration 112
TrainerRyen: Iteration 113
TrainerRyen: Iteration 114
TrainerRyen: Iteration 115
TrainerRyen: Iteration 116
TrainerRyen: Iteration 117
TrainerRyen: Iteration 118
TrainerRyen: Iteration 119
TrainerRyen: Iteration 120
TrainerRyen: Iteration 121
TrainerRyen: Iteration 122
TrainerRyen: Iteration 123
TrainerRyen: Iteration 124
TrainerRyen: Iteration 125
TrainerRyen: Iteration 126
TrainerRyen: Iteration 127
TrainerRyen: Iteration 128
TrainerRyen: Iteration 129
TrainerRyen: Iteration 130
TrainerRyen: Iteration 131
TrainerRyen: Iteration 132
TrainerRyen: Iteration 133
TrainerRyen: Iteration 134
TrainerRyen: Iteration 135
TrainerRyen: Iteration 136
TrainerRyen: Iteration 137
TrainerRyen: Iteration 138
TrainerRyen: ===Begin epoch 7
TrainerRyen: Iteration 0
TrainerRyen: Iteration 1
TrainerRyen: Iteration 2
TrainerRyen: Iteration 3
TrainerRyen: Iteration 4
TrainerRyen: Iteration 5
TrainerRyen: Iteration 6
TrainerRyen: Iteration 7
TrainerRyen: Iteration 8
TrainerRyen: Iteration 9
TrainerRyen: Iteration 10
TrainerRyen: Iteration 11
TrainerRyen: Iteration 12
TrainerRyen: Iteration 13
TrainerRyen: Iteration 14
TrainerRyen: Iteration 15
TrainerRyen: Iteration 16
TrainerRyen: Iteration 17
TrainerRyen: Iteration 18
TrainerRyen: Iteration 19
TrainerRyen: Iteration 20
TrainerRyen: Iteration 21
TrainerRyen: Iteration 22
TrainerRyen: Iteration 23
TrainerRyen: Iteration 24
TrainerRyen: Iteration 25
TrainerRyen: Iteration 26
TrainerRyen: Iteration 27
TrainerRyen: Iteration 28
TrainerRyen: Iteration 29
TrainerRyen: Iteration 30
TrainerRyen: Iteration 31
TrainerRyen: Iteration 32
TrainerRyen: Iteration 33
TrainerRyen: Iteration 34
TrainerRyen: Iteration 35
TrainerRyen: Iteration 36
TrainerRyen: Iteration 37
TrainerRyen: Iteration 38
TrainerRyen: Iteration 39
TrainerRyen: Iteration 40
TrainerRyen: Iteration 41
TrainerRyen: Iteration 42
TrainerRyen: Iteration 43
TrainerRyen: Iteration 44
TrainerRyen: Iteration 45
TrainerRyen: Iteration 46
TrainerRyen: Iteration 47
TrainerRyen: Iteration 48
TrainerRyen: Iteration 49
TrainerRyen: Iteration 50
TrainerRyen: Iteration 51
TrainerRyen: Iteration 52
TrainerRyen: Iteration 53
TrainerRyen: Iteration 54
TrainerRyen: Iteration 55
TrainerRyen: Iteration 56
TrainerRyen: Iteration 57
TrainerRyen: Iteration 58
TrainerRyen: Iteration 59
TrainerRyen: Iteration 60
TrainerRyen: Iteration 61
TrainerRyen: Iteration 62
TrainerRyen: Iteration 63
TrainerRyen: Iteration 64
TrainerRyen: Iteration 65
TrainerRyen: Iteration 66
TrainerRyen: Iteration 67
TrainerRyen: Iteration 68
TrainerRyen: Iteration 69
TrainerRyen: Iteration 70
TrainerRyen: Iteration 71
TrainerRyen: Iteration 72
TrainerRyen: Iteration 73
TrainerRyen: Iteration 74
TrainerRyen: Iteration 75
TrainerRyen: Iteration 76
TrainerRyen: Iteration 77
TrainerRyen: Iteration 78
TrainerRyen: Iteration 79
TrainerRyen: Iteration 80
TrainerRyen: Iteration 81
TrainerRyen: Iteration 82
TrainerRyen: Iteration 83
TrainerRyen: Iteration 84
TrainerRyen: Iteration 85
TrainerRyen: Iteration 86
TrainerRyen: Iteration 87
TrainerRyen: Iteration 88
TrainerRyen: Iteration 89
TrainerRyen: Iteration 90
TrainerRyen: Iteration 91
TrainerRyen: Iteration 92
TrainerRyen: Iteration 93
TrainerRyen: Iteration 94
TrainerRyen: Iteration 95
TrainerRyen: Iteration 96
TrainerRyen: Iteration 97
TrainerRyen: Iteration 98
TrainerRyen: Iteration 99
TrainerRyen: Iteration 100
TrainerRyen: Iteration 101
TrainerRyen: Iteration 102
TrainerRyen: Iteration 103
TrainerRyen: Iteration 104
TrainerRyen: Iteration 105
TrainerRyen: Iteration 106
TrainerRyen: Iteration 107
TrainerRyen: Iteration 108
TrainerRyen: Iteration 109
TrainerRyen: Iteration 110
TrainerRyen: Iteration 111
TrainerRyen: Iteration 112
TrainerRyen: Iteration 113
TrainerRyen: Iteration 114
TrainerRyen: Iteration 115
TrainerRyen: Iteration 116
TrainerRyen: Iteration 117
TrainerRyen: Iteration 118
TrainerRyen: Iteration 119
TrainerRyen: Iteration 120
TrainerRyen: Iteration 121
TrainerRyen: Iteration 122
TrainerRyen: Iteration 123
TrainerRyen: Iteration 124
TrainerRyen: Iteration 125
TrainerRyen: Iteration 126
TrainerRyen: Iteration 127
TrainerRyen: Iteration 128
TrainerRyen: Iteration 129
TrainerRyen: Iteration 130
TrainerRyen: Iteration 131
TrainerRyen: Iteration 132
TrainerRyen: Iteration 133
TrainerRyen: Iteration 134
TrainerRyen: Iteration 135
TrainerRyen: Iteration 136
TrainerRyen: Iteration 137
TrainerRyen: Iteration 138
TrainerRyen: ===Begin epoch 8
TrainerRyen: Iteration 0
TrainerRyen: Iteration 1
TrainerRyen: Iteration 2
TrainerRyen: Iteration 3
TrainerRyen: Iteration 4
TrainerRyen: Iteration 5
TrainerRyen: Iteration 6
TrainerRyen: Iteration 7
TrainerRyen: Iteration 8
TrainerRyen: Iteration 9
TrainerRyen: Iteration 10
TrainerRyen: Iteration 11
TrainerRyen: Iteration 12
TrainerRyen: Iteration 13
TrainerRyen: Iteration 14
TrainerRyen: Iteration 15
TrainerRyen: Iteration 16
TrainerRyen: Iteration 17
TrainerRyen: Iteration 18
TrainerRyen: Iteration 19
TrainerRyen: Iteration 20
TrainerRyen: Iteration 21
TrainerRyen: Iteration 22
TrainerRyen: Iteration 23
TrainerRyen: Iteration 24
TrainerRyen: Iteration 25
TrainerRyen: Iteration 26
TrainerRyen: Iteration 27
TrainerRyen: Iteration 28
TrainerRyen: Iteration 29
TrainerRyen: Iteration 30
TrainerRyen: Iteration 31
TrainerRyen: Iteration 32
TrainerRyen: Iteration 33
TrainerRyen: Iteration 34
TrainerRyen: Iteration 35
TrainerRyen: Iteration 36
TrainerRyen: Iteration 37
TrainerRyen: Iteration 38
TrainerRyen: Iteration 39
TrainerRyen: Iteration 40
TrainerRyen: Iteration 41
TrainerRyen: Iteration 42
TrainerRyen: Iteration 43
TrainerRyen: Iteration 44
TrainerRyen: Iteration 45
TrainerRyen: Iteration 46
TrainerRyen: Iteration 47
TrainerRyen: Iteration 48
TrainerRyen: Iteration 49
TrainerRyen: Iteration 50
TrainerRyen: Iteration 51
TrainerRyen: Iteration 52
TrainerRyen: Iteration 53
TrainerRyen: Iteration 54
TrainerRyen: Iteration 55
TrainerRyen: Iteration 56
TrainerRyen: Iteration 57
TrainerRyen: Iteration 58
TrainerRyen: Iteration 59
TrainerRyen: Iteration 60
TrainerRyen: Iteration 61
TrainerRyen: Iteration 62
TrainerRyen: Iteration 63
TrainerRyen: Iteration 64
TrainerRyen: Iteration 65
TrainerRyen: Iteration 66
TrainerRyen: Iteration 67
TrainerRyen: Iteration 68
TrainerRyen: Iteration 69
TrainerRyen: Iteration 70
TrainerRyen: Iteration 71
TrainerRyen: Iteration 72
TrainerRyen: Iteration 73
TrainerRyen: Iteration 74
TrainerRyen: Iteration 75
TrainerRyen: Iteration 76
TrainerRyen: Iteration 77
TrainerRyen: Iteration 78
TrainerRyen: Iteration 79
TrainerRyen: Iteration 80
TrainerRyen: Iteration 81
TrainerRyen: Iteration 82
TrainerRyen: Iteration 83
TrainerRyen: Iteration 84
TrainerRyen: Iteration 85
TrainerRyen: Iteration 86
TrainerRyen: Iteration 87
TrainerRyen: Iteration 88
TrainerRyen: Iteration 89
TrainerRyen: Iteration 90
TrainerRyen: Iteration 91
TrainerRyen: Iteration 92
TrainerRyen: Iteration 93
TrainerRyen: Iteration 94
TrainerRyen: Iteration 95
TrainerRyen: Iteration 96
TrainerRyen: Iteration 97
TrainerRyen: Iteration 98
TrainerRyen: Iteration 99
TrainerRyen: Iteration 100
TrainerRyen: Iteration 101
TrainerRyen: Iteration 102
TrainerRyen: Iteration 103
TrainerRyen: Iteration 104
TrainerRyen: Iteration 105
TrainerRyen: Iteration 106
TrainerRyen: Iteration 107
TrainerRyen: Iteration 108
TrainerRyen: Iteration 109
TrainerRyen: Iteration 110
TrainerRyen: Iteration 111
TrainerRyen: Iteration 112
TrainerRyen: Iteration 113
TrainerRyen: Iteration 114
TrainerRyen: Iteration 115
TrainerRyen: Iteration 116
TrainerRyen: Iteration 117
TrainerRyen: Iteration 118
TrainerRyen: Iteration 119
TrainerRyen: Iteration 120
TrainerRyen: Iteration 121
TrainerRyen: Iteration 122
TrainerRyen: Iteration 123
TrainerRyen: Iteration 124
TrainerRyen: Iteration 125
TrainerRyen: Iteration 126
TrainerRyen: Iteration 127
TrainerRyen: Iteration 128
TrainerRyen: Iteration 129
TrainerRyen: Iteration 130
TrainerRyen: Iteration 131
TrainerRyen: Iteration 132
TrainerRyen: Iteration 133
TrainerRyen: Iteration 134
TrainerRyen: Iteration 135
TrainerRyen: Iteration 136
TrainerRyen: Iteration 137
TrainerRyen: Iteration 138
TrainerRyen: ===Begin epoch 9
TrainerRyen: Iteration 0
TrainerRyen: Iteration 1
TrainerRyen: Iteration 2
TrainerRyen: Iteration 3
TrainerRyen: Iteration 4
TrainerRyen: Iteration 5
TrainerRyen: Iteration 6
TrainerRyen: Iteration 7
TrainerRyen: Iteration 8
TrainerRyen: Iteration 9
TrainerRyen: Iteration 10
TrainerRyen: Iteration 11
TrainerRyen: Iteration 12
TrainerRyen: Iteration 13
TrainerRyen: Iteration 14
TrainerRyen: Iteration 15
TrainerRyen: Iteration 16
TrainerRyen: Iteration 17
TrainerRyen: Iteration 18
TrainerRyen: Iteration 19
TrainerRyen: Iteration 20
TrainerRyen: Iteration 21
TrainerRyen: Iteration 22
TrainerRyen: Iteration 23
TrainerRyen: Iteration 24
TrainerRyen: Iteration 25
TrainerRyen: Iteration 26
TrainerRyen: Iteration 27
TrainerRyen: Iteration 28
TrainerRyen: Iteration 29
TrainerRyen: Iteration 30
TrainerRyen: Iteration 31
TrainerRyen: Iteration 32
TrainerRyen: Iteration 33
TrainerRyen: Iteration 34
TrainerRyen: Iteration 35
TrainerRyen: Iteration 36
TrainerRyen: Iteration 37
TrainerRyen: Iteration 38
TrainerRyen: Iteration 39
TrainerRyen: Iteration 40
TrainerRyen: Iteration 41
TrainerRyen: Iteration 42
TrainerRyen: Iteration 43
TrainerRyen: Iteration 44
TrainerRyen: Iteration 45
TrainerRyen: Iteration 46
TrainerRyen: Iteration 47
TrainerRyen: Iteration 48
TrainerRyen: Iteration 49
TrainerRyen: Iteration 50
TrainerRyen: Iteration 51
TrainerRyen: Iteration 52
TrainerRyen: Iteration 53
TrainerRyen: Iteration 54
TrainerRyen: Iteration 55
TrainerRyen: Iteration 56
TrainerRyen: Iteration 57
TrainerRyen: Iteration 58
TrainerRyen: Iteration 59
TrainerRyen: Iteration 60
TrainerRyen: Iteration 61
TrainerRyen: Iteration 62
TrainerRyen: Iteration 63
TrainerRyen: Iteration 64
TrainerRyen: Iteration 65
TrainerRyen: Iteration 66
TrainerRyen: Iteration 67
TrainerRyen: Iteration 68
TrainerRyen: Iteration 69
TrainerRyen: Iteration 70
TrainerRyen: Iteration 71
TrainerRyen: Iteration 72
TrainerRyen: Iteration 73
TrainerRyen: Iteration 74
TrainerRyen: Iteration 75
TrainerRyen: Iteration 76
TrainerRyen: Iteration 77
TrainerRyen: Iteration 78
TrainerRyen: Iteration 79
TrainerRyen: Iteration 80
TrainerRyen: Iteration 81
TrainerRyen: Iteration 82
TrainerRyen: Iteration 83
TrainerRyen: Iteration 84
TrainerRyen: Iteration 85
TrainerRyen: Iteration 86
TrainerRyen: Iteration 87
TrainerRyen: Iteration 88
TrainerRyen: Iteration 89
TrainerRyen: Iteration 90
TrainerRyen: Iteration 91
TrainerRyen: Iteration 92
TrainerRyen: Iteration 93
TrainerRyen: Iteration 94
TrainerRyen: Iteration 95
TrainerRyen: Iteration 96
TrainerRyen: Iteration 97
TrainerRyen: Iteration 98
TrainerRyen: Iteration 99
TrainerRyen: Iteration 100
TrainerRyen: Iteration 101
TrainerRyen: Iteration 102
TrainerRyen: Iteration 103
TrainerRyen: Iteration 104
TrainerRyen: Iteration 105
TrainerRyen: Iteration 106
TrainerRyen: Iteration 107
TrainerRyen: Iteration 108
TrainerRyen: Iteration 109
TrainerRyen: Iteration 110
TrainerRyen: Iteration 111
TrainerRyen: Iteration 112
TrainerRyen: Iteration 113
TrainerRyen: Iteration 114
TrainerRyen: Iteration 115
TrainerRyen: Iteration 116
TrainerRyen: Iteration 117
TrainerRyen: Iteration 118
TrainerRyen: Iteration 119
TrainerRyen: Iteration 120
TrainerRyen: Iteration 121
TrainerRyen: Iteration 122
TrainerRyen: Iteration 123
TrainerRyen: Iteration 124
TrainerRyen: Iteration 125
TrainerRyen: Iteration 126
TrainerRyen: Iteration 127
TrainerRyen: Iteration 128
TrainerRyen: Iteration 129
TrainerRyen: Iteration 130
TrainerRyen: Iteration 131
TrainerRyen: Iteration 132
TrainerRyen: Iteration 133
TrainerRyen: Iteration 134
TrainerRyen: Iteration 135
TrainerRyen: Iteration 136
TrainerRyen: Iteration 137
TrainerRyen: Iteration 138
TrainerRyen: ===Begin epoch 10
TrainerRyen: Iteration 0
TrainerRyen: Iteration 1
TrainerRyen: Iteration 2
TrainerRyen: Iteration 3
TrainerRyen: Iteration 4
TrainerRyen: Iteration 5
TrainerRyen: Iteration 6
TrainerRyen: Iteration 7
TrainerRyen: Iteration 8
TrainerRyen: Iteration 9
TrainerRyen: Iteration 10
TrainerRyen: Iteration 11
TrainerRyen: Iteration 12
TrainerRyen: Iteration 13
TrainerRyen: Iteration 14
TrainerRyen: Iteration 15
TrainerRyen: Iteration 16
TrainerRyen: Iteration 17
TrainerRyen: Iteration 18
TrainerRyen: Iteration 19
TrainerRyen: Iteration 20
TrainerRyen: Iteration 21
TrainerRyen: Iteration 22
TrainerRyen: Iteration 23
TrainerRyen: Iteration 24
TrainerRyen: Iteration 25
TrainerRyen: Iteration 26
TrainerRyen: Iteration 27
TrainerRyen: Iteration 28
TrainerRyen: Iteration 29
TrainerRyen: Iteration 30
TrainerRyen: Iteration 31
TrainerRyen: Iteration 32
TrainerRyen: Iteration 33
TrainerRyen: Iteration 34
TrainerRyen: Iteration 35
TrainerRyen: Iteration 36
TrainerRyen: Iteration 37
TrainerRyen: Iteration 38
TrainerRyen: Iteration 39
TrainerRyen: Iteration 40
TrainerRyen: Iteration 41
TrainerRyen: Iteration 42
TrainerRyen: Iteration 43
TrainerRyen: Iteration 44
TrainerRyen: Iteration 45
TrainerRyen: Iteration 46
TrainerRyen: Iteration 47
TrainerRyen: Iteration 48
TrainerRyen: Iteration 49
TrainerRyen: Iteration 50
TrainerRyen: Iteration 51
TrainerRyen: Iteration 52
TrainerRyen: Iteration 53
TrainerRyen: Iteration 54
TrainerRyen: Iteration 55
TrainerRyen: Iteration 56
TrainerRyen: Iteration 57
TrainerRyen: Iteration 58
TrainerRyen: Iteration 59
TrainerRyen: Iteration 60
TrainerRyen: Iteration 61
TrainerRyen: Iteration 62
TrainerRyen: Iteration 63
TrainerRyen: Iteration 64
TrainerRyen: Iteration 65
TrainerRyen: Iteration 66
TrainerRyen: Iteration 67
TrainerRyen: Iteration 68
TrainerRyen: Iteration 69
TrainerRyen: Iteration 70
TrainerRyen: Iteration 71
TrainerRyen: Iteration 72
TrainerRyen: Iteration 73
TrainerRyen: Iteration 74
TrainerRyen: Iteration 75
TrainerRyen: Iteration 76
TrainerRyen: Iteration 77
TrainerRyen: Iteration 78
TrainerRyen: Iteration 79
TrainerRyen: Iteration 80
TrainerRyen: Iteration 81
TrainerRyen: Iteration 82
TrainerRyen: Iteration 83
TrainerRyen: Iteration 84
TrainerRyen: Iteration 85
TrainerRyen: Iteration 86
TrainerRyen: Iteration 87
TrainerRyen: Iteration 88
TrainerRyen: Iteration 89
TrainerRyen: Iteration 90
TrainerRyen: Iteration 91
TrainerRyen: Iteration 92
TrainerRyen: Iteration 93
TrainerRyen: Iteration 94
TrainerRyen: Iteration 95
TrainerRyen: Iteration 96
TrainerRyen: Iteration 97
TrainerRyen: Iteration 98
TrainerRyen: Iteration 99
TrainerRyen: Iteration 100
TrainerRyen: Iteration 101
TrainerRyen: Iteration 102
TrainerRyen: Iteration 103
TrainerRyen: Iteration 104
TrainerRyen: Iteration 105
TrainerRyen: Iteration 106
TrainerRyen: Iteration 107
TrainerRyen: Iteration 108
TrainerRyen: Iteration 109
TrainerRyen: Iteration 110
TrainerRyen: Iteration 111
TrainerRyen: Iteration 112
TrainerRyen: Iteration 113
TrainerRyen: Iteration 114
TrainerRyen: Iteration 115
TrainerRyen: Iteration 116
TrainerRyen: Iteration 117
TrainerRyen: Iteration 118
TrainerRyen: Iteration 119
TrainerRyen: Iteration 120
TrainerRyen: Iteration 121
TrainerRyen: Iteration 122
TrainerRyen: Iteration 123
TrainerRyen: Iteration 124
TrainerRyen: Iteration 125
TrainerRyen: Iteration 126
TrainerRyen: Iteration 127
TrainerRyen: Iteration 128
TrainerRyen: Iteration 129
TrainerRyen: Iteration 130
TrainerRyen: Iteration 131
TrainerRyen: Iteration 132
TrainerRyen: Iteration 133
TrainerRyen: Iteration 134
TrainerRyen: Iteration 135
TrainerRyen: Iteration 136
TrainerRyen: Iteration 137
TrainerRyen: Iteration 138
TrainerRyen: ===Begin epoch 11
TrainerRyen: Iteration 0
TrainerRyen: Iteration 1
TrainerRyen: Iteration 2
TrainerRyen: Iteration 3
TrainerRyen: Iteration 4
TrainerRyen: Iteration 5
TrainerRyen: Iteration 6
TrainerRyen: Iteration 7
TrainerRyen: Iteration 8
TrainerRyen: Iteration 9
TrainerRyen: Iteration 10
TrainerRyen: Iteration 11
TrainerRyen: Iteration 12
TrainerRyen: Iteration 13
TrainerRyen: Iteration 14
TrainerRyen: Iteration 15
TrainerRyen: Iteration 16
TrainerRyen: Iteration 17
TrainerRyen: Iteration 18
TrainerRyen: Iteration 19
TrainerRyen: Iteration 20
TrainerRyen: Iteration 21
TrainerRyen: Iteration 22
TrainerRyen: Iteration 23
TrainerRyen: Iteration 24
TrainerRyen: Iteration 25
TrainerRyen: Iteration 26
TrainerRyen: Iteration 27
TrainerRyen: Iteration 28
TrainerRyen: Iteration 29
TrainerRyen: Iteration 30
TrainerRyen: Iteration 31
TrainerRyen: Iteration 32
TrainerRyen: Iteration 33
TrainerRyen: Iteration 34
TrainerRyen: Iteration 35
TrainerRyen: Iteration 36
TrainerRyen: Iteration 37
TrainerRyen: Iteration 38
TrainerRyen: Iteration 39
TrainerRyen: Iteration 40
TrainerRyen: Iteration 41
TrainerRyen: Iteration 42
TrainerRyen: Iteration 43
TrainerRyen: Iteration 44
TrainerRyen: Iteration 45
TrainerRyen: Iteration 46
TrainerRyen: Iteration 47
TrainerRyen: Iteration 48
TrainerRyen: Iteration 49
TrainerRyen: Iteration 50
TrainerRyen: Iteration 51
TrainerRyen: Iteration 52
TrainerRyen: Iteration 53
TrainerRyen: Iteration 54
TrainerRyen: Iteration 55
TrainerRyen: Iteration 56
TrainerRyen: Iteration 57
TrainerRyen: Iteration 58
TrainerRyen: Iteration 59
TrainerRyen: Iteration 60
TrainerRyen: Iteration 61
TrainerRyen: Iteration 62
TrainerRyen: Iteration 63
TrainerRyen: Iteration 64
TrainerRyen: Iteration 65
TrainerRyen: Iteration 66
TrainerRyen: Iteration 67
TrainerRyen: Iteration 68
TrainerRyen: Iteration 69
TrainerRyen: Iteration 70
TrainerRyen: Iteration 71
TrainerRyen: Iteration 72
TrainerRyen: Iteration 73
TrainerRyen: Iteration 74
TrainerRyen: Iteration 75
TrainerRyen: Iteration 76
TrainerRyen: Iteration 77
TrainerRyen: Iteration 78
TrainerRyen: Iteration 79
TrainerRyen: Iteration 80
TrainerRyen: Iteration 81
TrainerRyen: Iteration 82
TrainerRyen: Iteration 83
TrainerRyen: Iteration 84
TrainerRyen: Iteration 85
TrainerRyen: Iteration 86
TrainerRyen: Iteration 87
TrainerRyen: Iteration 88
TrainerRyen: Iteration 89
TrainerRyen: Iteration 90
TrainerRyen: Iteration 91
TrainerRyen: Iteration 92
TrainerRyen: Iteration 93
TrainerRyen: Iteration 94
TrainerRyen: Iteration 95
TrainerRyen: Iteration 96
TrainerRyen: Iteration 97
TrainerRyen: Iteration 98
TrainerRyen: Iteration 99
TrainerRyen: Iteration 100
TrainerRyen: Iteration 101
TrainerRyen: Iteration 102
TrainerRyen: Iteration 103
TrainerRyen: Iteration 104
TrainerRyen: Iteration 105
TrainerRyen: Iteration 106
TrainerRyen: Iteration 107
TrainerRyen: Iteration 108
TrainerRyen: Iteration 109
TrainerRyen: Iteration 110
TrainerRyen: Iteration 111
TrainerRyen: Iteration 112
TrainerRyen: Iteration 113
TrainerRyen: Iteration 114
TrainerRyen: Iteration 115
TrainerRyen: Iteration 116
TrainerRyen: Iteration 117
TrainerRyen: Iteration 118
TrainerRyen: Iteration 119
TrainerRyen: Iteration 120
TrainerRyen: Iteration 121
TrainerRyen: Iteration 122
TrainerRyen: Iteration 123
TrainerRyen: Iteration 124
TrainerRyen: Iteration 125
TrainerRyen: Iteration 126
TrainerRyen: Iteration 127
TrainerRyen: Iteration 128
TrainerRyen: Iteration 129
TrainerRyen: Iteration 130
TrainerRyen: Iteration 131
TrainerRyen: Iteration 132
TrainerRyen: Iteration 133
TrainerRyen: Iteration 134
TrainerRyen: Iteration 135
TrainerRyen: Iteration 136
TrainerRyen: Iteration 137
TrainerRyen: Iteration 138
TrainerRyen: ===Begin epoch 12
TrainerRyen: Iteration 0
TrainerRyen: Iteration 1
TrainerRyen: Iteration 2
TrainerRyen: Iteration 3
TrainerRyen: Iteration 4
TrainerRyen: Iteration 5
TrainerRyen: Iteration 6
TrainerRyen: Iteration 7
TrainerRyen: Iteration 8
TrainerRyen: Iteration 9
TrainerRyen: Iteration 10
TrainerRyen: Iteration 11
TrainerRyen: Iteration 12
TrainerRyen: Iteration 13
TrainerRyen: Iteration 14
TrainerRyen: Iteration 15
TrainerRyen: Iteration 16
TrainerRyen: Iteration 17
TrainerRyen: Iteration 18
TrainerRyen: Iteration 19
TrainerRyen: Iteration 20
TrainerRyen: Iteration 21
TrainerRyen: Iteration 22
TrainerRyen: Iteration 23
TrainerRyen: Iteration 24
TrainerRyen: Iteration 25
TrainerRyen: Iteration 26
TrainerRyen: Iteration 27
TrainerRyen: Iteration 28
TrainerRyen: Iteration 29
TrainerRyen: Iteration 30
TrainerRyen: Iteration 31
TrainerRyen: Iteration 32
TrainerRyen: Iteration 33
TrainerRyen: Iteration 34
TrainerRyen: Iteration 35
TrainerRyen: Iteration 36
TrainerRyen: Iteration 37
TrainerRyen: Iteration 38
TrainerRyen: Iteration 39
TrainerRyen: Iteration 40
TrainerRyen: Iteration 41
TrainerRyen: Iteration 42
TrainerRyen: Iteration 43
TrainerRyen: Iteration 44
TrainerRyen: Iteration 45
TrainerRyen: Iteration 46
TrainerRyen: Iteration 47
TrainerRyen: Iteration 48
TrainerRyen: Iteration 49
TrainerRyen: Iteration 50
TrainerRyen: Iteration 51
TrainerRyen: Iteration 52
TrainerRyen: Iteration 53
TrainerRyen: Iteration 54
TrainerRyen: Iteration 55
TrainerRyen: Iteration 56
TrainerRyen: Iteration 57
TrainerRyen: Iteration 58
TrainerRyen: Iteration 59
TrainerRyen: Iteration 60
TrainerRyen: Iteration 61
TrainerRyen: Iteration 62
TrainerRyen: Iteration 63
TrainerRyen: Iteration 64
TrainerRyen: Iteration 65
TrainerRyen: Iteration 66
TrainerRyen: Iteration 67
TrainerRyen: Iteration 68
TrainerRyen: Iteration 69
TrainerRyen: Iteration 70
TrainerRyen: Iteration 71
TrainerRyen: Iteration 72
TrainerRyen: Iteration 73
TrainerRyen: Iteration 74
TrainerRyen: Iteration 75
TrainerRyen: Iteration 76
TrainerRyen: Iteration 77
TrainerRyen: Iteration 78
TrainerRyen: Iteration 79
TrainerRyen: Iteration 80
TrainerRyen: Iteration 81
TrainerRyen: Iteration 82
TrainerRyen: Iteration 83
TrainerRyen: Iteration 84
TrainerRyen: Iteration 85
TrainerRyen: Iteration 86
TrainerRyen: Iteration 87
TrainerRyen: Iteration 88
TrainerRyen: Iteration 89
TrainerRyen: Iteration 90
TrainerRyen: Iteration 91
TrainerRyen: Iteration 92
TrainerRyen: Iteration 93
TrainerRyen: Iteration 94
TrainerRyen: Iteration 95
TrainerRyen: Iteration 96
TrainerRyen: Iteration 97
TrainerRyen: Iteration 98
TrainerRyen: Iteration 99
TrainerRyen: Iteration 100
TrainerRyen: Iteration 101
TrainerRyen: Iteration 102
TrainerRyen: Iteration 103
TrainerRyen: Iteration 104
TrainerRyen: Iteration 105
TrainerRyen: Iteration 106
TrainerRyen: Iteration 107
TrainerRyen: Iteration 108
TrainerRyen: Iteration 109
TrainerRyen: Iteration 110
TrainerRyen: Iteration 111
TrainerRyen: Iteration 112
TrainerRyen: Iteration 113
TrainerRyen: Iteration 114
TrainerRyen: Iteration 115
TrainerRyen: Iteration 116
TrainerRyen: Iteration 117
TrainerRyen: Iteration 118
TrainerRyen: Iteration 119
TrainerRyen: Iteration 120
TrainerRyen: Iteration 121
TrainerRyen: Iteration 122
TrainerRyen: Iteration 123
TrainerRyen: Iteration 124
TrainerRyen: Iteration 125
TrainerRyen: Iteration 126
TrainerRyen: Iteration 127
TrainerRyen: Iteration 128
TrainerRyen: Iteration 129
TrainerRyen: Iteration 130
TrainerRyen: Iteration 131
TrainerRyen: Iteration 132
TrainerRyen: Iteration 133
TrainerRyen: Iteration 134
TrainerRyen: Iteration 135
TrainerRyen: Iteration 136
TrainerRyen: Iteration 137
TrainerRyen: Iteration 138
TrainerRyen: ===Begin epoch 13
TrainerRyen: Iteration 0
TrainerRyen: Iteration 1
TrainerRyen: Iteration 2
TrainerRyen: Iteration 3
TrainerRyen: Iteration 4
TrainerRyen: Iteration 5
TrainerRyen: Iteration 6
TrainerRyen: Iteration 7
TrainerRyen: Iteration 8
TrainerRyen: Iteration 9
TrainerRyen: Iteration 10
TrainerRyen: Iteration 11
TrainerRyen: Iteration 12
TrainerRyen: Iteration 13
TrainerRyen: Iteration 14
TrainerRyen: Iteration 15
TrainerRyen: Iteration 16
TrainerRyen: Iteration 17
TrainerRyen: Iteration 18
TrainerRyen: Iteration 19
TrainerRyen: Iteration 20
TrainerRyen: Iteration 21
TrainerRyen: Iteration 22
TrainerRyen: Iteration 23
TrainerRyen: Iteration 24
TrainerRyen: Iteration 25
TrainerRyen: Iteration 26
TrainerRyen: Iteration 27
TrainerRyen: Iteration 28
TrainerRyen: Iteration 29
TrainerRyen: Iteration 30
TrainerRyen: Iteration 31
TrainerRyen: Iteration 32
TrainerRyen: Iteration 33
TrainerRyen: Iteration 34
TrainerRyen: Iteration 35
TrainerRyen: Iteration 36
TrainerRyen: Iteration 37
TrainerRyen: Iteration 38
TrainerRyen: Iteration 39
TrainerRyen: Iteration 40
TrainerRyen: Iteration 41
TrainerRyen: Iteration 42
TrainerRyen: Iteration 43
TrainerRyen: Iteration 44
TrainerRyen: Iteration 45
TrainerRyen: Iteration 46
TrainerRyen: Iteration 47
TrainerRyen: Iteration 48
TrainerRyen: Iteration 49
TrainerRyen: Iteration 50
TrainerRyen: Iteration 51
TrainerRyen: Iteration 52
TrainerRyen: Iteration 53
TrainerRyen: Iteration 54
TrainerRyen: Iteration 55
TrainerRyen: Iteration 56
TrainerRyen: Iteration 57
TrainerRyen: Iteration 58
TrainerRyen: Iteration 59
TrainerRyen: Iteration 60
TrainerRyen: Iteration 61
TrainerRyen: Iteration 62
TrainerRyen: Iteration 63
TrainerRyen: Iteration 64
TrainerRyen: Iteration 65
TrainerRyen: Iteration 66
TrainerRyen: Iteration 67
TrainerRyen: Iteration 68
TrainerRyen: Iteration 69
TrainerRyen: Iteration 70
TrainerRyen: Iteration 71
TrainerRyen: Iteration 72
TrainerRyen: Iteration 73
TrainerRyen: Iteration 74
TrainerRyen: Iteration 75
TrainerRyen: Iteration 76
TrainerRyen: Iteration 77
TrainerRyen: Iteration 78
TrainerRyen: Iteration 79
TrainerRyen: Iteration 80
TrainerRyen: Iteration 81
TrainerRyen: Iteration 82
TrainerRyen: Iteration 83
TrainerRyen: Iteration 84
TrainerRyen: Iteration 85
TrainerRyen: Iteration 86
TrainerRyen: Iteration 87
TrainerRyen: Iteration 88
TrainerRyen: Iteration 89
TrainerRyen: Iteration 90
TrainerRyen: Iteration 91
TrainerRyen: Iteration 92
TrainerRyen: Iteration 93
TrainerRyen: Iteration 94
TrainerRyen: Iteration 95
TrainerRyen: Iteration 96
TrainerRyen: Iteration 97
TrainerRyen: Iteration 98
TrainerRyen: Iteration 99
TrainerRyen: Iteration 100
TrainerRyen: Iteration 101
TrainerRyen: Iteration 102
TrainerRyen: Iteration 103
TrainerRyen: Iteration 104
TrainerRyen: Iteration 105
TrainerRyen: Iteration 106
TrainerRyen: Iteration 107
TrainerRyen: Iteration 108
TrainerRyen: Iteration 109
TrainerRyen: Iteration 110
TrainerRyen: Iteration 111
TrainerRyen: Iteration 112
TrainerRyen: Iteration 113
TrainerRyen: Iteration 114
TrainerRyen: Iteration 115
TrainerRyen: Iteration 116
TrainerRyen: Iteration 117
TrainerRyen: Iteration 118
TrainerRyen: Iteration 119
TrainerRyen: Iteration 120
TrainerRyen: Iteration 121
TrainerRyen: Iteration 122
TrainerRyen: Iteration 123
TrainerRyen: Iteration 124
TrainerRyen: Iteration 125
TrainerRyen: Iteration 126
TrainerRyen: Iteration 127
TrainerRyen: Iteration 128
TrainerRyen: Iteration 129
TrainerRyen: Iteration 130
TrainerRyen: Iteration 131
TrainerRyen: Iteration 132
TrainerRyen: Iteration 133
TrainerRyen: Iteration 134
TrainerRyen: Iteration 135
TrainerRyen: Iteration 136
TrainerRyen: Iteration 137
TrainerRyen: Iteration 138
TrainerRyen: ===Begin epoch 14
TrainerRyen: Iteration 0
TrainerRyen: Iteration 1
TrainerRyen: Iteration 2
TrainerRyen: Iteration 3
TrainerRyen: Iteration 4
TrainerRyen: Iteration 5
TrainerRyen: Iteration 6
TrainerRyen: Iteration 7
TrainerRyen: Iteration 8
TrainerRyen: Iteration 9
TrainerRyen: Iteration 10
TrainerRyen: Iteration 11
TrainerRyen: Iteration 12
TrainerRyen: Iteration 13
TrainerRyen: Iteration 14
TrainerRyen: Iteration 15
TrainerRyen: Iteration 16
TrainerRyen: Iteration 17
TrainerRyen: Iteration 18
TrainerRyen: Iteration 19
TrainerRyen: Iteration 20
TrainerRyen: Iteration 21
TrainerRyen: Iteration 22
TrainerRyen: Iteration 23
TrainerRyen: Iteration 24
TrainerRyen: Iteration 25
TrainerRyen: Iteration 26
TrainerRyen: Iteration 27
TrainerRyen: Iteration 28
TrainerRyen: Iteration 29
TrainerRyen: Iteration 30
TrainerRyen: Iteration 31
TrainerRyen: Iteration 32
TrainerRyen: Iteration 33
TrainerRyen: Iteration 34
TrainerRyen: Iteration 35
TrainerRyen: Iteration 36
TrainerRyen: Iteration 37
TrainerRyen: Iteration 38
TrainerRyen: Iteration 39
TrainerRyen: Iteration 40
TrainerRyen: Iteration 41
TrainerRyen: Iteration 42
TrainerRyen: Iteration 43
TrainerRyen: Iteration 44
TrainerRyen: Iteration 45
TrainerRyen: Iteration 46
TrainerRyen: Iteration 47
TrainerRyen: Iteration 48
TrainerRyen: Iteration 49
TrainerRyen: Iteration 50
TrainerRyen: Iteration 51
TrainerRyen: Iteration 52
TrainerRyen: Iteration 53
TrainerRyen: Iteration 54
TrainerRyen: Iteration 55
TrainerRyen: Iteration 56
TrainerRyen: Iteration 57
TrainerRyen: Iteration 58
TrainerRyen: Iteration 59
TrainerRyen: Iteration 60
TrainerRyen: Iteration 61
TrainerRyen: Iteration 62
TrainerRyen: Iteration 63
TrainerRyen: Iteration 64
TrainerRyen: Iteration 65
TrainerRyen: Iteration 66
TrainerRyen: Iteration 67
TrainerRyen: Iteration 68
TrainerRyen: Iteration 69
TrainerRyen: Iteration 70
TrainerRyen: Iteration 71
TrainerRyen: Iteration 72
TrainerRyen: Iteration 73
TrainerRyen: Iteration 74
TrainerRyen: Iteration 75
TrainerRyen: Iteration 76
TrainerRyen: Iteration 77
TrainerRyen: Iteration 78
TrainerRyen: Iteration 79
TrainerRyen: Iteration 80
TrainerRyen: Iteration 81
TrainerRyen: Iteration 82
TrainerRyen: Iteration 83
TrainerRyen: Iteration 84
TrainerRyen: Iteration 85
TrainerRyen: Iteration 86
TrainerRyen: Iteration 87
TrainerRyen: Iteration 88
TrainerRyen: Iteration 89
TrainerRyen: Iteration 90
TrainerRyen: Iteration 91
TrainerRyen: Iteration 92
TrainerRyen: Iteration 93
TrainerRyen: Iteration 94
TrainerRyen: Iteration 95
TrainerRyen: Iteration 96
TrainerRyen: Iteration 97
TrainerRyen: Iteration 98
TrainerRyen: Iteration 99
TrainerRyen: Iteration 100
TrainerRyen: Iteration 101
TrainerRyen: Iteration 102
TrainerRyen: Iteration 103
TrainerRyen: Iteration 104
TrainerRyen: Iteration 105
TrainerRyen: Iteration 106
TrainerRyen: Iteration 107
TrainerRyen: Iteration 108
TrainerRyen: Iteration 109
TrainerRyen: Iteration 110
TrainerRyen: Iteration 111
TrainerRyen: Iteration 112
TrainerRyen: Iteration 113
TrainerRyen: Iteration 114
TrainerRyen: Iteration 115
TrainerRyen: Iteration 116
TrainerRyen: Iteration 117
TrainerRyen: Iteration 118
TrainerRyen: Iteration 119
TrainerRyen: Iteration 120
TrainerRyen: Iteration 121
TrainerRyen: Iteration 122
TrainerRyen: Iteration 123
TrainerRyen: Iteration 124
TrainerRyen: Iteration 125
TrainerRyen: Iteration 126
TrainerRyen: Iteration 127
TrainerRyen: Iteration 128
TrainerRyen: Iteration 129
TrainerRyen: Iteration 130
TrainerRyen: Iteration 131
TrainerRyen: Iteration 132
TrainerRyen: Iteration 133
TrainerRyen: Iteration 134
TrainerRyen: Iteration 135
TrainerRyen: Iteration 136
TrainerRyen: Iteration 137
TrainerRyen: Iteration 138
TrainerRyen: ===Begin epoch 15
TrainerRyen: Iteration 0
TrainerRyen: Iteration 1
TrainerRyen: Iteration 2
TrainerRyen: Iteration 3
TrainerRyen: Iteration 4
TrainerRyen: Iteration 5
TrainerRyen: Iteration 6
TrainerRyen: Iteration 7
TrainerRyen: Iteration 8
TrainerRyen: Iteration 9
TrainerRyen: Iteration 10
TrainerRyen: Iteration 11
TrainerRyen: Iteration 12
TrainerRyen: Iteration 13
TrainerRyen: Iteration 14
TrainerRyen: Iteration 15
TrainerRyen: Iteration 16
TrainerRyen: Iteration 17
TrainerRyen: Iteration 18
TrainerRyen: Iteration 19
TrainerRyen: Iteration 20
TrainerRyen: Iteration 21
TrainerRyen: Iteration 22
TrainerRyen: Iteration 23
TrainerRyen: Iteration 24
TrainerRyen: Iteration 25
TrainerRyen: Iteration 26
TrainerRyen: Iteration 27
TrainerRyen: Iteration 28
TrainerRyen: Iteration 29
TrainerRyen: Iteration 30
TrainerRyen: Iteration 31
TrainerRyen: Iteration 32
TrainerRyen: Iteration 33
TrainerRyen: Iteration 34
TrainerRyen: Iteration 35
TrainerRyen: Iteration 36
TrainerRyen: Iteration 37
TrainerRyen: Iteration 38
TrainerRyen: Iteration 39
TrainerRyen: Iteration 40
TrainerRyen: Iteration 41
TrainerRyen: Iteration 42
TrainerRyen: Iteration 43
TrainerRyen: Iteration 44
TrainerRyen: Iteration 45
TrainerRyen: Iteration 46
TrainerRyen: Iteration 47
TrainerRyen: Iteration 48
TrainerRyen: Iteration 49
TrainerRyen: Iteration 50
TrainerRyen: Iteration 51
TrainerRyen: Iteration 52
TrainerRyen: Iteration 53
TrainerRyen: Iteration 54
TrainerRyen: Iteration 55
TrainerRyen: Iteration 56
TrainerRyen: Iteration 57
TrainerRyen: Iteration 58
TrainerRyen: Iteration 59
TrainerRyen: Iteration 60
TrainerRyen: Iteration 61
TrainerRyen: Iteration 62
TrainerRyen: Iteration 63
TrainerRyen: Iteration 64
TrainerRyen: Iteration 65
TrainerRyen: Iteration 66
TrainerRyen: Iteration 67
TrainerRyen: Iteration 68
TrainerRyen: Iteration 69
TrainerRyen: Iteration 70
TrainerRyen: Iteration 71
TrainerRyen: Iteration 72
TrainerRyen: Iteration 73
TrainerRyen: Iteration 74
TrainerRyen: Iteration 75
TrainerRyen: Iteration 76
TrainerRyen: Iteration 77
TrainerRyen: Iteration 78
TrainerRyen: Iteration 79
TrainerRyen: Iteration 80
TrainerRyen: Iteration 81
TrainerRyen: Iteration 82
TrainerRyen: Iteration 83
TrainerRyen: Iteration 84
TrainerRyen: Iteration 85
TrainerRyen: Iteration 86
TrainerRyen: Iteration 87
TrainerRyen: Iteration 88
TrainerRyen: Iteration 89
TrainerRyen: Iteration 90
TrainerRyen: Iteration 91
TrainerRyen: Iteration 92
TrainerRyen: Iteration 93
TrainerRyen: Iteration 94
TrainerRyen: Iteration 95
TrainerRyen: Iteration 96
TrainerRyen: Iteration 97
TrainerRyen: Iteration 98
TrainerRyen: Iteration 99
TrainerRyen: Iteration 100
TrainerRyen: Iteration 101
TrainerRyen: Iteration 102
TrainerRyen: Iteration 103
TrainerRyen: Iteration 104
TrainerRyen: Iteration 105
TrainerRyen: Iteration 106
TrainerRyen: Iteration 107
TrainerRyen: Iteration 108
TrainerRyen: Iteration 109
TrainerRyen: Iteration 110
TrainerRyen: Iteration 111
TrainerRyen: Iteration 112
TrainerRyen: Iteration 113
TrainerRyen: Iteration 114
TrainerRyen: Iteration 115
TrainerRyen: Iteration 116
TrainerRyen: Iteration 117
TrainerRyen: Iteration 118
TrainerRyen: Iteration 119
TrainerRyen: Iteration 120
TrainerRyen: Iteration 121
TrainerRyen: Iteration 122
TrainerRyen: Iteration 123
TrainerRyen: Iteration 124
TrainerRyen: Iteration 125
TrainerRyen: Iteration 126
TrainerRyen: Iteration 127
TrainerRyen: Iteration 128
TrainerRyen: Iteration 129
TrainerRyen: Iteration 130
TrainerRyen: Iteration 131
TrainerRyen: Iteration 132
TrainerRyen: Iteration 133
TrainerRyen: Iteration 134
TrainerRyen: Iteration 135
TrainerRyen: Iteration 136
TrainerRyen: Iteration 137
TrainerRyen: Iteration 138
TrainerRyen: ===Begin epoch 16
TrainerRyen: Iteration 0
TrainerRyen: Iteration 1
TrainerRyen: Iteration 2
TrainerRyen: Iteration 3
TrainerRyen: Iteration 4
TrainerRyen: Iteration 5
TrainerRyen: Iteration 6
TrainerRyen: Iteration 7
TrainerRyen: Iteration 8
TrainerRyen: Iteration 9
TrainerRyen: Iteration 10
TrainerRyen: Iteration 11
TrainerRyen: Iteration 12
TrainerRyen: Iteration 13
TrainerRyen: Iteration 14
TrainerRyen: Iteration 15
TrainerRyen: Iteration 16
TrainerRyen: Iteration 17
TrainerRyen: Iteration 18
TrainerRyen: Iteration 19
TrainerRyen: Iteration 20
TrainerRyen: Iteration 21
TrainerRyen: Iteration 22
TrainerRyen: Iteration 23
TrainerRyen: Iteration 24
TrainerRyen: Iteration 25
TrainerRyen: Iteration 26
TrainerRyen: Iteration 27
TrainerRyen: Iteration 28
TrainerRyen: Iteration 29
TrainerRyen: Iteration 30
TrainerRyen: Iteration 31
TrainerRyen: Iteration 32
TrainerRyen: Iteration 33
TrainerRyen: Iteration 34
TrainerRyen: Iteration 35
TrainerRyen: Iteration 36
TrainerRyen: Iteration 37
TrainerRyen: Iteration 38
TrainerRyen: Iteration 39
TrainerRyen: Iteration 40
TrainerRyen: Iteration 41
TrainerRyen: Iteration 42
TrainerRyen: Iteration 43
TrainerRyen: Iteration 44
TrainerRyen: Iteration 45
TrainerRyen: Iteration 46
TrainerRyen: Iteration 47
TrainerRyen: Iteration 48
TrainerRyen: Iteration 49
TrainerRyen: Iteration 50
TrainerRyen: Iteration 51
TrainerRyen: Iteration 52
TrainerRyen: Iteration 53
TrainerRyen: Iteration 54
TrainerRyen: Iteration 55
TrainerRyen: Iteration 56
TrainerRyen: Iteration 57
TrainerRyen: Iteration 58
TrainerRyen: Iteration 59
TrainerRyen: Iteration 60
TrainerRyen: Iteration 61
TrainerRyen: Iteration 62
TrainerRyen: Iteration 63
TrainerRyen: Iteration 64
TrainerRyen: Iteration 65
TrainerRyen: Iteration 66
TrainerRyen: Iteration 67
TrainerRyen: Iteration 68
TrainerRyen: Iteration 69
TrainerRyen: Iteration 70
TrainerRyen: Iteration 71
TrainerRyen: Iteration 72
TrainerRyen: Iteration 73
TrainerRyen: Iteration 74
TrainerRyen: Iteration 75
TrainerRyen: Iteration 76
TrainerRyen: Iteration 77
TrainerRyen: Iteration 78
TrainerRyen: Iteration 79
TrainerRyen: Iteration 80
TrainerRyen: Iteration 81
TrainerRyen: Iteration 82
TrainerRyen: Iteration 83
TrainerRyen: Iteration 84
TrainerRyen: Iteration 85
TrainerRyen: Iteration 86
TrainerRyen: Iteration 87
TrainerRyen: Iteration 88
TrainerRyen: Iteration 89
TrainerRyen: Iteration 90
TrainerRyen: Iteration 91
TrainerRyen: Iteration 92
TrainerRyen: Iteration 93
TrainerRyen: Iteration 94
TrainerRyen: Iteration 95
TrainerRyen: Iteration 96
TrainerRyen: Iteration 97
TrainerRyen: Iteration 98
TrainerRyen: Iteration 99
TrainerRyen: Iteration 100
TrainerRyen: Iteration 101
TrainerRyen: Iteration 102
TrainerRyen: Iteration 103
TrainerRyen: Iteration 104
TrainerRyen: Iteration 105
TrainerRyen: Iteration 106
TrainerRyen: Iteration 107
TrainerRyen: Iteration 108
TrainerRyen: Iteration 109
TrainerRyen: Iteration 110
TrainerRyen: Iteration 111
TrainerRyen: Iteration 112
TrainerRyen: Iteration 113
TrainerRyen: Iteration 114
TrainerRyen: Iteration 115
TrainerRyen: Iteration 116
TrainerRyen: Iteration 117
TrainerRyen: Iteration 118
TrainerRyen: Iteration 119
TrainerRyen: Iteration 120
TrainerRyen: Iteration 121
TrainerRyen: Iteration 122
TrainerRyen: Iteration 123
TrainerRyen: Iteration 124
TrainerRyen: Iteration 125
TrainerRyen: Iteration 126
TrainerRyen: Iteration 127
TrainerRyen: Iteration 128
TrainerRyen: Iteration 129
TrainerRyen: Iteration 130
TrainerRyen: Iteration 131
TrainerRyen: Iteration 132
TrainerRyen: Iteration 133
TrainerRyen: Iteration 134
TrainerRyen: Iteration 135
TrainerRyen: Iteration 136
TrainerRyen: Iteration 137
TrainerRyen: Iteration 138
TrainerRyen: ===Begin epoch 17
TrainerRyen: Iteration 0
TrainerRyen: Iteration 1
TrainerRyen: Iteration 2
TrainerRyen: Iteration 3
TrainerRyen: Iteration 4
TrainerRyen: Iteration 5
TrainerRyen: Iteration 6
TrainerRyen: Iteration 7
TrainerRyen: Iteration 8
TrainerRyen: Iteration 9
TrainerRyen: Iteration 10
TrainerRyen: Iteration 11
TrainerRyen: Iteration 12
TrainerRyen: Iteration 13
TrainerRyen: Iteration 14
TrainerRyen: Iteration 15
TrainerRyen: Iteration 16
TrainerRyen: Iteration 17
TrainerRyen: Iteration 18
TrainerRyen: Iteration 19
TrainerRyen: Iteration 20
TrainerRyen: Iteration 21
TrainerRyen: Iteration 22
TrainerRyen: Iteration 23
TrainerRyen: Iteration 24
TrainerRyen: Iteration 25
TrainerRyen: Iteration 26
TrainerRyen: Iteration 27
TrainerRyen: Iteration 28
TrainerRyen: Iteration 29
TrainerRyen: Iteration 30
TrainerRyen: Iteration 31
TrainerRyen: Iteration 32
TrainerRyen: Iteration 33
TrainerRyen: Iteration 34
TrainerRyen: Iteration 35
TrainerRyen: Iteration 36
TrainerRyen: Iteration 37
TrainerRyen: Iteration 38
TrainerRyen: Iteration 39
TrainerRyen: Iteration 40
TrainerRyen: Iteration 41
TrainerRyen: Iteration 42
TrainerRyen: Iteration 43
TrainerRyen: Iteration 44
TrainerRyen: Iteration 45
TrainerRyen: Iteration 46
TrainerRyen: Iteration 47
TrainerRyen: Iteration 48
TrainerRyen: Iteration 49
TrainerRyen: Iteration 50
TrainerRyen: Iteration 51
TrainerRyen: Iteration 52
TrainerRyen: Iteration 53
TrainerRyen: Iteration 54
TrainerRyen: Iteration 55
TrainerRyen: Iteration 56
TrainerRyen: Iteration 57
TrainerRyen: Iteration 58
TrainerRyen: Iteration 59
TrainerRyen: Iteration 60
TrainerRyen: Iteration 61
TrainerRyen: Iteration 62
TrainerRyen: Iteration 63
TrainerRyen: Iteration 64
TrainerRyen: Iteration 65
TrainerRyen: Iteration 66
TrainerRyen: Iteration 67
TrainerRyen: Iteration 68
TrainerRyen: Iteration 69
TrainerRyen: Iteration 70
TrainerRyen: Iteration 71
TrainerRyen: Iteration 72
TrainerRyen: Iteration 73
TrainerRyen: Iteration 74
TrainerRyen: Iteration 75
TrainerRyen: Iteration 76
TrainerRyen: Iteration 77
TrainerRyen: Iteration 78
TrainerRyen: Iteration 79
TrainerRyen: Iteration 80
TrainerRyen: Iteration 81
TrainerRyen: Iteration 82
TrainerRyen: Iteration 83
TrainerRyen: Iteration 84
TrainerRyen: Iteration 85
TrainerRyen: Iteration 86
TrainerRyen: Iteration 87
TrainerRyen: Iteration 88
TrainerRyen: Iteration 89
TrainerRyen: Iteration 90
TrainerRyen: Iteration 91
TrainerRyen: Iteration 92
TrainerRyen: Iteration 93
TrainerRyen: Iteration 94
TrainerRyen: Iteration 95
TrainerRyen: Iteration 96
TrainerRyen: Iteration 97
TrainerRyen: Iteration 98
TrainerRyen: Iteration 99
TrainerRyen: Iteration 100
TrainerRyen: Iteration 101
TrainerRyen: Iteration 102
TrainerRyen: Iteration 103
TrainerRyen: Iteration 104
TrainerRyen: Iteration 105
TrainerRyen: Iteration 106
TrainerRyen: Iteration 107
TrainerRyen: Iteration 108
TrainerRyen: Iteration 109
TrainerRyen: Iteration 110
TrainerRyen: Iteration 111
TrainerRyen: Iteration 112
TrainerRyen: Iteration 113
TrainerRyen: Iteration 114
TrainerRyen: Iteration 115
TrainerRyen: Iteration 116
TrainerRyen: Iteration 117
TrainerRyen: Iteration 118
TrainerRyen: Iteration 119
TrainerRyen: Iteration 120
TrainerRyen: Iteration 121
TrainerRyen: Iteration 122
TrainerRyen: Iteration 123
TrainerRyen: Iteration 124
TrainerRyen: Iteration 125
TrainerRyen: Iteration 126
TrainerRyen: Iteration 127
TrainerRyen: Iteration 128
TrainerRyen: Iteration 129
TrainerRyen: Iteration 130
TrainerRyen: Iteration 131
TrainerRyen: Iteration 132
TrainerRyen: Iteration 133
TrainerRyen: Iteration 134
TrainerRyen: Iteration 135
TrainerRyen: Iteration 136
TrainerRyen: Iteration 137
TrainerRyen: Iteration 138
TrainerRyen: ===Begin epoch 18
TrainerRyen: Iteration 0
TrainerRyen: Iteration 1
TrainerRyen: Iteration 2
TrainerRyen: Iteration 3
TrainerRyen: Iteration 4
TrainerRyen: Iteration 5
TrainerRyen: Iteration 6
TrainerRyen: Iteration 7
TrainerRyen: Iteration 8
TrainerRyen: Iteration 9
TrainerRyen: Iteration 10
TrainerRyen: Iteration 11
TrainerRyen: Iteration 12
TrainerRyen: Iteration 13
TrainerRyen: Iteration 14
TrainerRyen: Iteration 15
TrainerRyen: Iteration 16
TrainerRyen: Iteration 17
TrainerRyen: Iteration 18
TrainerRyen: Iteration 19
TrainerRyen: Iteration 20
TrainerRyen: Iteration 21
TrainerRyen: Iteration 22
TrainerRyen: Iteration 23
TrainerRyen: Iteration 24
TrainerRyen: Iteration 25
TrainerRyen: Iteration 26
TrainerRyen: Iteration 27
TrainerRyen: Iteration 28
TrainerRyen: Iteration 29
TrainerRyen: Iteration 30
TrainerRyen: Iteration 31
TrainerRyen: Iteration 32
TrainerRyen: Iteration 33
TrainerRyen: Iteration 34
TrainerRyen: Iteration 35
TrainerRyen: Iteration 36
TrainerRyen: Iteration 37
TrainerRyen: Iteration 38
TrainerRyen: Iteration 39
TrainerRyen: Iteration 40
TrainerRyen: Iteration 41
TrainerRyen: Iteration 42
TrainerRyen: Iteration 43
TrainerRyen: Iteration 44
TrainerRyen: Iteration 45
TrainerRyen: Iteration 46
TrainerRyen: Iteration 47
TrainerRyen: Iteration 48
TrainerRyen: Iteration 49
TrainerRyen: Iteration 50
TrainerRyen: Iteration 51
TrainerRyen: Iteration 52
TrainerRyen: Iteration 53
TrainerRyen: Iteration 54
TrainerRyen: Iteration 55
TrainerRyen: Iteration 56
TrainerRyen: Iteration 57
TrainerRyen: Iteration 58
TrainerRyen: Iteration 59
TrainerRyen: Iteration 60
TrainerRyen: Iteration 61
TrainerRyen: Iteration 62
TrainerRyen: Iteration 63
TrainerRyen: Iteration 64
TrainerRyen: Iteration 65
TrainerRyen: Iteration 66
TrainerRyen: Iteration 67
TrainerRyen: Iteration 68
TrainerRyen: Iteration 69
TrainerRyen: Iteration 70
TrainerRyen: Iteration 71
TrainerRyen: Iteration 72
TrainerRyen: Iteration 73
TrainerRyen: Iteration 74
TrainerRyen: Iteration 75
TrainerRyen: Iteration 76
TrainerRyen: Iteration 77
TrainerRyen: Iteration 78
TrainerRyen: Iteration 79
TrainerRyen: Iteration 80
TrainerRyen: Iteration 81
TrainerRyen: Iteration 82
TrainerRyen: Iteration 83
TrainerRyen: Iteration 84
TrainerRyen: Iteration 85
TrainerRyen: Iteration 86
TrainerRyen: Iteration 87
TrainerRyen: Iteration 88
TrainerRyen: Iteration 89
TrainerRyen: Iteration 90
TrainerRyen: Iteration 91
TrainerRyen: Iteration 92
TrainerRyen: Iteration 93
TrainerRyen: Iteration 94
TrainerRyen: Iteration 95
TrainerRyen: Iteration 96
TrainerRyen: Iteration 97
TrainerRyen: Iteration 98
TrainerRyen: Iteration 99
TrainerRyen: Iteration 100
TrainerRyen: Iteration 101
TrainerRyen: Iteration 102
TrainerRyen: Iteration 103
TrainerRyen: Iteration 104
TrainerRyen: Iteration 105
TrainerRyen: Iteration 106
TrainerRyen: Iteration 107
TrainerRyen: Iteration 108
TrainerRyen: Iteration 109
TrainerRyen: Iteration 110
TrainerRyen: Iteration 111
TrainerRyen: Iteration 112
TrainerRyen: Iteration 113
TrainerRyen: Iteration 114
TrainerRyen: Iteration 115
TrainerRyen: Iteration 116
TrainerRyen: Iteration 117
TrainerRyen: Iteration 118
TrainerRyen: Iteration 119
TrainerRyen: Iteration 120
TrainerRyen: Iteration 121
TrainerRyen: Iteration 122
TrainerRyen: Iteration 123
TrainerRyen: Iteration 124
TrainerRyen: Iteration 125
TrainerRyen: Iteration 126
TrainerRyen: Iteration 127
TrainerRyen: Iteration 128
TrainerRyen: Iteration 129
TrainerRyen: Iteration 130
TrainerRyen: Iteration 131
TrainerRyen: Iteration 132
TrainerRyen: Iteration 133
TrainerRyen: Iteration 134
TrainerRyen: Iteration 135
TrainerRyen: Iteration 136
TrainerRyen: Iteration 137
TrainerRyen: Iteration 138
TrainerRyen: ===Begin epoch 19
TrainerRyen: Iteration 0
TrainerRyen: Iteration 1
TrainerRyen: Iteration 2
TrainerRyen: Iteration 3
TrainerRyen: Iteration 4
TrainerRyen: Iteration 5
TrainerRyen: Iteration 6
TrainerRyen: Iteration 7
TrainerRyen: Iteration 8
TrainerRyen: Iteration 9
TrainerRyen: Iteration 10
TrainerRyen: Iteration 11
TrainerRyen: Iteration 12
TrainerRyen: Iteration 13
TrainerRyen: Iteration 14
TrainerRyen: Iteration 15
TrainerRyen: Iteration 16
TrainerRyen: Iteration 17
TrainerRyen: Iteration 18
TrainerRyen: Iteration 19
TrainerRyen: Iteration 20
TrainerRyen: Iteration 21
TrainerRyen: Iteration 22
TrainerRyen: Iteration 23
TrainerRyen: Iteration 24
TrainerRyen: Iteration 25
TrainerRyen: Iteration 26
TrainerRyen: Iteration 27
TrainerRyen: Iteration 28
TrainerRyen: Iteration 29
TrainerRyen: Iteration 30
TrainerRyen: Iteration 31
TrainerRyen: Iteration 32
TrainerRyen: Iteration 33
TrainerRyen: Iteration 34
TrainerRyen: Iteration 35
TrainerRyen: Iteration 36
TrainerRyen: Iteration 37
TrainerRyen: Iteration 38
TrainerRyen: Iteration 39
TrainerRyen: Iteration 40
TrainerRyen: Iteration 41
TrainerRyen: Iteration 42
TrainerRyen: Iteration 43
TrainerRyen: Iteration 44
TrainerRyen: Iteration 45
TrainerRyen: Iteration 46
TrainerRyen: Iteration 47
TrainerRyen: Iteration 48
TrainerRyen: Iteration 49
TrainerRyen: Iteration 50
TrainerRyen: Iteration 51
TrainerRyen: Iteration 52
TrainerRyen: Iteration 53
TrainerRyen: Iteration 54
TrainerRyen: Iteration 55
TrainerRyen: Iteration 56
TrainerRyen: Iteration 57
TrainerRyen: Iteration 58
TrainerRyen: Iteration 59
TrainerRyen: Iteration 60
TrainerRyen: Iteration 61
TrainerRyen: Iteration 62
TrainerRyen: Iteration 63
TrainerRyen: Iteration 64
TrainerRyen: Iteration 65
TrainerRyen: Iteration 66
TrainerRyen: Iteration 67
TrainerRyen: Iteration 68
TrainerRyen: Iteration 69
TrainerRyen: Iteration 70
TrainerRyen: Iteration 71
TrainerRyen: Iteration 72
TrainerRyen: Iteration 73
TrainerRyen: Iteration 74
TrainerRyen: Iteration 75
TrainerRyen: Iteration 76
TrainerRyen: Iteration 77
TrainerRyen: Iteration 78
TrainerRyen: Iteration 79
TrainerRyen: Iteration 80
TrainerRyen: Iteration 81
TrainerRyen: Iteration 82
TrainerRyen: Iteration 83
TrainerRyen: Iteration 84
TrainerRyen: Iteration 85
TrainerRyen: Iteration 86
TrainerRyen: Iteration 87
TrainerRyen: Iteration 88
TrainerRyen: Iteration 89
TrainerRyen: Iteration 90
TrainerRyen: Iteration 91
TrainerRyen: Iteration 92
TrainerRyen: Iteration 93
TrainerRyen: Iteration 94
TrainerRyen: Iteration 95
TrainerRyen: Iteration 96
TrainerRyen: Iteration 97
TrainerRyen: Iteration 98
TrainerRyen: Iteration 99
TrainerRyen: Iteration 100
TrainerRyen: Iteration 101
TrainerRyen: Iteration 102
TrainerRyen: Iteration 103
TrainerRyen: Iteration 104
TrainerRyen: Iteration 105
TrainerRyen: Iteration 106
TrainerRyen: Iteration 107
TrainerRyen: Iteration 108
TrainerRyen: Iteration 109
TrainerRyen: Iteration 110
TrainerRyen: Iteration 111
TrainerRyen: Iteration 112
TrainerRyen: Iteration 113
TrainerRyen: Iteration 114
TrainerRyen: Iteration 115
TrainerRyen: Iteration 116
TrainerRyen: Iteration 117
TrainerRyen: Iteration 118
TrainerRyen: Iteration 119
TrainerRyen: Iteration 120
TrainerRyen: Iteration 121
TrainerRyen: Iteration 122
TrainerRyen: Iteration 123
TrainerRyen: Iteration 124
TrainerRyen: Iteration 125
TrainerRyen: Iteration 126
TrainerRyen: Iteration 127
TrainerRyen: Iteration 128
TrainerRyen: Iteration 129
TrainerRyen: Iteration 130
TrainerRyen: Iteration 131
TrainerRyen: Iteration 132
TrainerRyen: Iteration 133
TrainerRyen: Iteration 134
TrainerRyen: Iteration 135
TrainerRyen: Iteration 136
TrainerRyen: Iteration 137
TrainerRyen: Iteration 138
TrainerRyen: ===Begin epoch 20
TrainerRyen: Iteration 0
TrainerRyen: Iteration 1
TrainerRyen: Iteration 2
TrainerRyen: Iteration 3
TrainerRyen: Iteration 4
TrainerRyen: Iteration 5
TrainerRyen: Iteration 6
TrainerRyen: Iteration 7
TrainerRyen: Iteration 8
TrainerRyen: Iteration 9
TrainerRyen: Iteration 10
TrainerRyen: Iteration 11
TrainerRyen: Iteration 12
TrainerRyen: Iteration 13
TrainerRyen: Iteration 14
TrainerRyen: Iteration 15
TrainerRyen: Iteration 16
TrainerRyen: Iteration 17
TrainerRyen: Iteration 18
TrainerRyen: Iteration 19
TrainerRyen: Iteration 20
TrainerRyen: Iteration 21
TrainerRyen: Iteration 22
TrainerRyen: Iteration 23
TrainerRyen: Iteration 24
TrainerRyen: Iteration 25
TrainerRyen: Iteration 26
TrainerRyen: Iteration 27
TrainerRyen: Iteration 28
TrainerRyen: Iteration 29
TrainerRyen: Iteration 30
TrainerRyen: Iteration 31
TrainerRyen: Iteration 32
TrainerRyen: Iteration 33
TrainerRyen: Iteration 34
TrainerRyen: Iteration 35
TrainerRyen: Iteration 36
TrainerRyen: Iteration 37
TrainerRyen: Iteration 38
TrainerRyen: Iteration 39
TrainerRyen: Iteration 40
TrainerRyen: Iteration 41
TrainerRyen: Iteration 42
TrainerRyen: Iteration 43
TrainerRyen: Iteration 44
TrainerRyen: Iteration 45
TrainerRyen: Iteration 46
TrainerRyen: Iteration 47
TrainerRyen: Iteration 48
TrainerRyen: Iteration 49
TrainerRyen: Iteration 50
TrainerRyen: Iteration 51
TrainerRyen: Iteration 52
TrainerRyen: Iteration 53
TrainerRyen: Iteration 54
TrainerRyen: Iteration 55
TrainerRyen: Iteration 56
TrainerRyen: Iteration 57
TrainerRyen: Iteration 58
TrainerRyen: Iteration 59
TrainerRyen: Iteration 60
TrainerRyen: Iteration 61
TrainerRyen: Iteration 62
TrainerRyen: Iteration 63
TrainerRyen: Iteration 64
TrainerRyen: Iteration 65
TrainerRyen: Iteration 66
TrainerRyen: Iteration 67
TrainerRyen: Iteration 68
TrainerRyen: Iteration 69
TrainerRyen: Iteration 70
TrainerRyen: Iteration 71
TrainerRyen: Iteration 72
TrainerRyen: Iteration 73
TrainerRyen: Iteration 74
TrainerRyen: Iteration 75
TrainerRyen: Iteration 76
TrainerRyen: Iteration 77
TrainerRyen: Iteration 78
TrainerRyen: Iteration 79
TrainerRyen: Iteration 80
TrainerRyen: Iteration 81
TrainerRyen: Iteration 82
TrainerRyen: Iteration 83
TrainerRyen: Iteration 84
TrainerRyen: Iteration 85
TrainerRyen: Iteration 86
TrainerRyen: Iteration 87
TrainerRyen: Iteration 88
TrainerRyen: Iteration 89
TrainerRyen: Iteration 90
TrainerRyen: Iteration 91
TrainerRyen: Iteration 92
TrainerRyen: Iteration 93
TrainerRyen: Iteration 94
TrainerRyen: Iteration 95
TrainerRyen: Iteration 96
TrainerRyen: Iteration 97
TrainerRyen: Iteration 98
TrainerRyen: Iteration 99
TrainerRyen: Iteration 100
TrainerRyen: Iteration 101
TrainerRyen: Iteration 102
TrainerRyen: Iteration 103
TrainerRyen: Iteration 104
TrainerRyen: Iteration 105
TrainerRyen: Iteration 106
TrainerRyen: Iteration 107
TrainerRyen: Iteration 108
TrainerRyen: Iteration 109
TrainerRyen: Iteration 110
TrainerRyen: Iteration 111
TrainerRyen: Iteration 112
TrainerRyen: Iteration 113
TrainerRyen: Iteration 114
TrainerRyen: Iteration 115
TrainerRyen: Iteration 116
TrainerRyen: Iteration 117
TrainerRyen: Iteration 118
TrainerRyen: Iteration 119
TrainerRyen: Iteration 120
TrainerRyen: Iteration 121
TrainerRyen: Iteration 122
TrainerRyen: Iteration 123
TrainerRyen: Iteration 124
TrainerRyen: Iteration 125
TrainerRyen: Iteration 126
TrainerRyen: Iteration 127
TrainerRyen: Iteration 128
TrainerRyen: Iteration 129
TrainerRyen: Iteration 130
TrainerRyen: Iteration 131
TrainerRyen: Iteration 132
TrainerRyen: Iteration 133
TrainerRyen: Iteration 134
TrainerRyen: Iteration 135
TrainerRyen: Iteration 136
TrainerRyen: Iteration 137
TrainerRyen: Iteration 138
TrainerRyen: ===Begin epoch 21
TrainerRyen: Iteration 0
TrainerRyen: Iteration 1
TrainerRyen: Iteration 2
TrainerRyen: Iteration 3
TrainerRyen: Iteration 4
TrainerRyen: Iteration 5
TrainerRyen: Iteration 6
TrainerRyen: Iteration 7
TrainerRyen: Iteration 8
TrainerRyen: Iteration 9
TrainerRyen: Iteration 10
TrainerRyen: Iteration 11
TrainerRyen: Iteration 12
TrainerRyen: Iteration 13
TrainerRyen: Iteration 14
TrainerRyen: Iteration 15
TrainerRyen: Iteration 16
TrainerRyen: Iteration 17
TrainerRyen: Iteration 18
TrainerRyen: Iteration 19
TrainerRyen: Iteration 20
TrainerRyen: Iteration 21
TrainerRyen: Iteration 22
TrainerRyen: Iteration 23
TrainerRyen: Iteration 24
TrainerRyen: Iteration 25
TrainerRyen: Iteration 26
TrainerRyen: Iteration 27
TrainerRyen: Iteration 28
TrainerRyen: Iteration 29
TrainerRyen: Iteration 30
TrainerRyen: Iteration 31
TrainerRyen: Iteration 32
TrainerRyen: Iteration 33
TrainerRyen: Iteration 34
TrainerRyen: Iteration 35
TrainerRyen: Iteration 36
TrainerRyen: Iteration 37
TrainerRyen: Iteration 38
TrainerRyen: Iteration 39
TrainerRyen: Iteration 40
TrainerRyen: Iteration 41
TrainerRyen: Iteration 42
TrainerRyen: Iteration 43
TrainerRyen: Iteration 44
TrainerRyen: Iteration 45
TrainerRyen: Iteration 46
TrainerRyen: Iteration 47
TrainerRyen: Iteration 48
TrainerRyen: Iteration 49
TrainerRyen: Iteration 50
TrainerRyen: Iteration 51
TrainerRyen: Iteration 52
TrainerRyen: Iteration 53
TrainerRyen: Iteration 54
TrainerRyen: Iteration 55
TrainerRyen: Iteration 56
TrainerRyen: Iteration 57
TrainerRyen: Iteration 58
TrainerRyen: Iteration 59
TrainerRyen: Iteration 60
TrainerRyen: Iteration 61
TrainerRyen: Iteration 62
TrainerRyen: Iteration 63
TrainerRyen: Iteration 64
TrainerRyen: Iteration 65
TrainerRyen: Iteration 66
TrainerRyen: Iteration 67
TrainerRyen: Iteration 68
TrainerRyen: Iteration 69
TrainerRyen: Iteration 70
TrainerRyen: Iteration 71
TrainerRyen: Iteration 72
TrainerRyen: Iteration 73
TrainerRyen: Iteration 74
TrainerRyen: Iteration 75
TrainerRyen: Iteration 76
TrainerRyen: Iteration 77
TrainerRyen: Iteration 78
TrainerRyen: Iteration 79
TrainerRyen: Iteration 80
TrainerRyen: Iteration 81
TrainerRyen: Iteration 82
TrainerRyen: Iteration 83
TrainerRyen: Iteration 84
TrainerRyen: Iteration 85
TrainerRyen: Iteration 86
TrainerRyen: Iteration 87
TrainerRyen: Iteration 88
TrainerRyen: Iteration 89
TrainerRyen: Iteration 90
TrainerRyen: Iteration 91
TrainerRyen: Iteration 92
TrainerRyen: Iteration 93
TrainerRyen: Iteration 94
TrainerRyen: Iteration 95
TrainerRyen: Iteration 96
TrainerRyen: Iteration 97
TrainerRyen: Iteration 98
TrainerRyen: Iteration 99
TrainerRyen: Iteration 100
TrainerRyen: Iteration 101
TrainerRyen: Iteration 102
TrainerRyen: Iteration 103
TrainerRyen: Iteration 104
TrainerRyen: Iteration 105
TrainerRyen: Iteration 106
TrainerRyen: Iteration 107
TrainerRyen: Iteration 108
TrainerRyen: Iteration 109
TrainerRyen: Iteration 110
TrainerRyen: Iteration 111
TrainerRyen: Iteration 112
TrainerRyen: Iteration 113
TrainerRyen: Iteration 114
TrainerRyen: Iteration 115
TrainerRyen: Iteration 116
TrainerRyen: Iteration 117
TrainerRyen: Iteration 118
TrainerRyen: Iteration 119
TrainerRyen: Iteration 120
TrainerRyen: Iteration 121
TrainerRyen: Iteration 122
TrainerRyen: Iteration 123
TrainerRyen: Iteration 124
TrainerRyen: Iteration 125
TrainerRyen: Iteration 126
TrainerRyen: Iteration 127
TrainerRyen: Iteration 128
TrainerRyen: Iteration 129
TrainerRyen: Iteration 130
TrainerRyen: Iteration 131
TrainerRyen: Iteration 132
TrainerRyen: Iteration 133
TrainerRyen: Iteration 134
TrainerRyen: Iteration 135
TrainerRyen: Iteration 136
TrainerRyen: Iteration 137
TrainerRyen: Iteration 138
TrainerRyen: ===Begin epoch 22
TrainerRyen: Iteration 0
TrainerRyen: Iteration 1
TrainerRyen: Iteration 2
TrainerRyen: Iteration 3
TrainerRyen: Iteration 4
TrainerRyen: Iteration 5
TrainerRyen: Iteration 6
TrainerRyen: Iteration 7
TrainerRyen: Iteration 8
TrainerRyen: Iteration 9
TrainerRyen: Iteration 10
TrainerRyen: Iteration 11
TrainerRyen: Iteration 12
TrainerRyen: Iteration 13
TrainerRyen: Iteration 14
TrainerRyen: Iteration 15
TrainerRyen: Iteration 16
TrainerRyen: Iteration 17
TrainerRyen: Iteration 18
TrainerRyen: Iteration 19
TrainerRyen: Iteration 20
TrainerRyen: Iteration 21
TrainerRyen: Iteration 22
TrainerRyen: Iteration 23
TrainerRyen: Iteration 24
TrainerRyen: Iteration 25
TrainerRyen: Iteration 26
TrainerRyen: Iteration 27
TrainerRyen: Iteration 28
TrainerRyen: Iteration 29
TrainerRyen: Iteration 30
TrainerRyen: Iteration 31
TrainerRyen: Iteration 32
TrainerRyen: Iteration 33
TrainerRyen: Iteration 34
TrainerRyen: Iteration 35
TrainerRyen: Iteration 36
TrainerRyen: Iteration 37
TrainerRyen: Iteration 38
TrainerRyen: Iteration 39
TrainerRyen: Iteration 40
TrainerRyen: Iteration 41
TrainerRyen: Iteration 42
TrainerRyen: Iteration 43
TrainerRyen: Iteration 44
TrainerRyen: Iteration 45
TrainerRyen: Iteration 46
TrainerRyen: Iteration 47
TrainerRyen: Iteration 48
TrainerRyen: Iteration 49
TrainerRyen: Iteration 50
TrainerRyen: Iteration 51
TrainerRyen: Iteration 52
TrainerRyen: Iteration 53
TrainerRyen: Iteration 54
TrainerRyen: Iteration 55
TrainerRyen: Iteration 56
TrainerRyen: Iteration 57
TrainerRyen: Iteration 58
TrainerRyen: Iteration 59
TrainerRyen: Iteration 60
TrainerRyen: Iteration 61
TrainerRyen: Iteration 62
TrainerRyen: Iteration 63
TrainerRyen: Iteration 64
TrainerRyen: Iteration 65
TrainerRyen: Iteration 66
TrainerRyen: Iteration 67
TrainerRyen: Iteration 68
TrainerRyen: Iteration 69
TrainerRyen: Iteration 70
TrainerRyen: Iteration 71
TrainerRyen: Iteration 72
TrainerRyen: Iteration 73
TrainerRyen: Iteration 74
TrainerRyen: Iteration 75
TrainerRyen: Iteration 76
TrainerRyen: Iteration 77
TrainerRyen: Iteration 78
TrainerRyen: Iteration 79
TrainerRyen: Iteration 80
TrainerRyen: Iteration 81
TrainerRyen: Iteration 82
TrainerRyen: Iteration 83
TrainerRyen: Iteration 84
TrainerRyen: Iteration 85
TrainerRyen: Iteration 86
TrainerRyen: Iteration 87
TrainerRyen: Iteration 88
TrainerRyen: Iteration 89
TrainerRyen: Iteration 90
TrainerRyen: Iteration 91
TrainerRyen: Iteration 92
TrainerRyen: Iteration 93
TrainerRyen: Iteration 94
TrainerRyen: Iteration 95
TrainerRyen: Iteration 96
TrainerRyen: Iteration 97
TrainerRyen: Iteration 98
TrainerRyen: Iteration 99
TrainerRyen: Iteration 100
TrainerRyen: Iteration 101
TrainerRyen: Iteration 102
TrainerRyen: Iteration 103
TrainerRyen: Iteration 104
TrainerRyen: Iteration 105
TrainerRyen: Iteration 106
TrainerRyen: Iteration 107
TrainerRyen: Iteration 108
TrainerRyen: Iteration 109
TrainerRyen: Iteration 110
TrainerRyen: Iteration 111
TrainerRyen: Iteration 112
TrainerRyen: Iteration 113
TrainerRyen: Iteration 114
TrainerRyen: Iteration 115
TrainerRyen: Iteration 116
TrainerRyen: Iteration 117
TrainerRyen: Iteration 118
TrainerRyen: Iteration 119
TrainerRyen: Iteration 120
TrainerRyen: Iteration 121
TrainerRyen: Iteration 122
TrainerRyen: Iteration 123
TrainerRyen: Iteration 124
TrainerRyen: Iteration 125
TrainerRyen: Iteration 126
TrainerRyen: Iteration 127
TrainerRyen: Iteration 128
TrainerRyen: Iteration 129
TrainerRyen: Iteration 130
TrainerRyen: Iteration 131
TrainerRyen: Iteration 132
TrainerRyen: Iteration 133
TrainerRyen: Iteration 134
TrainerRyen: Iteration 135
TrainerRyen: Iteration 136
TrainerRyen: Iteration 137
TrainerRyen: Iteration 138
TrainerRyen: ===Begin epoch 23
TrainerRyen: Iteration 0
TrainerRyen: Iteration 1
TrainerRyen: Iteration 2
TrainerRyen: Iteration 3
TrainerRyen: Iteration 4
TrainerRyen: Iteration 5
TrainerRyen: Iteration 6
TrainerRyen: Iteration 7
TrainerRyen: Iteration 8
TrainerRyen: Iteration 9
TrainerRyen: Iteration 10
TrainerRyen: Iteration 11
TrainerRyen: Iteration 12
TrainerRyen: Iteration 13
TrainerRyen: Iteration 14
TrainerRyen: Iteration 15
TrainerRyen: Iteration 16
TrainerRyen: Iteration 17
TrainerRyen: Iteration 18
TrainerRyen: Iteration 19
TrainerRyen: Iteration 20
TrainerRyen: Iteration 21
TrainerRyen: Iteration 22
TrainerRyen: Iteration 23
TrainerRyen: Iteration 24
TrainerRyen: Iteration 25
TrainerRyen: Iteration 26
TrainerRyen: Iteration 27
TrainerRyen: Iteration 28
TrainerRyen: Iteration 29
TrainerRyen: Iteration 30
TrainerRyen: Iteration 31
TrainerRyen: Iteration 32
TrainerRyen: Iteration 33
TrainerRyen: Iteration 34
TrainerRyen: Iteration 35
TrainerRyen: Iteration 36
TrainerRyen: Iteration 37
TrainerRyen: Iteration 38
TrainerRyen: Iteration 39
TrainerRyen: Iteration 40
TrainerRyen: Iteration 41
TrainerRyen: Iteration 42
TrainerRyen: Iteration 43
TrainerRyen: Iteration 44
TrainerRyen: Iteration 45
TrainerRyen: Iteration 46
TrainerRyen: Iteration 47
TrainerRyen: Iteration 48
TrainerRyen: Iteration 49
TrainerRyen: Iteration 50
TrainerRyen: Iteration 51
TrainerRyen: Iteration 52
TrainerRyen: Iteration 53
TrainerRyen: Iteration 54
TrainerRyen: Iteration 55
TrainerRyen: Iteration 56
TrainerRyen: Iteration 57
TrainerRyen: Iteration 58
TrainerRyen: Iteration 59
TrainerRyen: Iteration 60
TrainerRyen: Iteration 61
TrainerRyen: Iteration 62
TrainerRyen: Iteration 63
TrainerRyen: Iteration 64
TrainerRyen: Iteration 65
TrainerRyen: Iteration 66
TrainerRyen: Iteration 67
TrainerRyen: Iteration 68
TrainerRyen: Iteration 69
TrainerRyen: Iteration 70
TrainerRyen: Iteration 71
TrainerRyen: Iteration 72
TrainerRyen: Iteration 73
TrainerRyen: Iteration 74
TrainerRyen: Iteration 75
TrainerRyen: Iteration 76
TrainerRyen: Iteration 77
TrainerRyen: Iteration 78
TrainerRyen: Iteration 79
TrainerRyen: Iteration 80
TrainerRyen: Iteration 81
TrainerRyen: Iteration 82
TrainerRyen: Iteration 83
TrainerRyen: Iteration 84
TrainerRyen: Iteration 85
TrainerRyen: Iteration 86
TrainerRyen: Iteration 87
TrainerRyen: Iteration 88
TrainerRyen: Iteration 89
TrainerRyen: Iteration 90
TrainerRyen: Iteration 91
TrainerRyen: Iteration 92
TrainerRyen: Iteration 93
TrainerRyen: Iteration 94
TrainerRyen: Iteration 95
TrainerRyen: Iteration 96
TrainerRyen: Iteration 97
TrainerRyen: Iteration 98
TrainerRyen: Iteration 99
TrainerRyen: Iteration 100
TrainerRyen: Iteration 101
TrainerRyen: Iteration 102
TrainerRyen: Iteration 103
TrainerRyen: Iteration 104
TrainerRyen: Iteration 105
TrainerRyen: Iteration 106
TrainerRyen: Iteration 107
TrainerRyen: Iteration 108
TrainerRyen: Iteration 109
TrainerRyen: Iteration 110
TrainerRyen: Iteration 111
TrainerRyen: Iteration 112
TrainerRyen: Iteration 113
TrainerRyen: Iteration 114
TrainerRyen: Iteration 115
TrainerRyen: Iteration 116
TrainerRyen: Iteration 117
TrainerRyen: Iteration 118
TrainerRyen: Iteration 119
TrainerRyen: Iteration 120
TrainerRyen: Iteration 121
TrainerRyen: Iteration 122
TrainerRyen: Iteration 123
TrainerRyen: Iteration 124
TrainerRyen: Iteration 125
TrainerRyen: Iteration 126
TrainerRyen: Iteration 127
TrainerRyen: Iteration 128
TrainerRyen: Iteration 129
TrainerRyen: Iteration 130
TrainerRyen: Iteration 131
TrainerRyen: Iteration 132
TrainerRyen: Iteration 133
TrainerRyen: Iteration 134
TrainerRyen: Iteration 135
TrainerRyen: Iteration 136
TrainerRyen: Iteration 137
TrainerRyen: Iteration 138
TrainerRyen: ===Begin epoch 24
TrainerRyen: Iteration 0
TrainerRyen: Iteration 1
TrainerRyen: Iteration 2
TrainerRyen: Iteration 3
TrainerRyen: Iteration 4
TrainerRyen: Iteration 5
TrainerRyen: Iteration 6
TrainerRyen: Iteration 7
TrainerRyen: Iteration 8
TrainerRyen: Iteration 9
TrainerRyen: Iteration 10
TrainerRyen: Iteration 11
TrainerRyen: Iteration 12
TrainerRyen: Iteration 13
TrainerRyen: Iteration 14
TrainerRyen: Iteration 15
TrainerRyen: Iteration 16
TrainerRyen: Iteration 17
TrainerRyen: Iteration 18
TrainerRyen: Iteration 19
TrainerRyen: Iteration 20
TrainerRyen: Iteration 21
TrainerRyen: Iteration 22
TrainerRyen: Iteration 23
TrainerRyen: Iteration 24
TrainerRyen: Iteration 25
TrainerRyen: Iteration 26
TrainerRyen: Iteration 27
TrainerRyen: Iteration 28
TrainerRyen: Iteration 29
TrainerRyen: Iteration 30
TrainerRyen: Iteration 31
TrainerRyen: Iteration 32
TrainerRyen: Iteration 33
TrainerRyen: Iteration 34
TrainerRyen: Iteration 35
TrainerRyen: Iteration 36
TrainerRyen: Iteration 37
TrainerRyen: Iteration 38
TrainerRyen: Iteration 39
TrainerRyen: Iteration 40
TrainerRyen: Iteration 41
TrainerRyen: Iteration 42
TrainerRyen: Iteration 43
TrainerRyen: Iteration 44
TrainerRyen: Iteration 45
TrainerRyen: Iteration 46
TrainerRyen: Iteration 47
TrainerRyen: Iteration 48
TrainerRyen: Iteration 49
TrainerRyen: Iteration 50
TrainerRyen: Iteration 51
TrainerRyen: Iteration 52
TrainerRyen: Iteration 53
TrainerRyen: Iteration 54
TrainerRyen: Iteration 55
TrainerRyen: Iteration 56
TrainerRyen: Iteration 57
TrainerRyen: Iteration 58
TrainerRyen: Iteration 59
TrainerRyen: Iteration 60
TrainerRyen: Iteration 61
TrainerRyen: Iteration 62
TrainerRyen: Iteration 63
TrainerRyen: Iteration 64
TrainerRyen: Iteration 65
TrainerRyen: Iteration 66
TrainerRyen: Iteration 67
TrainerRyen: Iteration 68
TrainerRyen: Iteration 69
TrainerRyen: Iteration 70
TrainerRyen: Iteration 71
TrainerRyen: Iteration 72
TrainerRyen: Iteration 73
TrainerRyen: Iteration 74
TrainerRyen: Iteration 75
TrainerRyen: Iteration 76
TrainerRyen: Iteration 77
TrainerRyen: Iteration 78
TrainerRyen: Iteration 79
TrainerRyen: Iteration 80
TrainerRyen: Iteration 81
TrainerRyen: Iteration 82
TrainerRyen: Iteration 83
TrainerRyen: Iteration 84
TrainerRyen: Iteration 85
TrainerRyen: Iteration 86
TrainerRyen: Iteration 87
TrainerRyen: Iteration 88
TrainerRyen: Iteration 89
TrainerRyen: Iteration 90
TrainerRyen: Iteration 91
TrainerRyen: Iteration 92
TrainerRyen: Iteration 93
TrainerRyen: Iteration 94
TrainerRyen: Iteration 95
TrainerRyen: Iteration 96
TrainerRyen: Iteration 97
TrainerRyen: Iteration 98
TrainerRyen: Iteration 99
TrainerRyen: Iteration 100
TrainerRyen: Iteration 101
TrainerRyen: Iteration 102
TrainerRyen: Iteration 103
TrainerRyen: Iteration 104
TrainerRyen: Iteration 105
TrainerRyen: Iteration 106
TrainerRyen: Iteration 107
TrainerRyen: Iteration 108
TrainerRyen: Iteration 109
TrainerRyen: Iteration 110
TrainerRyen: Iteration 111
TrainerRyen: Iteration 112
TrainerRyen: Iteration 113
TrainerRyen: Iteration 114
TrainerRyen: Iteration 115
TrainerRyen: Iteration 116
TrainerRyen: Iteration 117
TrainerRyen: Iteration 118
TrainerRyen: Iteration 119
TrainerRyen: Iteration 120
TrainerRyen: Iteration 121
TrainerRyen: Iteration 122
TrainerRyen: Iteration 123
TrainerRyen: Iteration 124
TrainerRyen: Iteration 125
TrainerRyen: Iteration 126
TrainerRyen: Iteration 127
TrainerRyen: Iteration 128
TrainerRyen: Iteration 129
TrainerRyen: Iteration 130
TrainerRyen: Iteration 131
TrainerRyen: Iteration 132
TrainerRyen: Iteration 133
TrainerRyen: Iteration 134
TrainerRyen: Iteration 135
TrainerRyen: Iteration 136
TrainerRyen: Iteration 137
TrainerRyen: Iteration 138
TrainerRyen: Saving netG
TrainerRyen: Saving netD
TrainerRyen: Saving analysis data
Analyzer: Obtaining data for analysis
Analyzer: Generating /cfarhomes/krusinga/ganProb/ganProbProject/experiments/e33/analysis/ganTrainPlot.png with handler for lineplot
Analyzer: Saving data in /cfarhomes/krusinga/ganProb/ganProbProject/experiments/e33/analysis/ganTrainPlot.pickle
Analyzer: Generating /cfarhomes/krusinga/ganProb/ganProbProject/experiments/e33/analysis/sampleIm_0.png with handler for imageArray
Analyzer: Saving data in /cfarhomes/krusinga/ganProb/ganProbProject/experiments/e33/analysis/sampleIm_0.pickle
Analyzer: Generating /cfarhomes/krusinga/ganProb/ganProbProject/experiments/e33/analysis/sampleIm_1.png with handler for imageArray
Analyzer: Saving data in /cfarhomes/krusinga/ganProb/ganProbProject/experiments/e33/analysis/sampleIm_1.pickle
Analyzer: Generating /cfarhomes/krusinga/ganProb/ganProbProject/experiments/e33/analysis/sampleIm_2.png with handler for imageArray
Analyzer: Saving data in /cfarhomes/krusinga/ganProb/ganProbProject/experiments/e33/analysis/sampleIm_2.pickle
Analyzer: Generating /cfarhomes/krusinga/ganProb/ganProbProject/experiments/e33/analysis/sampleIm_3.png with handler for imageArray
Analyzer: Saving data in /cfarhomes/krusinga/ganProb/ganProbProject/experiments/e33/analysis/sampleIm_3.pickle
Analyzer: Generating /cfarhomes/krusinga/ganProb/ganProbProject/experiments/e33/analysis/sampleIm_4.png with handler for imageArray
Analyzer: Saving data in /cfarhomes/krusinga/ganProb/ganProbProject/experiments/e33/analysis/sampleIm_4.pickle
Analyzer: Generating /cfarhomes/krusinga/ganProb/ganProbProject/experiments/e33/analysis/sampleIm_5.png with handler for imageArray
Analyzer: Saving data in /cfarhomes/krusinga/ganProb/ganProbProject/experiments/e33/analysis/sampleIm_5.pickle
Analyzer: Generating /cfarhomes/krusinga/ganProb/ganProbProject/experiments/e33/analysis/sampleIm_6.png with handler for imageArray
Analyzer: Saving data in /cfarhomes/krusinga/ganProb/ganProbProject/experiments/e33/analysis/sampleIm_6.pickle
Analyzer: Generating /cfarhomes/krusinga/ganProb/ganProbProject/experiments/e33/analysis/sampleIm_7.png with handler for imageArray
Analyzer: Saving data in /cfarhomes/krusinga/ganProb/ganProbProject/experiments/e33/analysis/sampleIm_7.pickle
Analyzer: Generating /cfarhomes/krusinga/ganProb/ganProbProject/experiments/e33/analysis/sampleIm_8.png with handler for imageArray
Analyzer: Saving data in /cfarhomes/krusinga/ganProb/ganProbProject/experiments/e33/analysis/sampleIm_8.pickle
Analyzer: Generating /cfarhomes/krusinga/ganProb/ganProbProject/experiments/e33/analysis/sampleIm_9.png with handler for imageArray
Analyzer: Saving data in /cfarhomes/krusinga/ganProb/ganProbProject/experiments/e33/analysis/sampleIm_9.pickle
Analyzer: Generating /cfarhomes/krusinga/ganProb/ganProbProject/experiments/e33/analysis/sampleIm_10.png with handler for imageArray
Analyzer: Saving data in /cfarhomes/krusinga/ganProb/ganProbProject/experiments/e33/analysis/sampleIm_10.pickle
Analyzer: Generating /cfarhomes/krusinga/ganProb/ganProbProject/experiments/e33/analysis/sampleIm_11.png with handler for imageArray
Analyzer: Saving data in /cfarhomes/krusinga/ganProb/ganProbProject/experiments/e33/analysis/sampleIm_11.pickle
Analyzer: Generating /cfarhomes/krusinga/ganProb/ganProbProject/experiments/e33/analysis/sampleIm_12.png with handler for imageArray
Analyzer: Saving data in /cfarhomes/krusinga/ganProb/ganProbProject/experiments/e33/analysis/sampleIm_12.pickle
Analyzer: Generating /cfarhomes/krusinga/ganProb/ganProbProject/experiments/e33/analysis/sampleIm_13.png with handler for imageArray
Analyzer: Saving data in /cfarhomes/krusinga/ganProb/ganProbProject/experiments/e33/analysis/sampleIm_13.pickle
Analyzer: Generating /cfarhomes/krusinga/ganProb/ganProbProject/experiments/e33/analysis/sampleIm_14.png with handler for imageArray
Analyzer: Saving data in /cfarhomes/krusinga/ganProb/ganProbProject/experiments/e33/analysis/sampleIm_14.pickle
Analyzer: Generating /cfarhomes/krusinga/ganProb/ganProbProject/experiments/e33/analysis/sampleIm_15.png with handler for imageArray
Analyzer: Saving data in /cfarhomes/krusinga/ganProb/ganProbProject/experiments/e33/analysis/sampleIm_15.pickle
Analyzer: Generating /cfarhomes/krusinga/ganProb/ganProbProject/experiments/e33/analysis/sampleIm_16.png with handler for imageArray
Analyzer: Saving data in /cfarhomes/krusinga/ganProb/ganProbProject/experiments/e33/analysis/sampleIm_16.pickle
Analyzer: Generating /cfarhomes/krusinga/ganProb/ganProbProject/experiments/e33/analysis/sampleIm_17.png with handler for imageArray
Analyzer: Saving data in /cfarhomes/krusinga/ganProb/ganProbProject/experiments/e33/analysis/sampleIm_17.pickle
Analyzer: Generating /cfarhomes/krusinga/ganProb/ganProbProject/experiments/e33/analysis/sampleIm_18.png with handler for imageArray
Analyzer: Saving data in /cfarhomes/krusinga/ganProb/ganProbProject/experiments/e33/analysis/sampleIm_18.pickle
Analyzer: Generating /cfarhomes/krusinga/ganProb/ganProbProject/experiments/e33/analysis/sampleIm_19.png with handler for imageArray
Analyzer: Saving data in /cfarhomes/krusinga/ganProb/ganProbProject/experiments/e33/analysis/sampleIm_19.pickle
Analyzer: Generating /cfarhomes/krusinga/ganProb/ganProbProject/experiments/e33/analysis/sampleIm_20.png with handler for imageArray
Analyzer: Saving data in /cfarhomes/krusinga/ganProb/ganProbProject/experiments/e33/analysis/sampleIm_20.pickle
Analyzer: Generating /cfarhomes/krusinga/ganProb/ganProbProject/experiments/e33/analysis/sampleIm_21.png with handler for imageArray
Analyzer: Saving data in /cfarhomes/krusinga/ganProb/ganProbProject/experiments/e33/analysis/sampleIm_21.pickle
Analyzer: Generating /cfarhomes/krusinga/ganProb/ganProbProject/experiments/e33/analysis/sampleIm_22.png with handler for imageArray
Analyzer: Saving data in /cfarhomes/krusinga/ganProb/ganProbProject/experiments/e33/analysis/sampleIm_22.pickle
Analyzer: Generating /cfarhomes/krusinga/ganProb/ganProbProject/experiments/e33/analysis/sampleIm_23.png with handler for imageArray
Analyzer: Saving data in /cfarhomes/krusinga/ganProb/ganProbProject/experiments/e33/analysis/sampleIm_23.pickle
Analyzer: Generating /cfarhomes/krusinga/ganProb/ganProbProject/experiments/e33/analysis/sampleIm_24.png with handler for imageArray
Analyzer: Saving data in /cfarhomes/krusinga/ganProb/ganProbProject/experiments/e33/analysis/sampleIm_24.pickle
Module times: [0.00010704994201660156, 7.200241088867188e-05, 1675.7398028373718, 29.636881828308105]
Total time: 1705.37688303
