Hello:
=====
Starting experiment stage1
ID: 58, PID 0/1
10_04_2018_09:50:03
=====
DCGANSize64Col3: {'netGkey': 'netG', 'netGinstance': -1, 'ngpu': 0, 'netGclass': <class 'code.total.models.nnModels.NetG64'>, 'checkpointEvery': 5, 'ngf': 64, 'netDclass': <class 'code.total.models.nnModels.NetD64'>, 'nGANepochs': 20, 'netDexpNum': -1, 'nc': 3, 'nz': 100, 'ndf': 64, 'netGexpNum': -1, 'netDinstance': -1, 'lr': 0.0002, 'cuda': True, 'beta1': 0.5, 'netDkey': 'netD', 'imSize': 64}
DCGANSize64Col3: outShape is (3, 64, 64)
DCGANSize64Col3: Loading GAN from instance 19
DCGANSize64Col3: Loading /fs/vulcan-scratch/krusinga/projects/ganProbability/generated/e58/models/netG_19.pth
DCGANSize64Col3: Loading /fs/vulcan-scratch/krusinga/projects/ganProbability/generated/e58/models/netD_19.pth
DCGANSize64Col3: Loading /fs/vulcan-scratch/krusinga/projects/ganProbability/generated/e58/models/ganState_19.pickle
DCGANSize64Col3: Saving /fs/vulcan-scratch/krusinga/projects/ganProbability/generated/e58/models/netG_19.pth
DCGANSize64Col3: Saving /fs/vulcan-scratch/krusinga/projects/ganProbability/generated/e58/models/netD_19.pth
DCGANSize64Col3: Saving /fs/vulcan-scratch/krusinga/projects/ganProbability/generated/e58/models/ganState_19.pickle
Analyzer: Obtaining data for analysis
Analyzer: Generating /fs/vulcan-scratch/krusinga/projects/ganProbability/experiments/e58/analysis/ganTrainPlot.png with handler for lineplot
Analyzer: Saving data in /fs/vulcan-scratch/krusinga/projects/ganProbability/experiments/e58/analysis/ganTrainPlot.pickle
Analyzer: Generating /fs/vulcan-scratch/krusinga/projects/ganProbability/experiments/e58/analysis/sample_0.png with handler for imageArray
Analyzer: Saving data in /fs/vulcan-scratch/krusinga/projects/ganProbability/experiments/e58/analysis/sample_0.pickle
Analyzer: Generating /fs/vulcan-scratch/krusinga/projects/ganProbability/experiments/e58/analysis/sample_5.png with handler for imageArray
Analyzer: Saving data in /fs/vulcan-scratch/krusinga/projects/ganProbability/experiments/e58/analysis/sample_5.pickle
Module times: [0.00010204315185546875, 3.0201170444488525, 3.5923309326171875, 3.3644638061523438]
Total time: 9.97705793381
